<?xml version="1.0" encoding="UTF-8"?>
<coverage generated="1768560764438" clover="3.2.0">
  <project timestamp="1768560764457" name="All files">
    <metrics statements="1153" coveredstatements="462" conditionals="1383" coveredconditionals="477" methods="247" coveredmethods="24" elements="2783" coveredelements="963" complexity="0" loc="1153" ncloc="1153" packages="1" files="13" classes="13"/>
    <file name="Button.tsx" path="D:\insurgence\uicomponents\mahati-designs\packages\uicomponents\src\components\Button.tsx">
      <metrics statements="118" coveredstatements="45" conditionals="92" coveredconditionals="19" methods="17" coveredmethods="4"/>
      <line num="1" count="1" type="stmt"/>
      <line num="2" count="1" type="stmt"/>
      <line num="23" count="1" type="stmt"/>
      <line num="24" count="32" type="cond" truecount="1" falsecount="0"/>
      <line num="25" count="4" type="stmt"/>
      <line num="26" count="4" type="cond" truecount="1" falsecount="0"/>
      <line num="27" count="4" type="stmt"/>
      <line num="29" count="0" type="stmt"/>
      <line num="32" count="1" type="stmt"/>
      <line num="33" count="8" type="cond" truecount="1" falsecount="0"/>
      <line num="34" count="2" type="stmt"/>
      <line num="35" count="2" type="cond" truecount="1" falsecount="0"/>
      <line num="36" count="2" type="stmt"/>
      <line num="38" count="0" type="stmt"/>
      <line num="40" count="1" type="stmt"/>
      <line num="41" count="0" type="stmt"/>
      <line num="58" count="0" type="cond" truecount="0" falsecount="7"/>
      <line num="60" count="1" type="cond" truecount="2" falsecount="0"/>
      <line num="95" count="0" type="stmt"/>
      <line num="96" count="0" type="cond" truecount="0" falsecount="1"/>
      <line num="97" count="0" type="cond" truecount="0" falsecount="2"/>
      <line num="98" count="0" type="stmt"/>
      <line num="102" count="0" type="stmt"/>
      <line num="111" count="0" type="stmt"/>
      <line num="114" count="0" type="cond" truecount="0" falsecount="2"/>
      <line num="140" count="0" type="cond" truecount="0" falsecount="3"/>
      <line num="142" count="0" type="cond" truecount="0" falsecount="10"/>
      <line num="144" count="0" type="stmt"/>
      <line num="152" count="0" type="stmt"/>
      <line num="160" count="0" type="stmt"/>
      <line num="172" count="0" type="stmt"/>
      <line num="180" count="0" type="stmt"/>
      <line num="188" count="0" type="stmt"/>
      <line num="202" count="0" type="stmt"/>
      <line num="214" count="0" type="stmt"/>
      <line num="240" count="0" type="stmt"/>
      <line num="248" count="0" type="stmt"/>
      <line num="258" count="0" type="cond" truecount="0" falsecount="1"/>
      <line num="260" count="0" type="cond" truecount="0" falsecount="5"/>
      <line num="262" count="0" type="stmt"/>
      <line num="264" count="0" type="stmt"/>
      <line num="266" count="0" type="stmt"/>
      <line num="268" count="0" type="stmt"/>
      <line num="270" count="0" type="stmt"/>
      <line num="275" count="1" type="cond" truecount="2" falsecount="0"/>
      <line num="291" count="0" type="stmt"/>
      <line num="292" count="0" type="cond" truecount="0" falsecount="1"/>
      <line num="293" count="0" type="stmt"/>
      <line num="297" count="0" type="stmt"/>
      <line num="302" count="0" type="cond" truecount="0" falsecount="1"/>
      <line num="303" count="0" type="stmt"/>
      <line num="304" count="0" type="cond" truecount="0" falsecount="1"/>
      <line num="305" count="0" type="cond" truecount="0" falsecount="1"/>
      <line num="306" count="0" type="cond" truecount="0" falsecount="1"/>
      <line num="307" count="0" type="cond" truecount="0" falsecount="1"/>
      <line num="308" count="0" type="stmt"/>
      <line num="313" count="0" type="cond" truecount="0" falsecount="1"/>
      <line num="314" count="0" type="stmt"/>
      <line num="315" count="0" type="cond" truecount="0" falsecount="1"/>
      <line num="316" count="0" type="stmt"/>
      <line num="321" count="0" type="cond" truecount="0" falsecount="1"/>
      <line num="322" count="0" type="cond" truecount="0" falsecount="1"/>
      <line num="323" count="0" type="stmt"/>
      <line num="324" count="0" type="cond" truecount="0" falsecount="1"/>
      <line num="325" count="0" type="stmt"/>
      <line num="341" count="0" type="cond" truecount="0" falsecount="1"/>
      <line num="342" count="0" type="stmt"/>
      <line num="343" count="0" type="stmt"/>
      <line num="345" count="0" type="stmt"/>
      <line num="346" count="0" type="cond" truecount="0" falsecount="1"/>
      <line num="347" count="0" type="stmt"/>
      <line num="349" count="0" type="cond" truecount="0" falsecount="1"/>
      <line num="350" count="0" type="stmt"/>
      <line num="352" count="0" type="stmt"/>
      <line num="356" count="0" type="cond" truecount="0" falsecount="1"/>
      <line num="357" count="0" type="stmt"/>
      <line num="358" count="0" type="cond" truecount="0" falsecount="1"/>
      <line num="360" count="0" type="cond" truecount="0" falsecount="1"/>
      <line num="361" count="0" type="cond" truecount="0" falsecount="1"/>
      <line num="362" count="0" type="cond" truecount="0" falsecount="1"/>
      <line num="363" count="0" type="cond" truecount="0" falsecount="1"/>
      <line num="364" count="0" type="cond" truecount="0" falsecount="1"/>
      <line num="365" count="0" type="cond" truecount="0" falsecount="1"/>
      <line num="366" count="0" type="stmt"/>
      <line num="370" count="0" type="stmt"/>
      <line num="380" count="1" type="cond" truecount="2" falsecount="0"/>
      <line num="385" count="0" type="cond" truecount="0" falsecount="2"/>
      <line num="386" count="0" type="cond" truecount="0" falsecount="2"/>
      <line num="387" count="0" type="cond" truecount="0" falsecount="2"/>
      <line num="397" count="1" type="stmt"/>
      <line num="398" count="9" type="cond" truecount="2" falsecount="0"/>
      <line num="399" count="8" type="stmt"/>
      <line num="401" count="8" type="stmt"/>
      <line num="413" count="1" type="stmt"/>
      <line num="418" count="1" type="stmt"/>
      <line num="420" count="119" type="stmt"/>
      <line num="421" count="118" type="cond" truecount="2" falsecount="0"/>
      <line num="422" count="118" type="cond" truecount="2" falsecount="0"/>
      <line num="423" count="118" type="stmt"/>
      <line num="424" count="118" type="cond" truecount="2" falsecount="0"/>
      <line num="425" count="118" type="stmt"/>
      <line num="426" count="118" type="stmt"/>
      <line num="427" count="118" type="stmt"/>
      <line num="428" count="118" type="stmt"/>
      <line num="429" count="118" type="stmt"/>
      <line num="430" count="118" type="stmt"/>
      <line num="431" count="118" type="stmt"/>
      <line num="432" count="118" type="stmt"/>
      <line num="433" count="118" type="stmt"/>
      <line num="436" count="118" type="cond" truecount="1" falsecount="0"/>
      <line num="437" count="16" type="stmt"/>
      <line num="438" count="16" type="stmt"/>
      <line num="440" count="16" type="stmt"/>
      <line num="467" count="102" type="stmt"/>
      <line num="482" count="1" type="stmt"/>
      <line num="489" count="1" type="stmt"/>
      <line num="490" count="1" type="stmt"/>
      <line num="492" count="1" type="stmt"/>
    </file>
    <file name="ConfettiExplosion.tsx" path="D:\insurgence\uicomponents\mahati-designs\packages\uicomponents\src\components\ConfettiExplosion.tsx">
      <metrics statements="59" coveredstatements="15" conditionals="39" coveredconditionals="14" methods="20" coveredmethods="1"/>
      <line num="4" count="1" type="stmt"/>
      <line num="5" count="1" type="stmt"/>
      <line num="44" count="1" type="cond" truecount="2" falsecount="0"/>
      <line num="50" count="0" type="stmt"/>
      <line num="53" count="1" type="cond" truecount="2" falsecount="0"/>
      <line num="55" count="0" type="stmt"/>
      <line num="56" count="0" type="stmt"/>
      <line num="57" count="0" type="stmt"/>
      <line num="58" count="0" type="stmt"/>
      <line num="59" count="0" type="cond" truecount="0" falsecount="2"/>
      <line num="61" count="0" type="cond" truecount="0" falsecount="2"/>
      <line num="65" count="0" type="stmt"/>
      <line num="66" count="0" type="stmt"/>
      <line num="70" count="0" type="cond" truecount="0" falsecount="2"/>
      <line num="76" count="1" type="stmt"/>
      <line num="77" count="107" type="stmt"/>
      <line num="78" count="106" type="cond" truecount="2" falsecount="0"/>
      <line num="79" count="106" type="cond" truecount="2" falsecount="0"/>
      <line num="80" count="106" type="cond" truecount="2" falsecount="0"/>
      <line num="84" count="106" type="cond" truecount="2" falsecount="0"/>
      <line num="85" count="106" type="cond" truecount="1" falsecount="1"/>
      <line num="86" count="106" type="cond" truecount="1" falsecount="1"/>
      <line num="88" count="106" type="stmt"/>
      <line num="90" count="0" type="stmt"/>
      <line num="91" count="0" type="cond" truecount="0" falsecount="2"/>
      <line num="92" count="0" type="stmt"/>
      <line num="93" count="0" type="stmt"/>
      <line num="94" count="0" type="stmt"/>
      <line num="95" count="0" type="stmt"/>
      <line num="96" count="0" type="cond" truecount="0" falsecount="2"/>
      <line num="98" count="0" type="stmt"/>
      <line num="116" count="0" type="stmt"/>
      <line num="121" count="0" type="stmt"/>
      <line num="122" count="0" type="cond" truecount="0" falsecount="1"/>
      <line num="123" count="0" type="stmt"/>
      <line num="125" count="0" type="stmt"/>
      <line num="126" count="0" type="stmt"/>
      <line num="127" count="0" type="cond" truecount="0" falsecount="1"/>
      <line num="129" count="0" type="stmt"/>
      <line num="131" count="0" type="cond" truecount="0" falsecount="1"/>
      <line num="133" count="0" type="stmt"/>
      <line num="142" count="0" type="stmt"/>
      <line num="145" count="0" type="cond" truecount="0" falsecount="1"/>
      <line num="146" count="0" type="stmt"/>
      <line num="150" count="0" type="stmt"/>
      <line num="152" count="0" type="stmt"/>
      <line num="153" count="0" type="cond" truecount="0" falsecount="1"/>
      <line num="154" count="0" type="stmt"/>
      <line num="156" count="0" type="stmt"/>
      <line num="159" count="0" type="stmt"/>
      <line num="160" count="0" type="cond" truecount="0" falsecount="1"/>
      <line num="161" count="0" type="stmt"/>
      <line num="163" count="0" type="stmt"/>
      <line num="166" count="0" type="stmt"/>
      <line num="170" count="0" type="cond" truecount="0" falsecount="3"/>
      <line num="172" count="0" type="stmt"/>
      <line num="174" count="0" type="stmt"/>
      <line num="189" count="1" type="stmt"/>
      <line num="190" count="1" type="stmt"/>
    </file>
    <file name="Dropdown.tsx" path="D:\insurgence\uicomponents\mahati-designs\packages\uicomponents\src\components\Dropdown.tsx">
      <metrics statements="57" coveredstatements="18" conditionals="76" coveredconditionals="16" methods="14" coveredmethods="1"/>
      <line num="2" count="1" type="stmt"/>
      <line num="3" count="1" type="stmt"/>
      <line num="4" count="1" type="stmt"/>
      <line num="22" count="1" type="cond" truecount="2" falsecount="0"/>
      <line num="27" count="1" type="cond" truecount="2" falsecount="0"/>
      <line num="37" count="0" type="cond" truecount="0" falsecount="2"/>
      <line num="38" count="0" type="cond" truecount="0" falsecount="2"/>
      <line num="43" count="0" type="cond" truecount="0" falsecount="1"/>
      <line num="44" count="0" type="cond" truecount="0" falsecount="2"/>
      <line num="51" count="0" type="cond" truecount="0" falsecount="9"/>
      <line num="53" count="0" type="cond" truecount="0" falsecount="2"/>
      <line num="61" count="0" type="cond" truecount="0" falsecount="2"/>
      <line num="70" count="0" type="cond" truecount="0" falsecount="2"/>
      <line num="79" count="0" type="cond" truecount="0" falsecount="2"/>
      <line num="87" count="0" type="cond" truecount="0" falsecount="2"/>
      <line num="98" count="0" type="cond" truecount="0" falsecount="2"/>
      <line num="108" count="0" type="cond" truecount="0" falsecount="2"/>
      <line num="119" count="0" type="cond" truecount="0" falsecount="2"/>
      <line num="127" count="0" type="cond" truecount="0" falsecount="2"/>
      <line num="138" count="1" type="cond" truecount="2" falsecount="0"/>
      <line num="151" count="0" type="cond" truecount="0" falsecount="4"/>
      <line num="178" count="1" type="cond" truecount="2" falsecount="0"/>
      <line num="199" count="0" type="cond" truecount="0" falsecount="4"/>
      <line num="206" count="1" type="stmt"/>
      <line num="207" count="81" type="stmt"/>
      <line num="208" count="80" type="stmt"/>
      <line num="209" count="80" type="stmt"/>
      <line num="210" count="80" type="cond" truecount="2" falsecount="0"/>
      <line num="211" count="80" type="cond" truecount="2" falsecount="0"/>
      <line num="212" count="80" type="cond" truecount="2" falsecount="0"/>
      <line num="213" count="80" type="cond" truecount="2" falsecount="0"/>
      <line num="215" count="80" type="stmt"/>
      <line num="216" count="0" type="stmt"/>
      <line num="217" count="0" type="stmt"/>
      <line num="219" count="0" type="cond" truecount="0" falsecount="2"/>
      <line num="220" count="0" type="stmt"/>
      <line num="224" count="0" type="stmt"/>
      <line num="226" count="0" type="cond" truecount="0" falsecount="3"/>
      <line num="227" count="0" type="stmt"/>
      <line num="231" count="0" type="cond" truecount="0" falsecount="1"/>
      <line num="232" count="0" type="stmt"/>
      <line num="235" count="0" type="stmt"/>
      <line num="236" count="0" type="stmt"/>
      <line num="240" count="0" type="stmt"/>
      <line num="241" count="0" type="cond" truecount="0" falsecount="1"/>
      <line num="243" count="0" type="stmt"/>
      <line num="244" count="0" type="cond" truecount="0" falsecount="1"/>
      <line num="245" count="0" type="stmt"/>
      <line num="246" count="0" type="stmt"/>
      <line num="249" count="0" type="stmt"/>
      <line num="250" count="0" type="cond" truecount="0" falsecount="1"/>
      <line num="251" count="0" type="stmt"/>
      <line num="255" count="0" type="stmt"/>
      <line num="268" count="0" type="stmt"/>
      <line num="271" count="0" type="stmt"/>
      <line num="283" count="1" type="stmt"/>
      <line num="285" count="1" type="stmt"/>
    </file>
    <file name="FormContainer.tsx" path="D:\insurgence\uicomponents\mahati-designs\packages\uicomponents\src\components\FormContainer.tsx">
      <metrics statements="10" coveredstatements="10" conditionals="4" coveredconditionals="4" methods="1" coveredmethods="1"/>
      <line num="1" count="1" type="stmt"/>
      <line num="2" count="1" type="stmt"/>
      <line num="10" count="1" type="cond" truecount="2" falsecount="0"/>
      <line num="35" count="1" type="stmt"/>
      <line num="36" count="85" type="stmt"/>
      <line num="37" count="84" type="stmt"/>
      <line num="38" count="84" type="cond" truecount="2" falsecount="0"/>
      <line num="40" count="84" type="stmt"/>
      <line num="50" count="1" type="stmt"/>
      <line num="52" count="1" type="stmt"/>
    </file>
    <file name="Modal.tsx" path="D:\insurgence\uicomponents\mahati-designs\packages\uicomponents\src\components\Modal.tsx">
      <metrics statements="74" coveredstatements="41" conditionals="130" coveredconditionals="46" methods="16" coveredmethods="1"/>
      <line num="3" count="1" type="stmt"/>
      <line num="4" count="1" type="stmt"/>
      <line num="5" count="1" type="stmt"/>
      <line num="6" count="1" type="stmt"/>
      <line num="36" count="1" type="stmt"/>
      <line num="45" count="1" type="cond" truecount="2" falsecount="0"/>
      <line num="54" count="1" type="cond" truecount="2" falsecount="0"/>
      <line num="66" count="1" type="cond" truecount="2" falsecount="0"/>
      <line num="74" count="1" type="cond" truecount="2" falsecount="0"/>
      <line num="85" count="0" type="cond" truecount="0" falsecount="9"/>
      <line num="87" count="0" type="cond" truecount="0" falsecount="2"/>
      <line num="92" count="0" type="cond" truecount="0" falsecount="2"/>
      <line num="97" count="0" type="cond" truecount="0" falsecount="2"/>
      <line num="102" count="0" type="cond" truecount="0" falsecount="2"/>
      <line num="107" count="0" type="cond" truecount="0" falsecount="2"/>
      <line num="112" count="0" type="cond" truecount="0" falsecount="2"/>
      <line num="117" count="0" type="cond" truecount="0" falsecount="2"/>
      <line num="122" count="0" type="cond" truecount="0" falsecount="2"/>
      <line num="127" count="0" type="cond" truecount="0" falsecount="2"/>
      <line num="135" count="1" type="cond" truecount="2" falsecount="0"/>
      <line num="151" count="0" type="stmt"/>
      <line num="153" count="0" type="cond" truecount="0" falsecount="1"/>
      <line num="154" count="0" type="cond" truecount="0" falsecount="2"/>
      <line num="156" count="0" type="cond" truecount="0" falsecount="4"/>
      <line num="159" count="0" type="cond" truecount="0" falsecount="5"/>
      <line num="163" count="0" type="cond" truecount="0" falsecount="4"/>
      <line num="168" count="1" type="cond" truecount="2" falsecount="0"/>
      <line num="177" count="1" type="cond" truecount="2" falsecount="0"/>
      <line num="184" count="1" type="cond" truecount="2" falsecount="0"/>
      <line num="191" count="1" type="cond" truecount="2" falsecount="0"/>
      <line num="195" count="1" type="cond" truecount="2" falsecount="0"/>
      <line num="204" count="1" type="cond" truecount="2" falsecount="0"/>
      <line num="211" count="1" type="cond" truecount="2" falsecount="0"/>
      <line num="231" count="1" type="cond" truecount="2" falsecount="0"/>
      <line num="254" count="1" type="cond" truecount="2" falsecount="0"/>
      <line num="263" count="1" type="cond" truecount="2" falsecount="0"/>
      <line num="287" count="1" type="cond" truecount="2" falsecount="0"/>
      <line num="293" count="0" type="cond" truecount="0" falsecount="2"/>
      <line num="298" count="0" type="cond" truecount="0" falsecount="2"/>
      <line num="302" count="0" type="cond" truecount="0" falsecount="2"/>
      <line num="307" count="0" type="cond" truecount="0" falsecount="2"/>
      <line num="311" count="1" type="stmt"/>
      <line num="312" count="123" type="stmt"/>
      <line num="313" count="122" type="stmt"/>
      <line num="314" count="122" type="stmt"/>
      <line num="315" count="122" type="stmt"/>
      <line num="316" count="122" type="stmt"/>
      <line num="317" count="122" type="cond" truecount="2" falsecount="0"/>
      <line num="318" count="122" type="stmt"/>
      <line num="319" count="122" type="stmt"/>
      <line num="320" count="122" type="stmt"/>
      <line num="321" count="122" type="stmt"/>
      <line num="322" count="122" type="stmt"/>
      <line num="323" count="122" type="stmt"/>
      <line num="324" count="122" type="cond" truecount="1" falsecount="1"/>
      <line num="325" count="122" type="cond" truecount="2" falsecount="0"/>
      <line num="326" count="122" type="cond" truecount="2" falsecount="0"/>
      <line num="328" count="122" type="cond" truecount="7" falsecount="1"/>
      <line num="331" count="122" type="stmt"/>
      <line num="332" count="0" type="cond" truecount="0" falsecount="1"/>
      <line num="333" count="0" type="cond" truecount="0" falsecount="2"/>
      <line num="334" count="0" type="stmt"/>
      <line num="335" count="0" type="stmt"/>
      <line num="339" count="0" type="stmt"/>
      <line num="340" count="0" type="cond" truecount="0" falsecount="2"/>
      <line num="341" count="0" type="stmt"/>
      <line num="343" count="0" type="stmt"/>
      <line num="345" count="0" type="stmt"/>
      <line num="346" count="0" type="stmt"/>
      <line num="350" count="0" type="cond" truecount="0" falsecount="1"/>
      <line num="352" count="0" type="stmt"/>
      <line num="365" count="0" type="stmt"/>
      <line num="418" count="1" type="stmt"/>
      <line num="419" count="1" type="stmt"/>
    </file>
    <file name="RealisticConfetti.tsx" path="D:\insurgence\uicomponents\mahati-designs\packages\uicomponents\src\components\RealisticConfetti.tsx">
      <metrics statements="66" coveredstatements="16" conditionals="43" coveredconditionals="14" methods="17" coveredmethods="1"/>
      <line num="4" count="1" type="stmt"/>
      <line num="5" count="1" type="stmt"/>
      <line num="6" count="1" type="stmt"/>
      <line num="44" count="1" type="cond" truecount="2" falsecount="0"/>
      <line num="53" count="1" type="stmt"/>
      <line num="54" count="0" type="cond" truecount="0" falsecount="4"/>
      <line num="56" count="0" type="cond" truecount="0" falsecount="2"/>
      <line num="61" count="0" type="cond" truecount="0" falsecount="2"/>
      <line num="66" count="0" type="cond" truecount="0" falsecount="2"/>
      <line num="77" count="0" type="cond" truecount="0" falsecount="2"/>
      <line num="81" count="1" type="cond" truecount="2" falsecount="0"/>
      <line num="83" count="0" type="stmt"/>
      <line num="84" count="0" type="stmt"/>
      <line num="85" count="0" type="stmt"/>
      <line num="86" count="0" type="stmt"/>
      <line num="87" count="0" type="stmt"/>
      <line num="88" count="0" type="stmt"/>
      <line num="92" count="0" type="stmt"/>
      <line num="95" count="1" type="stmt"/>
      <line num="96" count="79" type="stmt"/>
      <line num="97" count="78" type="cond" truecount="2" falsecount="0"/>
      <line num="98" count="78" type="cond" truecount="2" falsecount="0"/>
      <line num="99" count="78" type="cond" truecount="2" falsecount="0"/>
      <line num="103" count="78" type="cond" truecount="2" falsecount="0"/>
      <line num="104" count="78" type="cond" truecount="2" falsecount="0"/>
      <line num="106" count="78" type="stmt"/>
      <line num="107" count="0" type="stmt"/>
      <line num="108" count="0" type="stmt"/>
      <line num="110" count="0" type="stmt"/>
      <line num="111" count="0" type="cond" truecount="0" falsecount="2"/>
      <line num="112" count="0" type="stmt"/>
      <line num="113" count="0" type="stmt"/>
      <line num="114" count="0" type="stmt"/>
      <line num="115" count="0" type="stmt"/>
      <line num="116" count="0" type="cond" truecount="0" falsecount="2"/>
      <line num="118" count="0" type="stmt"/>
      <line num="136" count="0" type="stmt"/>
      <line num="137" count="0" type="stmt"/>
      <line num="139" count="0" type="stmt"/>
      <line num="140" count="0" type="stmt"/>
      <line num="141" count="0" type="cond" truecount="0" falsecount="2"/>
      <line num="143" count="0" type="stmt"/>
      <line num="144" count="0" type="stmt"/>
      <line num="145" count="0" type="stmt"/>
      <line num="147" count="0" type="cond" truecount="0" falsecount="1"/>
      <line num="150" count="0" type="stmt"/>
      <line num="151" count="0" type="stmt"/>
      <line num="152" count="0" type="stmt"/>
      <line num="153" count="0" type="stmt"/>
      <line num="156" count="0" type="cond" truecount="0" falsecount="3"/>
      <line num="157" count="0" type="stmt"/>
      <line num="158" count="0" type="stmt"/>
      <line num="161" count="0" type="stmt"/>
      <line num="171" count="0" type="stmt"/>
      <line num="174" count="0" type="cond" truecount="0" falsecount="1"/>
      <line num="175" count="0" type="stmt"/>
      <line num="179" count="0" type="stmt"/>
      <line num="181" count="0" type="stmt"/>
      <line num="182" count="0" type="cond" truecount="0" falsecount="1"/>
      <line num="183" count="0" type="stmt"/>
      <line num="187" count="0" type="stmt"/>
      <line num="191" count="0" type="cond" truecount="0" falsecount="3"/>
      <line num="193" count="0" type="stmt"/>
      <line num="195" count="0" type="stmt"/>
      <line num="211" count="1" type="stmt"/>
      <line num="212" count="1" type="stmt"/>
    </file>
    <file name="Spinner.tsx" path="D:\insurgence\uicomponents\mahati-designs\packages\uicomponents\src\components\Spinner.tsx">
      <metrics statements="123" coveredstatements="95" conditionals="129" coveredconditionals="124" methods="41" coveredmethods="9"/>
      <line num="3" count="1" type="stmt"/>
      <line num="4" count="1" type="stmt"/>
      <line num="5" count="1" type="stmt"/>
      <line num="11" count="1" type="cond" truecount="2" falsecount="0"/>
      <line num="16" count="1" type="cond" truecount="2" falsecount="0"/>
      <line num="22" count="1" type="cond" truecount="2" falsecount="0"/>
      <line num="33" count="1" type="cond" truecount="2" falsecount="0"/>
      <line num="44" count="1" type="cond" truecount="2" falsecount="0"/>
      <line num="53" count="1" type="cond" truecount="2" falsecount="0"/>
      <line num="78" count="1" type="cond" truecount="2" falsecount="0"/>
      <line num="79" count="0" type="stmt"/>
      <line num="80" count="0" type="cond" truecount="0" falsecount="2"/>
      <line num="81" count="0" type="stmt"/>
      <line num="82" count="0" type="stmt"/>
      <line num="83" count="0" type="stmt"/>
      <line num="84" count="0" type="stmt"/>
      <line num="87" count="1" type="stmt"/>
      <line num="88" count="39" type="cond" truecount="2" falsecount="0"/>
      <line num="89" count="38" type="cond" truecount="2" falsecount="0"/>
      <line num="90" count="38" type="cond" truecount="2" falsecount="0"/>
      <line num="91" count="38" type="cond" truecount="2" falsecount="0"/>
      <line num="92" count="38" type="cond" truecount="2" falsecount="0"/>
      <line num="93" count="38" type="cond" truecount="2" falsecount="0"/>
      <line num="95" count="38" type="stmt"/>
      <line num="122" count="1" type="cond" truecount="2" falsecount="0"/>
      <line num="124" count="0" type="stmt"/>
      <line num="125" count="0" type="stmt"/>
      <line num="128" count="1" type="cond" truecount="2" falsecount="0"/>
      <line num="137" count="0" type="stmt"/>
      <line num="138" count="0" type="stmt"/>
      <line num="139" count="0" type="stmt"/>
      <line num="140" count="0" type="stmt"/>
      <line num="141" count="0" type="stmt"/>
      <line num="142" count="0" type="stmt"/>
      <line num="144" count="0" type="stmt"/>
      <line num="145" count="0" type="stmt"/>
      <line num="148" count="1" type="stmt"/>
      <line num="149" count="25" type="cond" truecount="2" falsecount="0"/>
      <line num="150" count="24" type="cond" truecount="2" falsecount="0"/>
      <line num="151" count="24" type="cond" truecount="2" falsecount="0"/>
      <line num="152" count="24" type="cond" truecount="2" falsecount="0"/>
      <line num="154" count="24" type="stmt"/>
      <line num="156" count="24" type="stmt"/>
      <line num="163" count="36" type="stmt"/>
      <line num="164" count="36" type="stmt"/>
      <line num="165" count="36" type="stmt"/>
      <line num="167" count="36" type="stmt"/>
      <line num="198" count="1" type="cond" truecount="2" falsecount="0"/>
      <line num="204" count="0" type="stmt"/>
      <line num="208" count="1" type="cond" truecount="2" falsecount="0"/>
      <line num="215" count="1" type="cond" truecount="2" falsecount="0"/>
      <line num="221" count="1" type="stmt"/>
      <line num="222" count="20" type="cond" truecount="1" falsecount="1"/>
      <line num="223" count="19" type="cond" truecount="2" falsecount="0"/>
      <line num="224" count="19" type="cond" truecount="1" falsecount="1"/>
      <line num="225" count="19" type="cond" truecount="2" falsecount="0"/>
      <line num="226" count="19" type="cond" truecount="2" falsecount="0"/>
      <line num="227" count="19" type="cond" truecount="2" falsecount="0"/>
      <line num="228" count="19" type="cond" truecount="2" falsecount="0"/>
      <line num="230" count="19" type="cond" truecount="1" falsecount="0"/>
      <line num="232" count="18" type="stmt"/>
      <line num="265" count="1" type="cond" truecount="2" falsecount="0"/>
      <line num="270" count="1" type="cond" truecount="2" falsecount="0"/>
      <line num="277" count="0" type="stmt"/>
      <line num="278" count="0" type="stmt"/>
      <line num="279" count="0" type="stmt"/>
      <line num="282" count="0" type="stmt"/>
      <line num="283" count="0" type="stmt"/>
      <line num="286" count="1" type="stmt"/>
      <line num="287" count="31" type="cond" truecount="2" falsecount="0"/>
      <line num="288" count="30" type="cond" truecount="2" falsecount="0"/>
      <line num="289" count="30" type="cond" truecount="2" falsecount="0"/>
      <line num="290" count="30" type="cond" truecount="2" falsecount="0"/>
      <line num="291" count="30" type="cond" truecount="2" falsecount="0"/>
      <line num="293" count="30" type="stmt"/>
      <line num="295" count="30" type="stmt"/>
      <line num="297" count="120" type="stmt"/>
      <line num="325" count="1" type="cond" truecount="2" falsecount="0"/>
      <line num="332" count="0" type="stmt"/>
      <line num="333" count="0" type="stmt"/>
      <line num="334" count="0" type="stmt"/>
      <line num="337" count="0" type="stmt"/>
      <line num="338" count="0" type="stmt"/>
      <line num="341" count="1" type="stmt"/>
      <line num="342" count="23" type="cond" truecount="2" falsecount="0"/>
      <line num="343" count="22" type="cond" truecount="2" falsecount="0"/>
      <line num="344" count="22" type="cond" truecount="2" falsecount="0"/>
      <line num="345" count="22" type="cond" truecount="2" falsecount="0"/>
      <line num="346" count="22" type="cond" truecount="2" falsecount="0"/>
      <line num="348" count="22" type="stmt"/>
      <line num="349" count="22" type="stmt"/>
      <line num="351" count="22" type="stmt"/>
      <line num="353" count="114" type="stmt"/>
      <line num="380" count="1" type="cond" truecount="2" falsecount="0"/>
      <line num="390" count="1" type="cond" truecount="2" falsecount="0"/>
      <line num="398" count="1" type="cond" truecount="2" falsecount="0"/>
      <line num="404" count="1" type="cond" truecount="2" falsecount="0"/>
      <line num="412" count="1" type="cond" truecount="2" falsecount="0"/>
      <line num="416" count="1" type="cond" truecount="2" falsecount="0"/>
      <line num="420" count="1" type="cond" truecount="2" falsecount="0"/>
      <line num="426" count="1" type="cond" truecount="2" falsecount="0"/>
      <line num="435" count="1" type="cond" truecount="2" falsecount="0"/>
      <line num="441" count="1" type="cond" truecount="2" falsecount="0"/>
      <line num="447" count="1" type="cond" truecount="2" falsecount="0"/>
      <line num="449" count="0" type="stmt"/>
      <line num="456" count="1" type="stmt"/>
      <line num="457" count="23" type="cond" truecount="1" falsecount="1"/>
      <line num="458" count="22" type="cond" truecount="2" falsecount="0"/>
      <line num="459" count="22" type="cond" truecount="2" falsecount="0"/>
      <line num="460" count="22" type="cond" truecount="2" falsecount="0"/>
      <line num="462" count="22" type="stmt"/>
      <line num="496" count="1" type="stmt"/>
      <line num="497" count="1" type="stmt"/>
      <line num="498" count="1" type="stmt"/>
      <line num="499" count="1" type="stmt"/>
      <line num="500" count="1" type="stmt"/>
      <line num="501" count="1" type="stmt"/>
      <line num="504" count="1" type="stmt"/>
      <line num="505" count="1" type="stmt"/>
      <line num="506" count="1" type="stmt"/>
      <line num="507" count="1" type="stmt"/>
      <line num="508" count="1" type="stmt"/>
      <line num="509" count="1" type="stmt"/>
    </file>
    <file name="TabedInterface.tsx" path="D:\insurgence\uicomponents\mahati-designs\packages\uicomponents\src\components\TabedInterface.tsx">
      <metrics statements="135" coveredstatements="38" conditionals="219" coveredconditionals="42" methods="26" coveredmethods="1"/>
      <line num="3" count="2" type="stmt"/>
      <line num="4" count="2" type="stmt"/>
      <line num="5" count="2" type="stmt"/>
      <line num="40" count="2" type="cond" truecount="2" falsecount="0"/>
      <line num="45" count="2" type="cond" truecount="2" falsecount="0"/>
      <line num="57" count="2" type="stmt"/>
      <line num="58" count="0" type="cond" truecount="0" falsecount="1"/>
      <line num="60" count="0" type="stmt"/>
      <line num="62" count="0" type="cond" truecount="0" falsecount="3"/>
      <line num="63" count="0" type="stmt"/>
      <line num="64" count="0" type="cond" truecount="0" falsecount="1"/>
      <line num="65" count="0" type="stmt"/>
      <line num="66" count="0" type="cond" truecount="0" falsecount="3"/>
      <line num="67" count="0" type="stmt"/>
      <line num="68" count="0" type="cond" truecount="0" falsecount="1"/>
      <line num="69" count="0" type="stmt"/>
      <line num="71" count="0" type="stmt"/>
      <line num="75" count="2" type="cond" truecount="2" falsecount="0"/>
      <line num="89" count="0" type="cond" truecount="0" falsecount="3"/>
      <line num="91" count="0" type="cond" truecount="0" falsecount="2"/>
      <line num="98" count="0" type="cond" truecount="0" falsecount="2"/>
      <line num="106" count="0" type="cond" truecount="0" falsecount="2"/>
      <line num="117" count="2" type="cond" truecount="2" falsecount="0"/>
      <line num="135" count="0" type="stmt"/>
      <line num="136" count="0" type="cond" truecount="0" falsecount="2"/>
      <line num="144" count="0" type="cond" truecount="0" falsecount="4"/>
      <line num="149" count="0" type="stmt"/>
      <line num="151" count="0" type="cond" truecount="0" falsecount="9"/>
      <line num="153" count="0" type="cond" truecount="0" falsecount="2"/>
      <line num="166" count="0" type="cond" truecount="0" falsecount="2"/>
      <line num="184" count="0" type="cond" truecount="0" falsecount="2"/>
      <line num="205" count="0" type="cond" truecount="0" falsecount="2"/>
      <line num="223" count="0" type="cond" truecount="0" falsecount="2"/>
      <line num="241" count="0" type="cond" truecount="0" falsecount="2"/>
      <line num="260" count="0" type="cond" truecount="0" falsecount="2"/>
      <line num="281" count="0" type="cond" truecount="0" falsecount="2"/>
      <line num="297" count="0" type="cond" truecount="0" falsecount="2"/>
      <line num="313" count="2" type="cond" truecount="2" falsecount="0"/>
      <line num="324" count="0" type="cond" truecount="0" falsecount="1"/>
      <line num="325" count="0" type="cond" truecount="0" falsecount="2"/>
      <line num="328" count="0" type="cond" truecount="0" falsecount="1"/>
      <line num="329" count="0" type="cond" truecount="0" falsecount="2"/>
      <line num="340" count="0" type="cond" truecount="0" falsecount="2"/>
      <line num="353" count="2" type="cond" truecount="2" falsecount="0"/>
      <line num="361" count="2" type="cond" truecount="2" falsecount="0"/>
      <line num="368" count="2" type="cond" truecount="2" falsecount="0"/>
      <line num="374" count="2" type="cond" truecount="2" falsecount="0"/>
      <line num="383" count="0" type="stmt"/>
      <line num="393" count="2" type="cond" truecount="2" falsecount="0"/>
      <line num="404" count="2" type="cond" truecount="2" falsecount="0"/>
      <line num="414" count="0" type="cond" truecount="0" falsecount="2"/>
      <line num="427" count="2" type="cond" truecount="2" falsecount="0"/>
      <line num="436" count="2" type="cond" truecount="2" falsecount="0"/>
      <line num="446" count="2" type="cond" truecount="2" falsecount="0"/>
      <line num="449" count="0" type="stmt"/>
      <line num="452" count="2" type="cond" truecount="2" falsecount="0"/>
      <line num="455" count="0" type="cond" truecount="0" falsecount="2"/>
      <line num="470" count="2" type="stmt"/>
      <line num="471" count="107" type="stmt"/>
      <line num="472" count="106" type="cond" truecount="2" falsecount="0"/>
      <line num="473" count="106" type="stmt"/>
      <line num="474" count="106" type="cond" truecount="2" falsecount="0"/>
      <line num="475" count="106" type="stmt"/>
      <line num="476" count="106" type="cond" truecount="2" falsecount="0"/>
      <line num="477" count="106" type="cond" truecount="2" falsecount="0"/>
      <line num="478" count="106" type="cond" truecount="2" falsecount="0"/>
      <line num="479" count="106" type="cond" truecount="2" falsecount="0"/>
      <line num="480" count="106" type="stmt"/>
      <line num="481" count="106" type="stmt"/>
      <line num="482" count="106" type="stmt"/>
      <line num="483" count="106" type="stmt"/>
      <line num="484" count="106" type="stmt"/>
      <line num="485" count="106" type="stmt"/>
      <line num="487" count="106" type="stmt"/>
      <line num="488" count="0" type="stmt"/>
      <line num="490" count="0" type="cond" truecount="0" falsecount="4"/>
      <line num="491" count="0" type="stmt"/>
      <line num="492" count="0" type="stmt"/>
      <line num="494" count="0" type="stmt"/>
      <line num="495" count="0" type="cond" truecount="0" falsecount="1"/>
      <line num="496" count="0" type="stmt"/>
      <line num="497" count="0" type="stmt"/>
      <line num="499" count="0" type="stmt"/>
      <line num="500" count="0" type="cond" truecount="0" falsecount="4"/>
      <line num="504" count="0" type="stmt"/>
      <line num="505" count="0" type="stmt"/>
      <line num="506" count="0" type="cond" truecount="0" falsecount="4"/>
      <line num="509" count="0" type="stmt"/>
      <line num="510" count="0" type="cond" truecount="0" falsecount="1"/>
      <line num="511" count="0" type="stmt"/>
      <line num="514" count="0" type="stmt"/>
      <line num="515" count="0" type="cond" truecount="0" falsecount="1"/>
      <line num="516" count="0" type="stmt"/>
      <line num="519" count="0" type="stmt"/>
      <line num="520" count="0" type="cond" truecount="0" falsecount="1"/>
      <line num="521" count="0" type="cond" truecount="0" falsecount="1"/>
      <line num="522" count="0" type="stmt"/>
      <line num="523" count="0" type="stmt"/>
      <line num="526" count="0" type="stmt"/>
      <line num="527" count="0" type="stmt"/>
      <line num="529" count="0" type="cond" truecount="0" falsecount="1"/>
      <line num="530" count="0" type="stmt"/>
      <line num="531" count="0" type="stmt"/>
      <line num="534" count="0" type="stmt"/>
      <line num="535" count="0" type="stmt"/>
      <line num="536" count="0" type="cond" truecount="0" falsecount="1"/>
      <line num="537" count="0" type="cond" truecount="0" falsecount="2"/>
      <line num="538" count="0" type="cond" truecount="0" falsecount="3"/>
      <line num="539" count="0" type="cond" truecount="0" falsecount="1"/>
      <line num="540" count="0" type="cond" truecount="0" falsecount="3"/>
      <line num="542" count="0" type="stmt"/>
      <line num="545" count="0" type="cond" truecount="0" falsecount="4"/>
      <line num="546" count="0" type="stmt"/>
      <line num="549" count="0" type="stmt"/>
      <line num="550" count="0" type="cond" truecount="0" falsecount="1"/>
      <line num="551" count="0" type="stmt"/>
      <line num="555" count="0" type="stmt"/>
      <line num="557" count="0" type="stmt"/>
      <line num="558" count="0" type="cond" truecount="0" falsecount="2"/>
      <line num="559" count="0" type="cond" truecount="0" falsecount="2"/>
      <line num="561" count="0" type="cond" truecount="0" falsecount="2"/>
      <line num="567" count="0" type="stmt"/>
      <line num="568" count="0" type="cond" truecount="0" falsecount="4"/>
      <line num="575" count="0" type="stmt"/>
      <line num="579" count="0" type="stmt"/>
      <line num="586" count="0" type="stmt"/>
      <line num="588" count="0" type="stmt"/>
      <line num="611" count="0" type="stmt"/>
      <line num="613" count="0" type="stmt"/>
      <line num="614" count="0" type="stmt"/>
      <line num="623" count="0" type="cond" truecount="0" falsecount="1"/>
      <line num="624" count="0" type="stmt"/>
      <line num="632" count="0" type="stmt"/>
      <line num="649" count="2" type="stmt"/>
      <line num="650" count="2" type="stmt"/>
    </file>
    <file name="Table.tsx" path="D:\insurgence\uicomponents\mahati-designs\packages\uicomponents\src\components\Table.tsx">
      <metrics statements="207" coveredstatements="70" conditionals="285" coveredconditionals="88" methods="35" coveredmethods="1"/>
      <line num="3" count="1" type="stmt"/>
      <line num="4" count="1" type="stmt"/>
      <line num="9" count="1" type="stmt"/>
      <line num="10" count="1" type="stmt"/>
      <line num="63" count="1" type="cond" truecount="2" falsecount="0"/>
      <line num="71" count="1" type="cond" truecount="2" falsecount="0"/>
      <line num="76" count="1" type="cond" truecount="2" falsecount="0"/>
      <line num="80" count="1" type="cond" truecount="2" falsecount="0"/>
      <line num="82" count="1" type="cond" truecount="2" falsecount="0"/>
      <line num="90" count="0" type="cond" truecount="0" falsecount="4"/>
      <line num="94" count="0" type="cond" truecount="0" falsecount="4"/>
      <line num="99" count="1" type="cond" truecount="2" falsecount="0"/>
      <line num="101" count="1" type="cond" truecount="2" falsecount="0"/>
      <line num="119" count="0" type="cond" truecount="0" falsecount="4"/>
      <line num="124" count="0" type="cond" truecount="0" falsecount="4"/>
      <line num="128" count="0" type="cond" truecount="0" falsecount="4"/>
      <line num="133" count="1" type="cond" truecount="2" falsecount="0"/>
      <line num="137" count="1" type="cond" truecount="2" falsecount="0"/>
      <line num="149" count="1" type="cond" truecount="2" falsecount="0"/>
      <line num="153" count="1" type="cond" truecount="2" falsecount="0"/>
      <line num="158" count="1" type="cond" truecount="2" falsecount="0"/>
      <line num="164" count="1" type="cond" truecount="2" falsecount="0"/>
      <line num="168" count="1" type="cond" truecount="2" falsecount="0"/>
      <line num="175" count="1" type="cond" truecount="2" falsecount="0"/>
      <line num="182" count="1" type="cond" truecount="2" falsecount="0"/>
      <line num="201" count="1" type="cond" truecount="2" falsecount="0"/>
      <line num="208" count="1" type="cond" truecount="2" falsecount="0"/>
      <line num="210" count="1" type="cond" truecount="2" falsecount="0"/>
      <line num="216" count="1" type="cond" truecount="2" falsecount="0"/>
      <line num="223" count="1" type="cond" truecount="2" falsecount="0"/>
      <line num="232" count="1" type="cond" truecount="2" falsecount="0"/>
      <line num="238" count="1" type="cond" truecount="2" falsecount="0"/>
      <line num="244" count="1" type="cond" truecount="2" falsecount="0"/>
      <line num="269" count="1" type="cond" truecount="2" falsecount="0"/>
      <line num="290" count="1" type="cond" truecount="2" falsecount="0"/>
      <line num="314" count="1" type="cond" truecount="2" falsecount="0"/>
      <line num="321" count="1" type="cond" truecount="2" falsecount="0"/>
      <line num="341" count="1" type="cond" truecount="2" falsecount="0"/>
      <line num="348" count="0" type="cond" truecount="0" falsecount="3"/>
      <line num="349" count="0" type="cond" truecount="0" falsecount="3"/>
      <line num="350" count="0" type="cond" truecount="0" falsecount="2"/>
      <line num="354" count="1" type="cond" truecount="2" falsecount="0"/>
      <line num="362" count="1" type="cond" truecount="2" falsecount="0"/>
      <line num="370" count="0" type="cond" truecount="0" falsecount="4"/>
      <line num="374" count="0" type="cond" truecount="0" falsecount="2"/>
      <line num="375" count="0" type="cond" truecount="0" falsecount="2"/>
      <line num="383" count="1" type="cond" truecount="2" falsecount="0"/>
      <line num="389" count="1" type="cond" truecount="2" falsecount="0"/>
      <line num="404" count="1" type="cond" truecount="2" falsecount="0"/>
      <line num="410" count="1" type="cond" truecount="2" falsecount="0"/>
      <line num="430" count="1" type="stmt"/>
      <line num="431" count="95" type="stmt"/>
      <line num="432" count="94" type="stmt"/>
      <line num="434" count="94" type="stmt"/>
      <line num="435" count="94" type="stmt"/>
      <line num="436" count="94" type="stmt"/>
      <line num="437" count="94" type="stmt"/>
      <line num="438" count="94" type="stmt"/>
      <line num="439" count="94" type="stmt"/>
      <line num="440" count="94" type="stmt"/>
      <line num="441" count="94" type="stmt"/>
      <line num="442" count="94" type="cond" truecount="2" falsecount="0"/>
      <line num="443" count="94" type="stmt"/>
      <line num="444" count="94" type="stmt"/>
      <line num="446" count="94" type="cond" truecount="2" falsecount="0"/>
      <line num="447" count="94" type="cond" truecount="2" falsecount="0"/>
      <line num="448" count="94" type="stmt"/>
      <line num="449" count="94" type="stmt"/>
      <line num="450" count="94" type="cond" truecount="2" falsecount="0"/>
      <line num="452" count="94" type="stmt"/>
      <line num="453" count="94" type="cond" truecount="2" falsecount="0"/>
      <line num="454" count="94" type="cond" truecount="2" falsecount="0"/>
      <line num="456" count="94" type="cond" truecount="2" falsecount="0"/>
      <line num="457" count="94" type="stmt"/>
      <line num="458" count="94" type="cond" truecount="2" falsecount="0"/>
      <line num="460" count="94" type="stmt"/>
      <line num="461" count="94" type="cond" truecount="2" falsecount="0"/>
      <line num="462" count="94" type="stmt"/>
      <line num="464" count="94" type="stmt"/>
      <line num="469" count="0" type="stmt"/>
      <line num="470" count="0" type="stmt"/>
      <line num="474" count="0" type="stmt"/>
      <line num="476" count="0" type="stmt"/>
      <line num="477" count="0" type="cond" truecount="0" falsecount="4"/>
      <line num="480" count="0" type="cond" truecount="0" falsecount="2"/>
      <line num="484" count="0" type="cond" truecount="0" falsecount="2"/>
      <line num="490" count="0" type="stmt"/>
      <line num="491" count="0" type="cond" truecount="0" falsecount="1"/>
      <line num="492" count="0" type="stmt"/>
      <line num="493" count="0" type="cond" truecount="0" falsecount="4"/>
      <line num="496" count="0" type="stmt"/>
      <line num="497" count="0" type="cond" truecount="0" falsecount="3"/>
      <line num="499" count="0" type="stmt"/>
      <line num="500" count="0" type="stmt"/>
      <line num="502" count="0" type="stmt"/>
      <line num="505" count="0" type="stmt"/>
      <line num="513" count="0" type="cond" truecount="0" falsecount="1"/>
      <line num="514" count="0" type="stmt"/>
      <line num="519" count="0" type="stmt"/>
      <line num="520" count="0" type="stmt"/>
      <line num="522" count="0" type="stmt"/>
      <line num="523" count="0" type="stmt"/>
      <line num="526" count="0" type="stmt"/>
      <line num="535" count="0" type="cond" truecount="0" falsecount="1"/>
      <line num="536" count="0" type="stmt"/>
      <line num="541" count="0" type="cond" truecount="0" falsecount="1"/>
      <line num="542" count="0" type="stmt"/>
      <line num="545" count="0" type="stmt"/>
      <line num="554" count="0" type="stmt"/>
      <line num="557" count="0" type="stmt"/>
      <line num="558" count="0" type="cond" truecount="0" falsecount="1"/>
      <line num="560" count="0" type="cond" truecount="0" falsecount="2"/>
      <line num="566" count="0" type="stmt"/>
      <line num="570" count="0" type="stmt"/>
      <line num="579" count="0" type="stmt"/>
      <line num="588" count="0" type="cond" truecount="0" falsecount="4"/>
      <line num="589" count="0" type="cond" truecount="0" falsecount="4"/>
      <line num="592" count="0" type="stmt"/>
      <line num="607" count="0" type="cond" truecount="0" falsecount="2"/>
      <line num="609" count="0" type="stmt"/>
      <line num="634" count="0" type="stmt"/>
      <line num="637" count="0" type="stmt"/>
      <line num="649" count="0" type="stmt"/>
      <line num="654" count="0" type="stmt"/>
      <line num="672" count="0" type="stmt"/>
      <line num="690" count="0" type="stmt"/>
      <line num="692" count="0" type="cond" truecount="0" falsecount="2"/>
      <line num="698" count="0" type="stmt"/>
      <line num="699" count="0" type="cond" truecount="0" falsecount="1"/>
      <line num="700" count="0" type="cond" truecount="0" falsecount="2"/>
      <line num="701" count="0" type="stmt"/>
      <line num="702" count="0" type="cond" truecount="0" falsecount="2"/>
      <line num="704" count="0" type="cond" truecount="0" falsecount="1"/>
      <line num="705" count="0" type="stmt"/>
      <line num="706" count="0" type="stmt"/>
      <line num="707" count="0" type="cond" truecount="0" falsecount="2"/>
      <line num="708" count="0" type="stmt"/>
      <line num="710" count="0" type="stmt"/>
      <line num="712" count="0" type="stmt"/>
      <line num="717" count="0" type="stmt"/>
      <line num="718" count="0" type="stmt"/>
      <line num="719" count="0" type="cond" truecount="0" falsecount="2"/>
      <line num="720" count="0" type="stmt"/>
      <line num="721" count="0" type="cond" truecount="0" falsecount="1"/>
      <line num="722" count="0" type="stmt"/>
      <line num="723" count="0" type="stmt"/>
      <line num="724" count="0" type="stmt"/>
      <line num="725" count="0" type="stmt"/>
      <line num="730" count="0" type="stmt"/>
      <line num="731" count="0" type="stmt"/>
      <line num="733" count="0" type="stmt"/>
      <line num="741" count="0" type="stmt"/>
      <line num="744" count="0" type="stmt"/>
      <line num="747" count="0" type="cond" truecount="0" falsecount="1"/>
      <line num="751" count="0" type="cond" truecount="0" falsecount="1"/>
      <line num="753" count="0" type="cond" truecount="0" falsecount="1"/>
      <line num="754" count="0" type="stmt"/>
      <line num="757" count="0" type="stmt"/>
      <line num="758" count="0" type="cond" truecount="0" falsecount="2"/>
      <line num="759" count="0" type="stmt"/>
      <line num="760" count="0" type="cond" truecount="0" falsecount="2"/>
      <line num="761" count="0" type="stmt"/>
      <line num="763" count="0" type="stmt"/>
      <line num="767" count="0" type="cond" truecount="0" falsecount="2"/>
      <line num="771" count="0" type="cond" truecount="0" falsecount="4"/>
      <line num="774" count="0" type="cond" truecount="0" falsecount="2"/>
      <line num="778" count="0" type="stmt"/>
      <line num="786" count="0" type="cond" truecount="0" falsecount="1"/>
      <line num="790" count="0" type="cond" truecount="0" falsecount="1"/>
      <line num="792" count="0" type="cond" truecount="0" falsecount="1"/>
      <line num="793" count="0" type="stmt"/>
      <line num="796" count="0" type="stmt"/>
      <line num="797" count="0" type="cond" truecount="0" falsecount="2"/>
      <line num="798" count="0" type="stmt"/>
      <line num="799" count="0" type="cond" truecount="0" falsecount="2"/>
      <line num="800" count="0" type="stmt"/>
      <line num="802" count="0" type="stmt"/>
      <line num="806" count="0" type="cond" truecount="0" falsecount="2"/>
      <line num="809" count="0" type="cond" truecount="0" falsecount="4"/>
      <line num="812" count="0" type="cond" truecount="0" falsecount="2"/>
      <line num="816" count="0" type="stmt"/>
      <line num="824" count="0" type="cond" truecount="0" falsecount="1"/>
      <line num="826" count="0" type="cond" truecount="0" falsecount="1"/>
      <line num="827" count="0" type="stmt"/>
      <line num="828" count="0" type="stmt"/>
      <line num="829" count="0" type="cond" truecount="0" falsecount="1"/>
      <line num="831" count="0" type="stmt"/>
      <line num="838" count="0" type="cond" truecount="0" falsecount="1"/>
      <line num="843" count="0" type="stmt"/>
      <line num="850" count="0" type="cond" truecount="0" falsecount="1"/>
      <line num="851" count="0" type="cond" truecount="0" falsecount="1"/>
      <line num="852" count="0" type="stmt"/>
      <line num="854" count="0" type="stmt"/>
      <line num="856" count="0" type="stmt"/>
      <line num="859" count="0" type="cond" truecount="0" falsecount="1"/>
      <line num="860" count="0" type="stmt"/>
      <line num="861" count="0" type="cond" truecount="0" falsecount="1"/>
      <line num="862" count="0" type="cond" truecount="0" falsecount="2"/>
      <line num="863" count="0" type="cond" truecount="0" falsecount="3"/>
      <line num="864" count="0" type="stmt"/>
      <line num="865" count="0" type="cond" truecount="0" falsecount="1"/>
      <line num="866" count="0" type="stmt"/>
      <line num="867" count="0" type="cond" truecount="0" falsecount="1"/>
      <line num="868" count="0" type="stmt"/>
      <line num="870" count="0" type="stmt"/>
      <line num="940" count="1" type="stmt"/>
      <line num="941" count="1" type="stmt"/>
    </file>
    <file name="TableWithTab.tsx" path="D:\insurgence\uicomponents\mahati-designs\packages\uicomponents\src\components\TableWithTab.tsx">
      <metrics statements="129" coveredstatements="47" conditionals="155" coveredconditionals="54" methods="29" coveredmethods="1"/>
      <line num="3" count="1" type="stmt"/>
      <line num="4" count="1" type="stmt"/>
      <line num="5" count="1" type="stmt"/>
      <line num="6" count="1" type="stmt"/>
      <line num="10" count="1" type="stmt"/>
      <line num="80" count="1" type="stmt"/>
      <line num="81" count="0" type="cond" truecount="0" falsecount="1"/>
      <line num="83" count="0" type="stmt"/>
      <line num="85" count="0" type="cond" truecount="0" falsecount="3"/>
      <line num="86" count="0" type="stmt"/>
      <line num="87" count="0" type="cond" truecount="0" falsecount="1"/>
      <line num="88" count="0" type="stmt"/>
      <line num="89" count="0" type="cond" truecount="0" falsecount="3"/>
      <line num="90" count="0" type="stmt"/>
      <line num="91" count="0" type="cond" truecount="0" falsecount="1"/>
      <line num="92" count="0" type="stmt"/>
      <line num="94" count="0" type="stmt"/>
      <line num="98" count="1" type="cond" truecount="2" falsecount="0"/>
      <line num="108" count="1" type="cond" truecount="2" falsecount="0"/>
      <line num="112" count="1" type="cond" truecount="2" falsecount="0"/>
      <line num="116" count="0" type="stmt"/>
      <line num="119" count="1" type="cond" truecount="2" falsecount="0"/>
      <line num="123" count="0" type="stmt"/>
      <line num="126" count="1" type="cond" truecount="2" falsecount="0"/>
      <line num="132" count="1" type="cond" truecount="2" falsecount="0"/>
      <line num="138" count="1" type="cond" truecount="2" falsecount="0"/>
      <line num="142" count="1" type="cond" truecount="2" falsecount="0"/>
      <line num="144" count="1" type="cond" truecount="2" falsecount="0"/>
      <line num="154" count="1" type="cond" truecount="2" falsecount="0"/>
      <line num="158" count="1" type="cond" truecount="2" falsecount="0"/>
      <line num="167" count="0" type="cond" truecount="0" falsecount="4"/>
      <line num="172" count="1" type="cond" truecount="2" falsecount="0"/>
      <line num="178" count="1" type="cond" truecount="2" falsecount="0"/>
      <line num="180" count="1" type="cond" truecount="2" falsecount="0"/>
      <line num="187" count="1" type="cond" truecount="2" falsecount="0"/>
      <line num="191" count="1" type="cond" truecount="2" falsecount="0"/>
      <line num="198" count="1" type="cond" truecount="2" falsecount="0"/>
      <line num="206" count="1" type="cond" truecount="2" falsecount="0"/>
      <line num="211" count="1" type="cond" truecount="2" falsecount="0"/>
      <line num="217" count="1" type="cond" truecount="2" falsecount="0"/>
      <line num="222" count="1" type="cond" truecount="2" falsecount="0"/>
      <line num="246" count="1" type="cond" truecount="2" falsecount="0"/>
      <line num="252" count="1" type="cond" truecount="2" falsecount="0"/>
      <line num="268" count="1" type="cond" truecount="2" falsecount="0"/>
      <line num="281" count="1" type="cond" truecount="2" falsecount="0"/>
      <line num="287" count="1" type="cond" truecount="2" falsecount="0"/>
      <line num="299" count="0" type="cond" truecount="0" falsecount="1"/>
      <line num="301" count="0" type="cond" truecount="0" falsecount="3"/>
      <line num="302" count="0" type="stmt"/>
      <line num="305" count="0" type="cond" truecount="0" falsecount="1"/>
      <line num="306" count="0" type="cond" truecount="0" falsecount="1"/>
      <line num="307" count="0" type="stmt"/>
      <line num="309" count="0" type="stmt"/>
      <line num="312" count="0" type="cond" truecount="0" falsecount="1"/>
      <line num="313" count="0" type="cond" truecount="0" falsecount="3"/>
      <line num="314" count="0" type="cond" truecount="0" falsecount="1"/>
      <line num="315" count="0" type="cond" truecount="0" falsecount="1"/>
      <line num="317" count="0" type="stmt"/>
      <line num="321" count="0" type="stmt"/>
      <line num="322" count="0" type="stmt"/>
      <line num="327" count="0" type="stmt"/>
      <line num="329" count="0" type="stmt"/>
      <line num="340" count="89" type="stmt"/>
      <line num="341" count="88" type="stmt"/>
      <line num="342" count="88" type="cond" truecount="2" falsecount="0"/>
      <line num="343" count="88" type="stmt"/>
      <line num="344" count="88" type="stmt"/>
      <line num="345" count="88" type="stmt"/>
      <line num="346" count="88" type="stmt"/>
      <line num="347" count="88" type="stmt"/>
      <line num="348" count="88" type="stmt"/>
      <line num="349" count="88" type="stmt"/>
      <line num="350" count="88" type="stmt"/>
      <line num="352" count="176" type="stmt"/>
      <line num="354" count="88" type="stmt"/>
      <line num="359" count="0" type="cond" truecount="0" falsecount="8"/>
      <line num="361" count="0" type="stmt"/>
      <line num="362" count="0" type="stmt"/>
      <line num="365" count="0" type="stmt"/>
      <line num="366" count="0" type="cond" truecount="0" falsecount="1"/>
      <line num="368" count="0" type="stmt"/>
      <line num="369" count="0" type="stmt"/>
      <line num="370" count="0" type="stmt"/>
      <line num="371" count="0" type="cond" truecount="0" falsecount="8"/>
      <line num="374" count="0" type="cond" truecount="0" falsecount="4"/>
      <line num="379" count="0" type="cond" truecount="0" falsecount="4"/>
      <line num="383" count="0" type="stmt"/>
      <line num="390" count="0" type="stmt"/>
      <line num="391" count="0" type="cond" truecount="0" falsecount="2"/>
      <line num="393" count="0" type="stmt"/>
      <line num="394" count="0" type="stmt"/>
      <line num="397" count="0" type="cond" truecount="0" falsecount="1"/>
      <line num="398" count="0" type="stmt"/>
      <line num="399" count="0" type="stmt"/>
      <line num="400" count="0" type="stmt"/>
      <line num="405" count="0" type="cond" truecount="0" falsecount="4"/>
      <line num="410" count="0" type="cond" truecount="0" falsecount="4"/>
      <line num="414" count="0" type="stmt"/>
      <line num="415" count="0" type="cond" truecount="0" falsecount="4"/>
      <line num="416" count="0" type="stmt"/>
      <line num="420" count="0" type="stmt"/>
      <line num="421" count="0" type="stmt"/>
      <line num="424" count="0" type="stmt"/>
      <line num="425" count="0" type="cond" truecount="0" falsecount="2"/>
      <line num="426" count="0" type="stmt"/>
      <line num="429" count="0" type="stmt"/>
      <line num="430" count="0" type="stmt"/>
      <line num="431" count="0" type="cond" truecount="0" falsecount="1"/>
      <line num="437" count="0" type="stmt"/>
      <line num="439" count="0" type="cond" truecount="0" falsecount="1"/>
      <line num="441" count="0" type="stmt"/>
      <line num="442" count="0" type="stmt"/>
      <line num="443" count="0" type="stmt"/>
      <line num="444" count="0" type="stmt"/>
      <line num="449" count="0" type="stmt"/>
      <line num="456" count="0" type="stmt"/>
      <line num="474" count="0" type="cond" truecount="0" falsecount="8"/>
      <line num="476" count="0" type="stmt"/>
      <line num="498" count="0" type="stmt"/>
      <line num="515" count="0" type="stmt"/>
      <line num="516" count="0" type="cond" truecount="0" falsecount="2"/>
      <line num="518" count="0" type="stmt"/>
      <line num="521" count="0" type="stmt"/>
      <line num="524" count="0" type="stmt"/>
      <line num="560" count="0" type="stmt"/>
      <line num="561" count="0" type="cond" truecount="0" falsecount="1"/>
      <line num="562" count="0" type="stmt"/>
      <line num="571" count="1" type="stmt"/>
      <line num="572" count="1" type="stmt"/>
    </file>
    <file name="Tooltip.tsx" path="D:\insurgence\uicomponents\mahati-designs\packages\uicomponents\src\components\Tooltip.tsx">
      <metrics statements="96" coveredstatements="20" conditionals="76" coveredconditionals="14" methods="16" coveredmethods="1"/>
      <line num="2" count="1" type="stmt"/>
      <line num="3" count="1" type="stmt"/>
      <line num="26" count="1" type="cond" truecount="2" falsecount="0"/>
      <line num="32" count="1" type="cond" truecount="2" falsecount="0"/>
      <line num="49" count="0" type="cond" truecount="0" falsecount="4"/>
      <line num="50" count="0" type="cond" truecount="0" falsecount="4"/>
      <line num="51" count="0" type="cond" truecount="0" falsecount="4"/>
      <line num="53" count="0" type="cond" truecount="0" falsecount="4"/>
      <line num="55" count="0" type="cond" truecount="0" falsecount="2"/>
      <line num="75" count="1" type="cond" truecount="2" falsecount="0"/>
      <line num="82" count="0" type="cond" truecount="0" falsecount="5"/>
      <line num="84" count="0" type="stmt"/>
      <line num="92" count="0" type="stmt"/>
      <line num="100" count="0" type="stmt"/>
      <line num="108" count="0" type="stmt"/>
      <line num="116" count="0" type="stmt"/>
      <line num="121" count="1" type="cond" truecount="2" falsecount="0"/>
      <line num="127" count="1" type="stmt"/>
      <line num="128" count="93" type="stmt"/>
      <line num="129" count="92" type="cond" truecount="2" falsecount="0"/>
      <line num="130" count="92" type="stmt"/>
      <line num="131" count="92" type="cond" truecount="2" falsecount="0"/>
      <line num="132" count="92" type="cond" truecount="2" falsecount="0"/>
      <line num="133" count="92" type="stmt"/>
      <line num="134" count="92" type="stmt"/>
      <line num="135" count="92" type="stmt"/>
      <line num="136" count="92" type="stmt"/>
      <line num="138" count="92" type="stmt"/>
      <line num="139" count="0" type="stmt"/>
      <line num="140" count="0" type="stmt"/>
      <line num="141" count="0" type="stmt"/>
      <line num="142" count="0" type="stmt"/>
      <line num="144" count="0" type="cond" truecount="0" falsecount="2"/>
      <line num="146" count="0" type="stmt"/>
      <line num="147" count="0" type="cond" truecount="0" falsecount="1"/>
      <line num="149" count="0" type="stmt"/>
      <line num="150" count="0" type="stmt"/>
      <line num="151" count="0" type="stmt"/>
      <line num="153" count="0" type="stmt"/>
      <line num="154" count="0" type="stmt"/>
      <line num="156" count="0" type="stmt"/>
      <line num="158" count="0" type="cond" truecount="0" falsecount="4"/>
      <line num="160" count="0" type="stmt"/>
      <line num="161" count="0" type="stmt"/>
      <line num="162" count="0" type="stmt"/>
      <line num="164" count="0" type="stmt"/>
      <line num="165" count="0" type="stmt"/>
      <line num="166" count="0" type="stmt"/>
      <line num="168" count="0" type="stmt"/>
      <line num="169" count="0" type="stmt"/>
      <line num="170" count="0" type="stmt"/>
      <line num="172" count="0" type="stmt"/>
      <line num="173" count="0" type="stmt"/>
      <line num="174" count="0" type="stmt"/>
      <line num="177" count="0" type="stmt"/>
      <line num="178" count="0" type="stmt"/>
      <line num="181" count="0" type="stmt"/>
      <line num="182" count="0" type="cond" truecount="0" falsecount="1"/>
      <line num="184" count="0" type="stmt"/>
      <line num="185" count="0" type="stmt"/>
      <line num="186" count="0" type="stmt"/>
      <line num="188" count="0" type="cond" truecount="0" falsecount="1"/>
      <line num="189" count="0" type="cond" truecount="0" falsecount="2"/>
      <line num="190" count="0" type="stmt"/>
      <line num="194" count="0" type="stmt"/>
      <line num="195" count="0" type="stmt"/>
      <line num="196" count="0" type="stmt"/>
      <line num="197" count="0" type="stmt"/>
      <line num="200" count="0" type="stmt"/>
      <line num="201" count="0" type="cond" truecount="0" falsecount="1"/>
      <line num="202" count="0" type="stmt"/>
      <line num="203" count="0" type="stmt"/>
      <line num="204" count="0" type="stmt"/>
      <line num="205" count="0" type="stmt"/>
      <line num="206" count="0" type="stmt"/>
      <line num="211" count="0" type="stmt"/>
      <line num="212" count="0" type="cond" truecount="0" falsecount="1"/>
      <line num="213" count="0" type="stmt"/>
      <line num="223" count="0" type="stmt"/>
      <line num="226" count="0" type="stmt"/>
      <line num="227" count="0" type="cond" truecount="0" falsecount="3"/>
      <line num="229" count="0" type="stmt"/>
      <line num="230" count="0" type="stmt"/>
      <line num="238" count="0" type="stmt"/>
      <line num="239" count="0" type="cond" truecount="0" falsecount="5"/>
      <line num="241" count="0" type="stmt"/>
      <line num="243" count="0" type="stmt"/>
      <line num="245" count="0" type="stmt"/>
      <line num="247" count="0" type="stmt"/>
      <line num="249" count="0" type="stmt"/>
      <line num="253" count="0" type="cond" truecount="0" falsecount="1"/>
      <line num="254" count="0" type="stmt"/>
      <line num="257" count="0" type="stmt"/>
      <line num="294" count="1" type="stmt"/>
      <line num="296" count="1" type="stmt"/>
      <line num="297" count="1" type="stmt"/>
    </file>
    <file name="accordion.tsx" path="D:\insurgence\uicomponents\mahati-designs\packages\uicomponents\src\components\accordion.tsx">
      <metrics statements="18" coveredstatements="15" conditionals="18" coveredconditionals="12" methods="3" coveredmethods="1"/>
      <line num="3" count="1" type="stmt"/>
      <line num="4" count="1" type="stmt"/>
      <line num="5" count="1" type="stmt"/>
      <line num="6" count="1" type="stmt"/>
      <line num="12" count="1" type="cond" truecount="2" falsecount="0"/>
      <line num="25" count="1" type="cond" truecount="2" falsecount="0"/>
      <line num="38" count="0" type="cond" truecount="0" falsecount="2"/>
      <line num="63" count="1" type="cond" truecount="2" falsecount="0"/>
      <line num="71" count="1" type="cond" truecount="2" falsecount="0"/>
      <line num="76" count="1" type="cond" truecount="2" falsecount="0"/>
      <line num="93" count="73" type="stmt"/>
      <line num="94" count="72" type="stmt"/>
      <line num="95" count="72" type="cond" truecount="2" falsecount="0"/>
      <line num="97" count="72" type="stmt"/>
      <line num="99" count="0" type="stmt"/>
      <line num="102" count="0" type="stmt"/>
      <line num="123" count="1" type="stmt"/>
      <line num="125" count="1" type="stmt"/>
    </file>
    <file name="card.tsx" path="D:\insurgence\uicomponents\mahati-designs\packages\uicomponents\src\components\card.tsx">
      <metrics statements="61" coveredstatements="32" conditionals="117" coveredconditionals="30" methods="12" coveredmethods="1"/>
      <line num="1" count="1" type="stmt"/>
      <line num="2" count="1" type="stmt"/>
      <line num="3" count="1" type="stmt"/>
      <line num="4" count="1" type="stmt"/>
      <line num="26" count="1" type="cond" truecount="2" falsecount="0"/>
      <line num="27" count="0" type="cond" truecount="0" falsecount="4"/>
      <line num="32" count="1" type="cond" truecount="2" falsecount="0"/>
      <line num="46" count="0" type="cond" truecount="0" falsecount="6"/>
      <line num="48" count="0" type="cond" truecount="0" falsecount="2"/>
      <line num="57" count="0" type="cond" truecount="0" falsecount="2"/>
      <line num="63" count="0" type="cond" truecount="0" falsecount="2"/>
      <line num="68" count="0" type="cond" truecount="0" falsecount="2"/>
      <line num="73" count="0" type="cond" truecount="0" falsecount="2"/>
      <line num="79" count="0" type="stmt"/>
      <line num="85" count="0" type="cond" truecount="0" falsecount="5"/>
      <line num="87" count="0" type="cond" truecount="0" falsecount="2"/>
      <line num="91" count="0" type="cond" truecount="0" falsecount="2"/>
      <line num="95" count="0" type="cond" truecount="0" falsecount="2"/>
      <line num="101" count="0" type="cond" truecount="0" falsecount="2"/>
      <line num="108" count="0" type="cond" truecount="0" falsecount="5"/>
      <line num="113" count="0" type="cond" truecount="0" falsecount="4"/>
      <line num="125" count="1" type="cond" truecount="2" falsecount="0"/>
      <line num="129" count="0" type="cond" truecount="0" falsecount="4"/>
      <line num="134" count="1" type="cond" truecount="2" falsecount="0"/>
      <line num="141" count="1" type="cond" truecount="2" falsecount="0"/>
      <line num="170" count="1" type="cond" truecount="2" falsecount="0"/>
      <line num="175" count="0" type="cond" truecount="0" falsecount="4"/>
      <line num="184" count="1" type="cond" truecount="2" falsecount="0"/>
      <line num="188" count="1" type="cond" truecount="2" falsecount="0"/>
      <line num="189" count="0" type="cond" truecount="0" falsecount="4"/>
      <line num="194" count="1" type="cond" truecount="2" falsecount="0"/>
      <line num="204" count="1" type="stmt"/>
      <line num="207" count="99" type="stmt"/>
      <line num="208" count="98" type="stmt"/>
      <line num="209" count="98" type="stmt"/>
      <line num="210" count="98" type="cond" truecount="2" falsecount="0"/>
      <line num="211" count="98" type="cond" truecount="2" falsecount="0"/>
      <line num="212" count="98" type="stmt"/>
      <line num="213" count="98" type="stmt"/>
      <line num="214" count="98" type="cond" truecount="2" falsecount="0"/>
      <line num="215" count="98" type="cond" truecount="2" falsecount="0"/>
      <line num="216" count="98" type="cond" truecount="2" falsecount="0"/>
      <line num="217" count="98" type="stmt"/>
      <line num="218" count="98" type="cond" truecount="2" falsecount="0"/>
      <line num="219" count="98" type="stmt"/>
      <line num="220" count="98" type="stmt"/>
      <line num="221" count="98" type="stmt"/>
      <line num="225" count="98" type="stmt"/>
      <line num="226" count="0" type="stmt"/>
      <line num="227" count="0" type="stmt"/>
      <line num="229" count="0" type="stmt"/>
      <line num="230" count="0" type="cond" truecount="0" falsecount="1"/>
      <line num="231" count="0" type="stmt"/>
      <line num="232" count="0" type="stmt"/>
      <line num="233" count="0" type="cond" truecount="0" falsecount="4"/>
      <line num="236" count="0" type="cond" truecount="0" falsecount="2"/>
      <line num="238" count="0" type="stmt"/>
      <line num="262" count="0" type="cond" truecount="0" falsecount="1"/>
      <line num="263" count="0" type="stmt"/>
      <line num="291" count="1" type="stmt"/>
      <line num="292" count="1" type="stmt"/>
    </file>
  </project>
</coverage>
