{"D:\\insurgence\\uicomponents\\mahati-designs\\packages\\uicomponents\\src\\components\\Button.tsx": {"path":"D:\\insurgence\\uicomponents\\mahati-designs\\packages\\uicomponents\\src\\components\\Button.tsx","statementMap":{"0":{"start":{"line":1,"column":0},"end":{"line":1,"column":26}},"1":{"start":{"line":2,"column":0},"end":{"line":2,"column":37}},"2":{"start":{"line":23,"column":25},"end":{"line":30,"column":1}},"3":{"start":{"line":24,"column":2},"end":{"line":24,"column":32}},"4":{"start":{"line":24,"column":18},"end":{"line":24,"column":32}},"5":{"start":{"line":25,"column":16},"end":{"line":25,"column":45}},"6":{"start":{"line":26,"column":2},"end":{"line":28,"column":3}},"7":{"start":{"line":27,"column":4},"end":{"line":27,"column":41}},"8":{"start":{"line":29,"column":2},"end":{"line":29,"column":16}},"9":{"start":{"line":32,"column":17},"end":{"line":39,"column":1}},"10":{"start":{"line":33,"column":2},"end":{"line":33,"column":30}},"11":{"start":{"line":33,"column":17},"end":{"line":33,"column":30}},"12":{"start":{"line":34,"column":16},"end":{"line":34,"column":43}},"13":{"start":{"line":35,"column":2},"end":{"line":37,"column":3}},"14":{"start":{"line":36,"column":4},"end":{"line":36,"column":41}},"15":{"start":{"line":38,"column":2},"end":{"line":38,"column":15}},"16":{"start":{"line":40,"column":23},"end":{"line":59,"column":1}},"17":{"start":{"line":41,"column":41},"end":{"line":57,"column":4}},"18":{"start":{"line":58,"column":2},"end":{"line":58,"column":91}},"19":{"start":{"line":60,"column":21},"end":{"line":272,"column":null}},"20":{"start":{"line":95,"column":18},"end":{"line":95,"column":45}},"21":{"start":{"line":96,"column":4},"end":{"line":110,"column":5}},"22":{"start":{"line":97,"column":6},"end":{"line":109,"column":7}},"23":{"start":{"line":98,"column":8},"end":{"line":100,"column":10}},"24":{"start":{"line":102,"column":8},"end":{"line":108,"column":10}},"25":{"start":{"line":111,"column":4},"end":{"line":111,"column":14}},"26":{"start":{"line":114,"column":13},"end":{"line":137,"column":null}},"27":{"start":{"line":140,"column":4},"end":{"line":140,"column":52}},"28":{"start":{"line":140,"column":42},"end":{"line":140,"column":52}},"29":{"start":{"line":142,"column":4},"end":{"line":254,"column":5}},"30":{"start":{"line":144,"column":8},"end":{"line":150,"column":10}},"31":{"start":{"line":152,"column":8},"end":{"line":158,"column":10}},"32":{"start":{"line":160,"column":8},"end":{"line":170,"column":10}},"33":{"start":{"line":172,"column":8},"end":{"line":178,"column":10}},"34":{"start":{"line":180,"column":8},"end":{"line":186,"column":10}},"35":{"start":{"line":188,"column":8},"end":{"line":200,"column":10}},"36":{"start":{"line":202,"column":8},"end":{"line":212,"column":10}},"37":{"start":{"line":214,"column":8},"end":{"line":238,"column":10}},"38":{"start":{"line":240,"column":8},"end":{"line":246,"column":10}},"39":{"start":{"line":248,"column":8},"end":{"line":253,"column":10}},"40":{"start":{"line":258,"column":4},"end":{"line":258,"column":37}},"41":{"start":{"line":258,"column":27},"end":{"line":258,"column":37}},"42":{"start":{"line":260,"column":4},"end":{"line":271,"column":5}},"43":{"start":{"line":262,"column":8},"end":{"line":262,"column":65}},"44":{"start":{"line":264,"column":8},"end":{"line":264,"column":65}},"45":{"start":{"line":266,"column":8},"end":{"line":266,"column":65}},"46":{"start":{"line":268,"column":8},"end":{"line":268,"column":56}},"47":{"start":{"line":270,"column":8},"end":{"line":270,"column":48}},"48":{"start":{"line":275,"column":24},"end":{"line":374,"column":null}},"49":{"start":{"line":291,"column":18},"end":{"line":291,"column":45}},"50":{"start":{"line":292,"column":4},"end":{"line":296,"column":5}},"51":{"start":{"line":293,"column":6},"end":{"line":295,"column":8}},"52":{"start":{"line":297,"column":4},"end":{"line":297,"column":14}},"53":{"start":{"line":302,"column":4},"end":{"line":302,"column":42}},"54":{"start":{"line":302,"column":29},"end":{"line":302,"column":42}},"55":{"start":{"line":303,"column":18},"end":{"line":303,"column":65}},"56":{"start":{"line":304,"column":4},"end":{"line":304,"column":38}},"57":{"start":{"line":304,"column":15},"end":{"line":304,"column":38}},"58":{"start":{"line":305,"column":4},"end":{"line":305,"column":58}},"59":{"start":{"line":305,"column":45},"end":{"line":305,"column":58}},"60":{"start":{"line":306,"column":4},"end":{"line":306,"column":58}},"61":{"start":{"line":306,"column":45},"end":{"line":306,"column":58}},"62":{"start":{"line":307,"column":4},"end":{"line":307,"column":63}},"63":{"start":{"line":307,"column":47},"end":{"line":307,"column":63}},"64":{"start":{"line":308,"column":4},"end":{"line":308,"column":17}},"65":{"start":{"line":313,"column":4},"end":{"line":313,"column":43}},"66":{"start":{"line":313,"column":30},"end":{"line":313,"column":43}},"67":{"start":{"line":314,"column":18},"end":{"line":314,"column":60}},"68":{"start":{"line":315,"column":4},"end":{"line":315,"column":38}},"69":{"start":{"line":315,"column":15},"end":{"line":315,"column":38}},"70":{"start":{"line":316,"column":4},"end":{"line":316,"column":17}},"71":{"start":{"line":321,"column":4},"end":{"line":321,"column":38}},"72":{"start":{"line":321,"column":21},"end":{"line":321,"column":38}},"73":{"start":{"line":322,"column":4},"end":{"line":322,"column":60}},"74":{"start":{"line":322,"column":25},"end":{"line":322,"column":60}},"75":{"start":{"line":323,"column":22},"end":{"line":323,"column":69}},"76":{"start":{"line":324,"column":4},"end":{"line":324,"column":39}},"77":{"start":{"line":324,"column":19},"end":{"line":324,"column":39}},"78":{"start":{"line":325,"column":4},"end":{"line":325,"column":39}},"79":{"start":{"line":341,"column":4},"end":{"line":353,"column":5}},"80":{"start":{"line":342,"column":25},"end":{"line":342,"column":83}},"81":{"start":{"line":343,"column":26},"end":{"line":343,"column":85}},"82":{"start":{"line":345,"column":19},"end":{"line":345,"column":21}},"83":{"start":{"line":346,"column":6},"end":{"line":348,"column":7}},"84":{"start":{"line":347,"column":8},"end":{"line":347,"column":69}},"85":{"start":{"line":349,"column":6},"end":{"line":351,"column":7}},"86":{"start":{"line":350,"column":8},"end":{"line":350,"column":71}},"87":{"start":{"line":352,"column":6},"end":{"line":352,"column":20}},"88":{"start":{"line":356,"column":4},"end":{"line":367,"column":5}},"89":{"start":{"line":357,"column":16},"end":{"line":357,"column":60}},"90":{"start":{"line":358,"column":6},"end":{"line":358,"column":29}},"91":{"start":{"line":358,"column":19},"end":{"line":358,"column":29}},"92":{"start":{"line":360,"column":6},"end":{"line":360,"column":97}},"93":{"start":{"line":360,"column":19},"end":{"line":360,"column":97}},"94":{"start":{"line":361,"column":6},"end":{"line":361,"column":97}},"95":{"start":{"line":361,"column":19},"end":{"line":361,"column":97}},"96":{"start":{"line":362,"column":6},"end":{"line":362,"column":97}},"97":{"start":{"line":362,"column":19},"end":{"line":362,"column":97}},"98":{"start":{"line":363,"column":6},"end":{"line":363,"column":97}},"99":{"start":{"line":363,"column":19},"end":{"line":363,"column":97}},"100":{"start":{"line":364,"column":6},"end":{"line":364,"column":97}},"101":{"start":{"line":364,"column":19},"end":{"line":364,"column":97}},"102":{"start":{"line":365,"column":6},"end":{"line":365,"column":97}},"103":{"start":{"line":365,"column":19},"end":{"line":365,"column":97}},"104":{"start":{"line":366,"column":6},"end":{"line":366,"column":84}},"105":{"start":{"line":370,"column":4},"end":{"line":373,"column":6}},"106":{"start":{"line":380,"column":31},"end":{"line":387,"column":null}},"107":{"start":{"line":385,"column":29},"end":{"line":385,"column":null}},"108":{"start":{"line":386,"column":26},"end":{"line":386,"column":null}},"109":{"start":{"line":387,"column":18},"end":{"line":387,"column":null}},"110":{"start":{"line":397,"column":24},"end":{"line":410,"column":null}},"111":{"start":{"line":398,"column":14},"end":{"line":398,"column":16}},"112":{"start":{"line":398,"column":16},"end":{"line":398,"column":25}},"113":{"start":{"line":398,"column":25},"end":{"line":398,"column":35}},"114":{"start":{"line":398,"column":43},"end":{"line":398,"column":48}},"115":{"start":{"line":398,"column":53},"end":{"line":398,"column":57}},"116":{"start":{"line":399,"column":16},"end":{"line":399,"column":34}},"117":{"start":{"line":401,"column":4},"end":{"line":409,"column":6}},"118":{"start":{"line":413,"column":0},"end":{"line":413,"column":48}},"119":{"start":{"line":418,"column":19},"end":{"line":479,"column":null}},"120":{"start":{"line":420,"column":13},"end":{"line":420,"column":null}},"121":{"start":{"line":421,"column":4},"end":{"line":421,"column":11}},"122":{"start":{"line":421,"column":11},"end":{"line":421,"column":null}},"123":{"start":{"line":422,"column":4},"end":{"line":422,"column":8}},"124":{"start":{"line":422,"column":8},"end":{"line":422,"column":null}},"125":{"start":{"line":423,"column":8},"end":{"line":423,"column":null}},"126":{"start":{"line":424,"column":4},"end":{"line":424,"column":14}},"127":{"start":{"line":424,"column":14},"end":{"line":424,"column":null}},"128":{"start":{"line":425,"column":25},"end":{"line":425,"column":null}},"129":{"start":{"line":426,"column":24},"end":{"line":426,"column":null}},"130":{"start":{"line":427,"column":21},"end":{"line":427,"column":null}},"131":{"start":{"line":428,"column":25},"end":{"line":428,"column":null}},"132":{"start":{"line":429,"column":28},"end":{"line":429,"column":null}},"133":{"start":{"line":430,"column":26},"end":{"line":430,"column":null}},"134":{"start":{"line":431,"column":28},"end":{"line":431,"column":null}},"135":{"start":{"line":432,"column":12},"end":{"line":432,"column":null}},"136":{"start":{"line":433,"column":12},"end":{"line":434,"column":5}},"137":{"start":{"line":436,"column":4},"end":{"line":464,"column":5}},"138":{"start":{"line":437,"column":21},"end":{"line":437,"column":60}},"139":{"start":{"line":438,"column":20},"end":{"line":438,"column":58}},"140":{"start":{"line":440,"column":6},"end":{"line":463,"column":8}},"141":{"start":{"line":467,"column":4},"end":{"line":478,"column":6}},"142":{"start":{"line":482,"column":0},"end":{"line":482,"column":34}},"143":{"start":{"line":489,"column":15},"end":{"line":489,"column":44}},"144":{"start":{"line":492,"column":9},"end":{"line":492,"column":15}},"145":{"start":{"line":490,"column":0},"end":{"line":490,"column":41}}},"fnMap":{"0":{"name":"(anonymous_5)","decl":{"start":{"line":23,"column":25},"end":{"line":23,"column":26}},"loc":{"start":{"line":23,"column":44},"end":{"line":30,"column":1}}},"1":{"name":"(anonymous_6)","decl":{"start":{"line":32,"column":17},"end":{"line":32,"column":18}},"loc":{"start":{"line":32,"column":35},"end":{"line":39,"column":1}}},"2":{"name":"(anonymous_7)","decl":{"start":{"line":40,"column":23},"end":{"line":40,"column":24}},"loc":{"start":{"line":40,"column":37},"end":{"line":59,"column":1}}},"3":{"name":"(anonymous_8)","decl":{"start":{"line":94,"column":4},"end":{"line":94,"column":9}},"loc":{"start":{"line":94,"column":9},"end":{"line":112,"column":3}}},"4":{"name":"(anonymous_9)","decl":{"start":{"line":114,"column":4},"end":{"line":114,"column":9}},"loc":{"start":{"line":114,"column":9},"end":{"line":114,"column":18}}},"5":{"name":"(anonymous_10)","decl":{"start":{"line":139,"column":4},"end":{"line":139,"column":9}},"loc":{"start":{"line":139,"column":9},"end":{"line":255,"column":3}}},"6":{"name":"(anonymous_11)","decl":{"start":{"line":257,"column":4},"end":{"line":257,"column":9}},"loc":{"start":{"line":257,"column":9},"end":{"line":272,"column":3}}},"7":{"name":"(anonymous_12)","decl":{"start":{"line":290,"column":4},"end":{"line":290,"column":9}},"loc":{"start":{"line":290,"column":9},"end":{"line":298,"column":3}}},"8":{"name":"(anonymous_13)","decl":{"start":{"line":301,"column":19},"end":{"line":301,"column":24}},"loc":{"start":{"line":301,"column":24},"end":{"line":309,"column":3}}},"9":{"name":"(anonymous_14)","decl":{"start":{"line":312,"column":13},"end":{"line":312,"column":18}},"loc":{"start":{"line":312,"column":18},"end":{"line":317,"column":3}}},"10":{"name":"(anonymous_15)","decl":{"start":{"line":320,"column":16},"end":{"line":320,"column":21}},"loc":{"start":{"line":320,"column":21},"end":{"line":326,"column":3}}},"11":{"name":"(anonymous_16)","decl":{"start":{"line":339,"column":4},"end":{"line":339,"column":9}},"loc":{"start":{"line":339,"column":9},"end":{"line":374,"column":3}}},"12":{"name":"(anonymous_17)","decl":{"start":{"line":385,"column":20},"end":{"line":385,"column":25}},"loc":{"start":{"line":385,"column":25},"end":{"line":385,"column":34}}},"13":{"name":"(anonymous_18)","decl":{"start":{"line":386,"column":17},"end":{"line":386,"column":22}},"loc":{"start":{"line":386,"column":22},"end":{"line":386,"column":31}}},"14":{"name":"(anonymous_19)","decl":{"start":{"line":387,"column":9},"end":{"line":387,"column":14}},"loc":{"start":{"line":387,"column":14},"end":{"line":387,"column":23}}},"15":{"name":"(anonymous_20)","decl":{"start":{"line":398,"column":2},"end":{"line":398,"column":3}},"loc":{"start":{"line":398,"column":60},"end":{"line":410,"column":3}}},"16":{"name":"(anonymous_21)","decl":{"start":{"line":419,"column":2},"end":{"line":419,"column":3}},"loc":{"start":{"line":434,"column":8},"end":{"line":479,"column":3}}}},"branchMap":{"0":{"loc":{"start":{"line":24,"column":2},"end":{"line":24,"column":32}},"type":"if","locations":[{"start":{"line":24,"column":2},"end":{"line":24,"column":32}}]},"1":{"loc":{"start":{"line":26,"column":2},"end":{"line":28,"column":3}},"type":"if","locations":[{"start":{"line":26,"column":2},"end":{"line":28,"column":3}}]},"2":{"loc":{"start":{"line":33,"column":2},"end":{"line":33,"column":30}},"type":"if","locations":[{"start":{"line":33,"column":2},"end":{"line":33,"column":30}}]},"3":{"loc":{"start":{"line":35,"column":2},"end":{"line":37,"column":3}},"type":"if","locations":[{"start":{"line":35,"column":2},"end":{"line":37,"column":3}}]},"4":{"loc":{"start":{"line":58,"column":9},"end":{"line":58,"column":90}},"type":"binary-expr","locations":[{"start":{"line":58,"column":9},"end":{"line":58,"column":59}},{"start":{"line":58,"column":63},"end":{"line":58,"column":77}},{"start":{"line":58,"column":81},"end":{"line":58,"column":90}}]},"5":{"loc":{"start":{"line":58,"column":16},"end":{"line":58,"column":58}},"type":"cond-expr","locations":[{"start":{"line":58,"column":20},"end":{"line":58,"column":22}},{"start":{"line":58,"column":16},"end":{"line":58,"column":58}}]},"6":{"loc":{"start":{"line":58,"column":16},"end":{"line":58,"column":22}},"type":"binary-expr","locations":[{"start":{"line":58,"column":16},"end":{"line":58,"column":22}},{"start":{"line":58,"column":16},"end":{"line":58,"column":22}}]},"7":{"loc":{"start":{"line":60,"column":34},"end":{"line":273,"column":2}},"type":"binary-expr","locations":[{"start":{"line":60,"column":34},"end":{"line":60,"column":null}},{"start":{"line":60,"column":34},"end":{"line":273,"column":2}}]},"8":{"loc":{"start":{"line":96,"column":4},"end":{"line":110,"column":5}},"type":"if","locations":[{"start":{"line":96,"column":4},"end":{"line":110,"column":5}}]},"9":{"loc":{"start":{"line":97,"column":6},"end":{"line":109,"column":7}},"type":"if","locations":[{"start":{"line":97,"column":6},"end":{"line":109,"column":7}},{"start":{"line":101,"column":13},"end":{"line":109,"column":7}}]},"10":{"loc":{"start":{"line":99,"column":19},"end":{"line":99,"column":91}},"type":"cond-expr","locations":[{"start":{"line":99,"column":76},"end":{"line":99,"column":83}},{"start":{"line":99,"column":86},"end":{"line":99,"column":91}}]},"11":{"loc":{"start":{"line":99,"column":19},"end":{"line":99,"column":73}},"type":"binary-expr","locations":[{"start":{"line":99,"column":19},"end":{"line":99,"column":45}},{"start":{"line":99,"column":49},"end":{"line":99,"column":73}}]},"12":{"loc":{"start":{"line":114,"column":13},"end":{"line":121,"column":null}},"type":"binary-expr","locations":[{"start":{"line":114,"column":13},"end":{"line":114,"column":30}},{"start":{"line":114,"column":34},"end":{"line":121,"column":null}}]},"13":{"loc":{"start":{"line":118,"column":14},"end":{"line":118,"column":37}},"type":"binary-expr","locations":[{"start":{"line":118,"column":14},"end":{"line":118,"column":27}},{"start":{"line":118,"column":31},"end":{"line":118,"column":37}}]},"14":{"loc":{"start":{"line":119,"column":13},"end":{"line":119,"column":35}},"type":"binary-expr","locations":[{"start":{"line":119,"column":13},"end":{"line":119,"column":25}},{"start":{"line":119,"column":29},"end":{"line":119,"column":35}}]},"15":{"loc":{"start":{"line":120,"column":18},"end":{"line":120,"column":41}},"type":"binary-expr","locations":[{"start":{"line":120,"column":18},"end":{"line":120,"column":31}},{"start":{"line":120,"column":35},"end":{"line":120,"column":41}}]},"16":{"loc":{"start":{"line":121,"column":17},"end":{"line":121,"column":39}},"type":"binary-expr","locations":[{"start":{"line":121,"column":17},"end":{"line":121,"column":29}},{"start":{"line":121,"column":33},"end":{"line":121,"column":39}}]},"17":{"loc":{"start":{"line":140,"column":4},"end":{"line":140,"column":52}},"type":"if","locations":[{"start":{"line":140,"column":4},"end":{"line":140,"column":52}}]},"18":{"loc":{"start":{"line":140,"column":8},"end":{"line":140,"column":40}},"type":"binary-expr","locations":[{"start":{"line":140,"column":8},"end":{"line":140,"column":25}},{"start":{"line":140,"column":29},"end":{"line":140,"column":40}}]},"19":{"loc":{"start":{"line":142,"column":4},"end":{"line":254,"column":5}},"type":"switch","locations":[{"start":{"line":143,"column":6},"end":{"line":150,"column":10}},{"start":{"line":151,"column":6},"end":{"line":158,"column":10}},{"start":{"line":159,"column":6},"end":{"line":170,"column":10}},{"start":{"line":171,"column":6},"end":{"line":178,"column":10}},{"start":{"line":179,"column":6},"end":{"line":186,"column":10}},{"start":{"line":187,"column":6},"end":{"line":200,"column":10}},{"start":{"line":201,"column":6},"end":{"line":212,"column":10}},{"start":{"line":213,"column":6},"end":{"line":238,"column":10}},{"start":{"line":239,"column":6},"end":{"line":246,"column":10}},{"start":{"line":247,"column":6},"end":{"line":253,"column":10}}]},"20":{"loc":{"start":{"line":258,"column":4},"end":{"line":258,"column":37}},"type":"if","locations":[{"start":{"line":258,"column":4},"end":{"line":258,"column":37}}]},"21":{"loc":{"start":{"line":260,"column":4},"end":{"line":271,"column":5}},"type":"switch","locations":[{"start":{"line":261,"column":6},"end":{"line":262,"column":65}},{"start":{"line":263,"column":6},"end":{"line":264,"column":65}},{"start":{"line":265,"column":6},"end":{"line":266,"column":65}},{"start":{"line":267,"column":6},"end":{"line":268,"column":56}},{"start":{"line":269,"column":6},"end":{"line":270,"column":48}}]},"22":{"loc":{"start":{"line":275,"column":35},"end":{"line":375,"column":2}},"type":"binary-expr","locations":[{"start":{"line":275,"column":35},"end":{"line":275,"column":null}},{"start":{"line":275,"column":35},"end":{"line":375,"column":2}}]},"23":{"loc":{"start":{"line":292,"column":4},"end":{"line":296,"column":5}},"type":"if","locations":[{"start":{"line":292,"column":4},"end":{"line":296,"column":5}}]},"24":{"loc":{"start":{"line":294,"column":22},"end":{"line":294,"column":90}},"type":"cond-expr","locations":[{"start":{"line":294,"column":51},"end":{"line":294,"column":56}},{"start":{"line":294,"column":59},"end":{"line":294,"column":90}}]},"25":{"loc":{"start":{"line":302,"column":4},"end":{"line":302,"column":42}},"type":"if","locations":[{"start":{"line":302,"column":4},"end":{"line":302,"column":42}}]},"26":{"loc":{"start":{"line":304,"column":4},"end":{"line":304,"column":38}},"type":"if","locations":[{"start":{"line":304,"column":4},"end":{"line":304,"column":38}}]},"27":{"loc":{"start":{"line":305,"column":4},"end":{"line":305,"column":58}},"type":"if","locations":[{"start":{"line":305,"column":4},"end":{"line":305,"column":58}}]},"28":{"loc":{"start":{"line":306,"column":4},"end":{"line":306,"column":58}},"type":"if","locations":[{"start":{"line":306,"column":4},"end":{"line":306,"column":58}}]},"29":{"loc":{"start":{"line":307,"column":4},"end":{"line":307,"column":63}},"type":"if","locations":[{"start":{"line":307,"column":4},"end":{"line":307,"column":63}}]},"30":{"loc":{"start":{"line":313,"column":4},"end":{"line":313,"column":43}},"type":"if","locations":[{"start":{"line":313,"column":4},"end":{"line":313,"column":43}}]},"31":{"loc":{"start":{"line":315,"column":4},"end":{"line":315,"column":38}},"type":"if","locations":[{"start":{"line":315,"column":4},"end":{"line":315,"column":38}}]},"32":{"loc":{"start":{"line":321,"column":4},"end":{"line":321,"column":38}},"type":"if","locations":[{"start":{"line":321,"column":4},"end":{"line":321,"column":38}}]},"33":{"loc":{"start":{"line":322,"column":4},"end":{"line":322,"column":60}},"type":"if","locations":[{"start":{"line":322,"column":4},"end":{"line":322,"column":60}}]},"34":{"loc":{"start":{"line":324,"column":4},"end":{"line":324,"column":39}},"type":"if","locations":[{"start":{"line":324,"column":4},"end":{"line":324,"column":39}}]},"35":{"loc":{"start":{"line":341,"column":4},"end":{"line":353,"column":5}},"type":"if","locations":[{"start":{"line":341,"column":4},"end":{"line":353,"column":5}}]},"36":{"loc":{"start":{"line":346,"column":6},"end":{"line":348,"column":7}},"type":"if","locations":[{"start":{"line":346,"column":6},"end":{"line":348,"column":7}}]},"37":{"loc":{"start":{"line":349,"column":6},"end":{"line":351,"column":7}},"type":"if","locations":[{"start":{"line":349,"column":6},"end":{"line":351,"column":7}}]},"38":{"loc":{"start":{"line":356,"column":4},"end":{"line":367,"column":5}},"type":"if","locations":[{"start":{"line":356,"column":4},"end":{"line":367,"column":5}}]},"39":{"loc":{"start":{"line":358,"column":6},"end":{"line":358,"column":29}},"type":"if","locations":[{"start":{"line":358,"column":6},"end":{"line":358,"column":29}}]},"40":{"loc":{"start":{"line":360,"column":6},"end":{"line":360,"column":97}},"type":"if","locations":[{"start":{"line":360,"column":6},"end":{"line":360,"column":97}}]},"41":{"loc":{"start":{"line":361,"column":6},"end":{"line":361,"column":97}},"type":"if","locations":[{"start":{"line":361,"column":6},"end":{"line":361,"column":97}}]},"42":{"loc":{"start":{"line":362,"column":6},"end":{"line":362,"column":97}},"type":"if","locations":[{"start":{"line":362,"column":6},"end":{"line":362,"column":97}}]},"43":{"loc":{"start":{"line":363,"column":6},"end":{"line":363,"column":97}},"type":"if","locations":[{"start":{"line":363,"column":6},"end":{"line":363,"column":97}}]},"44":{"loc":{"start":{"line":364,"column":6},"end":{"line":364,"column":97}},"type":"if","locations":[{"start":{"line":364,"column":6},"end":{"line":364,"column":97}}]},"45":{"loc":{"start":{"line":365,"column":6},"end":{"line":365,"column":97}},"type":"if","locations":[{"start":{"line":365,"column":6},"end":{"line":365,"column":97}}]},"46":{"loc":{"start":{"line":380,"column":41},"end":{"line":388,"column":2}},"type":"binary-expr","locations":[{"start":{"line":380,"column":41},"end":{"line":380,"column":null}},{"start":{"line":380,"column":41},"end":{"line":388,"column":2}}]},"47":{"loc":{"start":{"line":385,"column":29},"end":{"line":385,"column":74}},"type":"cond-expr","locations":[{"start":{"line":385,"column":58},"end":{"line":385,"column":66}},{"start":{"line":385,"column":69},"end":{"line":385,"column":74}}]},"48":{"loc":{"start":{"line":386,"column":26},"end":{"line":386,"column":78}},"type":"cond-expr","locations":[{"start":{"line":386,"column":55},"end":{"line":386,"column":67}},{"start":{"line":386,"column":70},"end":{"line":386,"column":78}}]},"49":{"loc":{"start":{"line":387,"column":18},"end":{"line":387,"column":37}},"type":"binary-expr","locations":[{"start":{"line":387,"column":18},"end":{"line":387,"column":28}},{"start":{"line":387,"column":32},"end":{"line":387,"column":37}}]},"50":{"loc":{"start":{"line":398,"column":25},"end":{"line":398,"column":35}},"type":"cond-expr","locations":[{"start":{"line":398,"column":28},"end":{"line":398,"column":33}},{"start":{"line":398,"column":33},"end":{"line":398,"column":35}}]},"51":{"loc":{"start":{"line":421,"column":11},"end":{"line":421,"column":null}},"type":"cond-expr","locations":[{"start":{"line":421,"column":14},"end":{"line":421,"column":23}},{"start":{"line":421,"column":23},"end":{"line":421,"column":null}}]},"52":{"loc":{"start":{"line":422,"column":8},"end":{"line":422,"column":null}},"type":"cond-expr","locations":[{"start":{"line":422,"column":11},"end":{"line":422,"column":20}},{"start":{"line":422,"column":20},"end":{"line":422,"column":null}}]},"53":{"loc":{"start":{"line":424,"column":14},"end":{"line":424,"column":null}},"type":"cond-expr","locations":[{"start":{"line":424,"column":17},"end":{"line":424,"column":22}},{"start":{"line":424,"column":22},"end":{"line":424,"column":null}}]},"54":{"loc":{"start":{"line":436,"column":4},"end":{"line":464,"column":5}},"type":"if","locations":[{"start":{"line":436,"column":4},"end":{"line":464,"column":5}}]}},"s":{"0":1,"1":1,"2":1,"3":32,"4":28,"5":4,"6":4,"7":4,"8":0,"9":1,"10":8,"11":6,"12":2,"13":2,"14":2,"15":0,"16":1,"17":0,"18":0,"19":1,"20":0,"21":0,"22":0,"23":0,"24":0,"25":0,"26":0,"27":0,"28":0,"29":0,"30":0,"31":0,"32":0,"33":0,"34":0,"35":0,"36":0,"37":0,"38":0,"39":0,"40":0,"41":0,"42":0,"43":0,"44":0,"45":0,"46":0,"47":0,"48":1,"49":0,"50":0,"51":0,"52":0,"53":0,"54":0,"55":0,"56":0,"57":0,"58":0,"59":0,"60":0,"61":0,"62":0,"63":0,"64":0,"65":0,"66":0,"67":0,"68":0,"69":0,"70":0,"71":0,"72":0,"73":0,"74":0,"75":0,"76":0,"77":0,"78":0,"79":0,"80":0,"81":0,"82":0,"83":0,"84":0,"85":0,"86":0,"87":0,"88":0,"89":0,"90":0,"91":0,"92":0,"93":0,"94":0,"95":0,"96":0,"97":0,"98":0,"99":0,"100":0,"101":0,"102":0,"103":0,"104":0,"105":0,"106":1,"107":0,"108":0,"109":0,"110":1,"111":9,"112":8,"113":8,"114":8,"115":8,"116":8,"117":8,"118":1,"119":1,"120":119,"121":118,"122":118,"123":118,"124":118,"125":118,"126":118,"127":118,"128":118,"129":118,"130":118,"131":118,"132":118,"133":118,"134":118,"135":118,"136":118,"137":118,"138":16,"139":16,"140":16,"141":102,"142":1,"143":1,"144":1,"145":1},"f":{"0":32,"1":8,"2":0,"3":0,"4":0,"5":0,"6":0,"7":0,"8":0,"9":0,"10":0,"11":0,"12":0,"13":0,"14":0,"15":9,"16":119},"b":{"0":[28],"1":[4],"2":[6],"3":[2],"4":[0,0,0],"5":[0,0],"6":[0,0],"7":[1,1],"8":[0],"9":[0,0],"10":[0,0],"11":[0,0],"12":[0,0],"13":[0,0],"14":[0,0],"15":[0,0],"16":[0,0],"17":[0],"18":[0,0],"19":[0,0,0,0,0,0,0,0,0,0],"20":[0],"21":[0,0,0,0,0],"22":[1,1],"23":[0],"24":[0,0],"25":[0],"26":[0],"27":[0],"28":[0],"29":[0],"30":[0],"31":[0],"32":[0],"33":[0],"34":[0],"35":[0],"36":[0],"37":[0],"38":[0],"39":[0],"40":[0],"41":[0],"42":[0],"43":[0],"44":[0],"45":[0],"46":[1,1],"47":[0,0],"48":[0,0],"49":[0,0],"50":[6,2],"51":[96,22],"52":[104,14],"53":[102,16],"54":[16]}}
,"D:\\insurgence\\uicomponents\\mahati-designs\\packages\\uicomponents\\src\\components\\ConfettiExplosion.tsx": {"path":"D:\\insurgence\\uicomponents\\mahati-designs\\packages\\uicomponents\\src\\components\\ConfettiExplosion.tsx","statementMap":{"0":{"start":{"line":4,"column":0},"end":{"line":4,"column":51}},"1":{"start":{"line":5,"column":0},"end":{"line":5,"column":37}},"2":{"start":{"line":44,"column":18},"end":{"line":50,"column":null}},"3":{"start":{"line":50,"column":21},"end":{"line":50,"column":null}},"4":{"start":{"line":53,"column":24},"end":{"line":73,"column":null}},"5":{"start":{"line":55,"column":19},"end":{"line":55,"column":null}},"6":{"start":{"line":56,"column":21},"end":{"line":56,"column":null}},"7":{"start":{"line":57,"column":20},"end":{"line":57,"column":null}},"8":{"start":{"line":58,"column":21},"end":{"line":58,"column":null}},"9":{"start":{"line":59,"column":31},"end":{"line":59,"column":null}},"10":{"start":{"line":61,"column":4},"end":{"line":63,"column":null}},"11":{"start":{"line":65,"column":31},"end":{"line":65,"column":null}},"12":{"start":{"line":66,"column":22},"end":{"line":66,"column":null}},"13":{"start":{"line":70,"column":13},"end":{"line":73,"column":null}},"14":{"start":{"line":76,"column":60},"end":{"line":188,"column":1}},"15":{"start":{"line":77,"column":10},"end":{"line":77,"column":null}},"16":{"start":{"line":78,"column":2},"end":{"line":78,"column":15}},"17":{"start":{"line":78,"column":15},"end":{"line":78,"column":null}},"18":{"start":{"line":79,"column":2},"end":{"line":79,"column":10}},"19":{"start":{"line":79,"column":10},"end":{"line":79,"column":null}},"20":{"start":{"line":80,"column":2},"end":{"line":80,"column":8}},"21":{"start":{"line":80,"column":8},"end":{"line":83,"column":null}},"22":{"start":{"line":84,"column":2},"end":{"line":84,"column":7}},"23":{"start":{"line":84,"column":7},"end":{"line":84,"column":null}},"24":{"start":{"line":85,"column":2},"end":{"line":85,"column":14}},"25":{"start":{"line":85,"column":14},"end":{"line":85,"column":null}},"26":{"start":{"line":86,"column":2},"end":{"line":86,"column":13}},"27":{"start":{"line":86,"column":13},"end":{"line":86,"column":null}},"28":{"start":{"line":88,"column":36},"end":{"line":88,"column":60}},"29":{"start":{"line":88,"column":18},"end":{"line":88,"column":20}},"30":{"start":{"line":88,"column":32},"end":{"line":88,"column":36}},"31":{"start":{"line":90,"column":2},"end":{"line":168,"column":84}},"32":{"start":{"line":91,"column":4},"end":{"line":167,"column":5}},"33":{"start":{"line":92,"column":39},"end":{"line":114,"column":8}},"34":{"start":{"line":93,"column":22},"end":{"line":93,"column":49}},"35":{"start":{"line":94,"column":22},"end":{"line":94,"column":53}},"36":{"start":{"line":95,"column":25},"end":{"line":95,"column":44}},"37":{"start":{"line":96,"column":23},"end":{"line":96,"column":41}},"38":{"start":{"line":98,"column":8},"end":{"line":113,"column":10}},"39":{"start":{"line":116,"column":6},"end":{"line":116,"column":33}},"40":{"start":{"line":121,"column":22},"end":{"line":148,"column":7}},"41":{"start":{"line":122,"column":8},"end":{"line":122,"column":46}},"42":{"start":{"line":122,"column":24},"end":{"line":122,"column":46}},"43":{"start":{"line":123,"column":24},"end":{"line":123,"column":45}},"44":{"start":{"line":125,"column":8},"end":{"line":143,"column":11}},"45":{"start":{"line":126,"column":10},"end":{"line":142,"column":51}},"46":{"start":{"line":127,"column":12},"end":{"line":127,"column":58}},"47":{"start":{"line":127,"column":42},"end":{"line":127,"column":58}},"48":{"start":{"line":129,"column":25},"end":{"line":129,"column":79}},"49":{"start":{"line":131,"column":12},"end":{"line":131,"column":43}},"50":{"start":{"line":131,"column":27},"end":{"line":131,"column":43}},"51":{"start":{"line":133,"column":12},"end":{"line":140,"column":null}},"52":{"start":{"line":142,"column":32},"end":{"line":142,"column":50}},"53":{"start":{"line":145,"column":8},"end":{"line":147,"column":9}},"54":{"start":{"line":146,"column":10},"end":{"line":146,"column":58}},"55":{"start":{"line":150,"column":6},"end":{"line":150,"column":54}},"56":{"start":{"line":152,"column":20},"end":{"line":157,"column":24}},"57":{"start":{"line":153,"column":8},"end":{"line":155,"column":9}},"58":{"start":{"line":154,"column":10},"end":{"line":154,"column":47}},"59":{"start":{"line":156,"column":8},"end":{"line":156,"column":25}},"60":{"start":{"line":159,"column":6},"end":{"line":164,"column":8}},"61":{"start":{"line":160,"column":8},"end":{"line":162,"column":9}},"62":{"start":{"line":161,"column":10},"end":{"line":161,"column":47}},"63":{"start":{"line":163,"column":8},"end":{"line":163,"column":28}},"64":{"start":{"line":166,"column":6},"end":{"line":166,"column":23}},"65":{"start":{"line":170,"column":2},"end":{"line":170,"column":55}},"66":{"start":{"line":170,"column":43},"end":{"line":170,"column":55}},"67":{"start":{"line":172,"column":2},"end":{"line":187,"column":4}},"68":{"start":{"line":174,"column":35},"end":{"line":185,"column":8}},"69":{"start":{"line":190,"column":9},"end":{"line":190,"column":26}},"70":{"start":{"line":189,"column":0},"end":{"line":189,"column":52}}},"fnMap":{"0":{"name":"(anonymous_13)","decl":{"start":{"line":50,"column":12},"end":{"line":50,"column":17}},"loc":{"start":{"line":50,"column":17},"end":{"line":50,"column":26}}},"1":{"name":"(anonymous_14)","decl":{"start":{"line":55,"column":10},"end":{"line":55,"column":15}},"loc":{"start":{"line":55,"column":15},"end":{"line":55,"column":24}}},"2":{"name":"(anonymous_15)","decl":{"start":{"line":56,"column":12},"end":{"line":56,"column":17}},"loc":{"start":{"line":56,"column":17},"end":{"line":56,"column":26}}},"3":{"name":"(anonymous_16)","decl":{"start":{"line":57,"column":11},"end":{"line":57,"column":16}},"loc":{"start":{"line":57,"column":16},"end":{"line":57,"column":25}}},"4":{"name":"(anonymous_17)","decl":{"start":{"line":58,"column":12},"end":{"line":58,"column":17}},"loc":{"start":{"line":58,"column":17},"end":{"line":58,"column":26}}},"5":{"name":"(anonymous_18)","decl":{"start":{"line":59,"column":22},"end":{"line":59,"column":27}},"loc":{"start":{"line":59,"column":27},"end":{"line":59,"column":36}}},"6":{"name":"(anonymous_19)","decl":{"start":{"line":60,"column":19},"end":{"line":60,"column":24}},"loc":{"start":{"line":60,"column":24},"end":{"line":61,"column":9}}},"7":{"name":"(anonymous_20)","decl":{"start":{"line":65,"column":22},"end":{"line":65,"column":27}},"loc":{"start":{"line":65,"column":27},"end":{"line":65,"column":36}}},"8":{"name":"(anonymous_21)","decl":{"start":{"line":66,"column":13},"end":{"line":66,"column":18}},"loc":{"start":{"line":66,"column":18},"end":{"line":66,"column":27}}},"9":{"name":"(anonymous_22)","decl":{"start":{"line":70,"column":4},"end":{"line":70,"column":9}},"loc":{"start":{"line":70,"column":9},"end":{"line":70,"column":18}}},"10":{"name":"(anonymous_23)","decl":{"start":{"line":76,"column":60},"end":{"line":76,"column":61}},"loc":{"start":{"line":87,"column":1},"end":{"line":188,"column":1}}},"11":{"name":"(anonymous_24)","decl":{"start":{"line":90,"column":12},"end":{"line":90,"column":null}},"loc":{"start":{"line":90,"column":12},"end":{"line":168,"column":3}}},"12":{"name":"(anonymous_25)","decl":{"start":{"line":92,"column":77},"end":{"line":92,"column":78}},"loc":{"start":{"line":92,"column":82},"end":{"line":114,"column":7}}},"13":{"name":"(anonymous_26)","decl":{"start":{"line":121,"column":22},"end":{"line":121,"column":23}},"loc":{"start":{"line":121,"column":40},"end":{"line":148,"column":7}}},"14":{"name":"(anonymous_27)","decl":{"start":{"line":125,"column":21},"end":{"line":125,"column":34}},"loc":{"start":{"line":125,"column":34},"end":{"line":143,"column":9}}},"15":{"name":"(anonymous_28)","decl":{"start":{"line":126,"column":35},"end":{"line":126,"column":43}},"loc":{"start":{"line":126,"column":43},"end":{"line":142,"column":11}}},"16":{"name":"(anonymous_29)","decl":{"start":{"line":142,"column":20},"end":{"line":142,"column":28}},"loc":{"start":{"line":142,"column":28},"end":{"line":142,"column":40}}},"17":{"name":"(anonymous_30)","decl":{"start":{"line":152,"column":31},"end":{"line":152,"column":null}},"loc":{"start":{"line":152,"column":31},"end":{"line":157,"column":7}}},"18":{"name":"(anonymous_31)","decl":{"start":{"line":159,"column":13},"end":{"line":159,"column":null}},"loc":{"start":{"line":159,"column":13},"end":{"line":164,"column":7}}},"19":{"name":"(anonymous_32)","decl":{"start":{"line":174,"column":21},"end":{"line":174,"column":22}},"loc":{"start":{"line":174,"column":30},"end":{"line":174,"column":null}}}},"branchMap":{"0":{"loc":{"start":{"line":44,"column":28},"end":{"line":51,"column":2}},"type":"binary-expr","locations":[{"start":{"line":44,"column":28},"end":{"line":44,"column":53}},{"start":{"line":44,"column":28},"end":{"line":51,"column":2}}]},"1":{"loc":{"start":{"line":53,"column":34},"end":{"line":74,"column":2}},"type":"binary-expr","locations":[{"start":{"line":53,"column":34},"end":{"line":53,"column":54}},{"start":{"line":53,"column":34},"end":{"line":74,"column":2}}]},"2":{"loc":{"start":{"line":59,"column":31},"end":{"line":59,"column":83}},"type":"cond-expr","locations":[{"start":{"line":59,"column":56},"end":{"line":59,"column":69}},{"start":{"line":59,"column":72},"end":{"line":59,"column":83}}]},"3":{"loc":{"start":{"line":61,"column":4},"end":{"line":63,"column":9}},"type":"cond-expr","locations":[{"start":{"line":61,"column":31},"end":{"line":61,"column":36}},{"start":{"line":62,"column":4},"end":{"line":63,"column":9}}]},"4":{"loc":{"start":{"line":62,"column":4},"end":{"line":63,"column":9}},"type":"cond-expr","locations":[{"start":{"line":62,"column":29},"end":{"line":62,"column":42}},{"start":{"line":63,"column":4},"end":{"line":63,"column":9}}]},"5":{"loc":{"start":{"line":70,"column":13},"end":{"line":72,"column":null}},"type":"binary-expr","locations":[{"start":{"line":70,"column":13},"end":{"line":70,"column":35}},{"start":{"line":70,"column":39},"end":{"line":72,"column":null}}]},"6":{"loc":{"start":{"line":78,"column":15},"end":{"line":78,"column":null}},"type":"cond-expr","locations":[{"start":{"line":78,"column":18},"end":{"line":78,"column":21}},{"start":{"line":78,"column":21},"end":{"line":78,"column":null}}]},"7":{"loc":{"start":{"line":79,"column":10},"end":{"line":79,"column":null}},"type":"cond-expr","locations":[{"start":{"line":79,"column":13},"end":{"line":79,"column":17}},{"start":{"line":79,"column":17},"end":{"line":79,"column":null}}]},"8":{"loc":{"start":{"line":80,"column":8},"end":{"line":83,"column":null}},"type":"cond-expr","locations":[{"start":{"line":80,"column":11},"end":{"line":83,"column":null}},{"start":{"line":83,"column":3},"end":{"line":83,"column":null}}]},"9":{"loc":{"start":{"line":84,"column":7},"end":{"line":84,"column":null}},"type":"cond-expr","locations":[{"start":{"line":84,"column":10},"end":{"line":84,"column":13}},{"start":{"line":84,"column":13},"end":{"line":84,"column":null}}]},"10":{"loc":{"start":{"line":85,"column":14},"end":{"line":85,"column":null}},"type":"cond-expr","locations":[{"start":{"line":85,"column":17},"end":{"line":85,"column":18}},{"start":{"line":85,"column":18},"end":{"line":85,"column":null}}]},"11":{"loc":{"start":{"line":86,"column":13},"end":{"line":86,"column":null}},"type":"cond-expr","locations":[{"start":{"line":86,"column":16},"end":{"line":86,"column":19}},{"start":{"line":86,"column":19},"end":{"line":86,"column":null}}]},"12":{"loc":{"start":{"line":91,"column":4},"end":{"line":167,"column":5}},"type":"if","locations":[{"start":{"line":91,"column":4},"end":{"line":167,"column":5}},{"start":{"line":165,"column":11},"end":{"line":167,"column":5}}]},"13":{"loc":{"start":{"line":96,"column":23},"end":{"line":96,"column":41}},"type":"cond-expr","locations":[{"start":{"line":96,"column":34},"end":{"line":96,"column":35}},{"start":{"line":96,"column":38},"end":{"line":96,"column":41}}]},"14":{"loc":{"start":{"line":107,"column":41},"end":{"line":107,"column":58}},"type":"cond-expr","locations":[{"start":{"line":107,"column":52},"end":{"line":107,"column":53}},{"start":{"line":107,"column":56},"end":{"line":107,"column":58}}]},"15":{"loc":{"start":{"line":122,"column":8},"end":{"line":122,"column":46}},"type":"if","locations":[{"start":{"line":122,"column":8},"end":{"line":122,"column":46}}]},"16":{"loc":{"start":{"line":127,"column":12},"end":{"line":127,"column":58}},"type":"if","locations":[{"start":{"line":127,"column":12},"end":{"line":127,"column":58}}]},"17":{"loc":{"start":{"line":131,"column":12},"end":{"line":131,"column":43}},"type":"if","locations":[{"start":{"line":131,"column":12},"end":{"line":131,"column":43}}]},"18":{"loc":{"start":{"line":145,"column":8},"end":{"line":147,"column":9}},"type":"if","locations":[{"start":{"line":145,"column":8},"end":{"line":147,"column":9}}]},"19":{"loc":{"start":{"line":153,"column":8},"end":{"line":155,"column":9}},"type":"if","locations":[{"start":{"line":153,"column":8},"end":{"line":155,"column":9}}]},"20":{"loc":{"start":{"line":160,"column":8},"end":{"line":162,"column":9}},"type":"if","locations":[{"start":{"line":160,"column":8},"end":{"line":162,"column":9}}]},"21":{"loc":{"start":{"line":170,"column":2},"end":{"line":170,"column":55}},"type":"if","locations":[{"start":{"line":170,"column":2},"end":{"line":170,"column":55}}]},"22":{"loc":{"start":{"line":170,"column":6},"end":{"line":170,"column":41}},"type":"binary-expr","locations":[{"start":{"line":170,"column":6},"end":{"line":170,"column":15}},{"start":{"line":170,"column":19},"end":{"line":170,"column":41}}]}},"s":{"0":1,"1":1,"2":1,"3":0,"4":1,"5":0,"6":0,"7":0,"8":0,"9":0,"10":0,"11":0,"12":0,"13":0,"14":1,"15":107,"16":106,"17":106,"18":106,"19":106,"20":106,"21":106,"22":106,"23":106,"24":106,"25":106,"26":106,"27":106,"28":106,"29":0,"30":0,"31":0,"32":0,"33":0,"34":0,"35":0,"36":0,"37":0,"38":0,"39":0,"40":0,"41":0,"42":0,"43":0,"44":0,"45":0,"46":0,"47":0,"48":0,"49":0,"50":0,"51":0,"52":0,"53":0,"54":0,"55":0,"56":0,"57":0,"58":0,"59":0,"60":0,"61":0,"62":0,"63":0,"64":0,"65":0,"66":0,"67":0,"68":0,"69":1,"70":1},"f":{"0":0,"1":0,"2":0,"3":0,"4":0,"5":0,"6":0,"7":0,"8":0,"9":0,"10":107,"11":0,"12":0,"13":0,"14":0,"15":0,"16":0,"17":0,"18":0,"19":0},"b":{"0":[1,1],"1":[1,1],"2":[0,0],"3":[0,0],"4":[0,0],"5":[0,0],"6":[92,14],"7":[94,12],"8":[98,8],"9":[94,12],"10":[106,0],"11":[106,0],"12":[0,0],"13":[0,0],"14":[0,0],"15":[0],"16":[0],"17":[0],"18":[0],"19":[0],"20":[0],"21":[0],"22":[0,0]}}
,"D:\\insurgence\\uicomponents\\mahati-designs\\packages\\uicomponents\\src\\components\\Dropdown.tsx": {"path":"D:\\insurgence\\uicomponents\\mahati-designs\\packages\\uicomponents\\src\\components\\Dropdown.tsx","statementMap":{"0":{"start":{"line":2,"column":0},"end":{"line":2,"column":59}},"1":{"start":{"line":3,"column":0},"end":{"line":3,"column":37}},"2":{"start":{"line":4,"column":0},"end":{"line":4,"column":37}},"3":{"start":{"line":22,"column":26},"end":{"line":25,"column":2}},"4":{"start":{"line":27,"column":23},"end":{"line":135,"column":null}},"5":{"start":{"line":37,"column":21},"end":{"line":37,"column":null}},"6":{"start":{"line":38,"column":22},"end":{"line":38,"column":null}},"7":{"start":{"line":43,"column":4},"end":{"line":49,"column":5}},"8":{"start":{"line":44,"column":6},"end":{"line":48,"column":8}},"9":{"start":{"line":51,"column":4},"end":{"line":134,"column":5}},"10":{"start":{"line":53,"column":8},"end":{"line":59,"column":10}},"11":{"start":{"line":61,"column":8},"end":{"line":68,"column":10}},"12":{"start":{"line":70,"column":8},"end":{"line":77,"column":10}},"13":{"start":{"line":79,"column":8},"end":{"line":85,"column":10}},"14":{"start":{"line":87,"column":8},"end":{"line":96,"column":10}},"15":{"start":{"line":98,"column":8},"end":{"line":106,"column":10}},"16":{"start":{"line":108,"column":8},"end":{"line":117,"column":10}},"17":{"start":{"line":119,"column":8},"end":{"line":125,"column":10}},"18":{"start":{"line":127,"column":8},"end":{"line":133,"column":10}},"19":{"start":{"line":138,"column":21},"end":{"line":156,"column":null}},"20":{"start":{"line":151,"column":13},"end":{"line":156,"column":null}},"21":{"start":{"line":178,"column":21},"end":{"line":203,"column":null}},"22":{"start":{"line":199,"column":13},"end":{"line":203,"column":null}},"23":{"start":{"line":206,"column":42},"end":{"line":281,"column":1}},"24":{"start":{"line":207,"column":9},"end":{"line":207,"column":null}},"25":{"start":{"line":208,"column":7},"end":{"line":208,"column":null}},"26":{"start":{"line":209,"column":10},"end":{"line":209,"column":null}},"27":{"start":{"line":210,"column":2},"end":{"line":210,"column":9}},"28":{"start":{"line":210,"column":9},"end":{"line":210,"column":null}},"29":{"start":{"line":211,"column":2},"end":{"line":211,"column":11}},"30":{"start":{"line":211,"column":11},"end":{"line":211,"column":null}},"31":{"start":{"line":212,"column":2},"end":{"line":212,"column":13}},"32":{"start":{"line":212,"column":13},"end":{"line":212,"column":null}},"33":{"start":{"line":213,"column":2},"end":{"line":213,"column":10}},"34":{"start":{"line":213,"column":10},"end":{"line":213,"column":null}},"35":{"start":{"line":215,"column":26},"end":{"line":215,"column":41}},"36":{"start":{"line":215,"column":13},"end":{"line":215,"column":15}},"37":{"start":{"line":215,"column":22},"end":{"line":215,"column":26}},"38":{"start":{"line":216,"column":50},"end":{"line":216,"column":87}},"39":{"start":{"line":216,"column":25},"end":{"line":216,"column":27}},"40":{"start":{"line":216,"column":46},"end":{"line":216,"column":50}},"41":{"start":{"line":217,"column":22},"end":{"line":217,"column":50}},"42":{"start":{"line":219,"column":25},"end":{"line":221,"column":22}},"43":{"start":{"line":220,"column":28},"end":{"line":220,"column":48}},"44":{"start":{"line":224,"column":2},"end":{"line":238,"column":13}},"45":{"start":{"line":226,"column":6},"end":{"line":228,"column":7}},"46":{"start":{"line":227,"column":8},"end":{"line":227,"column":23}},"47":{"start":{"line":231,"column":4},"end":{"line":233,"column":5}},"48":{"start":{"line":232,"column":6},"end":{"line":232,"column":65}},"49":{"start":{"line":235,"column":4},"end":{"line":237,"column":6}},"50":{"start":{"line":236,"column":6},"end":{"line":236,"column":68}},"51":{"start":{"line":240,"column":23},"end":{"line":247,"column":3}},"52":{"start":{"line":241,"column":4},"end":{"line":241,"column":25}},"53":{"start":{"line":241,"column":18},"end":{"line":241,"column":25}},"54":{"start":{"line":243,"column":4},"end":{"line":243,"column":24}},"55":{"start":{"line":244,"column":4},"end":{"line":244,"column":57}},"56":{"start":{"line":244,"column":29},"end":{"line":244,"column":57}},"57":{"start":{"line":245,"column":4},"end":{"line":245,"column":27}},"58":{"start":{"line":246,"column":4},"end":{"line":246,"column":19}},"59":{"start":{"line":249,"column":28},"end":{"line":253,"column":3}},"60":{"start":{"line":250,"column":4},"end":{"line":252,"column":5}},"61":{"start":{"line":251,"column":6},"end":{"line":251,"column":21}},"62":{"start":{"line":255,"column":2},"end":{"line":280,"column":4}},"63":{"start":{"line":268,"column":32},"end":{"line":276,"column":12}},"64":{"start":{"line":271,"column":29},"end":{"line":271,"column":null}},"65":{"start":{"line":285,"column":9},"end":{"line":285,"column":17}},"66":{"start":{"line":283,"column":0},"end":{"line":283,"column":34}}},"fnMap":{"0":{"name":"(anonymous_11)","decl":{"start":{"line":37,"column":12},"end":{"line":37,"column":17}},"loc":{"start":{"line":37,"column":17},"end":{"line":37,"column":26}}},"1":{"name":"(anonymous_12)","decl":{"start":{"line":38,"column":13},"end":{"line":38,"column":18}},"loc":{"start":{"line":38,"column":18},"end":{"line":38,"column":27}}},"2":{"name":"(anonymous_13)","decl":{"start":{"line":42,"column":4},"end":{"line":42,"column":9}},"loc":{"start":{"line":42,"column":9},"end":{"line":135,"column":3}}},"3":{"name":"(anonymous_14)","decl":{"start":{"line":151,"column":4},"end":{"line":151,"column":9}},"loc":{"start":{"line":151,"column":9},"end":{"line":151,"column":18}}},"4":{"name":"(anonymous_15)","decl":{"start":{"line":199,"column":4},"end":{"line":199,"column":9}},"loc":{"start":{"line":199,"column":9},"end":{"line":199,"column":18}}},"5":{"name":"(anonymous_16)","decl":{"start":{"line":206,"column":42},"end":{"line":206,"column":43}},"loc":{"start":{"line":214,"column":1},"end":{"line":281,"column":1}}},"6":{"name":"(anonymous_17)","decl":{"start":{"line":220,"column":19},"end":{"line":220,"column":20}},"loc":{"start":{"line":220,"column":23},"end":{"line":220,"column":31}}},"7":{"name":"(anonymous_18)","decl":{"start":{"line":224,"column":12},"end":{"line":224,"column":null}},"loc":{"start":{"line":224,"column":12},"end":{"line":238,"column":3}}},"8":{"name":"handleClickOutside","decl":{"start":{"line":225,"column":13},"end":{"line":225,"column":31}},"loc":{"start":{"line":225,"column":49},"end":{"line":229,"column":5}}},"9":{"name":"(anonymous_20)","decl":{"start":{"line":235,"column":11},"end":{"line":235,"column":null}},"loc":{"start":{"line":235,"column":11},"end":{"line":237,"column":5}}},"10":{"name":"(anonymous_21)","decl":{"start":{"line":240,"column":23},"end":{"line":240,"column":24}},"loc":{"start":{"line":240,"column":46},"end":{"line":247,"column":3}}},"11":{"name":"(anonymous_22)","decl":{"start":{"line":249,"column":28},"end":{"line":249,"column":null}},"loc":{"start":{"line":249,"column":28},"end":{"line":253,"column":3}}},"12":{"name":"(anonymous_23)","decl":{"start":{"line":268,"column":23},"end":{"line":268,"column":24}},"loc":{"start":{"line":268,"column":27},"end":{"line":268,"column":null}}},"13":{"name":"(anonymous_24)","decl":{"start":{"line":271,"column":23},"end":{"line":271,"column":29}},"loc":{"start":{"line":271,"column":23},"end":{"line":271,"column":41}}}},"branchMap":{"0":{"loc":{"start":{"line":22,"column":36},"end":{"line":25,"column":2}},"type":"binary-expr","locations":[{"start":{"line":22,"column":36},"end":{"line":22,"column":null}},{"start":{"line":22,"column":36},"end":{"line":25,"column":2}}]},"1":{"loc":{"start":{"line":27,"column":36},"end":{"line":136,"column":2}},"type":"binary-expr","locations":[{"start":{"line":27,"column":36},"end":{"line":27,"column":null}},{"start":{"line":27,"column":36},"end":{"line":136,"column":2}}]},"2":{"loc":{"start":{"line":37,"column":21},"end":{"line":37,"column":63}},"type":"cond-expr","locations":[{"start":{"line":37,"column":38},"end":{"line":37,"column":51}},{"start":{"line":37,"column":54},"end":{"line":37,"column":63}}]},"3":{"loc":{"start":{"line":38,"column":22},"end":{"line":38,"column":46}},"type":"cond-expr","locations":[{"start":{"line":38,"column":39},"end":{"line":38,"column":42}},{"start":{"line":38,"column":45},"end":{"line":38,"column":46}}]},"4":{"loc":{"start":{"line":43,"column":4},"end":{"line":49,"column":5}},"type":"if","locations":[{"start":{"line":43,"column":4},"end":{"line":49,"column":5}}]},"5":{"loc":{"start":{"line":44,"column":16},"end":{"line":48,"column":8}},"type":"binary-expr","locations":[{"start":{"line":44,"column":16},"end":{"line":44,"column":null}},{"start":{"line":44,"column":16},"end":{"line":48,"column":8}}]},"6":{"loc":{"start":{"line":51,"column":4},"end":{"line":134,"column":5}},"type":"switch","locations":[{"start":{"line":52,"column":6},"end":{"line":59,"column":10}},{"start":{"line":60,"column":6},"end":{"line":68,"column":10}},{"start":{"line":69,"column":6},"end":{"line":77,"column":10}},{"start":{"line":78,"column":6},"end":{"line":85,"column":10}},{"start":{"line":86,"column":6},"end":{"line":96,"column":10}},{"start":{"line":97,"column":6},"end":{"line":106,"column":10}},{"start":{"line":107,"column":6},"end":{"line":117,"column":10}},{"start":{"line":118,"column":6},"end":{"line":125,"column":10}},{"start":{"line":126,"column":6},"end":{"line":133,"column":10}}]},"7":{"loc":{"start":{"line":53,"column":18},"end":{"line":59,"column":10}},"type":"binary-expr","locations":[{"start":{"line":53,"column":18},"end":{"line":53,"column":null}},{"start":{"line":53,"column":18},"end":{"line":59,"column":10}}]},"8":{"loc":{"start":{"line":61,"column":18},"end":{"line":68,"column":10}},"type":"binary-expr","locations":[{"start":{"line":61,"column":18},"end":{"line":61,"column":null}},{"start":{"line":61,"column":18},"end":{"line":68,"column":10}}]},"9":{"loc":{"start":{"line":70,"column":18},"end":{"line":77,"column":10}},"type":"binary-expr","locations":[{"start":{"line":70,"column":18},"end":{"line":70,"column":null}},{"start":{"line":70,"column":18},"end":{"line":77,"column":10}}]},"10":{"loc":{"start":{"line":79,"column":18},"end":{"line":85,"column":10}},"type":"binary-expr","locations":[{"start":{"line":79,"column":18},"end":{"line":79,"column":null}},{"start":{"line":79,"column":18},"end":{"line":85,"column":10}}]},"11":{"loc":{"start":{"line":87,"column":18},"end":{"line":96,"column":10}},"type":"binary-expr","locations":[{"start":{"line":87,"column":18},"end":{"line":87,"column":null}},{"start":{"line":87,"column":18},"end":{"line":96,"column":10}}]},"12":{"loc":{"start":{"line":98,"column":18},"end":{"line":106,"column":10}},"type":"binary-expr","locations":[{"start":{"line":98,"column":18},"end":{"line":98,"column":null}},{"start":{"line":98,"column":18},"end":{"line":106,"column":10}}]},"13":{"loc":{"start":{"line":108,"column":18},"end":{"line":117,"column":10}},"type":"binary-expr","locations":[{"start":{"line":108,"column":18},"end":{"line":108,"column":null}},{"start":{"line":108,"column":18},"end":{"line":117,"column":10}}]},"14":{"loc":{"start":{"line":119,"column":18},"end":{"line":125,"column":10}},"type":"binary-expr","locations":[{"start":{"line":119,"column":18},"end":{"line":119,"column":null}},{"start":{"line":119,"column":18},"end":{"line":125,"column":10}}]},"15":{"loc":{"start":{"line":127,"column":18},"end":{"line":133,"column":10}},"type":"binary-expr","locations":[{"start":{"line":127,"column":18},"end":{"line":127,"column":null}},{"start":{"line":127,"column":18},"end":{"line":133,"column":10}}]},"16":{"loc":{"start":{"line":138,"column":31},"end":{"line":176,"column":2}},"type":"binary-expr","locations":[{"start":{"line":138,"column":31},"end":{"line":138,"column":52}},{"start":{"line":138,"column":31},"end":{"line":176,"column":2}}]},"17":{"loc":{"start":{"line":151,"column":13},"end":{"line":156,"column":null}},"type":"binary-expr","locations":[{"start":{"line":151,"column":13},"end":{"line":151,"column":38}},{"start":{"line":151,"column":38},"end":{"line":156,"column":null}}]},"18":{"loc":{"start":{"line":151,"column":45},"end":{"line":156,"column":null}},"type":"binary-expr","locations":[{"start":{"line":151,"column":45},"end":{"line":151,"column":null}},{"start":{"line":151,"column":45},"end":{"line":156,"column":null}}]},"19":{"loc":{"start":{"line":178,"column":31},"end":{"line":204,"column":2}},"type":"binary-expr","locations":[{"start":{"line":178,"column":31},"end":{"line":178,"column":52}},{"start":{"line":178,"column":31},"end":{"line":204,"column":2}}]},"20":{"loc":{"start":{"line":199,"column":13},"end":{"line":203,"column":null}},"type":"binary-expr","locations":[{"start":{"line":199,"column":13},"end":{"line":199,"column":38}},{"start":{"line":199,"column":38},"end":{"line":203,"column":null}}]},"21":{"loc":{"start":{"line":199,"column":45},"end":{"line":203,"column":null}},"type":"binary-expr","locations":[{"start":{"line":199,"column":45},"end":{"line":199,"column":null}},{"start":{"line":199,"column":45},"end":{"line":203,"column":null}}]},"22":{"loc":{"start":{"line":210,"column":9},"end":{"line":210,"column":null}},"type":"cond-expr","locations":[{"start":{"line":210,"column":12},"end":{"line":210,"column":19}},{"start":{"line":210,"column":19},"end":{"line":210,"column":null}}]},"23":{"loc":{"start":{"line":211,"column":11},"end":{"line":211,"column":null}},"type":"cond-expr","locations":[{"start":{"line":211,"column":14},"end":{"line":211,"column":16}},{"start":{"line":211,"column":16},"end":{"line":211,"column":null}}]},"24":{"loc":{"start":{"line":212,"column":13},"end":{"line":212,"column":null}},"type":"cond-expr","locations":[{"start":{"line":212,"column":16},"end":{"line":212,"column":34}},{"start":{"line":212,"column":34},"end":{"line":212,"column":null}}]},"25":{"loc":{"start":{"line":213,"column":10},"end":{"line":213,"column":null}},"type":"cond-expr","locations":[{"start":{"line":213,"column":13},"end":{"line":213,"column":18}},{"start":{"line":213,"column":18},"end":{"line":213,"column":null}}]},"26":{"loc":{"start":{"line":219,"column":25},"end":{"line":221,"column":22}},"type":"cond-expr","locations":[{"start":{"line":220,"column":6},"end":{"line":220,"column":48}},{"start":{"line":221,"column":6},"end":{"line":221,"column":22}}]},"27":{"loc":{"start":{"line":226,"column":6},"end":{"line":228,"column":7}},"type":"if","locations":[{"start":{"line":226,"column":6},"end":{"line":228,"column":7}}]},"28":{"loc":{"start":{"line":226,"column":10},"end":{"line":226,"column":84}},"type":"binary-expr","locations":[{"start":{"line":226,"column":10},"end":{"line":226,"column":29}},{"start":{"line":226,"column":33},"end":{"line":226,"column":84}}]},"29":{"loc":{"start":{"line":231,"column":4},"end":{"line":233,"column":5}},"type":"if","locations":[{"start":{"line":231,"column":4},"end":{"line":233,"column":5}}]},"30":{"loc":{"start":{"line":241,"column":4},"end":{"line":241,"column":25}},"type":"if","locations":[{"start":{"line":241,"column":4},"end":{"line":241,"column":25}}]},"31":{"loc":{"start":{"line":244,"column":4},"end":{"line":244,"column":57}},"type":"if","locations":[{"start":{"line":244,"column":4},"end":{"line":244,"column":57}}]},"32":{"loc":{"start":{"line":250,"column":4},"end":{"line":252,"column":5}},"type":"if","locations":[{"start":{"line":250,"column":4},"end":{"line":252,"column":5}}]},"33":{"loc":{"start":{"line":263,"column":9},"end":{"line":263,"column":43}},"type":"binary-expr","locations":[{"start":{"line":263,"column":9},"end":{"line":263,"column":28}},{"start":{"line":263,"column":32},"end":{"line":263,"column":43}}]},"34":{"loc":{"start":{"line":263,"column":9},"end":{"line":263,"column":28}},"type":"cond-expr","locations":[{"start":{"line":263,"column":23},"end":{"line":263,"column":25}},{"start":{"line":263,"column":9},"end":{"line":263,"column":28}}]},"35":{"loc":{"start":{"line":263,"column":9},"end":{"line":263,"column":25}},"type":"binary-expr","locations":[{"start":{"line":263,"column":9},"end":{"line":263,"column":25}},{"start":{"line":263,"column":9},"end":{"line":263,"column":25}}]},"36":{"loc":{"start":{"line":266,"column":7},"end":{"line":277,"column":null}},"type":"binary-expr","locations":[{"start":{"line":266,"column":7},"end":{"line":266,"column":11}},{"start":{"line":266,"column":15},"end":{"line":266,"column":24}},{"start":{"line":267,"column":8},"end":{"line":276,"column":null}}]}},"s":{"0":1,"1":1,"2":1,"3":1,"4":1,"5":0,"6":0,"7":0,"8":0,"9":0,"10":0,"11":0,"12":0,"13":0,"14":0,"15":0,"16":0,"17":0,"18":0,"19":1,"20":0,"21":1,"22":0,"23":1,"24":81,"25":80,"26":80,"27":80,"28":80,"29":80,"30":80,"31":80,"32":80,"33":80,"34":80,"35":80,"36":0,"37":0,"38":0,"39":0,"40":0,"41":0,"42":0,"43":0,"44":0,"45":0,"46":0,"47":0,"48":0,"49":0,"50":0,"51":0,"52":0,"53":0,"54":0,"55":0,"56":0,"57":0,"58":0,"59":0,"60":0,"61":0,"62":0,"63":0,"64":0,"65":1,"66":1},"f":{"0":0,"1":0,"2":0,"3":0,"4":0,"5":81,"6":0,"7":0,"8":0,"9":0,"10":0,"11":0,"12":0,"13":0},"b":{"0":[1,1],"1":[1,1],"2":[0,0],"3":[0,0],"4":[0],"5":[0,0],"6":[0,0,0,0,0,0,0,0,0],"7":[0,0],"8":[0,0],"9":[0,0],"10":[0,0],"11":[0,0],"12":[0,0],"13":[0,0],"14":[0,0],"15":[0,0],"16":[1,1],"17":[0,0],"18":[0,0],"19":[1,1],"20":[0,0],"21":[0,0],"22":[62,18],"23":[78,2],"24":[78,2],"25":[72,8],"26":[0,0],"27":[0],"28":[0,0],"29":[0],"30":[0],"31":[0],"32":[0],"33":[0,0],"34":[0,0],"35":[0,0],"36":[0,0,0]}}
,"D:\\insurgence\\uicomponents\\mahati-designs\\packages\\uicomponents\\src\\components\\FormContainer.tsx": {"path":"D:\\insurgence\\uicomponents\\mahati-designs\\packages\\uicomponents\\src\\components\\FormContainer.tsx","statementMap":{"0":{"start":{"line":1,"column":0},"end":{"line":1,"column":26}},"1":{"start":{"line":2,"column":0},"end":{"line":2,"column":37}},"2":{"start":{"line":10,"column":19},"end":{"line":33,"column":2}},"3":{"start":{"line":35,"column":52},"end":{"line":48,"column":1}},"4":{"start":{"line":36,"column":10},"end":{"line":36,"column":null}},"5":{"start":{"line":37,"column":10},"end":{"line":37,"column":null}},"6":{"start":{"line":38,"column":2},"end":{"line":38,"column":11}},"7":{"start":{"line":38,"column":11},"end":{"line":38,"column":null}},"8":{"start":{"line":40,"column":2},"end":{"line":47,"column":4}},"9":{"start":{"line":52,"column":9},"end":{"line":52,"column":22}},"10":{"start":{"line":50,"column":0},"end":{"line":50,"column":44}}},"fnMap":{"0":{"name":"(anonymous_2)","decl":{"start":{"line":35,"column":52},"end":{"line":35,"column":53}},"loc":{"start":{"line":39,"column":1},"end":{"line":48,"column":1}}}},"branchMap":{"0":{"loc":{"start":{"line":10,"column":30},"end":{"line":33,"column":2}},"type":"binary-expr","locations":[{"start":{"line":10,"column":30},"end":{"line":10,"column":null}},{"start":{"line":10,"column":30},"end":{"line":33,"column":2}}]},"1":{"loc":{"start":{"line":38,"column":11},"end":{"line":38,"column":null}},"type":"cond-expr","locations":[{"start":{"line":38,"column":14},"end":{"line":38,"column":16}},{"start":{"line":38,"column":16},"end":{"line":38,"column":null}}]}},"s":{"0":1,"1":1,"2":1,"3":1,"4":85,"5":84,"6":84,"7":84,"8":84,"9":1,"10":1},"f":{"0":85},"b":{"0":[1,1],"1":[78,6]}}
,"D:\\insurgence\\uicomponents\\mahati-designs\\packages\\uicomponents\\src\\components\\Modal.tsx": {"path":"D:\\insurgence\\uicomponents\\mahati-designs\\packages\\uicomponents\\src\\components\\Modal.tsx","statementMap":{"0":{"start":{"line":311,"column":0},"end":{"line":311,"column":24}},"1":{"start":{"line":419,"column":9},"end":{"line":419,"column":14}},"2":{"start":{"line":3,"column":0},"end":{"line":3,"column":31}},"3":{"start":{"line":4,"column":0},"end":{"line":4,"column":33}},"4":{"start":{"line":5,"column":0},"end":{"line":5,"column":37}},"5":{"start":{"line":6,"column":0},"end":{"line":6,"column":48}},"6":{"start":{"line":36,"column":57},"end":{"line":42,"column":2}},"7":{"start":{"line":45,"column":12},"end":{"line":52,"column":2}},"8":{"start":{"line":54,"column":13},"end":{"line":63,"column":2}},"9":{"start":{"line":66,"column":16},"end":{"line":71,"column":null}},"10":{"start":{"line":74,"column":23},"end":{"line":132,"column":null}},"11":{"start":{"line":85,"column":4},"end":{"line":131,"column":5}},"12":{"start":{"line":87,"column":8},"end":{"line":90,"column":10}},"13":{"start":{"line":92,"column":8},"end":{"line":95,"column":10}},"14":{"start":{"line":97,"column":8},"end":{"line":100,"column":10}},"15":{"start":{"line":102,"column":8},"end":{"line":105,"column":10}},"16":{"start":{"line":107,"column":8},"end":{"line":110,"column":10}},"17":{"start":{"line":112,"column":8},"end":{"line":115,"column":10}},"18":{"start":{"line":117,"column":8},"end":{"line":120,"column":10}},"19":{"start":{"line":122,"column":8},"end":{"line":125,"column":10}},"20":{"start":{"line":127,"column":8},"end":{"line":130,"column":10}},"21":{"start":{"line":135,"column":21},"end":{"line":165,"column":null}},"22":{"start":{"line":151,"column":20},"end":{"line":151,"column":null}},"23":{"start":{"line":153,"column":4},"end":{"line":155,"column":5}},"24":{"start":{"line":154,"column":6},"end":{"line":154,"column":83}},"25":{"start":{"line":156,"column":4},"end":{"line":156,"column":97}},"26":{"start":{"line":159,"column":13},"end":{"line":161,"column":null}},"27":{"start":{"line":163,"column":13},"end":{"line":165,"column":null}},"28":{"start":{"line":168,"column":20},"end":{"line":175,"column":2}},"29":{"start":{"line":177,"column":22},"end":{"line":182,"column":2}},"30":{"start":{"line":184,"column":26},"end":{"line":189,"column":2}},"31":{"start":{"line":191,"column":26},"end":{"line":193,"column":2}},"32":{"start":{"line":195,"column":19},"end":{"line":202,"column":2}},"33":{"start":{"line":204,"column":22},"end":{"line":209,"column":2}},"34":{"start":{"line":211,"column":20},"end":{"line":229,"column":2}},"35":{"start":{"line":231,"column":18},"end":{"line":252,"column":2}},"36":{"start":{"line":254,"column":20},"end":{"line":261,"column":2}},"37":{"start":{"line":263,"column":24},"end":{"line":285,"column":2}},"38":{"start":{"line":287,"column":22},"end":{"line":307,"column":null}},"39":{"start":{"line":293,"column":31},"end":{"line":293,"column":null}},"40":{"start":{"line":298,"column":21},"end":{"line":298,"column":null}},"41":{"start":{"line":302,"column":33},"end":{"line":302,"column":null}},"42":{"start":{"line":307,"column":27},"end":{"line":307,"column":null}},"43":{"start":{"line":312,"column":8},"end":{"line":312,"column":null}},"44":{"start":{"line":313,"column":9},"end":{"line":313,"column":null}},"45":{"start":{"line":314,"column":7},"end":{"line":314,"column":null}},"46":{"start":{"line":315,"column":10},"end":{"line":315,"column":null}},"47":{"start":{"line":316,"column":10},"end":{"line":316,"column":null}},"48":{"start":{"line":317,"column":2},"end":{"line":317,"column":11}},"49":{"start":{"line":317,"column":11},"end":{"line":317,"column":null}},"50":{"start":{"line":318,"column":20},"end":{"line":318,"column":null}},"51":{"start":{"line":319,"column":8},"end":{"line":319,"column":null}},"52":{"start":{"line":320,"column":8},"end":{"line":320,"column":null}},"53":{"start":{"line":321,"column":15},"end":{"line":321,"column":null}},"54":{"start":{"line":322,"column":17},"end":{"line":322,"column":null}},"55":{"start":{"line":323,"column":12},"end":{"line":323,"column":null}},"56":{"start":{"line":324,"column":2},"end":{"line":324,"column":13}},"57":{"start":{"line":324,"column":13},"end":{"line":324,"column":null}},"58":{"start":{"line":325,"column":2},"end":{"line":325,"column":10}},"59":{"start":{"line":325,"column":10},"end":{"line":325,"column":null}},"60":{"start":{"line":326,"column":2},"end":{"line":326,"column":6}},"61":{"start":{"line":326,"column":6},"end":{"line":326,"column":null}},"62":{"start":{"line":328,"column":16},"end":{"line":328,"column":79}},"63":{"start":{"line":331,"column":2},"end":{"line":336,"column":24}},"64":{"start":{"line":332,"column":4},"end":{"line":332,"column":24}},"65":{"start":{"line":332,"column":17},"end":{"line":332,"column":24}},"66":{"start":{"line":333,"column":18},"end":{"line":333,"column":41}},"67":{"start":{"line":333,"column":40},"end":{"line":333,"column":72}},"68":{"start":{"line":334,"column":4},"end":{"line":334,"column":48}},"69":{"start":{"line":335,"column":4},"end":{"line":335,"column":64}},"70":{"start":{"line":335,"column":17},"end":{"line":335,"column":64}},"71":{"start":{"line":339,"column":2},"end":{"line":348,"column":15}},"72":{"start":{"line":340,"column":4},"end":{"line":344,"column":5}},"73":{"start":{"line":341,"column":6},"end":{"line":341,"column":46}},"74":{"start":{"line":343,"column":6},"end":{"line":343,"column":45}},"75":{"start":{"line":345,"column":4},"end":{"line":347,"column":6}},"76":{"start":{"line":346,"column":6},"end":{"line":346,"column":45}},"77":{"start":{"line":350,"column":2},"end":{"line":350,"column":27}},"78":{"start":{"line":350,"column":15},"end":{"line":350,"column":27}},"79":{"start":{"line":352,"column":2},"end":{"line":415,"column":4}},"80":{"start":{"line":365,"column":26},"end":{"line":365,"column":null}},"81":{"start":{"line":418,"column":0},"end":{"line":418,"column":28}}},"fnMap":{"0":{"name":"(anonymous_11)","decl":{"start":{"line":84,"column":4},"end":{"line":84,"column":9}},"loc":{"start":{"line":84,"column":9},"end":{"line":132,"column":3}}},"1":{"name":"(anonymous_12)","decl":{"start":{"line":151,"column":11},"end":{"line":151,"column":16}},"loc":{"start":{"line":151,"column":16},"end":{"line":151,"column":25}}},"2":{"name":"(anonymous_13)","decl":{"start":{"line":152,"column":12},"end":{"line":152,"column":17}},"loc":{"start":{"line":152,"column":17},"end":{"line":157,"column":3}}},"3":{"name":"(anonymous_14)","decl":{"start":{"line":159,"column":4},"end":{"line":159,"column":9}},"loc":{"start":{"line":159,"column":9},"end":{"line":159,"column":14}}},"4":{"name":"(anonymous_15)","decl":{"start":{"line":163,"column":4},"end":{"line":163,"column":9}},"loc":{"start":{"line":163,"column":9},"end":{"line":163,"column":18}}},"5":{"name":"(anonymous_16)","decl":{"start":{"line":293,"column":22},"end":{"line":293,"column":27}},"loc":{"start":{"line":293,"column":27},"end":{"line":293,"column":36}}},"6":{"name":"(anonymous_17)","decl":{"start":{"line":298,"column":12},"end":{"line":298,"column":17}},"loc":{"start":{"line":298,"column":17},"end":{"line":298,"column":26}}},"7":{"name":"(anonymous_18)","decl":{"start":{"line":302,"column":24},"end":{"line":302,"column":29}},"loc":{"start":{"line":302,"column":29},"end":{"line":302,"column":38}}},"8":{"name":"(anonymous_19)","decl":{"start":{"line":307,"column":18},"end":{"line":307,"column":23}},"loc":{"start":{"line":307,"column":23},"end":{"line":307,"column":32}}},"9":{"name":"Modal","decl":{"start":{"line":311,"column":24},"end":{"line":311,"column":29}},"loc":{"start":{"line":327,"column":19},"end":{"line":416,"column":1}}},"10":{"name":"(anonymous_21)","decl":{"start":{"line":331,"column":18},"end":{"line":331,"column":null}},"loc":{"start":{"line":331,"column":18},"end":{"line":336,"column":3}}},"11":{"name":"(anonymous_22)","decl":{"start":{"line":333,"column":18},"end":{"line":333,"column":19}},"loc":{"start":{"line":333,"column":35},"end":{"line":333,"column":41}}},"12":{"name":"(anonymous_23)","decl":{"start":{"line":335,"column":11},"end":{"line":335,"column":17}},"loc":{"start":{"line":335,"column":11},"end":{"line":335,"column":25}}},"13":{"name":"(anonymous_24)","decl":{"start":{"line":339,"column":18},"end":{"line":339,"column":null}},"loc":{"start":{"line":339,"column":18},"end":{"line":348,"column":3}}},"14":{"name":"(anonymous_25)","decl":{"start":{"line":345,"column":11},"end":{"line":345,"column":null}},"loc":{"start":{"line":345,"column":11},"end":{"line":347,"column":5}}},"15":{"name":"(anonymous_26)","decl":{"start":{"line":365,"column":19},"end":{"line":365,"column":20}},"loc":{"start":{"line":365,"column":21},"end":{"line":365,"column":27}}}},"branchMap":{"0":{"loc":{"start":{"line":45,"column":24},"end":{"line":52,"column":2}},"type":"binary-expr","locations":[{"start":{"line":45,"column":24},"end":{"line":45,"column":null}},{"start":{"line":45,"column":24},"end":{"line":52,"column":2}}]},"1":{"loc":{"start":{"line":54,"column":25},"end":{"line":63,"column":2}},"type":"binary-expr","locations":[{"start":{"line":54,"column":25},"end":{"line":54,"column":null}},{"start":{"line":54,"column":25},"end":{"line":63,"column":2}}]},"2":{"loc":{"start":{"line":66,"column":26},"end":{"line":72,"column":2}},"type":"binary-expr","locations":[{"start":{"line":66,"column":26},"end":{"line":66,"column":null}},{"start":{"line":66,"column":26},"end":{"line":72,"column":2}}]},"3":{"loc":{"start":{"line":74,"column":33},"end":{"line":133,"column":2}},"type":"binary-expr","locations":[{"start":{"line":74,"column":33},"end":{"line":74,"column":null}},{"start":{"line":74,"column":33},"end":{"line":133,"column":2}}]},"4":{"loc":{"start":{"line":85,"column":4},"end":{"line":131,"column":5}},"type":"switch","locations":[{"start":{"line":86,"column":6},"end":{"line":90,"column":10}},{"start":{"line":91,"column":6},"end":{"line":95,"column":10}},{"start":{"line":96,"column":6},"end":{"line":100,"column":10}},{"start":{"line":101,"column":6},"end":{"line":105,"column":10}},{"start":{"line":106,"column":6},"end":{"line":110,"column":10}},{"start":{"line":111,"column":6},"end":{"line":115,"column":10}},{"start":{"line":116,"column":6},"end":{"line":120,"column":10}},{"start":{"line":121,"column":6},"end":{"line":125,"column":10}},{"start":{"line":126,"column":6},"end":{"line":130,"column":10}}]},"5":{"loc":{"start":{"line":87,"column":18},"end":{"line":90,"column":10}},"type":"binary-expr","locations":[{"start":{"line":87,"column":18},"end":{"line":87,"column":null}},{"start":{"line":87,"column":18},"end":{"line":90,"column":10}}]},"6":{"loc":{"start":{"line":92,"column":18},"end":{"line":95,"column":10}},"type":"binary-expr","locations":[{"start":{"line":92,"column":18},"end":{"line":92,"column":null}},{"start":{"line":92,"column":18},"end":{"line":95,"column":10}}]},"7":{"loc":{"start":{"line":97,"column":18},"end":{"line":100,"column":10}},"type":"binary-expr","locations":[{"start":{"line":97,"column":18},"end":{"line":97,"column":null}},{"start":{"line":97,"column":18},"end":{"line":100,"column":10}}]},"8":{"loc":{"start":{"line":102,"column":18},"end":{"line":105,"column":10}},"type":"binary-expr","locations":[{"start":{"line":102,"column":18},"end":{"line":102,"column":null}},{"start":{"line":102,"column":18},"end":{"line":105,"column":10}}]},"9":{"loc":{"start":{"line":107,"column":18},"end":{"line":110,"column":10}},"type":"binary-expr","locations":[{"start":{"line":107,"column":18},"end":{"line":107,"column":null}},{"start":{"line":107,"column":18},"end":{"line":110,"column":10}}]},"10":{"loc":{"start":{"line":112,"column":18},"end":{"line":115,"column":10}},"type":"binary-expr","locations":[{"start":{"line":112,"column":18},"end":{"line":112,"column":null}},{"start":{"line":112,"column":18},"end":{"line":115,"column":10}}]},"11":{"loc":{"start":{"line":117,"column":18},"end":{"line":120,"column":10}},"type":"binary-expr","locations":[{"start":{"line":117,"column":18},"end":{"line":117,"column":null}},{"start":{"line":117,"column":18},"end":{"line":120,"column":10}}]},"12":{"loc":{"start":{"line":122,"column":18},"end":{"line":125,"column":10}},"type":"binary-expr","locations":[{"start":{"line":122,"column":18},"end":{"line":122,"column":null}},{"start":{"line":122,"column":18},"end":{"line":125,"column":10}}]},"13":{"loc":{"start":{"line":127,"column":18},"end":{"line":130,"column":10}},"type":"binary-expr","locations":[{"start":{"line":127,"column":18},"end":{"line":127,"column":null}},{"start":{"line":127,"column":18},"end":{"line":130,"column":10}}]},"14":{"loc":{"start":{"line":135,"column":31},"end":{"line":166,"column":2}},"type":"binary-expr","locations":[{"start":{"line":135,"column":31},"end":{"line":135,"column":null}},{"start":{"line":135,"column":31},"end":{"line":166,"column":2}}]},"15":{"loc":{"start":{"line":153,"column":4},"end":{"line":155,"column":5}},"type":"if","locations":[{"start":{"line":153,"column":4},"end":{"line":155,"column":5}}]},"16":{"loc":{"start":{"line":154,"column":13},"end":{"line":154,"column":82}},"type":"cond-expr","locations":[{"start":{"line":154,"column":48},"end":{"line":154,"column":67}},{"start":{"line":154,"column":70},"end":{"line":154,"column":82}}]},"17":{"loc":{"start":{"line":156,"column":11},"end":{"line":156,"column":96}},"type":"cond-expr","locations":[{"start":{"line":156,"column":81},"end":{"line":156,"column":87}},{"start":{"line":156,"column":90},"end":{"line":156,"column":96}}]},"18":{"loc":{"start":{"line":156,"column":11},"end":{"line":156,"column":78}},"type":"binary-expr","locations":[{"start":{"line":156,"column":11},"end":{"line":156,"column":42}},{"start":{"line":156,"column":46},"end":{"line":156,"column":78}}]},"19":{"loc":{"start":{"line":159,"column":13},"end":{"line":161,"column":null}},"type":"binary-expr","locations":[{"start":{"line":159,"column":13},"end":{"line":159,"column":45}},{"start":{"line":159,"column":49},"end":{"line":159,"column":82}},{"start":{"line":159,"column":82},"end":{"line":161,"column":null}}]},"20":{"loc":{"start":{"line":159,"column":89},"end":{"line":161,"column":null}},"type":"binary-expr","locations":[{"start":{"line":159,"column":89},"end":{"line":159,"column":null}},{"start":{"line":159,"column":89},"end":{"line":161,"column":null}}]},"21":{"loc":{"start":{"line":163,"column":13},"end":{"line":164,"column":null}},"type":"binary-expr","locations":[{"start":{"line":163,"column":13},"end":{"line":163,"column":25}},{"start":{"line":163,"column":25},"end":{"line":164,"column":null}}]},"22":{"loc":{"start":{"line":163,"column":32},"end":{"line":165,"column":null}},"type":"binary-expr","locations":[{"start":{"line":163,"column":32},"end":{"line":163,"column":null}},{"start":{"line":163,"column":32},"end":{"line":165,"column":null}}]},"23":{"loc":{"start":{"line":164,"column":14},"end":{"line":164,"column":83}},"type":"cond-expr","locations":[{"start":{"line":164,"column":49},"end":{"line":164,"column":68}},{"start":{"line":164,"column":71},"end":{"line":164,"column":83}}]},"24":{"loc":{"start":{"line":168,"column":30},"end":{"line":175,"column":2}},"type":"binary-expr","locations":[{"start":{"line":168,"column":30},"end":{"line":168,"column":null}},{"start":{"line":168,"column":30},"end":{"line":175,"column":2}}]},"25":{"loc":{"start":{"line":177,"column":32},"end":{"line":182,"column":2}},"type":"binary-expr","locations":[{"start":{"line":177,"column":32},"end":{"line":177,"column":null}},{"start":{"line":177,"column":32},"end":{"line":182,"column":2}}]},"26":{"loc":{"start":{"line":184,"column":36},"end":{"line":189,"column":2}},"type":"binary-expr","locations":[{"start":{"line":184,"column":36},"end":{"line":184,"column":null}},{"start":{"line":184,"column":36},"end":{"line":189,"column":2}}]},"27":{"loc":{"start":{"line":191,"column":36},"end":{"line":193,"column":2}},"type":"binary-expr","locations":[{"start":{"line":191,"column":36},"end":{"line":191,"column":null}},{"start":{"line":191,"column":36},"end":{"line":193,"column":2}}]},"28":{"loc":{"start":{"line":195,"column":28},"end":{"line":202,"column":2}},"type":"binary-expr","locations":[{"start":{"line":195,"column":28},"end":{"line":195,"column":null}},{"start":{"line":195,"column":28},"end":{"line":202,"column":2}}]},"29":{"loc":{"start":{"line":204,"column":30},"end":{"line":209,"column":2}},"type":"binary-expr","locations":[{"start":{"line":204,"column":30},"end":{"line":204,"column":null}},{"start":{"line":204,"column":30},"end":{"line":209,"column":2}}]},"30":{"loc":{"start":{"line":211,"column":33},"end":{"line":229,"column":2}},"type":"binary-expr","locations":[{"start":{"line":211,"column":33},"end":{"line":211,"column":null}},{"start":{"line":211,"column":33},"end":{"line":229,"column":2}}]},"31":{"loc":{"start":{"line":231,"column":28},"end":{"line":252,"column":2}},"type":"binary-expr","locations":[{"start":{"line":231,"column":28},"end":{"line":231,"column":null}},{"start":{"line":231,"column":28},"end":{"line":252,"column":2}}]},"32":{"loc":{"start":{"line":254,"column":30},"end":{"line":261,"column":2}},"type":"binary-expr","locations":[{"start":{"line":254,"column":30},"end":{"line":254,"column":null}},{"start":{"line":254,"column":30},"end":{"line":261,"column":2}}]},"33":{"loc":{"start":{"line":263,"column":37},"end":{"line":285,"column":2}},"type":"binary-expr","locations":[{"start":{"line":263,"column":37},"end":{"line":263,"column":null}},{"start":{"line":263,"column":37},"end":{"line":285,"column":2}}]},"34":{"loc":{"start":{"line":287,"column":35},"end":{"line":309,"column":2}},"type":"binary-expr","locations":[{"start":{"line":287,"column":35},"end":{"line":287,"column":59}},{"start":{"line":287,"column":35},"end":{"line":309,"column":2}}]},"35":{"loc":{"start":{"line":293,"column":31},"end":{"line":293,"column":69}},"type":"cond-expr","locations":[{"start":{"line":293,"column":48},"end":{"line":293,"column":57}},{"start":{"line":293,"column":60},"end":{"line":293,"column":69}}]},"36":{"loc":{"start":{"line":298,"column":21},"end":{"line":298,"column":63}},"type":"cond-expr","locations":[{"start":{"line":298,"column":38},"end":{"line":298,"column":51}},{"start":{"line":298,"column":54},"end":{"line":298,"column":63}}]},"37":{"loc":{"start":{"line":302,"column":33},"end":{"line":302,"column":71}},"type":"cond-expr","locations":[{"start":{"line":302,"column":50},"end":{"line":302,"column":59}},{"start":{"line":302,"column":62},"end":{"line":302,"column":71}}]},"38":{"loc":{"start":{"line":307,"column":27},"end":{"line":307,"column":87}},"type":"cond-expr","locations":[{"start":{"line":307,"column":44},"end":{"line":307,"column":50}},{"start":{"line":307,"column":53},"end":{"line":307,"column":87}}]},"39":{"loc":{"start":{"line":317,"column":11},"end":{"line":317,"column":null}},"type":"cond-expr","locations":[{"start":{"line":317,"column":14},"end":{"line":317,"column":16}},{"start":{"line":317,"column":16},"end":{"line":317,"c
[...]
,"end":{"line":210,"column":17}},"36":{"start":{"line":210,"column":17},"end":{"line":210,"column":null}},"37":{"start":{"line":211,"column":6},"end":{"line":211,"column":15}},"38":{"start":{"line":211,"column":15},"end":{"line":211,"column":null}},"39":{"start":{"line":212,"column":21},"end":{"line":212,"column":null}},"40":{"start":{"line":213,"column":18},"end":{"line":213,"column":null}},"41":{"start":{"line":214,"column":6},"end":{"line":214,"column":13}},"42":{"start":{"line":214,"column":13},"end":{"line":214,"column":null}},"43":{"start":{"line":215,"column":6},"end":{"line":215,"column":10}},"44":{"start":{"line":215,"column":10},"end":{"line":215,"column":null}},"45":{"start":{"line":216,"column":6},"end":{"line":216,"column":15}},"46":{"start":{"line":216,"column":15},"end":{"line":216,"column":null}},"47":{"start":{"line":217,"column":14},"end":{"line":217,"column":null}},"48":{"start":{"line":218,"column":6},"end":{"line":218,"column":17}},"49":{"start":{"line":218,"column":17},"end":{"line":218,"column":null}},"50":{"start":{"line":219,"column":12},"end":{"line":219,"column":null}},"51":{"start":{"line":220,"column":11},"end":{"line":220,"column":null}},"52":{"start":{"line":221,"column":14},"end":{"line":222,"column":null}},"53":{"start":{"line":225,"column":28},"end":{"line":225,"column":49}},"54":{"start":{"line":225,"column":15},"end":{"line":225,"column":17}},"55":{"start":{"line":225,"column":24},"end":{"line":225,"column":28}},"56":{"start":{"line":226,"column":38},"end":{"line":226,"column":53}},"57":{"start":{"line":226,"column":20},"end":{"line":226,"column":22}},"58":{"start":{"line":226,"column":34},"end":{"line":226,"column":38}},"59":{"start":{"line":227,"column":22},"end":{"line":227,"column":35}},"60":{"start":{"line":229,"column":23},"end":{"line":234,"column":5}},"61":{"start":{"line":230,"column":6},"end":{"line":230,"column":29}},"62":{"start":{"line":230,"column":22},"end":{"line":230,"column":29}},"63":{"start":{"line":231,"column":30},"end":{"line":231,"column":40}},"64":{"start":{"line":232,"column":6},"end":{"line":232,"column":36}},"65":{"start":{"line":233,"column":6},"end":{"line":233,"column":32}},"66":{"start":{"line":236,"column":24},"end":{"line":236,"column":47}},"67":{"start":{"line":238,"column":4},"end":{"line":287,"column":6}},"68":{"start":{"line":262,"column":22},"end":{"line":262,"column":57}},"69":{"start":{"line":262,"column":37},"end":{"line":262,"column":57}},"70":{"start":{"line":263,"column":22},"end":{"line":263,"column":41}},"71":{"start":{"line":263,"column":37},"end":{"line":263,"column":40}},"72":{"start":{"line":292,"column":9},"end":{"line":292,"column":13}},"73":{"start":{"line":291,"column":0},"end":{"line":291,"column":26}}},"fnMap":{"0":{"name":"(anonymous_14)","decl":{"start":{"line":27,"column":4},"end":{"line":27,"column":9}},"loc":{"start":{"line":27,"column":9},"end":{"line":27,"column":18}}},"1":{"name":"(anonymous_15)","decl":{"start":{"line":45,"column":4},"end":{"line":45,"column":9}},"loc":{"start":{"line":45,"column":9},"end":{"line":81,"column":3}}},"2":{"name":"(anonymous_16)","decl":{"start":{"line":84,"column":4},"end":{"line":84,"column":9}},"loc":{"start":{"line":84,"column":9},"end":{"line":105,"column":3}}},"3":{"name":"(anonymous_17)","decl":{"start":{"line":108,"column":4},"end":{"line":108,"column":9}},"loc":{"start":{"line":108,"column":9},"end":{"line":108,"column":18}}},"4":{"name":"(anonymous_18)","decl":{"start":{"line":113,"column":4},"end":{"line":113,"column":9}},"loc":{"start":{"line":113,"column":9},"end":{"line":113,"column":18}}},"5":{"name":"(anonymous_19)","decl":{"start":{"line":129,"column":4},"end":{"line":129,"column":9}},"loc":{"start":{"line":129,"column":9},"end":{"line":129,"column":18}}},"6":{"name":"(anonymous_20)","decl":{"start":{"line":175,"column":4},"end":{"line":175,"column":9}},"loc":{"start":{"line":175,"column":9},"end":{"line":175,"column":18}}},"7":{"name":"(anonymous_21)","decl":{"start":{"line":189,"column":4},"end":{"line":189,"column":9}},"loc":{"start":{"line":189,"column":9},"end":{"line":189,"column":18}}},"8":{"name":"(anonymous_22)","decl":{"start":{"line":205,"column":2},"end":{"line":205,"column":null}},"loc":{"start":{"line":223,"column":7},"end":{"line":288,"column":3}}},"9":{"name":"(anonymous_23)","decl":{"start":{"line":229,"column":23},"end":{"line":229,"column":null}},"loc":{"start":{"line":229,"column":23},"end":{"line":234,"column":5}}},"10":{"name":"(anonymous_24)","decl":{"start":{"line":261,"column":29},"end":{"line":261,"column":30}},"loc":{"start":{"line":261,"column":31},"end":{"line":264,"column":21}}},"11":{"name":"(anonymous_25)","decl":{"start":{"line":263,"column":30},"end":{"line":263,"column":31}},"loc":{"start":{"line":263,"column":32},"end":{"line":263,"column":38}}}},"branchMap":{"0":{"loc":{"start":{"line":26,"column":37},"end":{"line":30,"column":2}},"type":"binary-expr","locations":[{"start":{"line":26,"column":37},"end":{"line":26,"column":61}},{"start":{"line":26,"column":37},"end":{"line":30,"column":2}}]},"1":{"loc":{"start":{"line":27,"column":13},"end":{"line":29,"column":null}},"type":"binary-expr","locations":[{"start":{"line":27,"column":13},"end":{"line":27,"column":28}},{"start":{"line":27,"column":28},"end":{"line":29,"column":null}}]},"2":{"loc":{"start":{"line":27,"column":35},"end":{"line":29,"column":null}},"type":"binary-expr","locations":[{"start":{"line":27,"column":35},"end":{"line":27,"column":null}},{"start":{"line":27,"column":35},"end":{"line":29,"column":null}}]},"3":{"loc":{"start":{"line":32,"column":29},"end":{"line":123,"column":2}},"type":"binary-expr","locations":[{"start":{"line":32,"column":29},"end":{"line":32,"column":null}},{"start":{"line":32,"column":29},"end":{"line":123,"column":2}}]},"4":{"loc":{"start":{"line":46,"column":4},"end":{"line":80,"column":5}},"type":"switch","locations":[{"start":{"line":47,"column":6},"end":{"line":55,"column":10}},{"start":{"line":56,"column":6},"end":{"line":61,"column":10}},{"start":{"line":62,"column":6},"end":{"line":66,"column":10}},{"start":{"line":67,"column":6},"end":{"line":71,"column":10}},{"start":{"line":72,"column":6},"end":{"line":74,"column":null}},{"start":{"line":78,"column":6},"end":{"line":79,"column":18}}]},"5":{"loc":{"start":{"line":48,"column":18},"end":{"line":55,"column":10}},"type":"binary-expr","locations":[{"start":{"line":48,"column":18},"end":{"line":48,"column":null}},{"start":{"line":48,"column":18},"end":{"line":55,"column":10}}]},"6":{"loc":{"start":{"line":57,"column":18},"end":{"line":61,"column":10}},"type":"binary-expr","locations":[{"start":{"line":57,"column":18},"end":{"line":57,"column":null}},{"start":{"line":57,"column":18},"end":{"line":61,"column":10}}]},"7":{"loc":{"start":{"line":63,"column":18},"end":{"line":66,"column":10}},"type":"binary-expr","locations":[{"start":{"line":63,"column":18},"end":{"line":63,"column":null}},{"start":{"line":63,"column":18},"end":{"line":66,"column":10}}]},"8":{"loc":{"start":{"line":68,"column":18},"end":{"line":71,"column":10}},"type":"binary-expr","locations":[{"start":{"line":68,"column":18},"end":{"line":68,"column":null}},{"start":{"line":68,"column":18},"end":{"line":71,"column":10}}]},"9":{"loc":{"start":{"line":73,"column":18},"end":{"line":77,"column":10}},"type":"binary-expr","locations":[{"start":{"line":73,"column":18},"end":{"line":73,"column":null}},{"start":{"line":73,"column":18},"end":{"line":77,"column":10}}]},"10":{"loc":{"start":{"line":74,"column":30},"end":{"line":74,"column":81}},"type":"binary-expr","locations":[{"start":{"line":74,"column":30},"end":{"line":74,"column":51}},{"start":{"line":74,"column":55},"end":{"line":74,"column":81}}]},"11":{"loc":{"start":{"line":85,"column":4},"end":{"line":104,"column":5}},"type":"switch","locations":[{"start":{"line":86,"column":6},"end":{"line":89,"column":10}},{"start":{"line":90,"column":6},"end":{"line":93,"column":10}},{"start":{"line":94,"column":6},"end":{"line":98,"column":10}},{"start":{"line":99,"column":6},"end":{"line":99,"column":21}},{"start":{"line":100,"column":6},"end":{"line":103,"column":10}}]},"12":{"loc":{"start":{"line":87,"column":18},"end":{"line":89,"column":10}},"type":"binary-expr","locations":[{"start":{"line":87,"column":18},"end":{"line":87,"column":null}},{"start":{"line":87,"column":18},"end":{"line":89,"column":10}}]},"13":{"loc":{"start":{"line":91,"column":18},"end":{"line":93,"column":10}},"type":"binary-expr","locations":[{"start":{"line":91,"column":18},"end":{"line":91,"column":null}},{"start":{"line":91,"column":18},"end":{"line":93,"column":10}}]},"14":{"loc":{"start":{"line":95,"column":18},"end":{"line":98,"column":10}},"type":"binary-expr","locations":[{"start":{"line":95,"column":18},"end":{"line":95,"column":null}},{"start":{"line":95,"column":18},"end":{"line":98,"column":10}}]},"15":{"loc":{"start":{"line":101,"column":18},"end":{"line":103,"column":10}},"type":"binary-expr","locations":[{"start":{"line":101,"column":18},"end":{"line":101,"column":null}},{"start":{"line":101,"column":18},"end":{"line":103,"column":10}}]},"16":{"loc":{"start":{"line":108,"column":13},"end":{"line":109,"column":null}},"type":"binary-expr","locations":[{"start":{"line":108,"column":13},"end":{"line":108,"column":38}},{"start":{"line":108,"column":42},"end":{"line":108,"column":63}},{"start":{"line":108,"column":63},"end":{"line":109,"column":null}}]},"17":{"loc":{"start":{"line":108,"column":70},"end":{"line":110,"column":null}},"type":"binary-expr","locations":[{"start":{"line":108,"column":70},"end":{"line":108,"column":null}},{"start":{"line":108,"column":70},"end":{"line":110,"column":null}}]},"18":{"loc":{"start":{"line":113,"column":13},"end":{"line":121,"column":null}},"type":"binary-expr","locations":[{"start":{"line":113,"column":13},"end":{"line":113,"column":28}},{"start":{"line":113,"column":28},"end":{"line":121,"column":null}}]},"19":{"loc":{"start":{"line":113,"column":35},"end":{"line":122,"column":null}},"type":"binary-expr","locations":[{"start":{"line":113,"column":35},"end":{"line":113,"column":null}},{"start":{"line":113,"column":35},"end":{"line":122,"column":null}}]},"20":{"loc":{"start":{"line":119,"column":6},"end":{"line":121,"column":null}},"type":"binary-expr","locations":[{"start":{"line":119,"column":6},"end":{"line":119,"column":21}},{"start":{"line":119,"column":21},"end":{"line":121,"column":null}}]},"21":{"loc":{"start":{"line":119,"column":28},"end":{"line":121,"column":null}},"type":"binary-expr","locations":[{"start":{"line":119,"column":28},"end":{"line":119,"column":null}},{"start":{"line":119,"column":28},"end":{"line":121,"column":null}}]},"22":{"loc":{"start":{"line":125,"column":29},"end":{"line":132,"column":2}},"type":"binary-expr","locations":[{"start":{"line":125,"column":29},"end":{"line":125,"column":54}},{"start":{"line":125,"column":29},"end":{"line":132,"column":2}}]},"23":{"loc":{"start":{"line":129,"column":13},"end":{"line":131,"column":null}},"type":"binary-expr","locations":[{"start":{"line":129,"column":13},"end":{"line":129,"column":29}},{"start":{"line":129,"column":29},"end":{"line":131,"column":null}}]},"24":{"loc":{"start":{"line":129,"column":36},"end":{"line":131,"column":null}},"type":"binary-expr","locations":[{"start":{"line":129,"column":36},"end":{"line":129,"column":null}},{"start":{"line":129,"column":36},"end":{"line":131,"column":null}}]},"25":{"loc":{"start":{"line":134,"column":27},"end":{"line":139,"column":2}},"type":"binary-expr","locations":[{"start":{"line":134,"column":27},"end":{"line":134,"column":null}},{"start":{"line":134,"column":27},"end":{"line":139,"column":2}}]},"26":{"loc":{"start":{"line":141,"column":36},"end":{"line":168,"column":2}},"type":"binary-expr","locations":[{"start":{"line":141,"column":36},"end":{"line":141,"column":null}},{"start":{"line":141,"column":36},"end":{"line":168,"column":2}}]},"27":{"loc":{"start":{"line":170,"column":33},"end":{"line":182,"column":2}},"type":"binary-expr","locations":[{"start":{"line":170,"column":33},"end":{"line":170,"column":52}},{"start":{"line":170,"column":33},"end":{"line":182,"column":2}}]},"28":{"loc":{"start":{"line":175,"column":13},"end":{"line":181,"column":null}},"type":"cond-expr","locations":[{"start":{"line":175,"column":25},"end":{"line":178,"column":4}},{"start":{"line":178,"column":5},"end":{"line":181,"column":null}}]},"29":{"loc":{"start":{"line":175,"column":29},"end":{"line":178,"column":4}},"type":"binary-expr","locations":[{"start":{"line":175,"column":29},"end":{"line":175,"column":null}},{"start":{"line":175,"column":29},"end":{"line":178,"column":4}}]},"30":{"loc":{"start":{"line":178,"column":9},"end":{"line":181,"column":null}},"type":"binary-expr","locations":[{"start":{"line":178,"column":9},"end":{"line":178,"column":null}},{"start":{"line":178,"column":9},"end":{"line":181,"column":null}}]},"31":{"loc":{"start":{"line":184,"column":31},"end":{"line":186,"column":2}},"type":"binary-expr","locations":[{"start":{"line":184,"column":31},"end":{"line":184,"column":null}},{"start":{"line":184,"column":31},"end":{"line":186,"column":2}}]},"32":{"loc":{"start":{"line":188,"column":28},"end":{"line":192,"column":2}},"type":"binary-expr","locations":[{"start":{"line":188,"column":28},"end":{"line":188,"column":52}},{"start":{"line":188,"column":28},"end":{"line":192,"column":2}}]},"33":{"loc":{"start":{"line":189,"column":13},"end":{"line":191,"column":null}},"type":"binary-expr","locations":[{"start":{"line":189,"column":13},"end":{"line":189,"column":28}},{"start":{"line":189,"column":28},"end":{"line":191,"column":null}}]},"34":{"loc":{"start":{"line":189,"column":35},"end":{"line":191,"column":null}},"type":"binary-expr","locations":[{"start":{"line":189,"column":35},"end":{"line":189,"column":null}},{"start":{"line":189,"column":35},"end":{"line":191,"column":null}}]},"35":{"loc":{"start":{"line":194,"column":27},"end":{"line":202,"column":2}},"type":"binary-expr","locations":[{"start":{"line":194,"column":27},"end":{"line":194,"column":null}},{"start":{"line":194,"column":27},"end":{"line":202,"column":2}}]},"36":{"loc":{"start":{"line":210,"column":17},"end":{"line":210,"column":null}},"type":"cond-expr","locations":[{"start":{"line":210,"column":20},"end":{"line":210,"column":25}},{"start":{"line":210,"column":25},"end":{"line":210,"column":null}}]},"37":{"loc":{"start":{"line":211,"column":15},"end":{"line":211,"column":null}},"type":"cond-expr","locations":[{"start":{"line":211,"column":18},"end":{"line":211,"column":23}},{"start":{"line":211,"column":23},"end":{"line":211,"column":null}}]},"38":{"loc":{"start":{"line":214,"column":13},"end":{"line":214,"column":null}},"type":"cond-expr","locations":[{"start":{"line":214,"column":16},"end":{"line":214,"column":25}},{"start":{"line":214,"column":25},"end":{"line":214,"column":null}}]},"39":{"loc":{"start":{"line":215,"column":10},"end":{"line":215,"column":null}},"type":"cond-expr","locations":[{"start":{"line":215,"column":13},"end":{"line":215,"column":22}},{"start":{"line":215,"column":22},"end":{"line":215,"column":null}}]},"40":{"loc":{"start":{"line":216,"column":15},"end":{"line":216,"column":null}},"type":"cond-expr","locations":[{"start":{"line":216,"column":18},"end":{"line":216,"column":20}},{"start":{"line":216,"column":20},"end":{"line":216,"column":null}}]},"41":{"loc":{"start":{"line":218,"column":17},"end":{"line":218,"column":null}},"type":"cond-expr","locations":[{"start":{"line":218,"column":20},"end":{"line":218,"column":24}},{"start":{"line":218,"column":24},"end":{"line":218,"column":null}}]},"42":{"loc":{"start":{"line":230,"column":6},"end":{"line":230,"column":29}},"type":"if","locations":[{"start":{"line":230,"column":6},"end":{"line":230,"column":29}}]},"43":{"loc":{"start":{"line":233,"column":6},"end":{"line":233,"column":31}},"type":"cond-expr","locations":[{"start":{"line":233,"column":12},"end":{"line":233,"column":15}},{"start":{"line":233,"column":6},"end":{"line":233,"column":31}}]},"44":{"loc":{"start":{"line":233,"column":6},"end":{"line":233,"column":15}},"type":"binary-expr","locations":[{"start":{"line":233,"column":6},"end":{"line":233,"column":15}},{"start":{"line":233,"column":6},"end":{"line":233,"column":15}}]},"45":{"loc":{"start":{"line":236,"column":24},"end":{"line":236,"column":47}},"type":"binary-expr","locations":[{"start":{"line":236,"column":24},"end":{"line":236,"column":35}},{"start":{"line":236,"column":39},"end":{"line":236,"column":47}}]},"46":{"loc":{"start":{"line":241,"column":17},"end":{"line":241,"column":51}},"type":"cond-expr","locations":[{"start":{"line":241,"column":29},"end":{"line":241,"column":39}},{"start":{"line":241,"column":42},"end":{"line":241,"column":51}}]},"47":{"loc":{"start":{"line":255,"column":13},"end":{"line":272,"column":null}},"type":"binary-expr","locations":[{"start":{"line":255,"column":13},"end":{"line":255,"column":18}},{"start":{"line":256,"column":14},"end":{"line":271,"column":null}}]},"48":{"loc":{"start":{"line":256,"column":38},"end":{"line":256,"column":59}},"type":"binary-expr","locations":[{"start":{"line":256,"column":38},"end":{"line":256,"column":42}},{"start":{"line":256,"column":46},"end":{"line":256,"column":59}}]},"49":{"loc":{"start":{"line":258,"column":17},"end":{"line":270,"column":null}},"type":"binary-expr","locations":[{"start":{"line":258,"column":17},"end":{"line":258,"column":28}},{"start":{"line":259,"column":18},"end":{"line":269,"column":null}}]},"50":{"loc":{"start":{"line":262,"column":22},"end":{"line":262,"column":57}},"type":"if","locations":[{"start":{"line":262,"column":22},"end":{"line":262,"column":57}}]},"51":{"loc":{"start":{"line":265,"column":32},"end":{"line":265,"column":70}},"type":"cond-expr","locations":[{"start":{"line":265,"column":39},"end":{"line":265,"column":53}},{"start":{"line":265,"column":56},"end":{"line":265,"column":70}}]},"52":{"loc":{"start":{"line":269,"column":21},"end":{"line":269,"column":59}},"type":"cond-expr","locations":[{"start":{"line":269,"column":28},"end":{"line":269,"column":41}},{"start":{"line":269,"column":44},"end":{"line":269,"column":59}}]},"53":{"loc":{"start":{"line":275,"column":13},"end":{"line":278,"column":null}},"type":"binary-expr","locations":[{"start":{"line":275,"column":13},"end":{"line":275,"column":24}},{"start":{"line":276,"column":14},"end":{"line":277,"column":null}}]},"54":{"loc":{"start":{"line":282,"column":11},"end":{"line":283,"column":null}},"type":"binary-expr","locations":[{"start":{"line":282,"column":11},"end":{"line":282,"column":20}},{"start":{"line":282,"column":24},"end":{"line":282,"column":39}},{"start":{"line":283,"column":12},"end":{"line":283,"column":50}}]}},"s":{"0":1,"1":1,"2":1,"3":1,"4":1,"5":0,"6":1,"7":0,"8":0,"9":0,"10":0,"11":0,"12":0,"13":0,"14":0,"15":0,"16":0,"17":0,"18":0,"19":0,"20":0,"21":1,"22":0,"23":1,"24":1,"25":1,"26":0,"27":1,"28":1,"29":0,"30":1,"31":1,"32":99,"33":98,"34":98,"35":98,"36":98,"37":98,"38":98,"39":98,"40":98,"41":98,"42":98,"43":98,"44":98,"45":98,"46":98,"47":98,"48":98,"49":98,"50":98,"51":98,"52":98,"53":98,"54":0,"55":0,"56":0,"57":0,"58":0,"59":0,"60":0,"61":0,"62":0,"63":0,"64":0,"65":0,"66":0,"67":0,"68":0,"69":0,"70":0,"71":0,"72":1,"73":1},"f":{"0":0,"1":0,"2":0,"3":0,"4":0,"5":0,"6":0,"7":0,"8":99,"9":0,"10":0,"11":0},"b":{"0":[1,1],"1":[0,0],"2":[0,0],"3":[1,1],"4":[0,0,0,0,0,0],"5":[0,0],"6":[0,0],"7":[0,0],"8":[0,0],"9":[0,0],"10":[0,0],"11":[0,0,0,0,0],"12":[0,0],"13":[0,0],"14":[0,0],"15":[0,0],"16":[0,0,0],"17":[0,0],"18":[0,0],"19":[0,0],"20":[0,0],"21":[0,0],"22":[1,1],"23":[0,0],"24":[0,0],"25":[1,1],"26":[1,1],"27":[1,1],"28":[0,0],"29":[0,0],"30":[0,0],"31":[1,1],"32":[1,1],"33":[0,0],"34":[0,0],"35":[1,1],"36":[74,24],"37":[86,12],"38":[80,18],"39":[90,8],"40":[96,2],"41":[92,6],"42":[0],"43":[0,0],"44":[0,0],"45":[0,0],"46":[0,0],"47":[0,0],"48":[0,0],"49":[0,0],"50":[0],"51":[0,0],"52":[0,0],"53":[0,0],"54":[0,0,0]}}
}
