TN:
SF:src\components\Button.tsx
FN:23,(anonymous_5)
FN:32,(anonymous_6)
FN:40,(anonymous_7)
FN:94,(anonymous_8)
FN:114,(anonymous_9)
FN:139,(anonymous_10)
FN:257,(anonymous_11)
FN:290,(anonymous_12)
FN:301,(anonymous_13)
FN:312,(anonymous_14)
FN:320,(anonymous_15)
FN:339,(anonymous_16)
FN:385,(anonymous_17)
FN:386,(anonymous_18)
FN:387,(anonymous_19)
FN:398,(anonymous_20)
FN:419,(anonymous_21)
FNF:17
FNH:4
FNDA:32,(anonymous_5)
FNDA:8,(anonymous_6)
FNDA:0,(anonymous_7)
FNDA:0,(anonymous_8)
FNDA:0,(anonymous_9)
FNDA:0,(anonymous_10)
FNDA:0,(anonymous_11)
FNDA:0,(anonymous_12)
FNDA:0,(anonymous_13)
FNDA:0,(anonymous_14)
FNDA:0,(anonymous_15)
FNDA:0,(anonymous_16)
FNDA:0,(anonymous_17)
FNDA:0,(anonymous_18)
FNDA:0,(anonymous_19)
FNDA:9,(anonymous_20)
FNDA:119,(anonymous_21)
DA:1,1
DA:2,1
DA:23,1
DA:24,32
DA:25,4
DA:26,4
DA:27,4
DA:29,0
DA:32,1
DA:33,8
DA:34,2
DA:35,2
DA:36,2
DA:38,0
DA:40,1
DA:41,0
DA:58,0
DA:60,1
DA:95,0
DA:96,0
DA:97,0
DA:98,0
DA:102,0
DA:111,0
DA:114,0
DA:140,0
DA:142,0
DA:144,0
DA:152,0
DA:160,0
DA:172,0
DA:180,0
DA:188,0
DA:202,0
DA:214,0
DA:240,0
DA:248,0
DA:258,0
DA:260,0
DA:262,0
DA:264,0
DA:266,0
DA:268,0
DA:270,0
DA:275,1
DA:291,0
DA:292,0
DA:293,0
DA:297,0
DA:302,0
DA:303,0
DA:304,0
DA:305,0
DA:306,0
DA:307,0
DA:308,0
DA:313,0
DA:314,0
DA:315,0
DA:316,0
DA:321,0
DA:322,0
DA:323,0
DA:324,0
DA:325,0
DA:341,0
DA:342,0
DA:343,0
DA:345,0
DA:346,0
DA:347,0
DA:349,0
DA:350,0
DA:352,0
DA:356,0
DA:357,0
DA:358,0
DA:360,0
DA:361,0
DA:362,0
DA:363,0
DA:364,0
DA:365,0
DA:366,0
DA:370,0
DA:380,1
DA:385,0
DA:386,0
DA:387,0
DA:397,1
DA:398,9
DA:399,8
DA:401,8
DA:413,1
DA:418,1
DA:420,119
DA:421,118
DA:422,118
DA:423,118
DA:424,118
DA:425,118
DA:426,118
DA:427,118
DA:428,118
DA:429,118
DA:430,118
DA:431,118
DA:432,118
DA:433,118
DA:436,118
DA:437,16
DA:438,16
DA:440,16
DA:467,102
DA:482,1
DA:489,1
DA:490,1
DA:492,1
LF:118
LH:45
BRDA:24,0,0,28
BRDA:26,1,0,4
BRDA:33,2,0,6
BRDA:35,3,0,2
BRDA:58,4,0,0
BRDA:58,4,1,0
BRDA:58,4,2,0
BRDA:58,5,0,0
BRDA:58,5,1,0
BRDA:58,6,0,0
BRDA:58,6,1,0
BRDA:60,7,0,1
BRDA:60,7,1,1
BRDA:96,8,0,0
BRDA:97,9,0,0
BRDA:97,9,1,0
BRDA:99,10,0,0
BRDA:99,10,1,0
BRDA:99,11,0,0
BRDA:99,11,1,0
BRDA:114,12,0,0
BRDA:114,12,1,0
BRDA:118,13,0,0
BRDA:118,13,1,0
BRDA:119,14,0,0
BRDA:119,14,1,0
BRDA:120,15,0,0
BRDA:120,15,1,0
BRDA:121,16,0,0
BRDA:121,16,1,0
BRDA:140,17,0,0
BRDA:140,18,0,0
BRDA:140,18,1,0
BRDA:142,19,0,0
BRDA:142,19,1,0
BRDA:142,19,2,0
BRDA:142,19,3,0
BRDA:142,19,4,0
BRDA:142,19,5,0
BRDA:142,19,6,0
BRDA:142,19,7,0
BRDA:142,19,8,0
BRDA:142,19,9,0
BRDA:258,20,0,0
BRDA:260,21,0,0
BRDA:260,21,1,0
BRDA:260,21,2,0
BRDA:260,21,3,0
BRDA:260,21,4,0
BRDA:275,22,0,1
BRDA:275,22,1,1
BRDA:292,23,0,0
BRDA:294,24,0,0
BRDA:294,24,1,0
BRDA:302,25,0,0
BRDA:304,26,0,0
BRDA:305,27,0,0
BRDA:306,28,0,0
BRDA:307,29,0,0
BRDA:313,30,0,0
BRDA:315,31,0,0
BRDA:321,32,0,0
BRDA:322,33,0,0
BRDA:324,34,0,0
BRDA:341,35,0,0
BRDA:346,36,0,0
BRDA:349,37,0,0
BRDA:356,38,0,0
BRDA:358,39,0,0
BRDA:360,40,0,0
BRDA:361,41,0,0
BRDA:362,42,0,0
BRDA:363,43,0,0
BRDA:364,44,0,0
BRDA:365,45,0,0
BRDA:380,46,0,1
BRDA:380,46,1,1
BRDA:385,47,0,0
BRDA:385,47,1,0
BRDA:386,48,0,0
BRDA:386,48,1,0
BRDA:387,49,0,0
BRDA:387,49,1,0
BRDA:398,50,0,6
BRDA:398,50,1,2
BRDA:421,51,0,96
BRDA:421,51,1,22
BRDA:422,52,0,104
BRDA:422,52,1,14
BRDA:424,53,0,102
BRDA:424,53,1,16
BRDA:436,54,0,16
BRF:92
BRH:19
end_of_record
TN:
SF:src\components\ConfettiExplosion.tsx
FN:50,(anonymous_13)
FN:55,(anonymous_14)
FN:56,(anonymous_15)
FN:57,(anonymous_16)
FN:58,(anonymous_17)
FN:59,(anonymous_18)
FN:60,(anonymous_19)
FN:65,(anonymous_20)
FN:66,(anonymous_21)
FN:70,(anonymous_22)
FN:76,(anonymous_23)
FN:90,(anonymous_24)
FN:92,(anonymous_25)
FN:121,(anonymous_26)
FN:125,(anonymous_27)
FN:126,(anonymous_28)
FN:142,(anonymous_29)
FN:152,(anonymous_30)
FN:159,(anonymous_31)
FN:174,(anonymous_32)
FNF:20
FNH:1
FNDA:0,(anonymous_13)
FNDA:0,(anonymous_14)
FNDA:0,(anonymous_15)
FNDA:0,(anonymous_16)
FNDA:0,(anonymous_17)
FNDA:0,(anonymous_18)
FNDA:0,(anonymous_19)
FNDA:0,(anonymous_20)
FNDA:0,(anonymous_21)
FNDA:0,(anonymous_22)
FNDA:107,(anonymous_23)
FNDA:0,(anonymous_24)
FNDA:0,(anonymous_25)
FNDA:0,(anonymous_26)
FNDA:0,(anonymous_27)
FNDA:0,(anonymous_28)
FNDA:0,(anonymous_29)
FNDA:0,(anonymous_30)
FNDA:0,(anonymous_31)
FNDA:0,(anonymous_32)
DA:4,1
DA:5,1
DA:44,1
DA:50,0
DA:53,1
DA:55,0
DA:56,0
DA:57,0
DA:58,0
DA:59,0
DA:61,0
DA:65,0
DA:66,0
DA:70,0
DA:76,1
DA:77,107
DA:78,106
DA:79,106
DA:80,106
DA:84,106
DA:85,106
DA:86,106
DA:88,106
DA:90,0
DA:91,0
DA:92,0
DA:93,0
DA:94,0
DA:95,0
DA:96,0
DA:98,0
DA:116,0
DA:121,0
DA:122,0
DA:123,0
DA:125,0
DA:126,0
DA:127,0
DA:129,0
DA:131,0
DA:133,0
DA:142,0
DA:145,0
DA:146,0
DA:150,0
DA:152,0
DA:153,0
DA:154,0
DA:156,0
DA:159,0
DA:160,0
DA:161,0
DA:163,0
DA:166,0
DA:170,0
DA:172,0
DA:174,0
DA:189,1
DA:190,1
LF:59
LH:15
BRDA:44,0,0,1
BRDA:44,0,1,1
BRDA:53,1,0,1
BRDA:53,1,1,1
BRDA:59,2,0,0
BRDA:59,2,1,0
BRDA:61,3,0,0
BRDA:61,3,1,0
BRDA:62,4,0,0
BRDA:62,4,1,0
BRDA:70,5,0,0
BRDA:70,5,1,0
BRDA:78,6,0,92
BRDA:78,6,1,14
BRDA:79,7,0,94
BRDA:79,7,1,12
BRDA:80,8,0,98
BRDA:80,8,1,8
BRDA:84,9,0,94
BRDA:84,9,1,12
BRDA:85,10,0,106
BRDA:85,10,1,0
BRDA:86,11,0,106
BRDA:86,11,1,0
BRDA:91,12,0,0
BRDA:91,12,1,0
BRDA:96,13,0,0
BRDA:96,13,1,0
BRDA:107,14,0,0
BRDA:107,14,1,0
BRDA:122,15,0,0
BRDA:127,16,0,0
BRDA:131,17,0,0
BRDA:145,18,0,0
BRDA:153,19,0,0
BRDA:160,20,0,0
BRDA:170,21,0,0
BRDA:170,22,0,0
BRDA:170,22,1,0
BRF:39
BRH:14
end_of_record
TN:
SF:src\components\Dropdown.tsx
FN:37,(anonymous_11)
FN:38,(anonymous_12)
FN:42,(anonymous_13)
FN:151,(anonymous_14)
FN:199,(anonymous_15)
FN:206,(anonymous_16)
FN:220,(anonymous_17)
FN:224,(anonymous_18)
FN:225,handleClickOutside
FN:235,(anonymous_20)
FN:240,(anonymous_21)
FN:249,(anonymous_22)
FN:268,(anonymous_23)
FN:271,(anonymous_24)
FNF:14
FNH:1
FNDA:0,(anonymous_11)
FNDA:0,(anonymous_12)
FNDA:0,(anonymous_13)
FNDA:0,(anonymous_14)
FNDA:0,(anonymous_15)
FNDA:81,(anonymous_16)
FNDA:0,(anonymous_17)
FNDA:0,(anonymous_18)
FNDA:0,handleClickOutside
FNDA:0,(anonymous_20)
FNDA:0,(anonymous_21)
FNDA:0,(anonymous_22)
FNDA:0,(anonymous_23)
FNDA:0,(anonymous_24)
DA:2,1
DA:3,1
DA:4,1
DA:22,1
DA:27,1
DA:37,0
DA:38,0
DA:43,0
DA:44,0
DA:51,0
DA:53,0
DA:61,0
DA:70,0
DA:79,0
DA:87,0
DA:98,0
DA:108,0
DA:119,0
DA:127,0
DA:138,1
DA:151,0
DA:178,1
DA:199,0
DA:206,1
DA:207,81
DA:208,80
DA:209,80
DA:210,80
DA:211,80
DA:212,80
DA:213,80
DA:215,80
DA:216,0
DA:217,0
DA:219,0
DA:220,0
DA:224,0
DA:226,0
DA:227,0
DA:231,0
DA:232,0
DA:235,0
DA:236,0
DA:240,0
DA:241,0
DA:243,0
DA:244,0
DA:245,0
DA:246,0
DA:249,0
DA:250,0
DA:251,0
DA:255,0
DA:268,0
DA:271,0
DA:283,1
DA:285,1
LF:57
LH:18
BRDA:22,0,0,1
BRDA:22,0,1,1
BRDA:27,1,0,1
BRDA:27,1,1,1
BRDA:37,2,0,0
BRDA:37,2,1,0
BRDA:38,3,0,0
BRDA:38,3,1,0
BRDA:43,4,0,0
BRDA:44,5,0,0
BRDA:44,5,1,0
BRDA:51,6,0,0
BRDA:51,6,1,0
BRDA:51,6,2,0
BRDA:51,6,3,0
BRDA:51,6,4,0
BRDA:51,6,5,0
BRDA:51,6,6,0
BRDA:51,6,7,0
BRDA:51,6,8,0
BRDA:53,7,0,0
BRDA:53,7,1,0
BRDA:61,8,0,0
BRDA:61,8,1,0
BRDA:70,9,0,0
BRDA:70,9,1,0
BRDA:79,10,0,0
BRDA:79,10,1,0
BRDA:87,11,0,0
BRDA:87,11,1,0
BRDA:98,12,0,0
BRDA:98,12,1,0
BRDA:108,13,0,0
BRDA:108,13,1,0
BRDA:119,14,0,0
BRDA:119,14,1,0
BRDA:127,15,0,0
BRDA:127,15,1,0
BRDA:138,16,0,1
BRDA:138,16,1,1
BRDA:151,17,0,0
BRDA:151,17,1,0
BRDA:151,18,0,0
BRDA:151,18,1,0
BRDA:178,19,0,1
BRDA:178,19,1,1
BRDA:199,20,0,0
BRDA:199,20,1,0
BRDA:199,21,0,0
BRDA:199,21,1,0
BRDA:210,22,0,62
BRDA:210,22,1,18
BRDA:211,23,0,78
BRDA:211,23,1,2
BRDA:212,24,0,78
BRDA:212,24,1,2
BRDA:213,25,0,72
BRDA:213,25,1,8
BRDA:219,26,0,0
BRDA:219,26,1,0
BRDA:226,27,0,0
BRDA:226,28,0,0
BRDA:226,28,1,0
BRDA:231,29,0,0
BRDA:241,30,0,0
BRDA:244,31,0,0
BRDA:250,32,0,0
BRDA:263,33,0,0
BRDA:263,33,1,0
BRDA:263,34,0,0
BRDA:263,34,1,0
BRDA:263,35,0,0
BRDA:263,35,1,0
BRDA:266,36,0,0
BRDA:266,36,1,0
BRDA:266,36,2,0
BRF:76
BRH:16
end_of_record
TN:
SF:src\components\FormContainer.tsx
FN:35,(anonymous_2)
FNF:1
FNH:1
FNDA:85,(anonymous_2)
DA:1,1
DA:2,1
DA:10,1
DA:35,1
DA:36,85
DA:37,84
DA:38,84
DA:40,84
DA:50,1
DA:52,1
LF:10
LH:10
BRDA:10,0,0,1
BRDA:10,0,1,1
BRDA:38,1,0,78
BRDA:38,1,1,6
BRF:4
BRH:4
end_of_record
TN:
SF:src\components\Modal.tsx
FN:84,(anonymous_11)
FN:151,(anonymous_12)
FN:152,(anonymous_13)
FN:159,(anonymous_14)
FN:163,(anonymous_15)
FN:293,(anonymous_16)
FN:298,(anonymous_17)
FN:302,(anonymous_18)
FN:307,(anonymous_19)
FN:311,Modal
FN:331,(anonymous_21)
FN:333,(anonymous_22)
FN:335,(anonymous_23)
FN:339,(anonymous_24)
FN:345,(anonymous_25)
FN:365,(anonymous_26)
FNF:16
FNH:1
FNDA:0,(anonymous_11)
FNDA:0,(anonymous_12)
FNDA:0,(anonymous_13)
FNDA:0,(anonymous_14)
FNDA:0,(anonymous_15)
FNDA:0,(anonymous_16)
FNDA:0,(anonymous_17)
FNDA:0,(anonymous_18)
FNDA:0,(anonymous_19)
FNDA:123,Modal
FNDA:0,(anonymous_21)
FNDA:0,(anonymous_22)
FNDA:0,(anonymous_23)
FNDA:0,(anonymous_24)
FNDA:0,(anonymous_25)
FNDA:0,(anonymous_26)
DA:3,1
DA:4,1
DA:5,1
DA:6,1
DA:36,1
DA:45,1
DA:54,1
DA:66,1
DA:74,1
DA:85,0
DA:87,0
DA:92,0
DA:97,0
DA:102,0
DA:107,0
DA:112,0
DA:117,0
DA:122,0
DA:127,0
DA:135,1
DA:151,0
DA:153,0
DA:154,0
DA:156,0
DA:159,0
DA:163,0
DA:168,1
DA:177,1
DA:184,1
DA:191,1
DA:195,1
DA:204,1
DA:211,1
DA:231,1
DA:254,1
DA:263,1
DA:287,1
DA:293,0
DA:298,0
DA:302,0
DA:307,0
DA:311,1
DA:312,123
DA:313,122
DA:314,122
DA:315,122
DA:316,122
DA:317,122
DA:318,122
DA:319,122
DA:320,122
DA:321,122
DA:322,122
DA:323,122
DA:324,122
DA:325,122
DA:326,122
DA:328,122
DA:331,122
DA:332,0
DA:333,0
DA:334,0
DA:335,0
DA:339,0
DA:340,0
DA:341,0
DA:343,0
DA:345,0
DA:346,0
DA:350,0
DA:352,0
DA:365,0
DA:418,1
DA:419,1
LF:74
LH:41
BRDA:45,0,0,1
BRDA:45,0,1,1
BRDA:54,1,0,1
BRDA:54,1,1,1
BRDA:66,2,0,1
BRDA:66,2,1,1
BRDA:74,3,0,1
BRDA:74,3,1,1
BRDA:85,4,0,0
BRDA:85,4,1,0
BRDA:85,4,2,0
BRDA:85,4,3,0
BRDA:85,4,4,0
BRDA:85,4,5,0
BRDA:85,4,6,0
BRDA:85,4,7,0
BRDA:85,4,8,0
BRDA:87,5,0,0
BRDA:87,5,1,0
BRDA:92,6,0,0
BRDA:92,6,1,0
BRDA:97,7,0,0
BRDA:97,7,1,0
BRDA:102,8,0,0
BRDA:102,8,1,0
BRDA:107,9,0,0
BRDA:107,9,1,0
BRDA:112,10,0,0
BRDA:112,10,1,0
BRDA:117,11,0,0
BRDA:117,11,1,0
BRDA:122,12,0,0
BRDA:122,12,1,0
BRDA:127,13,0,0
BRDA:127,13,1,0
BRDA:135,14,0,1
BRDA:135,14,1,1
BRDA:153,15,0,0
BRDA:154,16,0,0
BRDA:154,16,1,0
BRDA:156,17,0,0
BRDA:156,17,1,0
BRDA:156,18,0,0
BRDA:156,18,1,0
BRDA:159,19,0,0
BRDA:159,19,1,0
BRDA:159,19,2,0
BRDA:159,20,0,0
BRDA:159,20,1,0
BRDA:163,21,0,0
BRDA:163,21,1,0
BRDA:163,22,0,0
BRDA:163,22,1,0
BRDA:164,23,0,0
BRDA:164,23,1,0
BRDA:168,24,0,1
BRDA:168,24,1,1
BRDA:177,25,0,1
BRDA:177,25,1,1
BRDA:184,26,0,1
BRDA:184,26,1,1
BRDA:191,27,0,1
BRDA:191,27,1,1
BRDA:195,28,0,1
BRDA:195,28,1,1
BRDA:204,29,0,1
BRDA:204,29,1,1
BRDA:211,30,0,1
BRDA:211,30,1,1
BRDA:231,31,0,1
BRDA:231,31,1,1
BRDA:254,32,0,1
BRDA:254,32,1,1
BRDA:263,33,0,1
BRDA:263,33,1,1
BRDA:287,34,0,1
BRDA:287,34,1,1
BRDA:293,35,0,0
BRDA:293,35,1,0
BRDA:298,36,0,0
BRDA:298,36,1,0
BRDA:302,37,0,0
BRDA:302,37,1,0
BRDA:307,38,0,0
BRDA:307,38,1,0
BRDA:317,39,0,120
BRDA:317,39,1,2
BRDA:324,40,0,122
BRDA:324,40,1,0
BRDA:325,41,0,102
BRDA:325,41,1,20
BRDA:326,42,0,114
BRDA:326,42,1,8
BRDA:328,43,0,122
BRDA:328,43,1,0
BRDA:328,44,0,122
BRDA:328,44,1,122
BRDA:328,45,0,4
BRDA:328,45,1,118
BRDA:328,46,0,122
BRDA:328,46,1,122
BRDA:332,47,0,0
BRDA:333,48,0,0
BRDA:333,48,1,0
BRDA:340,49,0,0
BRDA:340,49,1,0
BRDA:350,50,0,0
BRDA:358,51,0,0
BRDA:358,51,1,0
BRDA:370,52,0,0
BRDA:370,52,1,0
BRDA:376,53,0,0
BRDA:376,53,1,0
BRDA:377,54,0,0
BRDA:377,54,1,0
BRDA:390,55,0,0
BRDA:390,55,1,0
BRDA:390,55,2,0
BRDA:392,56,0,0
BRDA:392,56,1,0
BRDA:397,57,0,0
BRDA:397,57,1,0
BRDA:397,58,0,0
BRDA:397,58,1,0
BRDA:401,59,0,0
BRDA:401,59,1,0
BRDA:407,60,0,0
BRDA:407,60,1,0
BRDA:407,61,0,0
BRDA:407,61,1,0
BRF:130
BRH:46
end_of_record
TN:
SF:src\components\RealisticConfetti.tsx
FN:53,(anonymous_13)
FN:83,(anonymous_14)
FN:84,(anonymous_15)
FN:85,(anonymous_16)
FN:86,(anonymous_17)
FN:87,(anonymous_18)
FN:88,(anonymous_19)
FN:92,(anonymous_20)
FN:95,(anonymous_21)
FN:110,(anonymous_22)
FN:112,(anonymous_23)
FN:139,(anonymous_24)
FN:143,(anonymous_25)
FN:144,(anonymous_26)
FN:171,(anonymous_27)
FN:181,(anonymous_28)
FN:195,(anonymous_29)
FNF:17
FNH:1
FNDA:0,(anonymous_13)
FNDA:0,(anonymous_14)
FNDA:0,(anonymous_15)
FNDA:0,(anonymous_16)
FNDA:0,(anonymous_17)
FNDA:0,(anonymous_18)
FNDA:0,(anonymous_19)
FNDA:0,(anonymous_20)
FNDA:79,(anonymous_21)
FNDA:0,(anonymous_22)
FNDA:0,(anonymous_23)
FNDA:0,(anonymous_24)
FNDA:0,(anonymous_25)
FNDA:0,(anonymous_26)
FNDA:0,(anonymous_27)
FNDA:0,(anonymous_28)
FNDA:0,(anonymous_29)
DA:4,1
DA:5,1
DA:6,1
DA:44,1
DA:53,1
DA:54,0
DA:56,0
DA:61,0
DA:66,0
DA:77,0
DA:81,1
DA:83,0
DA:84,0
DA:85,0
DA:86,0
DA:87,0
DA:88,0
DA:92,0
DA:95,1
DA:96,79
DA:97,78
DA:98,78
DA:99,78
DA:103,78
DA:104,78
DA:106,78
DA:107,0
DA:108,0
DA:110,0
DA:111,0
DA:112,0
DA:113,0
DA:114,0
DA:115,0
DA:116,0
DA:118,0
DA:136,0
DA:137,0
DA:139,0
DA:140,0
DA:141,0
DA:143,0
DA:144,0
DA:145,0
DA:147,0
DA:150,0
DA:151,0
DA:152,0
DA:153,0
DA:156,0
DA:157,0
DA:158,0
DA:161,0
DA:171,0
DA:174,0
DA:175,0
DA:179,0
DA:181,0
DA:182,0
DA:183,0
DA:187,0
DA:191,0
DA:193,0
DA:195,0
DA:211,1
DA:212,1
LF:66
LH:16
BRDA:44,0,0,1
BRDA:44,0,1,1
BRDA:54,1,0,0
BRDA:54,1,1,0
BRDA:54,1,2,0
BRDA:54,1,3,0
BRDA:56,2,0,0
BRDA:56,2,1,0
BRDA:61,3,0,0
BRDA:61,3,1,0
BRDA:66,4,0,0
BRDA:66,4,1,0
BRDA:77,5,0,0
BRDA:77,5,1,0
BRDA:81,6,0,1
BRDA:81,6,1,1
BRDA:97,7,0,28
BRDA:97,7,1,50
BRDA:98,8,0,70
BRDA:98,8,1,8
BRDA:99,9,0,74
BRDA:99,9,1,4
BRDA:103,10,0,72
BRDA:103,10,1,6
BRDA:104,11,0,72
BRDA:104,11,1,6
BRDA:111,12,0,0
BRDA:111,12,1,0
BRDA:116,13,0,0
BRDA:116,13,1,0
BRDA:122,14,0,0
BRDA:122,14,1,0
BRDA:141,15,0,0
BRDA:141,15,1,0
BRDA:147,16,0,0
BRDA:156,17,0,0
BRDA:156,18,0,0
BRDA:156,18,1,0
BRDA:174,19,0,0
BRDA:182,20,0,0
BRDA:191,21,0,0
BRDA:191,22,0,0
BRDA:191,22,1,0
BRF:43
BRH:14
end_of_record
TN:
SF:src\components\Spinner.tsx
FN:79,(anonymous_2)
FN:79,(anonymous_3)
FN:80,(anonymous_4)
FN:81,(anonymous_5)
FN:81,(anonymous_6)
FN:82,(anonymous_7)
FN:83,(anonymous_8)
FN:84,(anonymous_9)
FN:87,(anonymous_10)
FN:124,(anonymous_11)
FN:125,(anonymous_12)
FN:137,(anonymous_13)
FN:138,(anonymous_14)
FN:139,(anonymous_15)
FN:140,(anonymous_16)
FN:141,(anonymous_17)
FN:142,(anonymous_18)
FN:144,(anonymous_19)
FN:145,(anonymous_20)
FN:148,(anonymous_21)
FN:162,(anonymous_22)
FN:204,(anonymous_23)
FN:221,(anonymous_24)
FN:277,(anonymous_25)
FN:278,(anonymous_26)
FN:279,(anonymous_27)
FN:282,(anonymous_28)
FN:283,(anonymous_29)
FN:283,(anonymous_30)
FN:286,(anonymous_31)
FN:297,(anonymous_32)
FN:332,(anonymous_33)
FN:333,(anonymous_34)
FN:334,(anonymous_35)
FN:337,(anonymous_36)
FN:338,(anonymous_37)
FN:338,(anonymous_38)
FN:341,(anonymous_39)
FN:353,(anonymous_40)
FN:449,(anonymous_41)
FN:456,(anonymous_42)
FNF:41
FNH:9
FNDA:0,(anonymous_2)
FNDA:0,(anonymous_3)
FNDA:0,(anonymous_4)
FNDA:0,(anonymous_5)
FNDA:0,(anonymous_6)
FNDA:0,(anonymous_7)
FNDA:0,(anonymous_8)
FNDA:0,(anonymous_9)
FNDA:39,(anonymous_10)
FNDA:0,(anonymous_11)
FNDA:0,(anonymous_12)
FNDA:0,(anonymous_13)
FNDA:0,(anonymous_14)
FNDA:0,(anonymous_15)
FNDA:0,(anonymous_16)
FNDA:0,(anonymous_17)
FNDA:0,(anonymous_18)
FNDA:0,(anonymous_19)
FNDA:0,(anonymous_20)
FNDA:25,(anonymous_21)
FNDA:36,(anonymous_22)
FNDA:0,(anonymous_23)
FNDA:20,(anonymous_24)
FNDA:0,(anonymous_25)
FNDA:0,(anonymous_26)
FNDA:0,(anonymous_27)
FNDA:0,(anonymous_28)
FNDA:0,(anonymous_29)
FNDA:0,(anonymous_30)
FNDA:31,(anonymous_31)
FNDA:120,(anonymous_32)
FNDA:0,(anonymous_33)
FNDA:0,(anonymous_34)
FNDA:0,(anonymous_35)
FNDA:0,(anonymous_36)
FNDA:0,(anonymous_37)
FNDA:0,(anonymous_38)
FNDA:23,(anonymous_39)
FNDA:114,(anonymous_40)
FNDA:0,(anonymous_41)
FNDA:23,(anonymous_42)
DA:3,1
DA:4,1
DA:5,1
DA:11,1
DA:16,1
DA:22,1
DA:33,1
DA:44,1
DA:53,1
DA:78,1
DA:79,0
DA:80,0
DA:81,0
DA:82,0
DA:83,0
DA:84,0
DA:87,1
DA:88,39
DA:89,38
DA:90,38
DA:91,38
DA:92,38
DA:93,38
DA:95,38
DA:122,1
DA:124,0
DA:125,0
DA:128,1
DA:137,0
DA:138,0
DA:139,0
DA:140,0
DA:141,0
DA:142,0
DA:144,0
DA:145,0
DA:148,1
DA:149,25
DA:150,24
DA:151,24
DA:152,24
DA:154,24
DA:156,24
DA:163,36
DA:164,36
DA:165,36
DA:167,36
DA:198,1
DA:204,0
DA:208,1
DA:215,1
DA:221,1
DA:222,20
DA:223,19
DA:224,19
DA:225,19
DA:226,19
DA:227,19
DA:228,19
DA:230,19
DA:232,18
DA:265,1
DA:270,1
DA:277,0
DA:278,0
DA:279,0
DA:282,0
DA:283,0
DA:286,1
DA:287,31
DA:288,30
DA:289,30
DA:290,30
DA:291,30
DA:293,30
DA:295,30
DA:297,120
DA:325,1
DA:332,0
DA:333,0
DA:334,0
DA:337,0
DA:338,0
DA:341,1
DA:342,23
DA:343,22
DA:344,22
DA:345,22
DA:346,22
DA:348,22
DA:349,22
DA:351,22
DA:353,114
DA:380,1
DA:390,1
DA:398,1
DA:404,1
DA:412,1
DA:416,1
DA:420,1
DA:426,1
DA:435,1
DA:441,1
DA:447,1
DA:449,0
DA:456,1
DA:457,23
DA:458,22
DA:459,22
DA:460,22
DA:462,22
DA:496,1
DA:497,1
DA:498,1
DA:499,1
DA:500,1
DA:501,1
DA:504,1
DA:505,1
DA:506,1
DA:507,1
DA:508,1
DA:509,1
LF:123
LH:95
BRDA:11,0,0,1
BRDA:11,0,1,1
BRDA:16,1,0,1
BRDA:16,1,1,1
BRDA:22,2,0,1
BRDA:22,2,1,1
BRDA:33,3,0,1
BRDA:33,3,1,1
BRDA:44,4,0,1
BRDA:44,4,1,1
BRDA:53,5,0,1
BRDA:53,5,1,1
BRDA:78,6,0,1
BRDA:78,6,1,1
BRDA:80,7,0,0
BRDA:80,7,1,0
BRDA:88,8,0,28
BRDA:88,8,1,10
BRDA:89,9,0,36
BRDA:89,9,1,2
BRDA:90,10,0,34
BRDA:90,10,1,4
BRDA:91,11,0,36
BRDA:91,11,1,2
BRDA:92,12,0,36
BRDA:92,12,1,2
BRDA:93,13,0,36
BRDA:93,13,1,2
BRDA:122,14,0,1
BRDA:122,14,1,1
BRDA:128,15,0,1
BRDA:128,15,1,1
BRDA:149,16,0,22
BRDA:149,16,1,2
BRDA:150,17,0,22
BRDA:150,17,1,2
BRDA:151,18,0,22
BRDA:151,18,1,2
BRDA:152,19,0,18
BRDA:152,19,1,6
BRDA:198,20,0,1
BRDA:198,20,1,1
BRDA:208,21,0,1
BRDA:208,21,1,1
BRDA:215,22,0,1
BRDA:215,22,1,1
BRDA:222,23,0,0
BRDA:222,23,1,19
BRDA:223,24,0,17
BRDA:223,24,1,2
BRDA:224,25,0,19
BRDA:224,25,1,0
BRDA:225,26,0,17
BRDA:225,26,1,2
BRDA:226,27,0,17
BRDA:226,27,1,2
BRDA:227,28,0,17
BRDA:227,28,1,2
BRDA:228,29,0,17
BRDA:228,29,1,2
BRDA:230,30,0,1
BRDA:265,31,0,1
BRDA:265,31,1,1
BRDA:270,32,0,1
BRDA:270,32,1,1
BRDA:287,33,0,28
BRDA:287,33,1,2
BRDA:288,34,0,28
BRDA:288,34,1,2
BRDA:289,35,0,28
BRDA:289,35,1,2
BRDA:290,36,0,28
BRDA:290,36,1,2
BRDA:291,37,0,22
BRDA:291,37,1,8
BRDA:303,38,0,30
BRDA:303,38,1,90
BRDA:325,39,0,1
BRDA:325,39,1,1
BRDA:342,40,0,20
BRDA:342,40,1,2
BRDA:343,41,0,20
BRDA:343,41,1,2
BRDA:344,42,0,20
BRDA:344,42,1,2
BRDA:345,43,0,20
BRDA:345,43,1,2
BRDA:346,44,0,20
BRDA:346,44,1,2
BRDA:359,45,0,22
BRDA:359,45,1,92
BRDA:380,46,0,1
BRDA:380,46,1,1
BRDA:390,47,0,1
BRDA:390,47,1,1
BRDA:398,48,0,1
BRDA:398,48,1,1
BRDA:404,49,0,1
BRDA:404,49,1,1
BRDA:412,50,0,1
BRDA:412,50,1,1
BRDA:416,51,0,1
BRDA:416,51,1,1
BRDA:420,52,0,1
BRDA:420,52,1,1
BRDA:426,53,0,1
BRDA:426,53,1,1
BRDA:435,54,0,1
BRDA:435,54,1,1
BRDA:441,55,0,1
BRDA:441,55,1,1
BRDA:447,56,0,1
BRDA:447,56,1,1
BRDA:457,57,0,0
BRDA:457,57,1,22
BRDA:458,58,0,20
BRDA:458,58,1,2
BRDA:459,59,0,18
BRDA:459,59,1,4
BRDA:460,60,0,20
BRDA:460,60,1,2
BRDA:465,61,0,22
BRDA:465,61,1,14
BRDA:468,62,0,22
BRDA:468,62,1,8
BRDA:473,63,0,14
BRDA:473,63,1,8
BRDA:481,64,0,14
BRDA:481,64,1,8
BRF:129
BRH:124
end_of_record
TN:
SF:src\components\TabedInterface.tsx
FN:57,(anonymous_11)
FN:88,(anonymous_12)
FN:135,(anonymous_13)
FN:136,(anonymous_14)
FN:144,(anonymous_15)
FN:148,(anonymous_16)
FN:323,(anonymous_17)
FN:383,(anonymous_18)
FN:414,(anonymous_19)
FN:449,(anonymous_20)
FN:455,(anonymous_21)
FN:470,(anonymous_22)
FN:494,(anonymous_23)
FN:499,(anonymous_24)
FN:504,(anonymous_25)
FN:509,(anonymous_26)
FN:514,(anonymous_27)
FN:519,(anonymous_28)
FN:534,(anonymous_29)
FN:549,(anonymous_30)
FN:556,(anonymous_31)
FN:566,(anonymous_32)
FN:579,(anonymous_33)
FN:586,(anonymous_34)
FN:588,(anonymous_35)
FN:612,(anonymous_36)
FNF:26
FNH:1
FNDA:0,(anonymous_11)
FNDA:0,(anonymous_12)
FNDA:0,(anonymous_13)
FNDA:0,(anonymous_14)
FNDA:0,(anonymous_15)
FNDA:0,(anonymous_16)
FNDA:0,(anonymous_17)
FNDA:0,(anonymous_18)
FNDA:0,(anonymous_19)
FNDA:0,(anonymous_20)
FNDA:0,(anonymous_21)
FNDA:107,(anonymous_22)
FNDA:0,(anonymous_23)
FNDA:0,(anonymous_24)
FNDA:0,(anonymous_25)
FNDA:0,(anonymous_26)
FNDA:0,(anonymous_27)
FNDA:0,(anonymous_28)
FNDA:0,(anonymous_29)
FNDA:0,(anonymous_30)
FNDA:0,(anonymous_31)
FNDA:0,(anonymous_32)
FNDA:0,(anonymous_33)
FNDA:0,(anonymous_34)
FNDA:0,(anonymous_35)
FNDA:0,(anonymous_36)
DA:3,2
DA:4,2
DA:5,2
DA:40,2
DA:45,2
DA:57,2
DA:58,0
DA:60,0
DA:62,0
DA:63,0
DA:64,0
DA:65,0
DA:66,0
DA:67,0
DA:68,0
DA:69,0
DA:71,0
DA:75,2
DA:89,0
DA:91,0
DA:98,0
DA:106,0
DA:117,2
DA:135,0
DA:136,0
DA:144,0
DA:149,0
DA:151,0
DA:153,0
DA:166,0
DA:184,0
DA:205,0
DA:223,0
DA:241,0
DA:260,0
DA:281,0
DA:297,0
DA:313,2
DA:324,0
DA:325,0
DA:328,0
DA:329,0
DA:340,0
DA:353,2
DA:361,2
DA:368,2
DA:374,2
DA:383,0
DA:393,2
DA:404,2
DA:414,0
DA:427,2
DA:436,2
DA:446,2
DA:449,0
DA:452,2
DA:455,0
DA:470,2
DA:471,107
DA:472,106
DA:473,106
DA:474,106
DA:475,106
DA:476,106
DA:477,106
DA:478,106
DA:479,106
DA:480,106
DA:481,106
DA:482,106
DA:483,106
DA:484,106
DA:485,106
DA:487,106
DA:488,0
DA:490,0
DA:491,0
DA:492,0
DA:494,0
DA:495,0
DA:496,0
DA:497,0
DA:499,0
DA:500,0
DA:504,0
DA:505,0
DA:506,0
DA:509,0
DA:510,0
DA:511,0
DA:514,0
DA:515,0
DA:516,0
DA:519,0
DA:520,0
DA:521,0
DA:522,0
DA:523,0
DA:526,0
DA:527,0
DA:529,0
DA:530,0
DA:531,0
DA:534,0
DA:535,0
DA:536,0
DA:537,0
DA:538,0
DA:539,0
DA:540,0
DA:542,0
DA:545,0
DA:546,0
DA:549,0
DA:550,0
DA:551,0
DA:555,0
DA:557,0
DA:558,0
DA:559,0
DA:561,0
DA:567,0
DA:568,0
DA:575,0
DA:579,0
DA:586,0
DA:588,0
DA:611,0
DA:613,0
DA:614,0
DA:623,0
DA:624,0
DA:632,0
DA:649,2
DA:650,2
LF:135
LH:38
BRDA:40,0,0,2
BRDA:40,0,1,2
BRDA:45,1,0,2
BRDA:45,1,1,2
BRDA:58,2,0,0
BRDA:62,3,0,0
BRDA:62,4,0,0
BRDA:62,4,1,0
BRDA:64,5,0,0
BRDA:66,6,0,0
BRDA:66,7,0,0
BRDA:66,7,1,0
BRDA:68,8,0,0
BRDA:75,9,0,2
BRDA:75,9,1,2
BRDA:89,10,0,0
BRDA:89,10,1,0
BRDA:89,10,2,0
BRDA:91,11,0,0
BRDA:91,11,1,0
BRDA:98,12,0,0
BRDA:98,12,1,0
BRDA:106,13,0,0
BRDA:106,13,1,0
BRDA:117,14,0,2
BRDA:117,14,1,2
BRDA:136,15,0,0
BRDA:136,15,1,0
BRDA:144,16,0,0
BRDA:144,16,1,0
BRDA:144,17,0,0
BRDA:144,17,1,0
BRDA:151,18,0,0
BRDA:151,18,1,0
BRDA:151,18,2,0
BRDA:151,18,3,0
BRDA:151,18,4,0
BRDA:151,18,5,0
BRDA:151,18,6,0
BRDA:151,18,7,0
BRDA:151,18,8,0
BRDA:153,19,0,0
BRDA:153,19,1,0
BRDA:154,20,0,0
BRDA:154,20,1,0
BRDA:157,21,0,0
BRDA:157,21,1,0
BRDA:166,22,0,0
BRDA:166,22,1,0
BRDA:168,23,0,0
BRDA:168,23,1,0
BRDA:169,24,0,0
BRDA:169,24,1,0
BRDA:174,25,0,0
BRDA:174,25,1,0
BRDA:184,26,0,0
BRDA:184,26,1,0
BRDA:187,27,0,0
BRDA:187,27,1,0
BRDA:188,28,0,0
BRDA:188,28,1,0
BRDA:194,29,0,0
BRDA:194,29,1,0
BRDA:205,30,0,0
BRDA:205,30,1,0
BRDA:207,31,0,0
BRDA:207,31,1,0
BRDA:208,32,0,0
BRDA:208,32,1,0
BRDA:213,33,0,0
BRDA:213,33,1,0
BRDA:223,34,0,0
BRDA:223,34,1,0
BRDA:225,35,0,0
BRDA:225,35,1,0
BRDA:226,36,0,0
BRDA:226,36,1,0
BRDA:231,37,0,0
BRDA:231,37,1,0
BRDA:241,38,0,0
BRDA:241,38,1,0
BRDA:243,39,0,0
BRDA:243,39,1,0
BRDA:244,40,0,0
BRDA:244,40,1,0
BRDA:249,41,0,0
BRDA:249,41,1,0
BRDA:260,42,0,0
BRDA:260,42,1,0
BRDA:264,43,0,0
BRDA:264,43,1,0
BRDA:265,44,0,0
BRDA:265,44,1,0
BRDA:270,45,0,0
BRDA:270,45,1,0
BRDA:281,46,0,0
BRDA:281,46,1,0
BRDA:283,47,0,0
BRDA:283,47,1,0
BRDA:284,48,0,0
BRDA:284,48,1,0
BRDA:288,49,0,0
BRDA:288,49,1,0
BRDA:297,50,0,0
BRDA:297,50,1,0
BRDA:298,51,0,0
BRDA:298,51,1,0
BRDA:301,52,0,0
BRDA:301,52,1,0
BRDA:313,53,0,2
BRDA:313,53,1,2
BRDA:324,54,0,0
BRDA:325,55,0,0
BRDA:325,55,1,0
BRDA:328,56,0,0
BRDA:329,57,0,0
BRDA:329,57,1,0
BRDA:336,58,0,0
BRDA:336,58,1,0
BRDA:340,59,0,0
BRDA:340,59,1,0
BRDA:347,60,0,0
BRDA:347,60,1,0
BRDA:353,61,0,2
BRDA:353,61,1,2
BRDA:361,62,0,2
BRDA:361,62,1,2
BRDA:368,63,0,2
BRDA:368,63,1,2
BRDA:374,64,0,2
BRDA:374,64,1,2
BRDA:393,65,0,2
BRDA:393,65,1,2
BRDA:404,66,0,2
BRDA:404,66,1,2
BRDA:414,67,0,0
BRDA:414,67,1,0
BRDA:415,68,0,0
BRDA:415,68,1,0
BRDA:419,69,0,0
BRDA:419,69,1,0
BRDA:427,70,0,2
BRDA:427,70,1,2
BRDA:436,71,0,2
BRDA:436,71,1,2
BRDA:446,72,0,2
BRDA:446,72,1,2
BRDA:452,73,0,2
BRDA:452,73,1,2
BRDA:455,74,0,0
BRDA:455,74,1,0
BRDA:456,75,0,0
BRDA:456,75,1,0
BRDA:461,76,0,0
BRDA:461,76,1,0
BRDA:472,77,0,86
BRDA:472,77,1,20
BRDA:474,78,0,94
BRDA:474,78,1,12
BRDA:476,79,0,100
BRDA:476,79,1,6
BRDA:477,80,0,102
BRDA:477,80,1,4
BRDA:478,81,0,90
BRDA:478,81,1,16
BRDA:479,82,0,104
BRDA:479,82,1,2
BRDA:490,83,0,0
BRDA:490,83,1,0
BRDA:490,84,0,0
BRDA:490,84,1,0
BRDA:495,85,0,0
BRDA:500,86,0,0
BRDA:500,86,1,0
BRDA:500,87,0,0
BRDA:500,87,1,0
BRDA:506,88,0,0
BRDA:506,88,1,0
BRDA:506,89,0,0
BRDA:506,89,1,0
BRDA:510,90,0,0
BRDA:515,91,0,0
BRDA:520,92,0,0
BRDA:521,93,0,0
BRDA:529,94,0,0
BRDA:536,95,0,0
BRDA:537,96,0,0
BRDA:537,96,1,0
BRDA:538,97,0,0
BRDA:538,98,0,0
BRDA:538,98,1,0
BRDA:539,99,0,0
BRDA:540,100,0,0
BRDA:540,101,0,0
BRDA:540,101,1,0
BRDA:545,102,0,0
BRDA:545,102,1,0
BRDA:545,103,0,0
BRDA:545,103,1,0
BRDA:550,104,0,0
BRDA:558,105,0,0
BRDA:558,105,1,0
BRDA:559,106,0,0
BRDA:559,106,1,0
BRDA:561,107,0,0
BRDA:561,107,1,0
BRDA:568,108,0,0
BRDA:568,108,1,0
BRDA:568,109,0,0
BRDA:568,109,1,0
BRDA:593,110,0,0
BRDA:593,110,1,0
BRDA:594,111,0,0
BRDA:594,111,1,0
BRDA:597,112,0,0
BRDA:597,112,1,0
BRDA:623,113,0,0
BRDA:634,114,0,0
BRDA:634,114,1,0
BRF:219
BRH:42
end_of_record
TN:
SF:src\components\Table.tsx
FN:90,(anonymous_11)
FN:94,(anonymous_12)
FN:119,(anonymous_13)
FN:124,(anonymous_14)
FN:128,(anonymous_15)
FN:347,(anonymous_16)
FN:370,(anonymous_17)
FN:374,(anonymous_18)
FN:375,(anonymous_19)
FN:430,(anonymous_20)
FN:476,(anonymous_21)
FN:490,(anonymous_22)
FN:496,(anonymous_23)
FN:505,(anonymous_24)
FN:526,(anonymous_26)
FN:545,(anonymous_27)
FN:557,(anonymous_28)
FN:570,(anonymous_29)
FN:579,(anonymous_30)
FN:587,(anonymous_31)
FN:592,(anonymous_32)
FN:633,(anonymous_33)
FN:637,(anonymous_34)
FN:649,(anonymous_35)
FN:654,(anonymous_36)
FN:672,(anonymous_37)
FN:689,(anonymous_38)
FN:698,(anonymous_39)
FN:701,(anonymous_40)
FN:705,(anonymous_41)
FN:717,(anonymous_42)
FN:722,(anonymous_43)
FN:741,(anonymous_44)
FN:743,(anonymous_45)
FN:852,(anonymous_46)
FNF:35
FNH:1
FNDA:0,(anonymous_11)
FNDA:0,(anonymous_12)
FNDA:0,(anonymous_13)
FNDA:0,(anonymous_14)
FNDA:0,(anonymous_15)
FNDA:0,(anonymous_16)
FNDA:0,(anonymous_17)
FNDA:0,(anonymous_18)
FNDA:0,(anonymous_19)
FNDA:95,(anonymous_20)
FNDA:0,(anonymous_21)
FNDA:0,(anonymous_22)
FNDA:0,(anonymous_23)
FNDA:0,(anonymous_24)
FNDA:0,(anonymous_26)
FNDA:0,(anonymous_27)
FNDA:0,(anonymous_28)
FNDA:0,(anonymous_29)
FNDA:0,(anonymous_30)
FNDA:0,(anonymous_31)
FNDA:0,(anonymous_32)
FNDA:0,(anonymous_33)
FNDA:0,(anonymous_34)
FNDA:0,(anonymous_35)
FNDA:0,(anonymous_36)
FNDA:0,(anonymous_37)
FNDA:0,(anonymous_38)
FNDA:0,(anonymous_39)
FNDA:0,(anonymous_40)
FNDA:0,(anonymous_41)
FNDA:0,(anonymous_42)
FNDA:0,(anonymous_43)
FNDA:0,(anonymous_44)
FNDA:0,(anonymous_45)
FNDA:0,(anonymous_46)
DA:3,1
DA:4,1
DA:9,1
DA:10,1
DA:63,1
DA:71,1
DA:76,1
DA:80,1
DA:82,1
DA:90,0
DA:94,0
DA:99,1
DA:101,1
DA:119,0
DA:124,0
DA:128,0
DA:133,1
DA:137,1
DA:149,1
DA:153,1
DA:158,1
DA:164,1
DA:168,1
DA:175,1
DA:182,1
DA:201,1
DA:208,1
DA:210,1
DA:216,1
DA:223,1
DA:232,1
DA:238,1
DA:244,1
DA:269,1
DA:290,1
DA:314,1
DA:321,1
DA:341,1
DA:348,0
DA:349,0
DA:350,0
DA:354,1
DA:362,1
DA:370,0
DA:374,0
DA:375,0
DA:383,1
DA:389,1
DA:404,1
DA:410,1
DA:430,1
DA:431,95
DA:432,94
DA:434,94
DA:435,94
DA:436,94
DA:437,94
DA:438,94
DA:439,94
DA:440,94
DA:441,94
DA:442,94
DA:443,94
DA:444,94
DA:446,94
DA:447,94
DA:448,94
DA:449,94
DA:450,94
DA:452,94
DA:453,94
DA:454,94
DA:456,94
DA:457,94
DA:458,94
DA:460,94
DA:461,94
DA:462,94
DA:464,94
DA:469,0
DA:470,0
DA:474,0
DA:476,0
DA:477,0
DA:480,0
DA:484,0
DA:490,0
DA:491,0
DA:492,0
DA:493,0
DA:496,0
DA:497,0
DA:499,0
DA:500,0
DA:502,0
DA:505,0
DA:513,0
DA:514,0
DA:519,0
DA:520,0
DA:522,0
DA:523,0
DA:526,0
DA:535,0
DA:536,0
DA:541,0
DA:542,0
DA:545,0
DA:554,0
DA:557,0
DA:558,0
DA:560,0
DA:566,0
DA:570,0
DA:579,0
DA:588,0
DA:589,0
DA:592,0
DA:607,0
DA:609,0
DA:634,0
DA:637,0
DA:649,0
DA:654,0
DA:672,0
DA:690,0
DA:692,0
DA:698,0
DA:699,0
DA:700,0
DA:701,0
DA:702,0
DA:704,0
DA:705,0
DA:706,0
DA:707,0
DA:708,0
DA:710,0
DA:712,0
DA:717,0
DA:718,0
DA:719,0
DA:720,0
DA:721,0
DA:722,0
DA:723,0
DA:724,0
DA:725,0
DA:730,0
DA:731,0
DA:733,0
DA:741,0
DA:744,0
DA:747,0
DA:751,0
DA:753,0
DA:754,0
DA:757,0
DA:758,0
DA:759,0
DA:760,0
DA:761,0
DA:763,0
DA:767,0
DA:771,0
DA:774,0
DA:778,0
DA:786,0
DA:790,0
DA:792,0
DA:793,0
DA:796,0
DA:797,0
DA:798,0
DA:799,0
DA:800,0
DA:802,0
DA:806,0
DA:809,0
DA:812,0
DA:816,0
DA:824,0
DA:826,0
DA:827,0
DA:828,0
DA:829,0
DA:831,0
DA:838,0
DA:843,0
DA:850,0
DA:851,0
DA:852,0
DA:854,0
DA:856,0
DA:859,0
DA:860,0
DA:861,0
DA:862,0
DA:863,0
DA:864,0
DA:865,0
DA:866,0
DA:867,0
DA:868,0
DA:870,0
DA:940,1
DA:941,1
LF:207
LH:70
BRDA:63,0,0,1
BRDA:63,0,1,1
BRDA:71,1,0,1
BRDA:71,1,1,1
BRDA:76,2,0,1
BRDA:76,2,1,1
BRDA:80,3,0,1
BRDA:80,3,1,1
BRDA:82,4,0,1
BRDA:82,4,1,1
BRDA:90,5,0,0
BRDA:90,5,1,0
BRDA:90,6,0,0
BRDA:90,6,1,0
BRDA:94,7,0,0
BRDA:94,7,1,0
BRDA:94,8,0,0
BRDA:94,8,1,0
BRDA:99,9,0,1
BRDA:99,9,1,1
BRDA:101,10,0,1
BRDA:101,10,1,1
BRDA:119,11,0,0
BRDA:119,11,1,0
BRDA:119,12,0,0
BRDA:119,12,1,0
BRDA:124,13,0,0
BRDA:124,13,1,0
BRDA:124,14,0,0
BRDA:124,14,1,0
BRDA:128,15,0,0
BRDA:128,15,1,0
BRDA:128,16,0,0
BRDA:128,16,1,0
BRDA:133,17,0,1
BRDA:133,17,1,1
BRDA:137,18,0,1
BRDA:137,18,1,1
BRDA:149,19,0,1
BRDA:149,19,1,1
BRDA:153,20,0,1
BRDA:153,20,1,1
BRDA:158,21,0,1
BRDA:158,21,1,1
BRDA:164,22,0,1
BRDA:164,22,1,1
BRDA:168,23,0,1
BRDA:168,23,1,1
BRDA:175,24,0,1
BRDA:175,24,1,1
BRDA:182,25,0,1
BRDA:182,25,1,1
BRDA:201,26,0,1
BRDA:201,26,1,1
BRDA:208,27,0,1
BRDA:208,27,1,1
BRDA:210,28,0,1
BRDA:210,28,1,1
BRDA:216,29,0,1
BRDA:216,29,1,1
BRDA:223,30,0,1
BRDA:223,30,1,1
BRDA:232,31,0,1
BRDA:232,31,1,1
BRDA:238,32,0,1
BRDA:238,32,1,1
BRDA:244,33,0,1
BRDA:244,33,1,1
BRDA:269,34,0,1
BRDA:269,34,1,1
BRDA:290,35,0,1
BRDA:290,35,1,1
BRDA:314,36,0,1
BRDA:314,36,1,1
BRDA:321,37,0,1
BRDA:321,37,1,1
BRDA:341,38,0,1
BRDA:341,38,1,1
BRDA:348,39,0,0
BRDA:348,40,0,0
BRDA:348,40,1,0
BRDA:349,41,0,0
BRDA:349,42,0,0
BRDA:349,42,1,0
BRDA:350,43,0,0
BRDA:350,43,1,0
BRDA:354,44,0,1
BRDA:354,44,1,1
BRDA:362,45,0,1
BRDA:362,45,1,1
BRDA:370,46,0,0
BRDA:370,46,1,0
BRDA:370,47,0,0
BRDA:370,47,1,0
BRDA:374,48,0,0
BRDA:374,48,1,0
BRDA:375,49,0,0
BRDA:375,49,1,0
BRDA:383,50,0,1
BRDA:383,50,1,1
BRDA:389,51,0,1
BRDA:389,51,1,1
BRDA:404,52,0,1
BRDA:404,52,1,1
BRDA:410,53,0,1
BRDA:410,53,1,1
BRDA:442,54,0,90
BRDA:442,54,1,4
BRDA:446,55,0,82
BRDA:446,55,1,12
BRDA:447,56,0,84
BRDA:447,56,1,10
BRDA:450,57,0,92
BRDA:450,57,1,2
BRDA:453,58,0,84
BRDA:453,58,1,10
BRDA:454,59,0,92
BRDA:454,59,1,2
BRDA:456,60,0,90
BRDA:456,60,1,4
BRDA:458,61,0,90
BRDA:458,61,1,4
BRDA:461,62,0,92
BRDA:461,62,1,2
BRDA:477,63,0,0
BRDA:477,63,1,0
BRDA:477,64,0,0
BRDA:477,64,1,0
BRDA:480,65,0,0
BRDA:480,65,1,0
BRDA:481,66,0,0
BRDA:481,66,1,0
BRDA:481,67,0,0
BRDA:481,67,1,0
BRDA:484,68,0,0
BRDA:484,68,1,0
BRDA:485,69,0,0
BRDA:485,69,1,0
BRDA:485,70,0,0
BRDA:485,70,1,0
BRDA:491,71,0,0
BRDA:493,72,0,0
BRDA:493,72,1,0
BRDA:493,73,0,0
BRDA:493,73,1,0
BRDA:497,74,0,0
BRDA:497,75,0,0
BRDA:497,75,1,0
BRDA:513,76,0,0
BRDA:535,77,0,0
BRDA:541,78,0,0
BRDA:558,79,0,0
BRDA:560,80,0,0
BRDA:560,80,1,0
BRDA:562,81,0,0
BRDA:562,81,1,0
BRDA:588,82,0,0
BRDA:588,82,1,0
BRDA:588,83,0,0
BRDA:588,83,1,0
BRDA:589,84,0,0
BRDA:589,84,1,0
BRDA:589,85,0,0
BRDA:589,85,1,0
BRDA:607,86,0,0
BRDA:607,86,1,0
BRDA:611,87,0,0
BRDA:611,87,1,0
BRDA:611,87,2,0
BRDA:611,87,3,0
BRDA:613,88,0,0
BRDA:613,88,1,0
BRDA:622,89,0,0
BRDA:622,89,1,0
BRDA:639,90,0,0
BRDA:639,90,1,0
BRDA:646,91,0,0
BRDA:646,91,1,0
BRDA:646,91,2,0
BRDA:648,92,0,0
BRDA:648,92,1,0
BRDA:653,93,0,0
BRDA:653,93,1,0
BRDA:664,94,0,0
BRDA:664,94,1,0
BRDA:664,94,2,0
BRDA:676,95,0,0
BRDA:676,95,1,0
BRDA:681,96,0,0
BRDA:681,96,1,0
BRDA:688,97,0,0
BRDA:688,97,1,0
BRDA:692,98,0,0
BRDA:692,98,1,0
BRDA:694,99,0,0
BRDA:694,99,1,0
BRDA:699,100,0,0
BRDA:700,101,0,0
BRDA:700,101,1,0
BRDA:702,102,0,0
BRDA:702,102,1,0
BRDA:704,103,0,0
BRDA:707,104,0,0
BRDA:707,104,1,0
BRDA:719,105,0,0
BRDA:719,105,1,0
BRDA:721,106,0,0
BRDA:736,107,0,0
BRDA:736,107,1,0
BRDA:747,108,0,0
BRDA:748,109,0,0
BRDA:748,109,1,0
BRDA:751,110,0,0
BRDA:753,111,0,0
BRDA:758,112,0,0
BRDA:758,112,1,0
BRDA:760,113,0,0
BRDA:760,113,1,0
BRDA:767,114,0,0
BRDA:767,114,1,0
BRDA:771,115,0,0
BRDA:771,115,1,0
BRDA:771,116,0,0
BRDA:771,116,1,0
BRDA:774,117,0,0
BRDA:774,117,1,0
BRDA:786,118,0,0
BRDA:787,119,0,0
BRDA:787,119,1,0
BRDA:790,120,0,0
BRDA:792,121,0,0
BRDA:797,122,0,0
BRDA:797,122,1,0
BRDA:799,123,0,0
BRDA:799,123,1,0
BRDA:806,124,0,0
BRDA:806,124,1,0
BRDA:809,125,0,0
BRDA:809,125,1,0
BRDA:809,126,0,0
BRDA:809,126,1,0
BRDA:812,127,0,0
BRDA:812,127,1,0
BRDA:824,128,0,0
BRDA:826,129,0,0
BRDA:829,130,0,0
BRDA:838,131,0,0
BRDA:839,132,0,0
BRDA:839,132,1,0
BRDA:839,132,2,0
BRDA:850,133,0,0
BRDA:851,134,0,0
BRDA:859,135,0,0
BRDA:861,136,0,0
BRDA:862,137,0,0
BRDA:862,137,1,0
BRDA:863,138,0,0
BRDA:863,139,0,0
BRDA:863,139,1,0
BRDA:865,140,0,0
BRDA:867,141,0,0
BRDA:874,142,0,0
BRDA:874,142,1,0
BRDA:877,143,0,0
BRDA:877,143,1,0
BRDA:877,143,2,0
BRDA:879,144,0,0
BRDA:879,144,1,0
BRDA:884,145,0,0
BRDA:884,145,1,0
BRDA:896,146,0,0
BRDA:896,146,1,0
BRDA:898,147,0,0
BRDA:898,147,1,0
BRDA:900,148,0,0
BRDA:900,148,1,0
BRDA:902,149,0,0
BRDA:902,149,1,0
BRDA:916,150,0,0
BRDA:916,150,1,0
BRDA:919,151,0,0
BRDA:919,151,1,0
BRDA:933,152,0,0
BRDA:933,152,1,0
BRDA:933,152,2,0
BRF:285
BRH:88
end_of_record
TN:
SF:src\components\TableWithTab.tsx
FN:80,(anonymous_14)
FN:116,(anonymous_15)
FN:123,(anonymous_16)
FN:167,(anonymous_17)
FN:298,renderCellValue
FN:306,(anonymous_19)
FN:320,DefaultTabContent
FN:329,(anonymous_21)
FN:339,TableWithTab
FN:365,(anonymous_23)
FN:368,(anonymous_24)
FN:369,(anonymous_25)
FN:390,(anonymous_26)
FN:393,(anonymous_27)
FN:394,(anonymous_28)
FN:420,(anonymous_29)
FN:421,(anonymous_30)
FN:421,(anonymous_31)
FN:424,(anonymous_32)
FN:426,(anonymous_33)
FN:429,(anonymous_34)
FN:430,(anonymous_35)
FN:449,(anonymous_36)
FN:456,(anonymous_37)
FN:498,(anonymous_38)
FN:514,(anonymous_39)
FN:521,(anonymous_40)
FN:524,(anonymous_41)
FN:559,(anonymous_42)
FNF:29
FNH:1
FNDA:0,(anonymous_14)
FNDA:0,(anonymous_15)
FNDA:0,(anonymous_16)
FNDA:0,(anonymous_17)
FNDA:0,renderCellValue
FNDA:0,(anonymous_19)
FNDA:0,DefaultTabContent
FNDA:0,(anonymous_21)
FNDA:89,TableWithTab
FNDA:0,(anonymous_23)
FNDA:0,(anonymous_24)
FNDA:0,(anonymous_25)
FNDA:0,(anonymous_26)
FNDA:0,(anonymous_27)
FNDA:0,(anonymous_28)
FNDA:0,(anonymous_29)
FNDA:0,(anonymous_30)
FNDA:0,(anonymous_31)
FNDA:0,(anonymous_32)
FNDA:0,(anonymous_33)
FNDA:0,(anonymous_34)
FNDA:0,(anonymous_35)
FNDA:0,(anonymous_36)
FNDA:0,(anonymous_37)
FNDA:0,(anonymous_38)
FNDA:0,(anonymous_39)
FNDA:0,(anonymous_40)
FNDA:0,(anonymous_41)
FNDA:0,(anonymous_42)
DA:3,1
DA:4,1
DA:5,1
DA:6,1
DA:10,1
DA:80,1
DA:81,0
DA:83,0
DA:85,0
DA:86,0
DA:87,0
DA:88,0
DA:89,0
DA:90,0
DA:91,0
DA:92,0
DA:94,0
DA:98,1
DA:108,1
DA:112,1
DA:116,0
DA:119,1
DA:123,0
DA:126,1
DA:132,1
DA:138,1
DA:142,1
DA:144,1
DA:154,1
DA:158,1
DA:167,0
DA:172,1
DA:178,1
DA:180,1
DA:187,1
DA:191,1
DA:198,1
DA:206,1
DA:211,1
DA:217,1
DA:222,1
DA:246,1
DA:252,1
DA:268,1
DA:281,1
DA:287,1
DA:299,0
DA:301,0
DA:302,0
DA:305,0
DA:306,0
DA:307,0
DA:309,0
DA:312,0
DA:313,0
DA:314,0
DA:315,0
DA:317,0
DA:321,0
DA:322,0
DA:327,0
DA:329,0
DA:340,89
DA:341,88
DA:342,88
DA:343,88
DA:344,88
DA:345,88
DA:346,88
DA:347,88
DA:348,88
DA:349,88
DA:350,88
DA:352,176
DA:354,88
DA:359,0
DA:361,0
DA:362,0
DA:365,0
DA:366,0
DA:368,0
DA:369,0
DA:370,0
DA:371,0
DA:374,0
DA:379,0
DA:383,0
DA:390,0
DA:391,0
DA:393,0
DA:394,0
DA:397,0
DA:398,0
DA:399,0
DA:400,0
DA:405,0
DA:410,0
DA:414,0
DA:415,0
DA:416,0
DA:420,0
DA:421,0
DA:424,0
DA:425,0
DA:426,0
DA:429,0
DA:430,0
DA:431,0
DA:437,0
DA:439,0
DA:441,0
DA:442,0
DA:443,0
DA:444,0
DA:449,0
DA:456,0
DA:474,0
DA:476,0
DA:498,0
DA:515,0
DA:516,0
DA:518,0
DA:521,0
DA:524,0
DA:560,0
DA:561,0
DA:562,0
DA:571,1
DA:572,1
LF:129
LH:47
BRDA:81,0,0,0
BRDA:85,1,0,0
BRDA:85,2,0,0
BRDA:85,2,1,0
BRDA:87,3,0,0
BRDA:89,4,0,0
BRDA:89,5,0,0
BRDA:89,5,1,0
BRDA:91,6,0,0
BRDA:98,7,0,1
BRDA:98,7,1,1
BRDA:108,8,0,1
BRDA:108,8,1,1
BRDA:112,9,0,1
BRDA:112,9,1,1
BRDA:119,10,0,1
BRDA:119,10,1,1
BRDA:126,11,0,1
BRDA:126,11,1,1
BRDA:132,12,0,1
BRDA:132,12,1,1
BRDA:138,13,0,1
BRDA:138,13,1,1
BRDA:142,14,0,1
BRDA:142,14,1,1
BRDA:144,15,0,1
BRDA:144,15,1,1
BRDA:154,16,0,1
BRDA:154,16,1,1
BRDA:158,17,0,1
BRDA:158,17,1,1
BRDA:167,18,0,0
BRDA:167,18,1,0
BRDA:167,19,0,0
BRDA:167,19,1,0
BRDA:172,20,0,1
BRDA:172,20,1,1
BRDA:178,21,0,1
BRDA:178,21,1,1
BRDA:180,22,0,1
BRDA:180,22,1,1
BRDA:187,23,0,1
BRDA:187,23,1,1
BRDA:191,24,0,1
BRDA:191,24,1,1
BRDA:198,25,0,1
BRDA:198,25,1,1
BRDA:206,26,0,1
BRDA:206,26,1,1
BRDA:211,27,0,1
BRDA:211,27,1,1
BRDA:217,28,0,1
BRDA:217,28,1,1
BRDA:222,29,0,1
BRDA:222,29,1,1
BRDA:246,30,0,1
BRDA:246,30,1,1
BRDA:252,31,0,1
BRDA:252,31,1,1
BRDA:268,32,0,1
BRDA:268,32,1,1
BRDA:281,33,0,1
BRDA:281,33,1,1
BRDA:287,34,0,1
BRDA:287,34,1,1
BRDA:299,35,0,0
BRDA:301,36,0,0
BRDA:301,37,0,0
BRDA:301,37,1,0
BRDA:305,38,0,0
BRDA:306,39,0,0
BRDA:312,40,0,0
BRDA:313,41,0,0
BRDA:313,42,0,0
BRDA:313,42,1,0
BRDA:314,43,0,0
BRDA:315,44,0,0
BRDA:342,45,0,84
BRDA:342,45,1,4
BRDA:359,46,0,0
BRDA:359,46,1,0
BRDA:359,47,0,0
BRDA:359,47,1,0
BRDA:359,48,0,0
BRDA:359,48,1,0
BRDA:359,49,0,0
BRDA:359,49,1,0
BRDA:366,50,0,0
BRDA:371,51,0,0
BRDA:371,51,1,0
BRDA:371,52,0,0
BRDA:371,52,1,0
BRDA:371,53,0,0
BRDA:371,53,1,0
BRDA:371,54,0,0
BRDA:371,54,1,0
BRDA:374,55,0,0
BRDA:374,55,1,0
BRDA:374,56,0,0
BRDA:374,56,1,0
BRDA:379,57,0,0
BRDA:379,57,1,0
BRDA:379,58,0,0
BRDA:379,58,1,0
BRDA:391,59,0,0
BRDA:391,59,1,0
BRDA:397,60,0,0
BRDA:405,61,0,0
BRDA:405,61,1,0
BRDA:405,62,0,0
BRDA:405,62,1,0
BRDA:410,63,0,0
BRDA:410,63,1,0
BRDA:410,64,0,0
BRDA:410,64,1,0
BRDA:415,65,0,0
BRDA:415,65,1,0
BRDA:415,66,0,0
BRDA:415,66,1,0
BRDA:425,67,0,0
BRDA:425,67,1,0
BRDA:431,68,0,0
BRDA:432,69,0,0
BRDA:432,69,1,0
BRDA:432,69,2,0
BRDA:432,69,3,0
BRDA:439,70,0,0
BRDA:463,71,0,0
BRDA:463,71,1,0
BRDA:474,72,0,0
BRDA:474,72,1,0
BRDA:474,73,0,0
BRDA:474,73,1,0
BRDA:474,74,0,0
BRDA:474,74,1,0
BRDA:474,75,0,0
BRDA:474,75,1,0
BRDA:478,76,0,0
BRDA:478,76,1,0
BRDA:478,76,2,0
BRDA:480,77,0,0
BRDA:480,77,1,0
BRDA:485,78,0,0
BRDA:485,78,1,0
BRDA:506,79,0,0
BRDA:506,79,1,0
BRDA:516,80,0,0
BRDA:516,80,1,0
BRDA:537,81,0,0
BRDA:537,81,1,0
BRDA:543,82,0,0
BRDA:543,82,1,0
BRDA:557,83,0,0
BRDA:557,83,1,0
BRDA:561,84,0,0
BRF:155
BRH:54
end_of_record
TN:
SF:src\components\Tooltip.tsx
FN:49,(anonymous_13)
FN:50,(anonymous_14)
FN:51,(anonymous_15)
FN:53,(anonymous_16)
FN:55,(anonymous_17)
FN:81,(anonymous_18)
FN:127,(anonymous_19)
FN:146,(anonymous_20)
FN:181,(anonymous_21)
FN:190,(anonymous_22)
FN:194,(anonymous_23)
FN:200,(anonymous_24)
FN:204,(anonymous_25)
FN:211,(anonymous_26)
FN:226,(anonymous_27)
FN:238,(anonymous_28)
FNF:16
FNH:1
FNDA:0,(anonymous_13)
FNDA:0,(anonymous_14)
FNDA:0,(anonymous_15)
FNDA:0,(anonymous_16)
FNDA:0,(anonymous_17)
FNDA:0,(anonymous_18)
FNDA:93,(anonymous_19)
FNDA:0,(anonymous_20)
FNDA:0,(anonymous_21)
FNDA:0,(anonymous_22)
FNDA:0,(anonymous_23)
FNDA:0,(anonymous_24)
FNDA:0,(anonymous_25)
FNDA:0,(anonymous_26)
FNDA:0,(anonymous_27)
FNDA:0,(anonymous_28)
DA:2,1
DA:3,1
DA:26,1
DA:32,1
DA:49,0
DA:50,0
DA:51,0
DA:53,0
DA:55,0
DA:75,1
DA:82,0
DA:84,0
DA:92,0
DA:100,0
DA:108,0
DA:116,0
DA:121,1
DA:127,1
DA:128,93
DA:129,92
DA:130,92
DA:131,92
DA:132,92
DA:133,92
DA:134,92
DA:135,92
DA:136,92
DA:138,92
DA:139,0
DA:140,0
DA:141,0
DA:142,0
DA:144,0
DA:146,0
DA:147,0
DA:149,0
DA:150,0
DA:151,0
DA:153,0
DA:154,0
DA:156,0
DA:158,0
DA:160,0
DA:161,0
DA:162,0
DA:164,0
DA:165,0
DA:166,0
DA:168,0
DA:169,0
DA:170,0
DA:172,0
DA:173,0
DA:174,0
DA:177,0
DA:178,0
DA:181,0
DA:182,0
DA:184,0
DA:185,0
DA:186,0
DA:188,0
DA:189,0
DA:190,0
DA:194,0
DA:195,0
DA:196,0
DA:197,0
DA:200,0
DA:201,0
DA:202,0
DA:203,0
DA:204,0
DA:205,0
DA:206,0
DA:211,0
DA:212,0
DA:213,0
DA:223,0
DA:226,0
DA:227,0
DA:229,0
DA:230,0
DA:238,0
DA:239,0
DA:241,0
DA:243,0
DA:245,0
DA:247,0
DA:249,0
DA:253,0
DA:254,0
DA:257,0
DA:294,1
DA:296,1
DA:297,1
LF:96
LH:20
BRDA:26,0,0,1
BRDA:26,0,1,1
BRDA:32,1,0,1
BRDA:32,1,1,1
BRDA:49,2,0,0
BRDA:49,2,1,0
BRDA:49,3,0,0
BRDA:49,3,1,0
BRDA:50,4,0,0
BRDA:50,4,1,0
BRDA:50,5,0,0
BRDA:50,5,1,0
BRDA:51,6,0,0
BRDA:51,6,1,0
BRDA:51,7,0,0
BRDA:51,7,1,0
BRDA:53,8,0,0
BRDA:53,8,1,0
BRDA:53,9,0,0
BRDA:53,9,1,0
BRDA:55,10,0,0
BRDA:55,10,1,0
BRDA:64,11,0,0
BRDA:64,11,1,0
BRDA:70,12,0,0
BRDA:70,12,1,0
BRDA:70,13,0,0
BRDA:70,13,1,0
BRDA:71,14,0,0
BRDA:71,14,1,0
BRDA:75,15,0,1
BRDA:75,15,1,1
BRDA:82,16,0,0
BRDA:82,16,1,0
BRDA:82,16,2,0
BRDA:82,16,3,0
BRDA:82,16,4,0
BRDA:121,17,0,1
BRDA:121,17,1,1
BRDA:129,18,0,84
BRDA:129,18,1,8
BRDA:131,19,0,82
BRDA:131,19,1,10
BRDA:132,20,0,90
BRDA:132,20,1,2
BRDA:144,21,0,0
BRDA:144,21,1,0
BRDA:147,22,0,0
BRDA:158,23,0,0
BRDA:158,23,1,0
BRDA:158,23,2,0
BRDA:158,23,3,0
BRDA:182,24,0,0
BRDA:188,25,0,0
BRDA:189,26,0,0
BRDA:189,26,1,0
BRDA:201,27,0,0
BRDA:212,28,0,0
BRDA:216,29,0,0
BRDA:216,29,1,0
BRDA:217,30,0,0
BRDA:217,30,1,0
BRDA:218,31,0,0
BRDA:218,31,1,0
BRDA:227,32,0,0
BRDA:227,33,0,0
BRDA:227,33,1,0
BRDA:239,34,0,0
BRDA:239,34,1,0
BRDA:239,34,2,0
BRDA:239,34,3,0
BRDA:239,34,4,0
BRDA:253,35,0,0
BRDA:286,36,0,0
BRDA:286,36,1,0
BRDA:286,36,2,0
BRF:76
BRH:14
end_of_record
TN:
SF:src\components\accordion.tsx
FN:37,(anonymous_2)
FN:92,Accordion
FN:102,(anonymous_4)
FNF:3
FNH:1
FNDA:0,(anonymous_2)
FNDA:73,Accordion
FNDA:0,(anonymous_4)
DA:3,1
DA:4,1
DA:5,1
DA:6,1
DA:12,1
DA:25,1
DA:38,0
DA:63,1
DA:71,1
DA:76,1
DA:93,73
DA:94,72
DA:95,72
DA:97,72
DA:99,0
DA:102,0
DA:123,1
DA:125,1
LF:18
LH:15
BRDA:12,0,0,1
BRDA:12,0,1,1
BRDA:25,1,0,1
BRDA:25,1,1,1
BRDA:38,2,0,0
BRDA:38,2,1,0
BRDA:63,3,0,1
BRDA:63,3,1,1
BRDA:71,4,0,1
BRDA:71,4,1,1
BRDA:76,5,0,1
BRDA:76,5,1,1
BRDA:95,6,0,52
BRDA:95,6,1,20
BRDA:105,7,0,0
BRDA:105,7,1,0
BRDA:114,8,0,0
BRDA:114,8,1,0
BRF:18
BRH:12
end_of_record
TN:
SF:src\components\card.tsx
FN:27,(anonymous_14)
FN:45,(anonymous_15)
FN:84,(anonymous_16)
FN:108,(anonymous_17)
FN:113,(anonymous_18)
FN:129,(anonymous_19)
FN:175,(anonymous_20)
FN:189,(anonymous_21)
FN:205,(anonymous_22)
FN:229,(anonymous_23)
FN:261,(anonymous_24)
FN:263,(anonymous_25)
FNF:12
FNH:1
FNDA:0,(anonymous_14)
FNDA:0,(anonymous_15)
FNDA:0,(anonymous_16)
FNDA:0,(anonymous_17)
FNDA:0,(anonymous_18)
FNDA:0,(anonymous_19)
FNDA:0,(anonymous_20)
FNDA:0,(anonymous_21)
FNDA:99,(anonymous_22)
FNDA:0,(anonymous_23)
FNDA:0,(anonymous_24)
FNDA:0,(anonymous_25)
DA:1,1
DA:2,1
DA:3,1
DA:4,1
DA:26,1
DA:27,0
DA:32,1
DA:46,0
DA:48,0
DA:57,0
DA:63,0
DA:68,0
DA:73,0
DA:79,0
DA:85,0
DA:87,0
DA:91,0
DA:95,0
DA:101,0
DA:108,0
DA:113,0
DA:125,1
DA:129,0
DA:134,1
DA:141,1
DA:170,1
DA:175,0
DA:184,1
DA:188,1
DA:189,0
DA:194,1
DA:204,1
DA:207,99
DA:208,98
DA:209,98
DA:210,98
DA:211,98
DA:212,98
DA:213,98
DA:214,98
DA:215,98
DA:216,98
DA:217,98
DA:218,98
DA:219,98
DA:220,98
DA:221,98
DA:225,98
DA:226,0
DA:227,0
DA:229,0
DA:230,0
DA:231,0
DA:232,0
DA:233,0
DA:236,0
DA:238,0
DA:262,0
DA:263,0
DA:291,1
DA:292,1
LF:61
LH:32
BRDA:26,0,0,1
BRDA:26,0,1,1
BRDA:27,1,0,0
BRDA:27,1,1,0
BRDA:27,2,0,0
BRDA:27,2,1,0
BRDA:32,3,0,1
BRDA:32,3,1,1
BRDA:46,4,0,0
BRDA:46,4,1,0
BRDA:46,4,2,0
BRDA:46,4,3,0
BRDA:46,4,4,0
BRDA:46,4,5,0
BRDA:48,5,0,0
BRDA:48,5,1,0
BRDA:57,6,0,0
BRDA:57,6,1,0
BRDA:63,7,0,0
BRDA:63,7,1,0
BRDA:68,8,0,0
BRDA:68,8,1,0
BRDA:73,9,0,0
BRDA:73,9,1,0
BRDA:74,10,0,0
BRDA:74,10,1,0
BRDA:85,11,0,0
BRDA:85,11,1,0
BRDA:85,11,2,0
BRDA:85,11,3,0
BRDA:85,11,4,0
BRDA:87,12,0,0
BRDA:87,12,1,0
BRDA:91,13,0,0
BRDA:91,13,1,0
BRDA:95,14,0,0
BRDA:95,14,1,0
BRDA:101,15,0,0
BRDA:101,15,1,0
BRDA:108,16,0,0
BRDA:108,16,1,0
BRDA:108,16,2,0
BRDA:108,17,0,0
BRDA:108,17,1,0
BRDA:113,18,0,0
BRDA:113,18,1,0
BRDA:113,19,0,0
BRDA:113,19,1,0
BRDA:119,20,0,0
BRDA:119,20,1,0
BRDA:119,21,0,0
BRDA:119,21,1,0
BRDA:125,22,0,1
BRDA:125,22,1,1
BRDA:129,23,0,0
BRDA:129,23,1,0
BRDA:129,24,0,0
BRDA:129,24,1,0
BRDA:134,25,0,1
BRDA:134,25,1,1
BRDA:141,26,0,1
BRDA:141,26,1,1
BRDA:170,27,0,1
BRDA:170,27,1,1
BRDA:175,28,0,0
BRDA:175,28,1,0
BRDA:175,29,0,0
BRDA:175,29,1,0
BRDA:178,30,0,0
BRDA:178,30,1,0
BRDA:184,31,0,1
BRDA:184,31,1,1
BRDA:188,32,0,1
BRDA:188,32,1,1
BRDA:189,33,0,0
BRDA:189,33,1,0
BRDA:189,34,0,0
BRDA:189,34,1,0
BRDA:194,35,0,1
BRDA:194,35,1,1
BRDA:210,36,0,74
BRDA:210,36,1,24
BRDA:211,37,0,86
BRDA:211,37,1,12
BRDA:214,38,0,80
BRDA:214,38,1,18
BRDA:215,39,0,90
BRDA:215,39,1,8
BRDA:216,40,0,96
BRDA:216,40,1,2
BRDA:218,41,0,92
BRDA:218,41,1,6
BRDA:230,42,0,0
BRDA:233,43,0,0
BRDA:233,43,1,0
BRDA:233,44,0,0
BRDA:233,44,1,0
BRDA:236,45,0,0
BRDA:236,45,1,0
BRDA:241,46,0,0
BRDA:241,46,1,0
BRDA:255,47,0,0
BRDA:255,47,1,0
BRDA:256,48,0,0
BRDA:256,48,1,0
BRDA:258,49,0,0
BRDA:258,49,1,0
BRDA:262,50,0,0
BRDA:265,51,0,0
BRDA:265,51,1,0
BRDA:269,52,0,0
BRDA:269,52,1,0
BRDA:275,53,0,0
BRDA:275,53,1,0
BRDA:282,54,0,0
BRDA:282,54,1,0
BRDA:282,54,2,0
BRF:117
BRH:30
end_of_record
