TN:
SF:src\app\CodePreview.tsx
FN:17,(anonymous_9)
FN:19,(anonymous_10)
FN:30,(anonymous_11)
FN:34,(anonymous_12)
FN:49,(anonymous_13)
FN:53,(anonymous_14)
FNF:6
FNH:2
FNDA:3,(anonymous_9)
FNDA:3,(anonymous_10)
FNDA:0,(anonymous_11)
FNDA:0,(anonymous_12)
FNDA:0,(anonymous_13)
FNDA:0,(anonymous_14)
DA:3,1
DA:4,1
DA:17,3
DA:19,1
DA:27,3
DA:28,3
DA:30,3
DA:31,0
DA:32,0
DA:33,0
DA:34,0
DA:36,0
DA:40,3
DA:49,0
DA:53,0
LF:15
LH:8
BRDA:17,0,0,3
BRDA:17,0,1,0
BRDA:24,1,0,3
BRDA:25,2,0,3
BRDA:42,3,0,3
BRDA:42,3,1,3
BRDA:49,4,0,3
BRDA:49,4,1,0
BRDA:51,5,0,3
BRDA:51,5,1,3
BRDA:53,6,0,0
BRDA:53,6,1,3
BRDA:55,7,0,3
BRDA:55,7,1,0
BRDA:58,8,0,3
BRDA:58,8,1,0
BRDA:61,9,0,0
BRDA:61,9,1,0
BRDA:67,10,0,3
BRDA:67,10,1,0
BRF:20
BRH:12
end_of_record
TN:
SF:src\app\PropsTable.tsx
FN:20,(anonymous_1)
FN:45,(anonymous_2)
FNF:2
FNH:0
FNDA:0,(anonymous_1)
FNDA:0,(anonymous_2)
DA:4,0
DA:20,0
DA:21,0
DA:23,0
DA:46,0
DA:62,0
DA:63,0
LF:7
LH:0
BRDA:20,0,0,0
BRDA:45,1,0,0
BRDA:45,1,1,0
BRDA:48,2,0,0
BRDA:48,2,1,0
BRDA:51,3,0,0
BRDA:51,3,1,0
BRF:7
BRH:0
end_of_record
TN:
SF:src\app\layout.tsx
FN:15,RootLayout
FNF:1
FNH:0
FNDA:0,RootLayout
DA:2,0
DA:4,0
DA:6,0
DA:7,0
DA:8,0
DA:10,0
DA:11,0
DA:15,0
DA:20,0
LF:9
LH:0
BRF:0
BRH:0
end_of_record
TN:
SF:src\app\accordion\page.tsx
FN:7,AccordionPage
FNF:1
FNH:0
FNDA:0,AccordionPage
DA:3,0
DA:4,0
DA:5,0
DA:7,0
DA:8,0
DA:69,0
LF:6
LH:0
BRF:0
BRH:0
end_of_record
TN:
SF:src\app\button\page.tsx
FN:19,ButtonPage
FN:22,(anonymous_1)
FN:24,(anonymous_2)
FNF:3
FNH:0
FNDA:0,ButtonPage
FNDA:0,(anonymous_1)
FNDA:0,(anonymous_2)
DA:3,0
DA:4,0
DA:15,0
DA:16,0
DA:17,0
DA:19,0
DA:20,0
DA:22,0
DA:23,0
DA:24,0
DA:27,0
DA:103,0
DA:105,0
LF:13
LH:0
BRDA:260,0,0,0
BRDA:260,0,1,0
BRF:2
BRH:0
end_of_record
TN:
SF:src\app\calendar\page.tsx
FN:12,CalendarDemo
FNF:1
FNH:0
FNDA:0,CalendarDemo
DA:2,0
DA:3,0
DA:9,0
DA:10,0
DA:12,0
DA:13,0
DA:14,0
DA:15,0
DA:16,0
DA:17,0
DA:18,0
DA:19,0
DA:23,0
DA:28,0
DA:56,0
LF:15
LH:0
BRF:0
BRH:0
end_of_record
TN:
SF:src\app\card\page.tsx
FN:9,CardPage
FN:228,(anonymous_2)
FNF:2
FNH:0
FNDA:0,CardPage
FNDA:0,(anonymous_2)
DA:4,0
DA:5,0
DA:6,0
DA:7,0
DA:9,0
DA:10,0
DA:73,0
DA:228,0
LF:8
LH:0
BRF:0
BRH:0
end_of_record
TN:
SF:src\app\chart\page.tsx
FN:87,(anonymous_10)
FN:88,(anonymous_11)
FN:109,(anonymous_12)
FN:112,(anonymous_13)
FN:125,(anonymous_14)
FN:166,MahatiChart
FN:215,(anonymous_16)
FN:237,(anonymous_17)
FN:248,(anonymous_18)
FN:259,(anonymous_19)
FN:264,(anonymous_20)
FN:279,(anonymous_21)
FN:288,(anonymous_22)
FN:292,(anonymous_23)
FN:303,(anonymous_24)
FN:326,(anonymous_25)
FN:347,(anonymous_26)
FN:366,(anonymous_27)
FN:388,(anonymous_28)
FN:396,(anonymous_29)
FN:399,(anonymous_30)
FN:424,(anonymous_31)
FN:433,(anonymous_32)
FN:434,(anonymous_33)
FN:463,(anonymous_34)
FN:466,(anonymous_35)
FN:469,(anonymous_36)
FN:474,(anonymous_37)
FNF:28
FNH:0
FNDA:0,(anonymous_10)
FNDA:0,(anonymous_11)
FNDA:0,(anonymous_12)
FNDA:0,(anonymous_13)
FNDA:0,(anonymous_14)
FNDA:0,MahatiChart
FNDA:0,(anonymous_16)
FNDA:0,(anonymous_17)
FNDA:0,(anonymous_18)
FNDA:0,(anonymous_19)
FNDA:0,(anonymous_20)
FNDA:0,(anonymous_21)
FNDA:0,(anonymous_22)
FNDA:0,(anonymous_23)
FNDA:0,(anonymous_24)
FNDA:0,(anonymous_25)
FNDA:0,(anonymous_26)
FNDA:0,(anonymous_27)
FNDA:0,(anonymous_28)
FNDA:0,(anonymous_29)
FNDA:0,(anonymous_30)
FNDA:0,(anonymous_31)
FNDA:0,(anonymous_32)
FNDA:0,(anonymous_33)
FNDA:0,(anonymous_34)
FNDA:0,(anonymous_35)
FNDA:0,(anonymous_36)
FNDA:0,(anonymous_37)
DA:2,0
DA:3,0
DA:5,0
DA:6,0
DA:8,0
DA:16,0
DA:24,0
DA:32,0
DA:56,0
DA:71,0
DA:87,0
DA:88,0
DA:89,0
DA:90,0
DA:91,0
DA:93,0
DA:95,0
DA:96,0
DA:97,0
DA:98,0
DA:99,0
DA:102,0
DA:103,0
DA:104,0
DA:105,0
DA:109,0
DA:110,0
DA:113,0
DA:114,0
DA:115,0
DA:120,0
DA:125,0
DA:126,0
DA:128,0
DA:130,0
DA:131,0
DA:134,0
DA:135,0
DA:138,0
DA:139,0
DA:142,0
DA:143,0
DA:146,0
DA:147,0
DA:150,0
DA:151,0
DA:153,0
DA:154,0
DA:156,0
DA:157,0
DA:159,0
DA:160,0
DA:163,0
DA:166,0
DA:167,0
DA:168,0
DA:170,0
DA:177,0
DA:183,0
DA:189,0
DA:195,0
DA:200,0
DA:202,0
DA:215,0
DA:216,0
DA:233,0
DA:234,0
DA:237,0
DA:238,0
DA:239,0
DA:240,0
DA:241,0
DA:243,0
DA:244,0
DA:248,0
DA:249,0
DA:250,0
DA:251,0
DA:252,0
DA:254,0
DA:255,0
DA:259,0
DA:260,0
DA:261,0
DA:264,0
DA:265,0
DA:266,0
DA:267,0
DA:268,0
DA:269,0
DA:270,0
DA:271,0
DA:272,0
DA:274,0
DA:276,0
DA:277,0
DA:278,0
DA:279,0
DA:288,0
DA:289,0
DA:292,0
DA:293,0
DA:294,0
DA:296,0
DA:297,0
DA:303,0
DA:319,0
DA:320,0
DA:321,0
DA:322,0
DA:323,0
DA:325,0
DA:326,0
DA:327,0
DA:328,0
DA:336,0
DA:340,0
DA:341,0
DA:342,0
DA:343,0
DA:344,0
DA:346,0
DA:347,0
DA:348,0
DA:349,0
DA:357,0
DA:361,0
DA:362,0
DA:363,0
DA:364,0
DA:366,0
DA:367,0
DA:368,0
DA:379,0
DA:380,0
DA:381,0
DA:382,0
DA:383,0
DA:385,0
DA:387,0
DA:388,0
DA:389,0
DA:390,0
DA:391,0
DA:395,0
DA:396,0
DA:399,0
DA:400,0
DA:401,0
DA:402,0
DA:404,0
DA:414,0
DA:415,0
DA:416,0
DA:417,0
DA:419,0
DA:421,0
DA:422,0
DA:424,0
DA:433,0
DA:434,0
DA:435,0
DA:436,0
DA:437,0
DA:441,0
DA:450,0
DA:463,0
DA:466,0
DA:469,0
DA:470,0
DA:471,0
DA:473,0
DA:474,0
DA:475,0
DA:476,0
DA:477,0
DA:478,0
DA:479,0
DA:481,0
DA:483,0
DA:499,0
DA:501,0
DA:502,0
DA:505,0
DA:508,0
LF:185
LH:0
BRDA:87,0,0,0
BRDA:87,1,0,0
BRDA:91,2,0,0
BRDA:91,2,1,0
BRDA:96,3,0,0
BRDA:96,3,1,0
BRDA:96,4,0,0
BRDA:96,4,1,0
BRDA:113,5,0,0
BRDA:113,5,1,0
BRDA:113,6,0,0
BRDA:113,6,1,0
BRDA:113,6,2,0
BRDA:126,7,0,0
BRDA:126,7,1,0
BRDA:130,8,0,0
BRDA:130,8,1,0
BRDA:130,9,0,0
BRDA:130,9,1,0
BRDA:134,10,0,0
BRDA:134,10,1,0
BRDA:134,11,0,0
BRDA:134,11,1,0
BRDA:138,12,0,0
BRDA:138,12,1,0
BRDA:138,13,0,0
BRDA:138,13,1,0
BRDA:142,14,0,0
BRDA:142,14,1,0
BRDA:142,15,0,0
BRDA:142,15,1,0
BRDA:146,16,0,0
BRDA:146,16,1,0
BRDA:146,17,0,0
BRDA:146,17,1,0
BRDA:150,18,0,0
BRDA:150,18,1,0
BRDA:153,19,0,0
BRDA:153,19,1,0
BRDA:156,20,0,0
BRDA:156,20,1,0
BRDA:159,21,0,0
BRDA:159,21,1,0
BRDA:163,22,0,0
BRDA:163,22,1,0
BRDA:200,23,0,0
BRDA:200,23,1,0
BRDA:217,24,0,0
BRDA:217,24,1,0
BRDA:218,25,0,0
BRDA:218,25,1,0
BRDA:219,26,0,0
BRDA:219,26,1,0
BRDA:221,27,0,0
BRDA:221,27,1,0
BRDA:221,27,2,0
BRDA:225,28,0,0
BRDA:225,28,1,0
BRDA:234,29,0,0
BRDA:234,29,1,0
BRDA:234,29,2,0
BRDA:238,30,0,0
BRDA:238,30,1,0
BRDA:238,30,2,0
BRDA:238,30,3,0
BRDA:238,30,4,0
BRDA:238,30,5,0
BRDA:249,31,0,0
BRDA:249,31,1,0
BRDA:249,31,2,0
BRDA:249,31,3,0
BRDA:249,31,4,0
BRDA:249,31,5,0
BRDA:250,32,0,0
BRDA:250,32,1,0
BRDA:251,33,0,0
BRDA:251,33,1,0
BRDA:252,34,0,0
BRDA:252,34,1,0
BRDA:254,35,0,0
BRDA:254,35,1,0
BRDA:255,36,0,0
BRDA:255,36,1,0
BRDA:261,37,0,0
BRDA:261,37,1,0
BRDA:261,37,2,0
BRDA:265,38,0,0
BRDA:265,38,1,0
BRDA:267,39,0,0
BRDA:267,39,1,0
BRDA:269,40,0,0
BRDA:269,40,1,0
BRDA:271,41,0,0
BRDA:271,41,1,0
BRDA:271,42,0,0
BRDA:271,42,1,0
BRDA:276,43,0,0
BRDA:276,43,1,0
BRDA:278,44,0,0
BRDA:278,44,1,0
BRDA:278,45,0,0
BRDA:278,45,1,0
BRDA:294,46,0,0
BRDA:294,46,1,0
BRDA:294,47,0,0
BRDA:294,47,1,0
BRDA:296,48,0,0
BRDA:296,48,1,0
BRDA:296,49,0,0
BRDA:296,49,1,0
BRDA:304,50,0,0
BRDA:304,50,1,0
BRDA:305,51,0,0
BRDA:305,51,1,0
BRDA:306,52,0,0
BRDA:306,52,1,0
BRDA:307,53,0,0
BRDA:307,53,1,0
BRDA:313,54,0,0
BRDA:313,54,1,0
BRDA:319,55,0,0
BRDA:319,55,1,0
BRDA:320,56,0,0
BRDA:320,56,1,0
BRDA:321,57,0,0
BRDA:321,57,1,0
BRDA:322,58,0,0
BRDA:322,58,1,0
BRDA:325,59,0,0
BRDA:325,59,1,0
BRDA:340,60,0,0
BRDA:340,60,1,0
BRDA:341,61,0,0
BRDA:341,61,1,0
BRDA:342,62,0,0
BRDA:342,62,1,0
BRDA:343,63,0,0
BRDA:343,63,1,0
BRDA:346,64,0,0
BRDA:346,64,1,0
BRDA:361,65,0,0
BRDA:361,65,1,0
BRDA:362,66,0,0
BRDA:362,66,1,0
BRDA:363,67,0,0
BRDA:363,67,1,0
BRDA:364,68,0,0
BRDA:364,68,1,0
BRDA:367,69,0,0
BRDA:367,69,1,0
BRDA:379,70,0,0
BRDA:379,70,1,0
BRDA:380,71,0,0
BRDA:380,71,1,0
BRDA:381,72,0,0
BRDA:381,72,1,0
BRDA:385,73,0,0
BRDA:385,73,1,0
BRDA:390,74,0,0
BRDA:390,74,1,0
BRDA:390,75,0,0
BRDA:390,75,1,0
BRDA:390,75,2,0
BRDA:407,76,0,0
BRDA:407,76,1,0
BRDA:407,77,0,0
BRDA:407,77,1,0
BRDA:414,78,0,0
BRDA:414,78,1,0
BRDA:416,79,0,0
BRDA:416,79,1,0
BRDA:417,80,0,0
BRDA:417,80,1,0
BRDA:419,81,0,0
BRDA:419,81,1,0
BRDA:426,82,0,0
BRDA:426,82,1,0
BRDA:427,83,0,0
BRDA:427,83,1,0
BRDA:433,84,0,0
BRDA:433,84,1,0
BRDA:434,85,0,0
BRDA:434,85,1,0
BRDA:435,86,0,0
BRDA:435,86,1,0
BRDA:436,87,0,0
BRDA:436,87,1,0
BRDA:437,88,0,0
BRDA:437,88,1,0
BRDA:439,89,0,0
BRDA:439,89,1,0
BRDA:463,90,0,0
BRDA:463,90,1,0
BRDA:471,91,0,0
BRDA:471,91,1,0
BRDA:477,92,0,0
BRDA:477,92,1,0
BRDA:477,93,0,0
BRDA:477,93,1,0
BRDA:484,94,0,0
BRDA:484,94,1,0
BRDA:485,95,0,0
BRDA:485,95,1,0
BRDA:486,96,0,0
BRDA:486,96,1,0
BRDA:488,97,0,0
BRDA:488,97,1,0
BRDA:488,97,2,0
BRDA:492,98,0,0
BRDA:492,98,1,0
BRDA:531,99,0,0
BRDA:531,99,1,0
BRF:212
BRH:0
end_of_record
TN:
SF:src\app\dropdown\page.tsx
FN:48,DropdownDemoPage
FN:49,(anonymous_2)
FNF:2
FNH:0
FNDA:0,DropdownDemoPage
FNDA:0,(anonymous_2)
DA:2,0
DA:3,0
DA:4,0
DA:5,0
DA:6,0
DA:8,0
DA:48,0
DA:49,0
DA:51,0
LF:9
LH:0
BRF:0
BRH:0
end_of_record
TN:
SF:src\app\dropdown\nesteddropdown\nestedropdowndemo.tsx
FN:19,SearchableDropdownPage
FN:41,(anonymous_1)
FN:47,(anonymous_2)
FN:48,(anonymous_3)
FN:54,(anonymous_4)
FN:66,(anonymous_5)
FN:67,(anonymous_6)
FN:75,(anonymous_7)
FN:87,(anonymous_8)
FN:88,(anonymous_9)
FN:242,(anonymous_10)
FN:255,(anonymous_11)
FN:256,(anonymous_12)
FN:268,(anonymous_13)
FN:269,(anonymous_14)
FNF:15
FNH:0
FNDA:0,SearchableDropdownPage
FNDA:0,(anonymous_1)
FNDA:0,(anonymous_2)
FNDA:0,(anonymous_3)
FNDA:0,(anonymous_4)
FNDA:0,(anonymous_5)
FNDA:0,(anonymous_6)
FNDA:0,(anonymous_7)
FNDA:0,(anonymous_8)
FNDA:0,(anonymous_9)
FNDA:0,(anonymous_10)
FNDA:0,(anonymous_11)
FNDA:0,(anonymous_12)
FNDA:0,(anonymous_13)
FNDA:0,(anonymous_14)
DA:2,0
DA:3,0
DA:14,0
DA:15,0
DA:19,0
DA:20,0
DA:21,0
DA:22,0
DA:23,0
DA:24,0
DA:29,0
DA:35,0
DA:36,0
DA:37,0
DA:41,0
DA:42,0
DA:45,0
DA:46,0
DA:47,0
DA:49,0
DA:53,0
DA:55,0
DA:56,0
DA:64,0
DA:65,0
DA:66,0
DA:68,0
DA:74,0
DA:76,0
DA:77,0
DA:85,0
DA:86,0
DA:87,0
DA:89,0
DA:97,0
DA:130,0
DA:243,0
DA:256,0
DA:269,0
LF:39
LH:0
BRDA:55,0,0,0
BRDA:55,0,1,0
BRDA:76,1,0,0
BRDA:76,1,1,0
BRDA:76,2,0,0
BRDA:76,2,1,0
BRF:6
BRH:0
end_of_record
TN:
SF:src\app\filter\page.tsx
FN:15,FilterPage
FN:84,(anonymous_10)
FN:111,(anonymous_11)
FN:145,(anonymous_12)
FN:162,(anonymous_13)
FN:202,(anonymous_14)
FN:211,(anonymous_15)
FN:241,(anonymous_16)
FN:250,(anonymous_17)
FN:279,(anonymous_18)
FN:287,(anonymous_19)
FN:373,(anonymous_20)
FN:399,(anonymous_21)
FNF:13
FNH:0
FNDA:0,FilterPage
FNDA:0,(anonymous_10)
FNDA:0,(anonymous_11)
FNDA:0,(anonymous_12)
FNDA:0,(anonymous_13)
FNDA:0,(anonymous_14)
FNDA:0,(anonymous_15)
FNDA:0,(anonymous_16)
FNDA:0,(anonymous_17)
FNDA:0,(anonymous_18)
FNDA:0,(anonymous_19)
FNDA:0,(anonymous_20)
FNDA:0,(anonymous_21)
DA:3,0
DA:4,0
DA:5,0
DA:6,0
DA:15,0
DA:16,0
DA:18,0
DA:19,0
DA:21,0
DA:22,0
DA:23,0
DA:25,0
DA:70,0
DA:84,0
DA:85,0
DA:86,0
DA:87,0
DA:88,0
DA:89,0
DA:92,0
DA:111,0
DA:145,0
DA:163,0
DA:164,0
DA:202,0
DA:211,0
DA:241,0
DA:250,0
DA:279,0
DA:287,0
DA:373,0
DA:399,0
LF:32
LH:0
BRDA:130,0,0,0
BRDA:130,0,1,0
BRF:2
BRH:0
end_of_record
TN:
SF:src\app\form\page.tsx
FN:8,InputsPage
FN:27,(anonymous_10)
FN:93,(anonymous_11)
FN:102,(anonymous_12)
FN:110,(anonymous_13)
FN:118,(anonymous_14)
FN:149,(anonymous_15)
FN:156,(anonymous_16)
FN:221,(anonymous_17)
FN:231,(anonymous_18)
FN:274,(anonymous_19)
FNF:11
FNH:0
FNDA:0,InputsPage
FNDA:0,(anonymous_10)
FNDA:0,(anonymous_11)
FNDA:0,(anonymous_12)
FNDA:0,(anonymous_13)
FNDA:0,(anonymous_14)
FNDA:0,(anonymous_15)
FNDA:0,(anonymous_16)
FNDA:0,(anonymous_17)
FNDA:0,(anonymous_18)
FNDA:0,(anonymous_19)
DA:3,0
DA:4,0
DA:5,0
DA:6,0
DA:8,0
DA:9,0
DA:16,0
DA:23,0
DA:24,0
DA:25,0
DA:27,0
DA:28,0
DA:29,0
DA:33,0
DA:43,0
DA:93,0
DA:102,0
DA:110,0
DA:118,0
DA:149,0
DA:156,0
DA:221,0
DA:232,0
DA:233,0
DA:234,0
DA:274,0
LF:26
LH:0
BRDA:29,0,0,0
BRDA:29,0,1,0
BRDA:215,1,0,0
BRDA:215,1,1,0
BRDA:232,2,0,0
BRDA:232,2,1,0
BRDA:234,3,0,0
BRDA:234,3,1,0
BRF:8
BRH:0
end_of_record
TN:
SF:src\app\input\page.tsx
FN:134,(anonymous_10)
FN:148,(anonymous_11)
FN:152,(anonymous_12)
FN:254,(anonymous_13)
FN:268,(anonymous_14)
FN:272,(anonymous_15)
FN:337,(anonymous_16)
FN:350,(anonymous_17)
FN:354,(anonymous_18)
FN:382,(anonymous_19)
FN:382,(anonymous_20)
FN:435,(anonymous_21)
FN:448,(anonymous_22)
FN:449,(anonymous_23)
FN:482,(anonymous_24)
FN:488,(anonymous_25)
FN:489,(anonymous_26)
FN:518,(anonymous_27)
FN:523,(anonymous_28)
FN:524,(anonymous_29)
FN:550,(anonymous_30)
FN:555,(anonymous_31)
FN:556,(anonymous_32)
FN:582,(anonymous_33)
FN:587,(anonymous_34)
FN:588,(anonymous_35)
FN:627,(anonymous_36)
FN:628,(anonymous_37)
FN:629,(anonymous_38)
FN:636,(anonymous_39)
FN:666,(anonymous_40)
FN:684,(anonymous_41)
FN:686,(anonymous_42)
FN:691,(anonymous_43)
FN:692,(anonymous_44)
FN:695,(anonymous_45)
FN:736,(anonymous_46)
FN:751,(anonymous_47)
FN:761,(anonymous_48)
FN:762,(anonymous_49)
FN:767,(anonymous_50)
FN:786,(anonymous_51)
FN:787,(anonymous_52)
FN:789,(anonymous_53)
FN:795,(anonymous_54)
FN:809,(anonymous_55)
FN:819,(anonymous_56)
FN:821,(anonymous_57)
FN:826,(anonymous_58)
FN:831,(anonymous_59)
FN:837,(anonymous_60)
FN:843,(anonymous_61)
FN:863,(anonymous_62)
FN:885,(anonymous_63)
FN:899,(anonymous_64)
FN:900,(anonymous_65)
FN:903,(anonymous_66)
FN:905,(anonymous_67)
FN:907,(anonymous_68)
FN:919,(anonymous_69)
FN:943,(anonymous_70)
FN:946,(anonymous_71)
FN:1123,ForMahatiInputDemoPage
FN:1153,(anonymous_73)
FN:1154,(anonymous_74)
FN:1159,(anonymous_75)
FN:1159,(anonymous_76)
FN:1160,(anonymous_77)
FN:1161,(anonymous_78)
FN:1162,(anonymous_79)
FN:1164,(anonymous_80)
FN:1164,(anonymous_81)
FN:1168,(anonymous_82)
FN:1178,(anonymous_83)
FN:1189,(anonymous_84)
FN:1190,(anonymous_85)
FN:1191,(anonymous_86)
FN:1194,(anonymous_87)
FN:1198,(anonymous_88)
FN:1205,(anonymous_89)
FN:1209,(anonymous_90)
FN:1216,(anonymous_91)
FN:1219,(anonymous_92)
FN:1226,(anonymous_93)
FN:1237,(anonymous_94)
FN:1241,(anonymous_95)
FN:1248,(anonymous_96)
FN:1255,(anonymous_97)
FN:1312,(anonymous_98)
FN:1341,(anonymous_99)
FN:1514,(anonymous_100)
FN:1584,(anonymous_101)
FN:1644,(anonymous_102)
FN:1650,(anonymous_103)
FN:1759,(anonymous_104)
FN:1760,(anonymous_105)
FN:1769,(anonymous_106)
FN:1776,(anonymous_107)
FN:1777,(anonymous_108)
FN:1786,(anonymous_109)
FNF:100
FNH:0
FNDA:0,(anonymous_10)
FNDA:0,(anonymous_11)
FNDA:0,(anonymous_12)
FNDA:0,(anonymous_13)
FNDA:0,(anonymous_14)
FNDA:0,(anonymous_15)
FNDA:0,(anonymous_16)
FNDA:0,(anonymous_17)
FNDA:0,(anonymous_18)
FNDA:0,(anonymous_19)
FNDA:0,(anonymous_20)
FNDA:0,(anonymous_21)
FNDA:0,(anonymous_22)
FNDA:0,(anonymous_23)
FNDA:0,(anonymous_24)
FNDA:0,(anonymous_25)
FNDA:0,(anonymous_26)
FNDA:0,(anonymous_27)
FNDA:0,(anonymous_28)
FNDA:0,(anonymous_29)
FNDA:0,(anonymous_30)
FNDA:0,(anonymous_31)
FNDA:0,(anonymous_32)
FNDA:0,(anonymous_33)
FNDA:0,(anonymous_34)
FNDA:0,(anonymous_35)
FNDA:0,(anonymous_36)
FNDA:0,(anonymous_37)
FNDA:0,(anonymous_38)
FNDA:0,(anonymous_39)
FNDA:0,(anonymous_40)
FNDA:0,(anonymous_41)
FNDA:0,(anonymous_42)
FNDA:0,(anonymous_43)
FNDA:0,(anonymous_44)
FNDA:0,(anonymous_45)
FNDA:0,(anonymous_46)
FNDA:0,(anonymous_47)
FNDA:0,(anonymous_48)
FNDA:0,(anonymous_49)
FNDA:0,(anonymous_50)
FNDA:0,(anonymous_51)
FNDA:0,(anonymous_52)
FNDA:0,(anonymous_53)
FNDA:0,(anonymous_54)
FNDA:0,(anonymous_55)
FNDA:0,(anonymous_56)
FNDA:0,(anonymous_57)
FNDA:0,(anonymous_58)
FNDA:0,(anonymous_59)
FNDA:0,(anonymous_60)
FNDA:0,(anonymous_61)
FNDA:0,(anonymous_62)
FNDA:0,(anonymous_63)
FNDA:0,(anonymous_64)
FNDA:0,(anonymous_65)
FNDA:0,(anonymous_66)
FNDA:0,(anonymous_67)
FNDA:0,(anonymous_68)
FNDA:0,(anonymous_69)
FNDA:0,(anonymous_70)
FNDA:0,(anonymous_71)
FNDA:0,ForMahatiInputDemoPage
FNDA:0,(anonymous_73)
FNDA:0,(anonymous_74)
FNDA:0,(anonymous_75)
FNDA:0,(anonymous_76)
FNDA:0,(anonymous_77)
FNDA:0,(anonymous_78)
FNDA:0,(anonymous_79)
FNDA:0,(anonymous_80)
FNDA:0,(anonymous_81)
FNDA:0,(anonymous_82)
FNDA:0,(anonymous_83)
FNDA:0,(anonymous_84)
FNDA:0,(anonymous_85)
FNDA:0,(anonymous_86)
FNDA:0,(anonymous_87)
FNDA:0,(anonymous_88)
FNDA:0,(anonymous_89)
FNDA:0,(anonymous_90)
FNDA:0,(anonymous_91)
FNDA:0,(anonymous_92)
FNDA:0,(anonymous_93)
FNDA:0,(anonymous_94)
FNDA:0,(anonymous_95)
FNDA:0,(anonymous_96)
FNDA:0,(anonymous_97)
FNDA:0,(anonymous_98)
FNDA:0,(anonymous_99)
FNDA:0,(anonymous_100)
FNDA:0,(anonymous_101)
FNDA:0,(anonymous_102)
FNDA:0,(anonymous_103)
FNDA:0,(anonymous_104)
FNDA:0,(anonymous_105)
FNDA:0,(anonymous_106)
FNDA:0,(anonymous_107)
FNDA:0,(anonymous_108)
FNDA:0,(anonymous_109)
DA:3,0
DA:4,0
DA:5,0
DA:6,0
DA:7,0
DA:9,0
DA:20,0
DA:21,0
DA:22,0
DA:23,0
DA:24,0
DA:25,0
DA:26,0
DA:27,0
DA:28,0
DA:30,0
DA:38,0
DA:39,0
DA:41,0
DA:58,0
DA:134,0
DA:145,0
DA:146,0
DA:148,0
DA:149,0
DA:152,0
DA:153,0
DA:154,0
DA:157,0
DA:159,0
DA:183,0
DA:254,0
DA:265,0
DA:266,0
DA:268,0
DA:269,0
DA:272,0
DA:273,0
DA:274,0
DA:277,0
DA:279,0
DA:301,0
DA:337,0
DA:346,0
DA:347,0
DA:348,0
DA:350,0
DA:351,0
DA:354,0
DA:355,0
DA:356,0
DA:359,0
DA:361,0
DA:382,0
DA:396,0
DA:435,0
DA:445,0
DA:446,0
DA:448,0
DA:449,0
DA:450,0
DA:452,0
DA:473,0
DA:482,0
DA:485,0
DA:486,0
DA:488,0
DA:489,0
DA:490,0
DA:492,0
DA:515,0
DA:518,0
DA:521,0
DA:522,0
DA:523,0
DA:524,0
DA:525,0
DA:527,0
DA:544,0
DA:550,0
DA:553,0
DA:554,0
DA:555,0
DA:556,0
DA:557,0
DA:559,0
DA:576,0
DA:582,0
DA:585,0
DA:586,0
DA:587,0
DA:588,0
DA:589,0
DA:590,0
DA:592,0
DA:611,0
DA:624,0
DA:625,0
DA:627,0
DA:628,0
DA:629,0
DA:636,0
DA:637,0
DA:642,0
DA:666,0
DA:669,0
DA:679,0
DA:680,0
DA:682,0
DA:684,0
DA:686,0
DA:689,0
DA:691,0
DA:692,0
DA:695,0
DA:698,0
DA:704,0
DA:713,0
DA:718,0
DA:736,0
DA:751,0
DA:759,0
DA:760,0
DA:761,0
DA:762,0
DA:763,0
DA:764,0
DA:765,0
DA:767,0
DA:769,0
DA:783,0
DA:786,0
DA:787,0
DA:789,0
DA:795,0
DA:809,0
DA:815,0
DA:816,0
DA:817,0
DA:819,0
DA:821,0
DA:822,0
DA:823,0
DA:826,0
DA:827,0
DA:828,0
DA:831,0
DA:832,0
DA:833,0
DA:834,0
DA:837,0
DA:838,0
DA:839,0
DA:840,0
DA:843,0
DA:844,0
DA:845,0
DA:846,0
DA:847,0
DA:848,0
DA:851,0
DA:852,0
DA:854,0
DA:863,0
DA:886,0
DA:896,0
DA:899,0
DA:900,0
DA:902,0
DA:903,0
DA:905,0
DA:907,0
DA:919,0
DA:928,0
DA:933,0
DA:943,0
DA:946,0
DA:957,0
DA:978,0
DA:994,0
DA:1051,0
DA:1078,0
DA:1123,0
DA:1124,0
DA:1125,0
DA:1126,0
DA:1127,0
DA:1128,0
DA:1129,0
DA:1130,0
DA:1131,0
DA:1132,0
DA:1133,0
DA:1135,0
DA:1136,0
DA:1137,0
DA:1138,0
DA:1139,0
DA:1140,0
DA:1142,0
DA:1144,0
DA:1146,0
DA:1147,0
DA:1148,0
DA:1149,0
DA:1151,0
DA:1152,0
DA:1153,0
DA:1154,0
DA:1155,0
DA:1156,0
DA:1159,0
DA:1160,0
DA:1161,0
DA:1162,0
DA:1164,0
DA:1165,0
DA:1166,0
DA:1168,0
DA:1169,0
DA:1170,0
DA:1171,0
DA:1172,0
DA:1173,0
DA:1174,0
DA:1175,0
DA:1176,0
DA:1178,0
DA:1179,0
DA:1180,0
DA:1181,0
DA:1182,0
DA:1183,0
DA:1184,0
DA:1185,0
DA:1186,0
DA:1189,0
DA:1190,0
DA:1191,0
DA:1194,0
DA:1195,0
DA:1196,0
DA:1197,0
DA:1198,0
DA:1199,0
DA:1200,0
DA:1201,0
DA:1205,0
DA:1206,0
DA:1207,0
DA:1208,0
DA:1209,0
DA:1210,0
DA:1211,0
DA:1212,0
DA:1216,0
DA:1217,0
DA:1218,0
DA:1219,0
DA:1220,0
DA:1221,0
DA:1222,0
DA:1226,0
DA:1227,0
DA:1228,0
DA:1229,0
DA:1230,0
DA:1231,0
DA:1232,0
DA:1233,0
DA:1234,0
DA:1237,0
DA:1238,0
DA:1239,0
DA:1240,0
DA:1241,0
DA:1242,0
DA:1243,0
DA:1244,0
DA:1248,0
DA:1249,0
DA:1250,0
DA:1251,0
DA:1252,0
DA:1255,0
DA:1256,0
DA:1257,0
DA:1258,0
DA:1259,0
DA:1262,0
DA:1312,0
DA:1341,0
DA:1514,0
DA:1584,0
DA:1645,0
DA:1646,0
DA:1648,0
DA:1650,0
DA:1760,0
DA:1769,0
DA:1777,0
DA:1786,0
LF:302
LH:0
BRDA:135,0,0,0
BRDA:143,1,0,0
BRDA:145,2,0,0
BRDA:145,2,1,0
BRDA:146,3,0,0
BRDA:146,3,1,0
BRDA:149,4,0,0
BRDA:149,4,1,0
BRDA:149,5,0,0
BRDA:149,5,1,0
BRDA:153,6,0,0
BRDA:153,6,1,0
BRDA:157,7,0,0
BRDA:157,7,1,0
BRDA:163,8,0,0
BRDA:163,8,1,0
BRDA:175,9,0,0
BRDA:175,9,1,0
BRDA:175,10,0,0
BRDA:175,10,1,0
BRDA:175,11,0,0
BRDA:175,11,1,0
BRDA:177,12,0,0
BRDA:177,12,1,0
BRDA:255,13,0,0
BRDA:265,14,0,0
BRDA:265,14,1,0
BRDA:266,15,0,0
BRDA:266,15,1,0
BRDA:269,16,0,0
BRDA:269,16,1,0
BRDA:269,17,0,0
BRDA:269,17,1,0
BRDA:273,18,0,0
BRDA:273,18,1,0
BRDA:277,19,0,0
BRDA:277,19,1,0
BRDA:286,20,0,0
BRDA:286,20,1,0
BRDA:296,21,0,0
BRDA:296,21,1,0
BRDA:347,22,0,0
BRDA:347,22,1,0
BRDA:348,23,0,0
BRDA:348,23,1,0
BRDA:351,24,0,0
BRDA:351,24,1,0
BRDA:351,25,0,0
BRDA:351,25,1,0
BRDA:355,26,0,0
BRDA:355,26,1,0
BRDA:359,27,0,0
BRDA:359,27,1,0
BRDA:368,28,0,0
BRDA:368,28,1,0
BRDA:369,29,0,0
BRDA:369,29,1,0
BRDA:381,30,0,0
BRDA:381,30,1,0
BRDA:384,31,0,0
BRDA:384,31,1,0
BRDA:391,32,0,0
BRDA:391,32,1,0
BRDA:441,33,0,0
BRDA:443,34,0,0
BRDA:445,35,0,0
BRDA:445,35,1,0
BRDA:446,36,0,0
BRDA:446,36,1,0
BRDA:448,37,0,0
BRDA:448,37,1,0
BRDA:448,38,0,0
BRDA:448,38,1,0
BRDA:449,39,0,0
BRDA:449,39,1,0
BRDA:450,40,0,0
BRDA:450,40,1,0
BRDA:455,41,0,0
BRDA:455,41,1,0
BRDA:457,42,0,0
BRDA:457,42,1,0
BRDA:483,43,0,0
BRDA:485,44,0,0
BRDA:485,44,1,0
BRDA:486,45,0,0
BRDA:486,45,1,0
BRDA:488,46,0,0
BRDA:488,46,1,0
BRDA:488,47,0,0
BRDA:488,47,1,0
BRDA:489,48,0,0
BRDA:489,48,1,0
BRDA:490,49,0,0
BRDA:490,49,1,0
BRDA:495,50,0,0
BRDA:495,50,1,0
BRDA:496,51,0,0
BRDA:496,51,1,0
BRDA:519,52,0,0
BRDA:519,53,0,0
BRDA:519,54,0,0
BRDA:521,55,0,0
BRDA:521,55,1,0
BRDA:522,56,0,0
BRDA:522,56,1,0
BRDA:523,57,0,0
BRDA:523,57,1,0
BRDA:523,58,0,0
BRDA:523,58,1,0
BRDA:524,59,0,0
BRDA:524,59,1,0
BRDA:525,60,0,0
BRDA:525,60,1,0
BRDA:530,61,0,0
BRDA:530,61,1,0
BRDA:551,62,0,0
BRDA:551,63,0,0
BRDA:551,64,0,0
BRDA:551,65,0,0
BRDA:553,66,0,0
BRDA:553,66,1,0
BRDA:554,67,0,0
BRDA:554,67,1,0
BRDA:555,68,0,0
BRDA:555,68,1,0
BRDA:555,69,0,0
BRDA:555,69,1,0
BRDA:556,70,0,0
BRDA:556,70,1,0
BRDA:557,71,0,0
BRDA:557,71,1,0
BRDA:562,72,0,0
BRDA:562,72,1,0
BRDA:583,73,0,0
BRDA:583,74,0,0
BRDA:583,75,0,0
BRDA:583,76,0,0
BRDA:585,77,0,0
BRDA:585,77,1,0
BRDA:586,78,0,0
BRDA:586,78,1,0
BRDA:587,79,0,0
BRDA:587,79,1,0
BRDA:587,80,0,0
BRDA:587,80,1,0
BRDA:588,81,0,0
BRDA:588,81,1,0
BRDA:589,82,0,0
BRDA:589,82,1,0
BRDA:590,83,0,0
BRDA:590,83,1,0
BRDA:595,84,0,0
BRDA:595,84,1,0
BRDA:596,85,0,0
BRDA:596,85,1,0
BRDA:597,86,0,0
BRDA:597,86,1,0
BRDA:627,87,0,0
BRDA:627,87,1,0
BRDA:628,88,0,0
BRDA:628,88,1,0
BRDA:629,89,0,0
BRDA:629,89,1,0
BRDA:667,90,0,0
BRDA:667,91,0,0
BRDA:671,92,0,0
BRDA:671,92,1,0
BRDA:684,93,0,0
BRDA:684,93,1,0
BRDA:686,94,0,0
BRDA:686,94,1,0
BRDA:691,95,0,0
BRDA:691,95,1,0
BRDA:692,96,0,0
BRDA:692,96,1,0
BRDA:695,97,0,0
BRDA:695,97,1,0
BRDA:736,98,0,0
BRDA:736,98,1,0
BRDA:752,99,0,0
BRDA:753,100,0,0
BRDA:754,101,0,0
BRDA:755,102,0,0
BRDA:756,103,0,0
BRDA:763,104,0,0
BRDA:763,104,1,0
BRDA:767,105,0,0
BRDA:767,105,1,0
BRDA:772,106,0,0
BRDA:772,106,1,0
BRDA:787,107,0,0
BRDA:787,107,1,0
BRDA:789,108,0,0
BRDA:789,108,1,0
BRDA:795,109,0,0
BRDA:795,109,1,0
BRDA:810,110,0,0
BRDA:812,111,0,0
BRDA:827,112,0,0
BRDA:827,112,1,0
BRDA:834,113,0,0
BRDA:834,113,1,0
BRDA:847,114,0,0
BRDA:847,114,1,0
BRDA:848,115,0,0
BRDA:848,115,1,0
BRDA:851,116,0,0
BRDA:851,116,1,0
BRDA:851,117,0,0
BRDA:851,117,1,0
BRDA:852,118,0,0
BRDA:852,118,1,0
BRDA:863,119,0,0
BRDA:863,119,1,0
BRDA:863,120,0,0
BRDA:863,120,1,0
BRDA:883,121,0,0
BRDA:883,121,1,0
BRDA:899,122,0,0
BRDA:899,122,1,0
BRDA:899,123,0,0
BRDA:899,123,1,0
BRDA:905,124,0,0
BRDA:905,124,1,0
BRDA:907,125,0,0
BRDA:907,125,1,0
BRDA:921,126,0,0
BRDA:922,127,0,0
BRDA:923,128,0,0
BRDA:925,129,0,0
BRDA:926,130,0,0
BRDA:1155,131,0,0
BRDA:1155,131,1,0
BRDA:1162,132,0,0
BRDA:1162,132,1,0
BRDA:1170,133,0,0
BRDA:1170,133,1,0
BRDA:1171,134,0,0
BRDA:1171,134,1,0
BRDA:1172,135,0,0
BRDA:1172,135,1,0
BRDA:1173,136,0,0
BRDA:1173,136,1,0
BRDA:1174,137,0,0
BRDA:1174,137,1,0
BRDA:1180,138,0,0
BRDA:1180,138,1,0
BRDA:1181,139,0,0
BRDA:1181,139,1,0
BRDA:1182,140,0,0
BRDA:1182,140,1,0
BRDA:1183,141,0,0
BRDA:1183,141,1,0
BRDA:1184,142,0,0
BRDA:1184,142,1,0
BRDA:1191,143,0,0
BRDA:1191,143,1,0
BRDA:1196,144,0,0
BRDA:1196,144,1,0
BRDA:1207,145,0,0
BRDA:1207,145,1,0
BRDA:1228,146,0,0
BRDA:1228,146,1,0
BRDA:1229,147,0,0
BRDA:1229,147,1,0
BRDA:1230,148,0,0
BRDA:1230,148,1,0
BRDA:1231,149,0,0
BRDA:1231,149,1,0
BRDA:1232,150,0,0
BRDA:1232,150,1,0
BRDA:1239,151,0,0
BRDA:1239,151,1,0
BRDA:1252,152,0,0
BRDA:1252,152,1,0
BRDA:1252,152,2,0
BRDA:1252,152,3,0
BRDA:1259,153,0,0
BRDA:1259,153,1,0
BRDA:1259,153,2,0
BRDA:1259,153,3,0
BRDA:1344,154,0,0
BRDA:1344,154,1,0
BRDA:1547,155,0,0
BRDA:1547,155,1,0
BRDA:1601,156,0,0
BRDA:1601,156,1,0
BRF:287
BRH:0
end_of_record
TN:
SF:src\app\modal\page.tsx
FN:10,ModalPage
FN:56,(anonymous_10)
FN:62,(anonymous_11)
FN:63,(anonymous_12)
FN:358,(anonymous_13)
FN:364,(anonymous_14)
FN:370,(anonymous_15)
FN:376,(anonymous_16)
FN:384,(anonymous_17)
FN:385,(anonymous_18)
FN:386,(anonymous_19)
FN:387,(anonymous_20)
FN:388,(anonymous_21)
FN:396,(anonymous_22)
FN:402,(anonymous_23)
FN:410,(anonymous_24)
FN:415,(anonymous_25)
FN:426,(anonymous_26)
FN:431,(anonymous_27)
FN:435,(anonymous_28)
FN:447,(anonymous_29)
FN:459,(anonymous_30)
FN:471,(anonymous_31)
FN:481,(anonymous_32)
FN:493,(anonymous_33)
FN:498,(anonymous_34)
FN:502,(anonymous_35)
FN:516,(anonymous_36)
FN:520,(anonymous_37)
FN:540,(anonymous_38)
FN:542,(anonymous_39)
FN:551,(anonymous_40)
FN:563,(anonymous_41)
FN:571,(anonymous_42)
FN:573,(anonymous_43)
FN:584,(anonymous_44)
FN:587,(anonymous_45)
FN:594,(anonymous_46)
FN:597,(anonymous_47)
FN:604,(anonymous_48)
FN:607,(anonymous_49)
FN:614,(anonymous_50)
FN:617,(anonymous_51)
FN:624,(anonymous_52)
FN:627,(anonymous_53)
FN:633,(anonymous_54)
FN:667,(anonymous_55)
FN:726,(anonymous_56)
FN:753,(anonymous_57)
FN:764,(anonymous_58)
FN:767,(anonymous_59)
FN:791,(anonymous_60)
FN:795,(anonymous_61)
FN:829,(anonymous_62)
FN:841,(anonymous_63)
FNF:55
FNH:0
FNDA:0,ModalPage
FNDA:0,(anonymous_10)
FNDA:0,(anonymous_11)
FNDA:0,(anonymous_12)
FNDA:0,(anonymous_13)
FNDA:0,(anonymous_14)
FNDA:0,(anonymous_15)
FNDA:0,(anonymous_16)
FNDA:0,(anonymous_17)
FNDA:0,(anonymous_18)
FNDA:0,(anonymous_19)
FNDA:0,(anonymous_20)
FNDA:0,(anonymous_21)
FNDA:0,(anonymous_22)
FNDA:0,(anonymous_23)
FNDA:0,(anonymous_24)
FNDA:0,(anonymous_25)
FNDA:0,(anonymous_26)
FNDA:0,(anonymous_27)
FNDA:0,(anonymous_28)
FNDA:0,(anonymous_29)
FNDA:0,(anonymous_30)
FNDA:0,(anonymous_31)
FNDA:0,(anonymous_32)
FNDA:0,(anonymous_33)
FNDA:0,(anonymous_34)
FNDA:0,(anonymous_35)
FNDA:0,(anonymous_36)
FNDA:0,(anonymous_37)
FNDA:0,(anonymous_38)
FNDA:0,(anonymous_39)
FNDA:0,(anonymous_40)
FNDA:0,(anonymous_41)
FNDA:0,(anonymous_42)
FNDA:0,(anonymous_43)
FNDA:0,(anonymous_44)
FNDA:0,(anonymous_45)
FNDA:0,(anonymous_46)
FNDA:0,(anonymous_47)
FNDA:0,(anonymous_48)
FNDA:0,(anonymous_49)
FNDA:0,(anonymous_50)
FNDA:0,(anonymous_51)
FNDA:0,(anonymous_52)
FNDA:0,(anonymous_53)
FNDA:0,(anonymous_54)
FNDA:0,(anonymous_55)
FNDA:0,(anonymous_56)
FNDA:0,(anonymous_57)
FNDA:0,(anonymous_58)
FNDA:0,(anonymous_59)
FNDA:0,(anonymous_60)
FNDA:0,(anonymous_61)
FNDA:0,(anonymous_62)
FNDA:0,(anonymous_63)
DA:2,0
DA:4,0
DA:5,0
DA:7,0
DA:8,0
DA:10,0
DA:11,0
DA:12,0
DA:13,0
DA:14,0
DA:15,0
DA:16,0
DA:17,0
DA:18,0
DA:19,0
DA:20,0
DA:21,0
DA:22,0
DA:23,0
DA:24,0
DA:25,0
DA:26,0
DA:27,0
DA:28,0
DA:46,0
DA:47,0
DA:50,0
DA:56,0
DA:57,0
DA:59,0
DA:62,0
DA:63,0
DA:65,0
DA:81,0
DA:110,0
DA:146,0
DA:203,0
DA:227,0
DA:248,0
DA:280,0
DA:344,0
DA:358,0
DA:364,0
DA:370,0
DA:376,0
DA:384,0
DA:385,0
DA:386,0
DA:387,0
DA:388,0
DA:396,0
DA:402,0
DA:410,0
DA:415,0
DA:426,0
DA:431,0
DA:435,0
DA:447,0
DA:459,0
DA:471,0
DA:481,0
DA:493,0
DA:498,0
DA:503,0
DA:504,0
DA:516,0
DA:520,0
DA:540,0
DA:542,0
DA:551,0
DA:563,0
DA:571,0
DA:574,0
DA:584,0
DA:587,0
DA:594,0
DA:597,0
DA:604,0
DA:607,0
DA:614,0
DA:617,0
DA:624,0
DA:627,0
DA:633,0
DA:668,0
DA:727,0
DA:753,0
DA:765,0
DA:767,0
DA:792,0
DA:795,0
DA:829,0
DA:842,0
LF:93
LH:0
BRDA:669,0,0,0
BRDA:669,0,1,0
BRDA:773,1,0,0
BRDA:773,1,1,0
BRDA:814,2,0,0
BRDA:814,2,1,0
BRDA:815,3,0,0
BRDA:815,3,1,0
BRF:8
BRH:0
end_of_record
TN:
SF:src\app\nesteddropdown\page.tsx
FN:19,SearchableDropdownPage
FN:41,(anonymous_1)
FN:47,(anonymous_2)
FN:48,(anonymous_3)
FN:54,(anonymous_4)
FN:66,(anonymous_5)
FN:67,(anonymous_6)
FN:75,(anonymous_7)
FN:87,(anonymous_8)
FN:88,(anonymous_9)
FN:242,(anonymous_10)
FN:255,(anonymous_11)
FN:256,(anonymous_12)
FN:268,(anonymous_13)
FN:269,(anonymous_14)
FNF:15
FNH:0
FNDA:0,SearchableDropdownPage
FNDA:0,(anonymous_1)
FNDA:0,(anonymous_2)
FNDA:0,(anonymous_3)
FNDA:0,(anonymous_4)
FNDA:0,(anonymous_5)
FNDA:0,(anonymous_6)
FNDA:0,(anonymous_7)
FNDA:0,(anonymous_8)
FNDA:0,(anonymous_9)
FNDA:0,(anonymous_10)
FNDA:0,(anonymous_11)
FNDA:0,(anonymous_12)
FNDA:0,(anonymous_13)
FNDA:0,(anonymous_14)
DA:2,0
DA:3,0
DA:14,0
DA:15,0
DA:19,0
DA:20,0
DA:21,0
DA:22,0
DA:23,0
DA:24,0
DA:29,0
DA:35,0
DA:36,0
DA:37,0
DA:41,0
DA:42,0
DA:45,0
DA:46,0
DA:47,0
DA:49,0
DA:53,0
DA:55,0
DA:56,0
DA:64,0
DA:65,0
DA:66,0
DA:68,0
DA:74,0
DA:76,0
DA:77,0
DA:85,0
DA:86,0
DA:87,0
DA:89,0
DA:97,0
DA:130,0
DA:243,0
DA:256,0
DA:269,0
LF:39
LH:0
BRDA:55,0,0,0
BRDA:55,0,1,0
BRDA:76,1,0,0
BRDA:76,1,1,0
BRDA:76,2,0,0
BRDA:76,2,1,0
BRF:6
BRH:0
end_of_record
TN:
SF:src\app\notifications\page.tsx
FN:12,LocationAccessModalPage
FN:41,(anonymous_10)
FN:137,(anonymous_11)
FN:145,(anonymous_12)
FN:151,(anonymous_13)
FN:152,(anonymous_14)
FN:239,(anonymous_15)
FN:247,(anonymous_16)
FN:253,(anonymous_17)
FN:254,(anonymous_18)
FN:341,(anonymous_19)
FN:349,(anonymous_20)
FN:355,(anonymous_21)
FN:356,(anonymous_22)
FN:459,(anonymous_23)
FN:467,(anonymous_24)
FN:474,(anonymous_25)
FN:498,(anonymous_26)
FN:506,(anonymous_27)
FN:511,(anonymous_28)
FN:536,(anonymous_29)
FN:544,(anonymous_30)
FN:549,(anonymous_31)
FN:573,(anonymous_32)
FN:581,(anonymous_33)
FN:588,(anonymous_34)
FN:616,(anonymous_35)
FN:624,(anonymous_36)
FN:630,(anonymous_37)
FN:653,(anonymous_38)
FN:662,(anonymous_39)
FN:668,(anonymous_40)
FN:749,(anonymous_41)
FN:749,(anonymous_42)
FN:764,(anonymous_43)
FN:774,(anonymous_44)
FN:784,(anonymous_45)
FN:794,(anonymous_46)
FN:804,(anonymous_47)
FN:816,(anonymous_48)
FN:820,(anonymous_49)
FN:824,(anonymous_50)
FN:957,(anonymous_51)
FN:963,(anonymous_52)
FNF:44
FNH:0
FNDA:0,LocationAccessModalPage
FNDA:0,(anonymous_10)
FNDA:0,(anonymous_11)
FNDA:0,(anonymous_12)
FNDA:0,(anonymous_13)
FNDA:0,(anonymous_14)
FNDA:0,(anonymous_15)
FNDA:0,(anonymous_16)
FNDA:0,(anonymous_17)
FNDA:0,(anonymous_18)
FNDA:0,(anonymous_19)
FNDA:0,(anonymous_20)
FNDA:0,(anonymous_21)
FNDA:0,(anonymous_22)
FNDA:0,(anonymous_23)
FNDA:0,(anonymous_24)
FNDA:0,(anonymous_25)
FNDA:0,(anonymous_26)
FNDA:0,(anonymous_27)
FNDA:0,(anonymous_28)
FNDA:0,(anonymous_29)
FNDA:0,(anonymous_30)
FNDA:0,(anonymous_31)
FNDA:0,(anonymous_32)
FNDA:0,(anonymous_33)
FNDA:0,(anonymous_34)
FNDA:0,(anonymous_35)
FNDA:0,(anonymous_36)
FNDA:0,(anonymous_37)
FNDA:0,(anonymous_38)
FNDA:0,(anonymous_39)
FNDA:0,(anonymous_40)
FNDA:0,(anonymous_41)
FNDA:0,(anonymous_42)
FNDA:0,(anonymous_43)
FNDA:0,(anonymous_44)
FNDA:0,(anonymous_45)
FNDA:0,(anonymous_46)
FNDA:0,(anonymous_47)
FNDA:0,(anonymous_48)
FNDA:0,(anonymous_49)
FNDA:0,(anonymous_50)
FNDA:0,(anonymous_51)
FNDA:0,(anonymous_52)
DA:3,0
DA:4,0
DA:5,0
DA:6,0
DA:7,0
DA:12,0
DA:13,0
DA:14,0
DA:15,0
DA:16,0
DA:17,0
DA:18,0
DA:19,0
DA:20,0
DA:21,0
DA:22,0
DA:23,0
DA:24,0
DA:25,0
DA:26,0
DA:27,0
DA:28,0
DA:29,0
DA:31,0
DA:41,0
DA:42,0
DA:45,0
DA:102,0
DA:137,0
DA:145,0
DA:151,0
DA:152,0
DA:239,0
DA:247,0
DA:253,0
DA:254,0
DA:341,0
DA:349,0
DA:355,0
DA:356,0
DA:459,0
DA:467,0
DA:475,0
DA:498,0
DA:506,0
DA:512,0
DA:536,0
DA:544,0
DA:550,0
DA:573,0
DA:581,0
DA:589,0
DA:616,0
DA:624,0
DA:631,0
DA:653,0
DA:662,0
DA:669,0
DA:749,0
DA:764,0
DA:774,0
DA:784,0
DA:794,0
DA:804,0
DA:817,0
DA:818,0
DA:821,0
DA:822,0
DA:824,0
DA:958,0
DA:960,0
DA:964,0
DA:965,0
DA:966,0
DA:967,0
DA:968,0
DA:969,0
LF:77
LH:0
BRDA:753,0,0,0
BRDA:753,0,1,0
BRDA:758,1,0,0
BRDA:758,1,1,0
BRF:4
BRH:0
end_of_record
TN:
SF:src\app\spinner\page.tsx
FN:14,Sized
FN:23,ColorLabel
FN:32,LoadingDemo
FNF:3
FNH:0
FNDA:0,Sized
FNDA:0,ColorLabel
FNDA:0,LoadingDemo
DA:3,0
DA:4,0
DA:5,0
DA:15,0
DA:24,0
DA:32,0
DA:33,0
LF:7
LH:0
BRF:0
BRH:0
end_of_record
TN:
SF:src\app\tab\page.tsx
FN:16,TabDemoTailwindCSS
FNF:1
FNH:0
FNDA:0,TabDemoTailwindCSS
DA:3,0
DA:4,0
DA:5,0
DA:6,0
DA:16,0
DA:17,0
DA:64,0
LF:7
LH:0
BRF:0
BRH:0
end_of_record
TN:
SF:src\app\table\page.tsx
FN:331,(anonymous_10)
FN:340,(anonymous_11)
FN:345,(anonymous_12)
FN:348,(anonymous_13)
FN:349,(anonymous_14)
FN:357,(anonymous_15)
FN:361,(anonymous_16)
FN:373,(anonymous_17)
FN:375,(anonymous_18)
FN:379,(anonymous_19)
FN:384,(anonymous_20)
FN:404,(anonymous_21)
FN:407,(anonymous_22)
FN:412,(anonymous_23)
FN:434,TabDemoTailwindCSS
FN:468,(anonymous_25)
FN:486,(anonymous_26)
FN:499,(anonymous_27)
FN:507,(anonymous_28)
FN:518,(anonymous_29)
FN:522,(anonymous_30)
FN:526,(anonymous_31)
FN:528,(anonymous_32)
FN:529,(anonymous_33)
FN:536,(anonymous_34)
FN:538,(anonymous_35)
FN:538,(anonymous_36)
FN:541,(anonymous_37)
FN:545,(anonymous_38)
FN:547,(anonymous_39)
FN:559,(anonymous_40)
FN:563,(anonymous_41)
FN:567,(anonymous_42)
FN:570,(anonymous_43)
FN:573,(anonymous_44)
FN:574,(anonymous_45)
FN:574,(anonymous_46)
FN:575,(anonymous_47)
FN:577,(anonymous_48)
FN:588,(anonymous_49)
FN:593,(anonymous_50)
FN:596,(anonymous_51)
FN:600,(anonymous_52)
FN:603,(anonymous_53)
FN:617,(anonymous_54)
FN:621,(anonymous_55)
FN:633,(anonymous_56)
FN:637,(anonymous_57)
FN:729,(anonymous_58)
FN:747,(anonymous_59)
FN:749,(anonymous_60)
FN:753,(anonymous_61)
FN:755,(anonymous_62)
FN:756,(anonymous_63)
FN:758,(anonymous_64)
FN:759,(anonymous_65)
FN:789,(anonymous_66)
FN:802,(anonymous_67)
FN:807,(anonymous_68)
FN:834,(anonymous_69)
FN:834,(anonymous_70)
FN:839,(anonymous_71)
FN:840,(anonymous_72)
FN:845,(anonymous_73)
FN:848,(anonymous_74)
FN:849,(anonymous_75)
FN:850,(anonymous_76)
FN:852,(anonymous_77)
FN:852,(anonymous_78)
FN:853,(anonymous_79)
FN:855,(anonymous_80)
FN:858,(anonymous_81)
FN:945,(anonymous_82)
FN:954,(anonymous_83)
FN:960,(anonymous_84)
FN:980,(anonymous_85)
FN:1071,(anonymous_86)
FN:1073,(anonymous_87)
FN:1081,(anonymous_88)
FN:1088,(anonymous_89)
FN:1160,(anonymous_90)
FN:1167,(anonymous_91)
FN:1174,(anonymous_92)
FN:1226,(anonymous_93)
FN:1226,(anonymous_94)
FN:1241,(anonymous_95)
FN:1249,(anonymous_96)
FN:1268,(anonymous_97)
FN:1279,(anonymous_98)
FN:1280,(anonymous_99)
FN:1281,(anonymous_100)
FN:1283,(anonymous_101)
FN:1315,(anonymous_102)
FN:1322,(anonymous_103)
FN:1329,(anonymous_104)
FNF:95
FNH:0
FNDA:0,(anonymous_10)
FNDA:0,(anonymous_11)
FNDA:0,(anonymous_12)
FNDA:0,(anonymous_13)
FNDA:0,(anonymous_14)
FNDA:0,(anonymous_15)
FNDA:0,(anonymous_16)
FNDA:0,(anonymous_17)
FNDA:0,(anonymous_18)
FNDA:0,(anonymous_19)
FNDA:0,(anonymous_20)
FNDA:0,(anonymous_21)
FNDA:0,(anonymous_22)
FNDA:0,(anonymous_23)
FNDA:0,TabDemoTailwindCSS
FNDA:0,(anonymous_25)
FNDA:0,(anonymous_26)
FNDA:0,(anonymous_27)
FNDA:0,(anonymous_28)
FNDA:0,(anonymous_29)
FNDA:0,(anonymous_30)
FNDA:0,(anonymous_31)
FNDA:0,(anonymous_32)
FNDA:0,(anonymous_33)
FNDA:0,(anonymous_34)
FNDA:0,(anonymous_35)
FNDA:0,(anonymous_36)
FNDA:0,(anonymous_37)
FNDA:0,(anonymous_38)
FNDA:0,(anonymous_39)
FNDA:0,(anonymous_40)
FNDA:0,(anonymous_41)
FNDA:0,(anonymous_42)
FNDA:0,(anonymous_43)
FNDA:0,(anonymous_44)
FNDA:0,(anonymous_45)
FNDA:0,(anonymous_46)
FNDA:0,(anonymous_47)
FNDA:0,(anonymous_48)
FNDA:0,(anonymous_49)
FNDA:0,(anonymous_50)
FNDA:0,(anonymous_51)
FNDA:0,(anonymous_52)
FNDA:0,(anonymous_53)
FNDA:0,(anonymous_54)
FNDA:0,(anonymous_55)
FNDA:0,(anonymous_56)
FNDA:0,(anonymous_57)
FNDA:0,(anonymous_58)
FNDA:0,(anonymous_59)
FNDA:0,(anonymous_60)
FNDA:0,(anonymous_61)
FNDA:0,(anonymous_62)
FNDA:0,(anonymous_63)
FNDA:0,(anonymous_64)
FNDA:0,(anonymous_65)
FNDA:0,(anonymous_66)
FNDA:0,(anonymous_67)
FNDA:0,(anonymous_68)
FNDA:0,(anonymous_69)
FNDA:0,(anonymous_70)
FNDA:0,(anonymous_71)
FNDA:0,(anonymous_72)
FNDA:0,(anonymous_73)
FNDA:0,(anonymous_74)
FNDA:0,(anonymous_75)
FNDA:0,(anonymous_76)
FNDA:0,(anonymous_77)
FNDA:0,(anonymous_78)
FNDA:0,(anonymous_79)
FNDA:0,(anonymous_80)
FNDA:0,(anonymous_81)
FNDA:0,(anonymous_82)
FNDA:0,(anonymous_83)
FNDA:0,(anonymous_84)
FNDA:0,(anonymous_85)
FNDA:0,(anonymous_86)
FNDA:0,(anonymous_87)
FNDA:0,(anonymous_88)
FNDA:0,(anonymous_89)
FNDA:0,(anonymous_90)
FNDA:0,(anonymous_91)
FNDA:0,(anonymous_92)
FNDA:0,(anonymous_93)
FNDA:0,(anonymous_94)
FNDA:0,(anonymous_95)
FNDA:0,(anonymous_96)
FNDA:0,(anonymous_97)
FNDA:0,(anonymous_98)
FNDA:0,(anonymous_99)
FNDA:0,(anonymous_100)
FNDA:0,(anonymous_101)
FNDA:0,(anonymous_102)
FNDA:0,(anonymous_103)
FNDA:0,(anonymous_104)
DA:4,0
DA:5,0
DA:6,0
DA:7,0
DA:8,0
DA:26,0
DA:329,0
DA:331,0
DA:332,0
DA:333,0
DA:334,0
DA:335,0
DA:336,0
DA:337,0
DA:340,0
DA:341,0
DA:342,0
DA:343,0
DA:345,0
DA:346,0
DA:347,0
DA:348,0
DA:349,0
DA:353,0
DA:354,0
DA:355,0
DA:357,0
DA:358,0
DA:359,0
DA:361,0
DA:362,0
DA:363,0
DA:366,0
DA:373,0
DA:374,0
DA:375,0
DA:376,0
DA:377,0
DA:378,0
DA:379,0
DA:380,0
DA:381,0
DA:382,0
DA:384,0
DA:385,0
DA:386,0
DA:387,0
DA:388,0
DA:389,0
DA:390,0
DA:391,0
DA:392,0
DA:393,0
DA:394,0
DA:395,0
DA:396,0
DA:398,0
DA:399,0
DA:400,0
DA:404,0
DA:405,0
DA:407,0
DA:413,0
DA:414,0
DA:415,0
DA:416,0
DA:431,0
DA:434,0
DA:435,0
DA:437,0
DA:447,0
DA:459,0
DA:462,0
DA:463,0
DA:464,0
DA:465,0
DA:466,0
DA:468,0
DA:469,0
DA:471,0
DA:473,0
DA:474,0
DA:475,0
DA:476,0
DA:478,0
DA:485,0
DA:486,0
DA:487,0
DA:488,0
DA:489,0
DA:495,0
DA:499,0
DA:500,0
DA:501,0
DA:502,0
DA:507,0
DA:508,0
DA:509,0
DA:510,0
DA:515,0
DA:516,0
DA:518,0
DA:519,0
DA:520,0
DA:522,0
DA:523,0
DA:524,0
DA:526,0
DA:527,0
DA:528,0
DA:529,0
DA:530,0
DA:533,0
DA:534,0
DA:536,0
DA:537,0
DA:538,0
DA:539,0
DA:541,0
DA:542,0
DA:543,0
DA:545,0
DA:547,0
DA:548,0
DA:559,0
DA:560,0
DA:561,0
DA:563,0
DA:564,0
DA:565,0
DA:567,0
DA:568,0
DA:569,0
DA:570,0
DA:571,0
DA:572,0
DA:573,0
DA:574,0
DA:575,0
DA:577,0
DA:578,0
DA:579,0
DA:580,0
DA:587,0
DA:588,0
DA:589,0
DA:590,0
DA:593,0
DA:594,0
DA:595,0
DA:596,0
DA:597,0
DA:598,0
DA:599,0
DA:600,0
DA:601,0
DA:604,0
DA:615,0
DA:616,0
DA:617,0
DA:618,0
DA:622,0
DA:633,0
DA:634,0
DA:637,0
DA:644,0
DA:645,0
DA:650,0
DA:651,0
DA:652,0
DA:657,0
DA:658,0
DA:663,0
DA:668,0
DA:670,0
DA:674,0
DA:675,0
DA:679,0
DA:687,0
DA:729,0
DA:735,0
DA:738,0
DA:747,0
DA:748,0
DA:749,0
DA:753,0
DA:754,0
DA:755,0
DA:756,0
DA:758,0
DA:759,0
DA:760,0
DA:761,0
DA:788,0
DA:789,0
DA:791,0
DA:796,0
DA:798,0
DA:802,0
DA:807,0
DA:820,0
DA:833,0
DA:834,0
DA:836,0
DA:837,0
DA:839,0
DA:840,0
DA:841,0
DA:842,0
DA:844,0
DA:845,0
DA:848,0
DA:849,0
DA:850,0
DA:852,0
DA:853,0
DA:855,0
DA:856,0
DA:857,0
DA:858,0
DA:886,0
DA:945,0
DA:955,0
DA:956,0
DA:961,0
DA:980,0
DA:1072,0
DA:1073,0
DA:1074,0
DA:1075,0
DA:1081,0
DA:1088,0
DA:1160,0
DA:1167,0
DA:1174,0
DA:1226,0
DA:1242,0
DA:1249,0
DA:1268,0
DA:1279,0
DA:1281,0
DA:1282,0
DA:1283,0
DA:1284,0
DA:1285,0
DA:1288,0
DA:1315,0
DA:1322,0
DA:1329,0
LF:249
LH:0
BRDA:333,0,0,0
BRDA:333,0,1,0
BRDA:340,1,0,0
BRDA:346,2,0,0
BRDA:346,2,1,0
BRDA:373,3,0,0
BRDA:376,4,0,0
BRDA:376,4,1,0
BRDA:376,5,0,0
BRDA:376,5,1,0
BRDA:378,6,0,0
BRDA:378,6,1,0
BRDA:380,7,0,0
BRDA:380,7,1,0
BRDA:382,8,0,0
BRDA:382,8,1,0
BRDA:382,9,0,0
BRDA:382,9,1,0
BRDA:388,10,0,0
BRDA:388,10,1,0
BRDA:389,11,0,0
BRDA:389,11,1,0
BRDA:390,12,0,0
BRDA:390,12,1,0
BRDA:391,13,0,0
BRDA:391,13,1,0
BRDA:394,14,0,0
BRDA:394,14,1,0
BRDA:394,15,0,0
BRDA:394,15,1,0
BRDA:398,16,0,0
BRDA:398,16,1,0
BRDA:399,17,0,0
BRDA:399,17,1,0
BRDA:405,18,0,0
BRDA:405,18,1,0
BRDA:405,19,0,0
BRDA:405,19,1,0
BRDA:413,20,0,0
BRDA:413,20,1,0
BRDA:415,21,0,0
BRDA:415,21,1,0
BRDA:415,22,0,0
BRDA:415,22,1,0
BRDA:415,22,2,0
BRDA:419,23,0,0
BRDA:419,23,1,0
BRDA:421,24,0,0
BRDA:421,24,1,0
BRDA:471,25,0,0
BRDA:471,25,1,0
BRDA:473,26,0,0
BRDA:473,26,1,0
BRDA:474,27,0,0
BRDA:474,27,1,0
BRDA:474,28,0,0
BRDA:474,28,1,0
BRDA:487,29,0,0
BRDA:487,29,1,0
BRDA:500,30,0,0
BRDA:500,30,1,0
BRDA:508,31,0,0
BRDA:508,31,1,0
BRDA:527,32,0,0
BRDA:527,32,1,0
BRDA:530,33,0,0
BRDA:530,33,1,0
BRDA:537,34,0,0
BRDA:537,34,1,0
BRDA:539,35,0,0
BRDA:539,35,1,0
BRDA:542,36,0,0
BRDA:542,36,1,0
BRDA:547,37,0,0
BRDA:547,37,1,0
BRDA:560,38,0,0
BRDA:560,38,1,0
BRDA:561,39,0,0
BRDA:561,39,1,0
BRDA:569,40,0,0
BRDA:569,40,1,0
BRDA:575,41,0,0
BRDA:575,41,1,0
BRDA:597,42,0,0
BRDA:597,42,1,0
BRDA:597,43,0,0
BRDA:597,43,1,0
BRDA:598,44,0,0
BRDA:598,44,1,0
BRDA:599,45,0,0
BRDA:599,45,1,0
BRDA:606,46,0,0
BRDA:606,46,1,0
BRDA:615,47,0,0
BRDA:615,47,1,0
BRDA:615,48,0,0
BRDA:615,48,1,0
BRDA:616,49,0,0
BRDA:616,49,1,0
BRDA:624,50,0,0
BRDA:624,50,1,0
BRDA:636,51,0,0
BRDA:636,51,1,0
BRDA:644,52,0,0
BRDA:644,52,1,0
BRDA:647,53,0,0
BRDA:647,53,1,0
BRDA:650,54,0,0
BRDA:650,54,1,0
BRDA:651,55,0,0
BRDA:651,55,1,0
BRDA:653,56,0,0
BRDA:653,56,1,0
BRDA:654,57,0,0
BRDA:654,57,1,0
BRDA:657,58,0,0
BRDA:657,58,1,0
BRDA:660,59,0,0
BRDA:660,59,1,0
BRDA:663,60,0,0
BRDA:663,60,1,0
BRDA:664,61,0,0
BRDA:664,61,1,0
BRDA:664,61,2,0
BRDA:668,62,0,0
BRDA:668,62,1,0
BRDA:670,63,0,0
BRDA:670,63,1,0
BRDA:754,64,0,0
BRDA:754,64,1,0
BRDA:754,65,0,0
BRDA:754,65,1,0
BRDA:780,66,0,0
BRDA:780,66,1,0
BRDA:780,67,0,0
BRDA:780,67,1,0
BRDA:791,68,0,0
BRDA:791,68,1,0
BRDA:793,69,0,0
BRDA:793,69,1,0
BRDA:813,70,0,0
BRDA:813,70,1,0
BRDA:813,71,0,0
BRDA:813,71,1,0
BRDA:841,72,0,0
BRDA:841,72,1,0
BRDA:842,73,0,0
BRDA:842,73,1,0
BRDA:850,74,0,0
BRDA:850,74,1,0
BRDA:873,75,0,0
BRDA:873,75,1,0
BRDA:873,76,0,0
BRDA:873,76,1,0
BRDA:1077,77,0,0
BRDA:1077,77,1,0
BRDA:1081,78,0,0
BRDA:1081,78,1,0
BRDA:1088,79,0,0
BRDA:1088,79,1,0
BRDA:1159,80,0,0
BRDA:1159,80,1,0
BRDA:1166,81,0,0
BRDA:1166,81,1,0
BRDA:1173,82,0,0
BRDA:1173,82,1,0
BRDA:1181,83,0,0
BRDA:1181,83,1,0
BRDA:1183,84,0,0
BRDA:1183,84,1,0
BRDA:1234,85,0,0
BRDA:1234,85,1,0
BRDA:1284,86,0,0
BRDA:1284,86,1,0
BRDA:1314,87,0,0
BRDA:1314,87,1,0
BRDA:1321,88,0,0
BRDA:1321,88,1,0
BRDA:1328,89,0,0
BRDA:1328,89,1,0
BRDA:1354,90,0,0
BRDA:1354,90,1,0
BRDA:1356,91,0,0
BRDA:1356,91,1,0
BRF:184
BRH:0
end_of_record
TN:
SF:src\app\tableWithTab\page.tsx
FN:77,(anonymous_1)
FN:81,(anonymous_2)
FN:99,TableWithTabDemo
FN:138,(anonymous_4)
FN:141,(anonymous_5)
FN:170,(anonymous_6)
FN:173,(anonymous_7)
FN:203,(anonymous_8)
FN:206,(anonymous_9)
FNF:9
FNH:0
FNDA:0,(anonymous_1)
FNDA:0,(anonymous_2)
FNDA:0,TableWithTabDemo
FNDA:0,(anonymous_4)
FNDA:0,(anonymous_5)
FNDA:0,(anonymous_6)
FNDA:0,(anonymous_7)
FNDA:0,(anonymous_8)
FNDA:0,(anonymous_9)
DA:3,0
DA:4,0
DA:5,0
DA:20,0
DA:67,0
DA:77,0
DA:78,0
DA:81,0
DA:82,0
DA:99,0
DA:100,0
DA:139,0
DA:141,0
DA:171,0
DA:173,0
DA:204,0
DA:206,0
LF:17
LH:0
BRF:0
BRH:0
end_of_record
TN:
SF:src\app\texttoaudio\page.tsx
FN:7,Page
FNF:1
FNH:0
FNDA:0,Page
DA:3,0
DA:4,0
DA:5,0
DA:7,0
DA:8,0
DA:59,0
LF:6
LH:0
BRF:0
BRH:0
end_of_record
TN:
SF:src\app\toast\page.tsx
FN:73,(anonymous_9)
FN:92,ToastMessageDemo
FN:96,(anonymous_11)
FN:107,(anonymous_12)
FN:110,(anonymous_13)
FN:196,(anonymous_14)
FN:214,(anonymous_15)
FN:232,(anonymous_16)
FN:250,(anonymous_17)
FN:304,(anonymous_18)
FN:322,(anonymous_19)
FN:339,(anonymous_20)
FN:357,(anonymous_21)
FN:402,(anonymous_22)
FN:462,(anonymous_23)
FN:471,(anonymous_24)
FN:481,(anonymous_25)
FN:511,(anonymous_26)
FN:522,(anonymous_27)
FN:538,(anonymous_28)
FN:538,(anonymous_29)
FN:538,(anonymous_30)
FNF:22
FNH:0
FNDA:0,(anonymous_9)
FNDA:0,ToastMessageDemo
FNDA:0,(anonymous_11)
FNDA:0,(anonymous_12)
FNDA:0,(anonymous_13)
FNDA:0,(anonymous_14)
FNDA:0,(anonymous_15)
FNDA:0,(anonymous_16)
FNDA:0,(anonymous_17)
FNDA:0,(anonymous_18)
FNDA:0,(anonymous_19)
FNDA:0,(anonymous_20)
FNDA:0,(anonymous_21)
FNDA:0,(anonymous_22)
FNDA:0,(anonymous_23)
FNDA:0,(anonymous_24)
FNDA:0,(anonymous_25)
FNDA:0,(anonymous_26)
FNDA:0,(anonymous_27)
FNDA:0,(anonymous_28)
FNDA:0,(anonymous_29)
FNDA:0,(anonymous_30)
DA:3,0
DA:4,0
DA:34,0
DA:35,0
DA:54,0
DA:62,0
DA:73,0
DA:81,0
DA:83,0
DA:92,0
DA:93,0
DA:94,0
DA:96,0
DA:97,0
DA:107,0
DA:110,0
DA:112,0
DA:151,0
DA:197,0
DA:215,0
DA:233,0
DA:251,0
DA:305,0
DA:323,0
DA:340,0
DA:358,0
DA:403,0
DA:404,0
DA:463,0
DA:472,0
DA:482,0
DA:512,0
DA:513,0
DA:514,0
DA:522,0
DA:538,0
LF:36
LH:0
BRDA:74,0,0,0
BRDA:75,1,0,0
BRDA:77,2,0,0
BRDA:96,3,0,0
BRDA:96,4,0,0
BRDA:101,5,0,0
BRDA:101,5,1,0
BRF:7
BRH:0
end_of_record
TN:
SF:src\app\tooltip\page.tsx
FN:117,TooltipDemo
FNF:1
FNH:0
FNDA:0,TooltipDemo
DA:3,0
DA:4,0
DA:10,0
DA:12,0
DA:13,0
DA:16,0
DA:56,0
DA:84,0
DA:117,0
DA:118,0
LF:10
LH:0
BRF:0
BRH:0
end_of_record
TN:
SF:src\lib\utils.ts
FN:4,cn
FNF:1
FNH:1
FNDA:9,cn
DA:1,1
DA:2,1
DA:4,1
DA:5,9
LF:4
LH:4
BRF:0
BRH:0
end_of_record
TN:
SF:src\navigation\context-provider.tsx
FN:5,ContextProvider
FNF:1
FNH:0
FNDA:0,ContextProvider
DA:1,0
DA:3,0
DA:5,0
DA:10,0
LF:4
LH:0
BRF:0
BRH:0
end_of_record
TN:
SF:src\navigation\footer\footer.tsx
FN:12,(anonymous_10)
FN:18,(anonymous_11)
FN:48,(anonymous_12)
FNF:3
FNH:0
FNDA:0,(anonymous_10)
FNDA:0,(anonymous_11)
FNDA:0,(anonymous_12)
DA:3,0
DA:4,0
DA:5,0
DA:8,0
DA:12,0
DA:16,0
DA:17,0
DA:18,0
DA:19,0
DA:23,0
DA:33,0
DA:49,0
DA:50,0
DA:121,0
LF:14
LH:0
BRDA:51,0,0,0
BRDA:51,0,1,0
BRF:2
BRH:0
end_of_record
TN:
SF:src\navigation\header\header.tsx
FN:8,Header
FN:30,(anonymous_11)
FN:36,(anonymous_12)
FN:40,(anonymous_13)
FNF:4
FNH:0
FNDA:0,Header
FNDA:0,(anonymous_11)
FNDA:0,(anonymous_12)
FNDA:0,(anonymous_13)
DA:2,0
DA:3,0
DA:4,0
DA:5,0
DA:6,0
DA:8,0
DA:9,0
DA:10,0
DA:12,0
DA:30,0
DA:37,0
DA:40,0
LF:12
LH:0
BRDA:42,0,0,0
BRDA:42,0,1,0
BRF:2
BRH:0
end_of_record
TN:
SF:src\navigation\sidebar\leftsidenavigation\config.tsx
FN:39,(anonymous_0)
FN:41,isNavItemActive
FNF:2
FNH:0
FNDA:0,(anonymous_0)
FNDA:0,isNavItemActive
DA:2,0
DA:3,0
DA:4,0
DA:28,0
DA:39,0
DA:40,0
DA:42,0
DA:44,0
LF:8
LH:0
BRF:0
BRH:0
end_of_record
TN:
SF:src\navigation\sidebar\leftsidenavigation\sidenav.tsx
FN:35,SideNav
FN:37,(anonymous_2)
FN:50,(anonymous_3)
FN:59,(anonymous_4)
FN:66,(anonymous_5)
FN:67,(anonymous_6)
FN:73,(anonymous_7)
FN:79,(anonymous_8)
FN:86,(anonymous_9)
FN:88,(anonymous_10)
FN:89,(anonymous_11)
FN:109,(anonymous_12)
FN:116,(anonymous_13)
FN:117,(anonymous_14)
FN:162,(anonymous_15)
FN:184,(anonymous_16)
FN:185,(anonymous_17)
FN:194,(anonymous_18)
FN:214,(anonymous_19)
FN:252,(anonymous_20)
FNF:20
FNH:0
FNDA:0,SideNav
FNDA:0,(anonymous_2)
FNDA:0,(anonymous_3)
FNDA:0,(anonymous_4)
FNDA:0,(anonymous_5)
FNDA:0,(anonymous_6)
FNDA:0,(anonymous_7)
FNDA:0,(anonymous_8)
FNDA:0,(anonymous_9)
FNDA:0,(anonymous_10)
FNDA:0,(anonymous_11)
FNDA:0,(anonymous_12)
FNDA:0,(anonymous_13)
FNDA:0,(anonymous_14)
FNDA:0,(anonymous_15)
FNDA:0,(anonymous_16)
FNDA:0,(anonymous_17)
FNDA:0,(anonymous_18)
FNDA:0,(anonymous_19)
FNDA:0,(anonymous_20)
DA:3,0
DA:4,0
DA:5,0
DA:11,0
DA:13,0
DA:14,0
DA:15,0
DA:16,0
DA:35,0
DA:36,0
DA:37,0
DA:38,0
DA:39,0
DA:40,0
DA:41,0
DA:43,0
DA:45,0
DA:47,0
DA:48,0
DA:50,0
DA:51,0
DA:52,0
DA:59,0
DA:60,0
DA:61,0
DA:62,0
DA:66,0
DA:67,0
DA:73,0
DA:74,0
DA:75,0
DA:76,0
DA:77,0
DA:79,0
DA:86,0
DA:87,0
DA:88,0
DA:89,0
DA:94,0
DA:98,0
DA:110,0
DA:111,0
DA:112,0
DA:116,0
DA:117,0
DA:139,0
DA:162,0
DA:178,0
DA:184,0
DA:185,0
DA:194,0
DA:215,0
DA:216,0
DA:252,0
LF:54
LH:0
BRDA:38,0,0,0
BRDA:38,0,1,0
BRDA:40,1,0,0
BRDA:40,1,1,0
BRDA:51,2,0,0
BRDA:51,2,1,0
BRDA:61,3,0,0
BRDA:61,3,1,0
BRDA:74,4,0,0
BRDA:74,4,1,0
BRDA:75,5,0,0
BRDA:75,5,1,0
BRDA:87,6,0,0
BRDA:87,6,1,0
BRDA:103,7,0,0
BRDA:103,7,1,0
BRDA:110,8,0,0
BRDA:110,8,1,0
BRDA:123,9,0,0
BRDA:123,9,1,0
BRDA:126,10,0,0
BRDA:126,10,1,0
BRDA:150,11,0,0
BRDA:150,11,1,0
BRDA:171,12,0,0
BRDA:172,13,0,0
BRDA:180,14,0,0
BRDA:180,14,1,0
BRDA:192,15,0,0
BRDA:192,15,1,0
BRDA:194,16,0,0
BRDA:194,16,1,0
BRDA:197,17,0,0
BRDA:197,17,1,0
BRDA:199,18,0,0
BRDA:199,18,1,0
BRDA:199,18,2,0
BRDA:205,19,0,0
BRDA:205,19,1,0
BRDA:212,20,0,0
BRDA:212,20,1,0
BRDA:212,20,2,0
BRDA:212,20,3,0
BRDA:222,21,0,0
BRDA:222,21,1,0
BRDA:225,22,0,0
BRDA:225,22,1,0
BRDA:249,23,0,0
BRDA:249,23,1,0
BRDA:250,24,0,0
BRDA:250,24,1,0
BRDA:252,25,0,0
BRDA:252,25,1,0
BRDA:255,26,0,0
BRDA:255,26,1,0
BRDA:256,27,0,0
BRDA:256,27,1,0
BRDA:256,27,2,0
BRDA:262,28,0,0
BRDA:262,28,1,0
BRF:60
BRH:0
end_of_record
TN:
SF:src\navigation\tools\tooltiplink\tooltiplink.tsx
FN:10,(anonymous_1)
FNF:1
FNH:0
FNDA:0,(anonymous_1)
DA:1,0
DA:2,0
DA:10,0
DA:11,0
DA:20,0
LF:5
LH:0
BRF:0
BRH:0
end_of_record
TN:
SF:src\navigation\ui\button.tsx
FN:43,(anonymous_9)
FNF:1
FNH:0
FNDA:0,(anonymous_9)
DA:1,0
DA:2,0
DA:3,0
DA:5,0
DA:7,0
DA:42,0
DA:44,0
DA:45,0
DA:54,0
DA:56,0
LF:10
LH:0
BRDA:43,0,0,0
BRDA:44,1,0,0
BRDA:44,1,1,0
BRF:3
BRH:0
end_of_record
TN:
SF:src\navigation\ui\sheet.tsx
FN:21,(anonymous_9)
FN:59,(anonymous_10)
FN:77,(anonymous_11)
FN:91,(anonymous_12)
FN:108,(anonymous_13)
FN:120,(anonymous_14)
FNF:6
FNH:0
FNDA:0,(anonymous_9)
FNDA:0,(anonymous_10)
FNDA:0,(anonymous_11)
FNDA:0,(anonymous_12)
FNDA:0,(anonymous_13)
FNDA:0,(anonymous_14)
DA:3,0
DA:5,0
DA:6,0
DA:7,0
DA:8,0
DA:10,0
DA:12,0
DA:14,0
DA:16,0
DA:18,0
DA:22,0
DA:31,0
DA:33,0
DA:56,0
DA:60,0
DA:75,0
DA:77,0
DA:81,0
DA:89,0
DA:91,0
DA:95,0
DA:103,0
DA:105,0
DA:109,0
DA:115,0
DA:117,0
DA:121,0
DA:127,0
DA:130,0
DA:131,0
DA:132,0
DA:133,0
DA:134,0
DA:135,0
DA:136,0
DA:137,0
DA:138,0
DA:139,0
LF:38
LH:0
BRDA:59,0,0,0
BRF:1
BRH:0
end_of_record
TN:
SF:src\navigation\ui\tooltip.tsx
FN:17,(anonymous_9)
FNF:1
FNH:0
FNDA:0,(anonymous_9)
DA:3,0
DA:5,0
DA:6,0
DA:8,0
DA:10,0
DA:12,0
DA:14,0
DA:18,0
DA:30,0
DA:32,0
LF:10
LH:0
BRDA:17,0,0,0
BRF:1
BRH:0
end_of_record
TN:
SF:src\utils\animation.ts
FNF:0
FNH:0
DA:1,1
DA:7,1
DA:13,1
DA:19,1
DA:27,1
DA:32,1
DA:37,1
DA:44,1
DA:50,1
DA:56,1
LF:10
LH:10
BRF:0
BRH:0
end_of_record
