TN:
SF:src\tailwind-theme.ts
FNF:0
FNH:0
DA:3,0
LF:1
LH:0
BRF:0
BRH:0
end_of_record
TN:
SF:src\components\BulletChart.tsx
FN:26,(anonymous_1)
FN:36,(anonymous_2)
FNF:2
FNH:2
FNDA:24,(anonymous_1)
FNDA:22,(anonymous_2)
DA:2,1
DA:26,24
DA:27,24
DA:37,22
DA:38,22
DA:39,22
DA:41,22
DA:106,1
LF:8
LH:8
BRDA:45,0,0,20
BRDA:45,0,1,2
BRDA:67,1,0,20
BRDA:67,1,1,2
BRDA:73,2,0,20
BRDA:73,2,1,2
BRDA:93,3,0,20
BRDA:93,3,1,2
BRF:8
BRH:8
end_of_record
TN:
SF:src\components\Button.tsx
FN:29,(anonymous_4)
FN:38,(anonymous_5)
FN:47,(anonymous_6)
FN:74,(anonymous_7)
FN:145,(anonymous_8)
FNF:5
FNH:5
FNDA:38,(anonymous_4)
FNDA:6,(anonymous_5)
FNDA:99,(anonymous_6)
FNDA:6,(anonymous_7)
FNDA:99,(anonymous_8)
DA:3,1
DA:29,1
DA:30,38
DA:31,4
DA:32,4
DA:33,4
DA:35,0
DA:38,1
DA:39,6
DA:40,1
DA:41,1
DA:42,1
DA:44,0
DA:47,1
DA:48,99
DA:66,99
DA:73,1
DA:74,6
DA:75,6
DA:77,6
DA:92,1
DA:98,1
DA:132,1
DA:144,1
DA:147,99
DA:148,99
DA:149,99
DA:150,99
DA:151,99
DA:152,99
DA:153,99
DA:154,99
DA:155,99
DA:156,99
DA:157,99
DA:158,99
DA:159,99
DA:160,99
DA:161,99
DA:162,99
DA:166,99
DA:170,99
DA:171,19
DA:172,19
DA:174,19
DA:204,80
DA:239,1
DA:249,1
DA:250,1
DA:252,1
LF:50
LH:48
BRDA:30,0,0,34
BRDA:32,1,0,4
BRDA:39,2,0,5
BRDA:41,3,0,1
BRDA:66,4,0,99
BRDA:66,4,1,75
BRDA:66,5,0,74
BRDA:66,5,1,25
BRDA:66,6,0,99
BRDA:66,6,1,99
BRDA:74,7,0,5
BRDA:74,7,1,1
BRDA:82,8,0,1
BRDA:82,8,1,5
BRDA:83,9,0,6
BRDA:83,9,1,5
BRDA:148,10,0,82
BRDA:148,10,1,17
BRDA:149,11,0,90
BRDA:149,11,1,9
BRDA:151,12,0,80
BRDA:151,12,1,19
BRDA:170,13,0,19
BRDA:182,14,0,17
BRDA:182,14,1,2
BRDA:189,15,0,19
BRDA:189,15,1,17
BRDA:190,16,0,19
BRDA:190,16,1,18
BRDA:191,17,0,19
BRDA:191,17,1,18
BRDA:193,18,0,19
BRDA:193,18,1,19
BRDA:209,19,0,22
BRDA:209,19,1,58
BRDA:213,20,0,1
BRDA:213,20,1,21
BRDA:227,21,0,58
BRDA:227,21,1,22
BRDA:229,22,0,80
BRDA:229,22,1,79
BRF:41
BRH:41
end_of_record
TN:
SF:src\components\Calendar.tsx
FN:69,(anonymous_9)
FN:77,(anonymous_10)
FN:89,(anonymous_11)
FN:97,(anonymous_12)
FN:154,(anonymous_13)
FN:174,(anonymous_14)
FN:178,(anonymous_15)
FN:182,(anonymous_16)
FN:257,(anonymous_17)
FN:263,(anonymous_18)
FN:282,(anonymous_19)
FN:308,(anonymous_20)
FN:322,(anonymous_21)
FN:333,(anonymous_22)
FN:396,(anonymous_23)
FN:398,(anonymous_24)
FN:399,(anonymous_25)
FN:406,(anonymous_26)
FN:411,(anonymous_27)
FN:414,(anonymous_28)
FN:437,(anonymous_29)
FN:443,(anonymous_30)
FN:450,(anonymous_31)
FN:458,(anonymous_32)
FN:462,(anonymous_33)
FN:466,(anonymous_34)
FN:470,(anonymous_35)
FN:471,(anonymous_36)
FN:489,(anonymous_37)
FN:498,(anonymous_38)
FN:507,(anonymous_39)
FN:516,(anonymous_40)
FN:570,(anonymous_41)
FN:629,(anonymous_42)
FN:646,(anonymous_43)
FN:661,(anonymous_44)
FN:670,(anonymous_45)
FN:679,(anonymous_46)
FN:683,(anonymous_47)
FN:687,(anonymous_48)
FN:693,(anonymous_49)
FN:702,(anonymous_50)
FN:707,(anonymous_51)
FN:713,(anonymous_52)
FN:718,(anonymous_53)
FN:743,(anonymous_55)
FN:774,(anonymous_56)
FN:816,(anonymous_57)
FN:817,(anonymous_58)
FN:818,(anonymous_59)
FN:819,(anonymous_60)
FN:923,(anonymous_61)
FN:938,(anonymous_62)
FN:968,(anonymous_63)
FN:982,(anonymous_64)
FN:1026,(anonymous_65)
FN:1036,(anonymous_66)
FN:1055,(anonymous_67)
FN:1065,(anonymous_68)
FN:1083,(anonymous_69)
FNF:60
FNH:41
FNDA:6,(anonymous_9)
FNDA:9072,(anonymous_10)
FNDA:338,(anonymous_11)
FNDA:0,(anonymous_12)
FNDA:3,(anonymous_13)
FNDA:402,(anonymous_14)
FNDA:278,(anonymous_15)
FNDA:278,(anonymous_16)
FNDA:248,(anonymous_17)
FNDA:124,(anonymous_18)
FNDA:4273,(anonymous_19)
FNDA:0,(anonymous_20)
FNDA:105,(anonymous_21)
FNDA:278,(anonymous_22)
FNDA:2637,(anonymous_23)
FNDA:105,(anonymous_24)
FNDA:105,(anonymous_25)
FNDA:105,(anonymous_26)
FNDA:166,(anonymous_27)
FNDA:55,(anonymous_28)
FNDA:55,(anonymous_29)
FNDA:106,(anonymous_30)
FNDA:105,(anonymous_31)
FNDA:106,(anonymous_32)
FNDA:106,(anonymous_33)
FNDA:106,(anonymous_34)
FNDA:166,(anonymous_35)
FNDA:1,(anonymous_36)
FNDA:166,(anonymous_37)
FNDA:2,(anonymous_38)
FNDA:2,(anonymous_39)
FNDA:6,(anonymous_40)
FNDA:2,(anonymous_41)
FNDA:3,(anonymous_42)
FNDA:57,(anonymous_43)
FNDA:1,(anonymous_44)
FNDA:2,(anonymous_45)
FNDA:15,(anonymous_46)
FNDA:0,(anonymous_47)
FNDA:0,(anonymous_48)
FNDA:0,(anonymous_49)
FNDA:1,(anonymous_50)
FNDA:2,(anonymous_51)
FNDA:0,(anonymous_52)
FNDA:138,(anonymous_53)
FNDA:62,(anonymous_55)
FNDA:6,(anonymous_56)
FNDA:0,(anonymous_57)
FNDA:0,(anonymous_58)
FNDA:0,(anonymous_59)
FNDA:0,(anonymous_60)
FNDA:0,(anonymous_61)
FNDA:0,(anonymous_62)
FNDA:0,(anonymous_63)
FNDA:0,(anonymous_64)
FNDA:0,(anonymous_65)
FNDA:0,(anonymous_66)
FNDA:0,(anonymous_67)
FNDA:0,(anonymous_68)
FNDA:0,(anonymous_69)
DA:2,2
DA:3,2
DA:4,2
DA:69,2
DA:70,6
DA:71,6
DA:72,6
DA:73,6
DA:74,6
DA:77,2
DA:81,9072
DA:82,5694
DA:89,2
DA:90,338
DA:91,115
DA:92,115
DA:93,115
DA:94,115
DA:97,2
DA:98,0
DA:100,0
DA:101,0
DA:102,0
DA:103,0
DA:105,0
DA:106,0
DA:108,0
DA:109,0
DA:112,0
DA:114,0
DA:116,0
DA:118,0
DA:120,0
DA:122,0
DA:124,0
DA:126,0
DA:128,0
DA:130,0
DA:132,0
DA:134,0
DA:136,0
DA:138,0
DA:140,0
DA:142,0
DA:144,0
DA:146,0
DA:148,0
DA:150,0
DA:154,3
DA:155,3
DA:157,3
DA:158,0
DA:159,0
DA:160,0
DA:161,0
DA:162,0
DA:164,0
DA:165,0
DA:166,0
DA:169,3
DA:170,3
DA:171,3
DA:174,2
DA:175,402
DA:178,2
DA:179,278
DA:182,2
DA:183,278
DA:188,2
DA:190,2
DA:212,2
DA:257,2
DA:258,248
DA:259,248
DA:260,248
DA:263,2
DA:264,124
DA:265,124
DA:266,124
DA:268,124
DA:269,124
DA:270,124
DA:271,0
DA:272,0
DA:273,0
DA:274,0
DA:275,0
DA:279,124
DA:282,2
DA:286,4273
DA:288,124
DA:294,124
DA:296,124
DA:302,124
DA:303,124
DA:305,124
DA:308,2
DA:309,0
DA:310,0
DA:311,0
DA:312,0
DA:315,2
DA:322,2
DA:323,105
DA:325,105
DA:327,105
DA:328,105
DA:330,105
DA:333,2
DA:334,278
DA:335,278
DA:336,278
DA:337,278
DA:338,278
DA:339,278
DA:340,278
DA:341,278
DA:342,278
DA:343,278
DA:344,278
DA:345,278
DA:346,278
DA:347,278
DA:348,278
DA:349,278
DA:350,278
DA:351,278
DA:352,278
DA:353,278
DA:354,278
DA:355,278
DA:356,278
DA:357,278
DA:358,278
DA:359,278
DA:360,278
DA:361,278
DA:362,278
DA:363,278
DA:364,278
DA:365,278
DA:366,278
DA:368,278
DA:369,278
DA:372,278
DA:375,278
DA:376,278
DA:377,278
DA:378,278
DA:379,278
DA:380,278
DA:381,278
DA:382,278
DA:383,278
DA:384,278
DA:385,278
DA:386,278
DA:387,278
DA:388,278
DA:389,278
DA:391,278
DA:392,278
DA:394,278
DA:396,2637
DA:398,278
DA:399,105
DA:400,105
DA:403,105
DA:404,105
DA:406,105
DA:407,105
DA:411,278
DA:412,166
DA:414,55
DA:415,55
DA:416,55
DA:418,55
DA:420,55
DA:421,55
DA:422,55
DA:425,55
DA:426,0
DA:429,55
DA:433,55
DA:434,55
DA:435,55
DA:437,55
DA:438,55
DA:439,55
DA:443,278
DA:444,106
DA:445,18
DA:446,18
DA:450,278
DA:451,105
DA:452,2
DA:453,2
DA:454,2
DA:458,278
DA:459,106
DA:462,278
DA:463,106
DA:466,278
DA:467,106
DA:470,278
DA:471,166
DA:472,1
DA:476,1
DA:477,1
DA:478,1
DA:479,1
DA:480,1
DA:485,166
DA:486,55
DA:489,166
DA:490,166
DA:494,278
DA:495,278
DA:496,278
DA:498,278
DA:499,2
DA:500,1
DA:501,1
DA:503,1
DA:507,278
DA:508,2
DA:509,1
DA:510,1
DA:512,1
DA:516,278
DA:517,6
DA:523,6
DA:524,2
DA:525,1
DA:526,1
DA:527,1
DA:528,1
DA:530,1
DA:531,1
DA:532,1
DA:533,1
DA:535,1
DA:536,1
DA:537,0
DA:539,1
DA:541,1
DA:542,1
DA:544,0
DA:545,0
DA:546,0
DA:547,0
DA:551,4
DA:552,4
DA:555,6
DA:556,0
DA:559,6
DA:564,1
DA:565,1
DA:566,1
DA:570,278
DA:571,2
DA:577,2
DA:578,2
DA:580,2
DA:581,2
DA:583,2
DA:584,0
DA:585,0
DA:586,0
DA:588,0
DA:589,0
DA:591,0
DA:592,0
DA:593,0
DA:594,0
DA:595,0
DA:596,0
DA:597,0
DA:598,0
DA:599,0
DA:601,0
DA:602,0
DA:605,0
DA:606,0
DA:607,0
DA:609,0
DA:615,0
DA:616,0
DA:617,0
DA:618,0
DA:622,2
DA:623,1
DA:624,1
DA:625,1
DA:629,278
DA:630,3
DA:631,1
DA:632,1
DA:633,1
DA:634,1
DA:636,2
DA:638,3
DA:639,1
DA:640,1
DA:641,1
DA:642,1
DA:646,278
DA:647,57
DA:649,57
DA:650,57
DA:652,57
DA:653,55
DA:654,55
DA:656,2
DA:657,2
DA:661,278
DA:662,1
DA:663,0
DA:664,0
DA:666,1
DA:667,1
DA:670,278
DA:671,2
DA:672,0
DA:673,0
DA:675,2
DA:676,2
DA:679,278
DA:680,15
DA:683,278
DA:684,0
DA:687,278
DA:688,0
DA:689,0
DA:690,0
DA:693,278
DA:694,0
DA:699,0
DA:702,278
DA:703,1
DA:704,1
DA:707,278
DA:708,2
DA:709,2
DA:713,278
DA:714,0
DA:715,0
DA:718,278
DA:719,138
DA:721,138
DA:722,119
DA:730,4273
DA:731,4273
DA:737,4273
DA:742,4273
DA:744,62
DA:745,62
DA:750,62
DA:755,62
DA:759,4273
DA:768,4273
DA:770,4273
DA:775,6
DA:802,138
DA:803,138
DA:804,138
DA:805,445
DA:813,138
DA:816,278
DA:817,0
DA:818,0
DA:819,0
DA:821,0
DA:924,0
DA:925,0
DA:938,0
DA:969,0
DA:970,0
DA:982,0
DA:1026,0
DA:1036,0
DA:1055,0
DA:1065,0
DA:1084,0
DA:1218,278
DA:1224,278
DA:1597,2
DA:1598,2
LF:388
LH:284
BRDA:70,0,0,0
BRDA:81,1,0,3378
BRDA:81,2,0,9072
BRDA:81,2,1,5694
BRDA:83,3,0,5694
BRDA:83,3,1,5478
BRDA:83,3,2,4211
BRDA:90,4,0,223
BRDA:98,5,0,0
BRDA:108,6,0,0
BRDA:112,7,0,0
BRDA:112,7,1,0
BRDA:112,7,2,0
BRDA:112,7,3,0
BRDA:112,7,4,0
BRDA:112,7,5,0
BRDA:112,7,6,0
BRDA:112,7,7,0
BRDA:112,7,8,0
BRDA:112,7,9,0
BRDA:112,7,10,0
BRDA:112,7,11,0
BRDA:112,7,12,0
BRDA:112,7,13,0
BRDA:112,7,14,0
BRDA:112,7,15,0
BRDA:112,7,16,0
BRDA:112,7,17,0
BRDA:112,7,18,0
BRDA:154,8,0,0
BRDA:155,9,0,0
BRDA:157,10,0,0
BRDA:159,11,0,0
BRDA:159,11,1,0
BRDA:159,12,0,0
BRDA:159,12,1,0
BRDA:161,13,0,0
BRDA:161,14,0,0
BRDA:161,14,1,0
BRDA:258,15,0,0
BRDA:259,16,0,0
BRDA:270,17,0,124
BRDA:273,18,0,0
BRDA:286,19,0,4149
BRDA:286,20,0,4273
BRDA:286,20,1,186
BRDA:305,21,0,124
BRDA:305,21,1,108
BRDA:312,22,0,0
BRDA:312,22,1,0
BRDA:323,23,0,0
BRDA:327,24,0,0
BRDA:328,25,0,0
BRDA:337,26,0,195
BRDA:337,26,1,83
BRDA:340,27,0,200
BRDA:340,27,1,78
BRDA:343,28,0,266
BRDA:343,28,1,12
BRDA:344,29,0,264
BRDA:344,29,1,14
BRDA:346,30,0,267
BRDA:346,30,1,11
BRDA:347,31,0,264
BRDA:347,31,1,14
BRDA:348,32,0,266
BRDA:348,32,1,12
BRDA:349,33,0,276
BRDA:349,33,1,2
BRDA:351,34,0,276
BRDA:351,34,1,2
BRDA:355,35,0,277
BRDA:355,35,1,1
BRDA:356,36,0,217
BRDA:356,36,1,61
BRDA:357,37,0,270
BRDA:357,37,1,8
BRDA:358,38,0,267
BRDA:358,38,1,11
BRDA:359,39,0,275
BRDA:359,39,1,3
BRDA:361,40,0,263
BRDA:361,40,1,15
BRDA:362,41,0,275
BRDA:362,41,1,3
BRDA:365,42,0,278
BRDA:365,42,1,0
BRDA:366,43,0,278
BRDA:366,43,1,0
BRDA:370,44,0,278
BRDA:370,44,1,223
BRDA:370,45,0,223
BRDA:370,45,1,55
BRDA:370,46,0,278
BRDA:370,46,1,278
BRDA:373,47,0,55
BRDA:373,47,1,223
BRDA:373,48,0,278
BRDA:373,48,1,278
BRDA:373,49,0,223
BRDA:373,49,1,55
BRDA:373,50,0,278
BRDA:373,50,1,278
BRDA:379,51,0,278
BRDA:379,51,1,274
BRDA:379,52,0,274
BRDA:379,52,1,4
BRDA:379,53,0,278
BRDA:379,53,1,278
BRDA:380,54,0,278
BRDA:380,54,1,274
BRDA:380,55,0,274
BRDA:380,55,1,4
BRDA:380,56,0,278
BRDA:380,56,1,278
BRDA:381,57,0,278
BRDA:381,57,1,274
BRDA:381,58,0,274
BRDA:381,58,1,4
BRDA:381,59,0,278
BRDA:381,59,1,278
BRDA:394,60,0,66
BRDA:394,60,1,212
BRDA:394,61,0,278
BRDA:394,61,1,278
BRDA:412,62,0,111
BRDA:412,63,0,166
BRDA:412,63,1,55
BRDA:412,63,2,55
BRDA:415,64,0,0
BRDA:415,64,1,55
BRDA:415,65,0,55
BRDA:415,65,1,55
BRDA:416,66,0,55
BRDA:416,66,1,55
BRDA:416,67,0,0
BRDA:416,67,1,55
BRDA:416,68,0,55
BRDA:416,68,1,55
BRDA:418,69,0,0
BRDA:425,70,0,0
BRDA:425,70,1,55
BRDA:425,71,0,55
BRDA:425,71,1,0
BRDA:444,72,0,18
BRDA:451,73,0,2
BRDA:472,74,0,1
BRDA:473,75,0,1
BRDA:473,75,1,1
BRDA:476,76,0,1
BRDA:480,77,0,1
BRDA:480,77,1,0
BRDA:480,78,0,1
BRDA:480,78,1,1
BRDA:485,79,0,55
BRDA:499,80,0,1
BRDA:499,80,1,1
BRDA:508,81,0,1
BRDA:508,81,1,1
BRDA:523,82,0,2
BRDA:523,82,1,4
BRDA:524,83,0,1
BRDA:524,83,1,1
BRDA:525,84,0,1
BRDA:525,84,1,1
BRDA:525,85,0,0
BRDA:525,85,1,1
BRDA:525,86,0,1
BRDA:525,86,1,1
BRDA:526,87,0,1
BRDA:527,88,0,0
BRDA:527,88,1,1
BRDA:527,89,0,1
BRDA:527,89,1,1
BRDA:530,90,0,0
BRDA:530,90,1,1
BRDA:530,91,0,1
BRDA:530,91,1,1
BRDA:531,92,0,1
BRDA:531,92,1,0
BRDA:536,93,0,0
BRDA:536,93,1,1
BRDA:541,94,0,0
BRDA:542,95,0,0
BRDA:542,95,1,1
BRDA:542,96,0,1
BRDA:542,96,1,1
BRDA:545,97,0,0
BRDA:546,98,0,0
BRDA:546,98,1,0
BRDA:546,99,0,0
BRDA:546,99,1,0
BRDA:552,100,0,0
BRDA:552,100,1,4
BRDA:552,101,0,4
BRDA:552,101,1,4
BRDA:555,102,0,0
BRDA:559,103,0,1
BRDA:560,104,0,6
BRDA:560,104,1,1
BRDA:560,104,2,0
BRDA:560,104,3,0
BRDA:560,104,4,0
BRDA:562,105,0,0
BRDA:562,105,1,0
BRDA:562,106,0,0
BRDA:562,106,1,0
BRDA:566,107,0,1
BRDA:566,107,1,0
BRDA:566,108,0,1
BRDA:566,108,1,1
BRDA:581,109,0,1
BRDA:581,109,1,1
BRDA:581,110,0,2
BRDA:581,110,1,2
BRDA:583,111,0,0
BRDA:583,112,0,2
BRDA:583,112,1,0
BRDA:591,113,0,0
BRDA:591,113,1,0
BRDA:594,114,0,0
BRDA:594,114,1,0
BRDA:597,115,0,0
BRDA:597,115,1,0
BRDA:609,116,0,0
BRDA:609,116,1,0
BRDA:609,117,0,0
BRDA:609,117,1,0
BRDA:615,118,0,0
BRDA:618,119,0,0
BRDA:618,119,1,0
BRDA:618,120,0,0
BRDA:618,120,1,0
BRDA:622,121,0,1
BRDA:625,122,0,1
BRDA:625,122,1,0
BRDA:625,123,0,1
BRDA:625,123,1,1
BRDA:630,124,0,1
BRDA:630,124,1,2
BRDA:632,125,0,0
BRDA:633,126,0,0
BRDA:633,126,1,1
BRDA:633,127,0,1
BRDA:633,127,1,1
BRDA:636,128,0,1
BRDA:636,128,1,1
BRDA:636,129,0,2
BRDA:636,129,1,2
BRDA:638,130,0,1
BRDA:639,131,0,0
BRDA:639,131,1,1
BRDA:639,132,0,1
BRDA:639,132,1,1
BRDA:647,133,0,0
BRDA:652,134,0,55
BRDA:652,134,1,2
BRDA:654,135,0,54
BRDA:654,135,1,1
BRDA:654,136,0,55
BRDA:654,136,1,55
BRDA:657,137,0,1
BRDA:657,137,1,1
BRDA:657,138,0,2
BRDA:657,138,1,2
BRDA:662,139,0,0
BRDA:664,140,0,0
BRDA:664,140,1,0
BRDA:664,141,0,0
BRDA:664,141,1,0
BRDA:671,142,0,0
BRDA:673,143,0,0
BRDA:673,143,1,0
BRDA:673,144,0,0
BRDA:673,144,1,0
BRDA:688,145,0,0
BRDA:688,145,1,0
BRDA:690,146,0,0
BRDA:690,146,1,0
BRDA:690,147,0,0
BRDA:690,147,1,0
BRDA:694,148,0,0
BRDA:694,148,1,0
BRDA:694,149,0,0
BRDA:694,149,1,0
BRDA:704,150,0,0
BRDA:704,150,1,1
BRDA:704,151,0,1
BRDA:704,151,1,1
BRDA:708,152,0,2
BRDA:737,153,0,527
BRDA:737,153,1,3746
BRDA:738,154,0,527
BRDA:738,154,1,526
BRDA:738,155,0,0
BRDA:738,155,1,527
BRDA:738,156,0,527
BRDA:738,156,1,527
BRDA:738,157,0,0
BRDA:738,157,1,526
BRDA:738,158,0,526
BRDA:738,158,1,526
BRDA:742,159,0,62
BRDA:742,159,1,4211
BRDA:742,160,0,4273
BRDA:742,160,1,527
BRDA:742,160,2,186
BRDA:742,161,0,0
BRDA:742,161,1,527
BRDA:742,162,0,527
BRDA:742,162,1,527
BRDA:742,163,0,0
BRDA:742,163,1,186
BRDA:742,164,0,186
BRDA:742,164,1,186
BRDA:755,165,0,62
BRDA:755,165,1,62
BRDA:775,166,0,6
BRDA:781,167,0,34
BRDA:781,167,1,4239
BRDA:782,168,0,100
BRDA:782,168,1,4173
BRDA:782,169,0,4273
BRDA:782,169,1,4239
BRDA:783,170,0,4139
BRDA:783,170,1,134
BRDA:783,171,0,4273
BRDA:783,171,1,4239
BRDA:783,171,2,4139
BRDA:784,172,0,0
BRDA:784,172,1,4273
BRDA:784,173,0,4273
BRDA:784,173,1,0
BRDA:785,174,0,4219
BRDA:785,174,1,54
BRDA:785,175,0,4273
BRDA:785,175,1,4253
BRDA:786,176,0,20
BRDA:786,176,1,4253
BRDA:792,177,0,34
BRDA:792,177,1,4239
BRDA:803,178,0,26
BRDA:803,178,1,112
BRDA:826,179,0,0
BRDA:826,179,1,0
BRDA:826,179,2,0
BRDA:826,179,3,0
BRDA:829,180,0,0
BRDA:829,180,1,0
BRDA:848,181,0,0
BRDA:848,181,1,0
BRDA:867,182,0,0
BRDA:867,182,1,0
BRDA:878,183,0,0
BRDA:878,183,1,0
BRDA:887,184,0,0
BRDA:887,184,1,0
BRDA:901,185,0,0
BRDA:901,185,1,0
BRDA:901,185,2,0
BRDA:907,186,0,0
BRDA:907,186,1,0
BRDA:925,187,0,0
BRDA:925,187,1,0
BRDA:925,188,0,0
BRDA:925,188,1,0
BRDA:952,189,0,0
BRDA:952,189,1,0
BRDA:970,190,0,0
BRDA:970,190,1,0
BRDA:970,191,0,0
BRDA:970,191,1,0
BRDA:1036,192,0,0
BRDA:1036,192,1,0
BRDA:1078,193,0,0
BRDA:1078,193,1,0
BRDA:1127,194,0,0
BRDA:1127,194,1,0
BRDA:1127,195,0,0
BRDA:1127,195,1,0
BRDA:1132,196,0,0
BRDA:1132,196,1,0
BRDA:1148,197,0,0
BRDA:1148,197,1,0
BRDA:1148,197,2,0
BRDA:1157,198,0,0
BRDA:1157,198,1,0
BRDA:1167,199,0,0
BRDA:1167,199,1,0
BRDA:1180,200,0,0
BRDA:1180,200,1,0
BRDA:1189,201,0,0
BRDA:1189,201,1,0
BRDA:1227,202,0,0
BRDA:1227,202,1,278
BRDA:1227,203,0,278
BRDA:1227,203,1,278
BRDA:1234,204,0,278
BRDA:1234,204,1,277
BRDA:1239,205,0,277
BRDA:1239,205,1,276
BRDA:1250,206,0,83
BRDA:1250,206,1,195
BRDA:1250,207,0,278
BRDA:1250,207,1,83
BRDA:1251,208,0,4
BRDA:1251,208,1,79
BRDA:1251,209,0,83
BRDA:1251,209,1,10
BRDA:1253,210,0,6
BRDA:1253,210,1,73
BRDA:1256,211,0,1
BRDA:1256,211,1,194
BRDA:1256,212,0,195
BRDA:1256,212,1,78
BRDA:1256,212,2,4
BRDA:1258,213,0,54
BRDA:1258,213,1,140
BRDA:1258,214,0,194
BRDA:1258,214,1,194
BRDA:1264,215,0,277
BRDA:1264,215,1,1
BRDA:1267,216,0,2
BRDA:1267,216,1,276
BRDA:1268,217,0,2
BRDA:1268,217,1,276
BRDA:1275,218,0,278
BRDA:1275,218,1,138
BRDA:1283,219,0,0
BRDA:1283,219,1,138
BRDA:1284,220,0,0
BRDA:1284,220,1,138
BRDA:1308,221,0,17
BRDA:1308,221,1,121
BRDA:1323,222,0,17
BRDA:1323,222,1,121
BRDA:1335,223,0,14
BRDA:1335,223,1,3
BRDA:1339,224,0,14
BRDA:1339,224,1,3
BRDA:1356,225,0,6
BRDA:1356,225,1,11
BRDA:1356,226,0,0
BRDA:1356,226,1,17
BRDA:1356,227,0,17
BRDA:1356,227,1,17
BRDA:1374,228,0,3
BRDA:1374,228,1,14
BRDA:1378,229,0,3
BRDA:1378,229,1,14
BRDA:1392,230,0,2
BRDA:1392,230,1,15
BRDA:1392,231,0,0
BRDA:1392,231,1,17
BRDA:1392,232,0,17
BRDA:1392,232,1,17
BRDA:1412,233,0,36
BRDA:1412,233,1,85
BRDA:1412,234,0,121
BRDA:1412,234,1,104
BRDA:1416,235,0,36
BRDA:1416,235,1,85
BRDA:1416,236,0,121
BRDA:1416,236,1,104
BRDA:1424,237,0,121
BRDA:1424,237,1,83
BRDA:1424,238,0,38
BRDA:1424,238,1,83
BRDA:1424,239,0,121
BRDA:1424,239,1,121
BRDA:1430,240,0,121
BRDA:1430,240,1,53
BRDA:1438,241,0,17
BRDA:1438,241,1,36
BRDA:1441,242,0,17
BRDA:1441,242,1,36
BRDA:1454,243,0,2
BRDA:1454,243,1,51
BRDA:1540,244,0,138
BRDA:1540,244,1,9
BRDA:1560,245,0,138
BRDA:1560,245,1,8
BRF:482
BRH:308
end_of_record
TN:
SF:src\components\CalendarHeatmapChart.tsx
FN:39,getActivityColor
FN:47,getYearWeeks
FN:88,(anonymous_6)
FN:116,(anonymous_7)
FN:153,(anonymous_8)
FN:154,(anonymous_9)
FN:169,(anonymous_10)
FN:194,(anonymous_11)
FN:202,(anonymous_12)
FN:232,(anonymous_13)
FN:248,(anonymous_14)
FN:263,(anonymous_15)
FN:275,(anonymous_16)
FN:277,(anonymous_17)
FN:294,(anonymous_18)
FN:309,(anonymous_19)
FN:311,(anonymous_20)
FNF:17
FNH:13
FNDA:21147,getActivityColor
FNDA:57,getYearWeeks
FNDA:0,(anonymous_6)
FNDA:57,(anonymous_7)
FNDA:3021,(anonymous_8)
FNDA:21147,(anonymous_9)
FNDA:13,(anonymous_10)
FNDA:20,(anonymous_11)
FNDA:3,(anonymous_12)
FNDA:285,(anonymous_13)
FNDA:399,(anonymous_14)
FNDA:3021,(anonymous_15)
FNDA:399,(anonymous_16)
FNDA:21147,(anonymous_17)
FNDA:0,(anonymous_18)
FNDA:0,(anonymous_19)
FNDA:0,(anonymous_20)
DA:2,1
DA:31,1
DA:40,21147
DA:41,0
DA:42,0
DA:43,0
DA:44,0
DA:53,57
DA:54,57
DA:55,57
DA:56,57
DA:57,57
DA:58,57
DA:59,57
DA:60,57
DA:61,57
DA:63,57
DA:67,57
DA:72,57
DA:73,3078
DA:74,3078
DA:76,21546
DA:77,21546
DA:78,21546
DA:80,21546
DA:81,21546
DA:82,20862
DA:83,20862
DA:84,20862
DA:87,0
DA:88,0
DA:90,0
DA:94,21546
DA:95,21546
DA:98,3078
DA:99,3021
DA:100,3021
DA:101,3021
DA:102,3021
DA:103,684
DA:104,684
DA:106,3021
DA:109,3078
DA:110,3078
DA:113,57
DA:116,1
DA:117,57
DA:118,57
DA:119,57
DA:120,57
DA:121,57
DA:122,57
DA:123,57
DA:125,57
DA:126,57
DA:127,57
DA:143,57
DA:144,57
DA:145,57
DA:147,57
DA:153,57
DA:154,3021
DA:155,21147
DA:159,57
DA:169,13
DA:194,20
DA:203,3
DA:204,3
DA:232,285
DA:248,399
DA:263,3021
DA:275,399
DA:278,42294
DA:279,21147
DA:280,21147
DA:281,21147
DA:282,21147
DA:284,21147
DA:295,0
DA:296,0
DA:297,0
DA:298,0
DA:299,0
DA:310,0
DA:311,0
DA:374,1
LF:86
LH:72
BRDA:40,0,0,21147
BRDA:41,1,0,0
BRDA:42,2,0,0
BRDA:43,3,0,0
BRDA:56,4,0,0
BRDA:56,4,1,57
BRDA:78,5,0,20862
BRDA:81,6,0,20862
BRDA:84,7,0,0
BRDA:85,8,0,20862
BRDA:85,8,1,0
BRDA:85,9,0,20862
BRDA:85,9,1,20862
BRDA:85,10,0,20862
BRDA:85,10,1,0
BRDA:85,11,0,20862
BRDA:85,11,1,20862
BRDA:85,12,0,20862
BRDA:85,12,1,0
BRDA:85,13,0,20862
BRDA:85,13,1,20862
BRDA:85,14,0,0
BRDA:85,14,1,20862
BRDA:85,15,0,20862
BRDA:85,15,1,20862
BRDA:90,16,0,0
BRDA:98,17,0,3021
BRDA:102,18,0,684
BRDA:102,19,0,3021
BRDA:102,19,1,741
BRDA:109,20,0,0
BRDA:109,21,0,3078
BRDA:109,21,1,114
BRDA:145,22,0,57
BRDA:145,22,1,57
BRDA:180,23,0,10
BRDA:180,23,1,47
BRDA:192,24,0,57
BRDA:192,24,1,10
BRDA:199,25,0,10
BRDA:199,25,1,10
BRDA:200,26,0,10
BRDA:200,26,1,10
BRDA:265,27,0,3021
BRDA:265,27,1,684
BRDA:289,28,0,20862
BRDA:289,28,1,285
BRDA:290,29,0,20862
BRDA:290,29,1,285
BRDA:291,30,0,20862
BRDA:291,30,1,285
BRDA:292,31,0,0
BRDA:292,31,1,21147
BRDA:292,32,0,21147
BRDA:292,32,1,0
BRDA:295,33,0,0
BRDA:314,34,0,21147
BRDA:314,34,1,20862
BRDA:314,34,2,0
BRDA:317,35,0,0
BRDA:317,35,1,0
BRDA:334,36,0,57
BRDA:334,36,1,0
BRF:63
BRH:45
end_of_record
TN:
SF:src\components\ChartDropdown.tsx
FN:10,(anonymous_9)
FN:50,(anonymous_10)
FN:76,(anonymous_11)
FN:84,(anonymous_12)
FN:96,(anonymous_13)
FN:109,(anonymous_14)
FN:115,(anonymous_15)
FN:115,(anonymous_16)
FN:119,(anonymous_17)
FN:120,(anonymous_18)
FN:126,(anonymous_19)
FN:129,(anonymous_20)
FN:152,(anonymous_21)
FN:153,(anonymous_22)
FN:174,(anonymous_23)
FN:179,(anonymous_24)
FNF:16
FNH:16
FNDA:39,(anonymous_9)
FNDA:39,(anonymous_10)
FNDA:11,(anonymous_11)
FNDA:18,(anonymous_12)
FNDA:39,(anonymous_13)
FNDA:21,(anonymous_14)
FNDA:24,(anonymous_15)
FNDA:35,(anonymous_16)
FNDA:21,(anonymous_17)
FNDA:1,(anonymous_18)
FNDA:21,(anonymous_19)
FNDA:3,(anonymous_20)
FNDA:13,(anonymous_21)
FNDA:1,(anonymous_22)
FNDA:18,(anonymous_23)
FNDA:3,(anonymous_24)
DA:2,1
DA:10,1
DA:11,39
DA:12,0
DA:13,0
DA:14,0
DA:15,0
DA:16,0
DA:17,0
DA:20,1
DA:50,1
DA:51,39
DA:52,39
DA:54,1
DA:56,38
DA:58,0
DA:60,0
DA:62,0
DA:64,0
DA:66,0
DA:68,0
DA:70,0
DA:72,0
DA:76,1
DA:77,11
DA:78,11
DA:79,0
DA:81,11
DA:84,1
DA:85,18
DA:86,18
DA:87,0
DA:89,18
DA:96,1
DA:97,39
DA:98,39
DA:99,39
DA:100,39
DA:101,39
DA:102,39
DA:103,39
DA:105,39
DA:106,39
DA:107,39
DA:109,39
DA:110,21
DA:113,39
DA:114,39
DA:115,35
DA:119,39
DA:120,21
DA:121,1
DA:122,1
DA:125,21
DA:126,21
DA:129,39
DA:130,3
DA:131,3
DA:132,3
DA:134,3
DA:137,39
DA:152,13
DA:154,1
DA:155,1
DA:156,1
DA:174,18
DA:179,3
DA:192,1
LF:68
LH:52
BRDA:11,0,0,39
BRDA:13,1,0,0
BRDA:13,2,0,0
BRDA:13,2,1,0
BRDA:13,3,0,0
BRDA:13,3,1,0
BRDA:14,4,0,0
BRDA:14,4,1,0
BRDA:14,5,0,0
BRDA:14,5,1,0
BRDA:15,6,0,0
BRDA:16,7,0,0
BRDA:16,8,0,0
BRDA:16,8,1,0
BRDA:16,9,0,0
BRDA:16,9,1,0
BRDA:52,10,0,1
BRDA:52,10,1,38
BRDA:52,10,2,0
BRDA:52,10,3,0
BRDA:52,10,4,0
BRDA:52,10,5,0
BRDA:52,10,6,0
BRDA:52,10,7,0
BRDA:52,10,8,0
BRDA:52,10,9,0
BRDA:78,11,0,0
BRDA:86,12,0,0
BRDA:87,13,0,0
BRDA:87,13,1,0
BRDA:89,14,0,0
BRDA:89,14,1,18
BRDA:101,15,0,37
BRDA:101,15,1,2
BRDA:110,16,0,1
BRDA:113,17,0,1
BRDA:113,17,1,38
BRDA:121,18,0,1
BRDA:121,19,0,1
BRDA:121,19,1,1
BRDA:131,20,0,3
BRDA:140,21,0,39
BRDA:140,21,1,39
BRDA:143,22,0,39
BRDA:143,22,1,1
BRDA:154,23,0,1
BRDA:154,24,0,1
BRDA:154,24,1,0
BRDA:163,25,0,39
BRDA:163,25,1,35
BRDA:163,26,0,35
BRDA:163,26,1,4
BRDA:163,27,0,39
BRDA:163,27,1,39
BRDA:172,28,0,39
BRDA:172,28,1,11
BRF:56
BRH:27
end_of_record
TN:
SF:src\components\ChartInterface.tsx
FN:25,(anonymous_12)
FN:40,(anonymous_13)
FN:54,(anonymous_14)
FN:70,(anonymous_15)
FN:92,(anonymous_16)
FNF:5
FNH:4
FNDA:24,(anonymous_12)
FNDA:24,(anonymous_13)
FNDA:24,(anonymous_14)
FNDA:24,(anonymous_15)
FNDA:0,(anonymous_16)
DA:2,1
DA:3,1
DA:5,1
DA:25,1
DA:26,24
DA:28,1
DA:30,1
DA:32,1
DA:34,2
DA:36,19
DA:40,1
DA:41,24
DA:42,1
DA:43,1
DA:44,1
DA:45,21
DA:53,1
DA:56,24
DA:57,24
DA:58,24
DA:59,24
DA:60,24
DA:61,24
DA:62,24
DA:63,24
DA:67,24
DA:68,24
DA:70,24
DA:71,24
DA:72,24
DA:74,0
DA:75,0
DA:76,0
DA:79,0
DA:80,0
DA:82,0
DA:92,0
DA:93,0
DA:94,0
DA:95,0
DA:104,24
DA:117,1
DA:119,1
LF:43
LH:33
BRDA:26,0,0,1
BRDA:26,0,1,1
BRDA:26,0,2,1
BRDA:26,0,3,2
BRDA:26,0,4,19
BRDA:41,1,0,1
BRDA:41,1,1,1
BRDA:41,1,2,1
BRDA:41,1,3,21
BRDA:57,2,0,21
BRDA:57,2,1,3
BRDA:59,3,0,22
BRDA:59,3,1,2
BRDA:60,4,0,19
BRDA:60,4,1,5
BRDA:61,5,0,21
BRDA:61,5,1,3
BRDA:71,6,0,0
BRDA:71,6,1,24
BRDA:71,7,0,24
BRDA:71,7,1,24
BRDA:72,8,0,24
BRDA:74,9,0,0
BRDA:93,10,0,0
BRDA:108,11,0,24
BRDA:108,11,1,23
BRF:26
BRH:23
end_of_record
TN:
SF:src\components\ColumnChart.tsx
FN:41,(anonymous_1)
FN:51,(anonymous_2)
FN:56,(anonymous_3)
FN:87,(anonymous_4)
FN:101,(anonymous_5)
FN:124,(anonymous_6)
FN:157,(anonymous_7)
FNF:7
FNH:7
FNDA:9,(anonymous_1)
FNDA:16,(anonymous_2)
FNDA:16,(anonymous_3)
FNDA:45,(anonymous_4)
FNDA:45,(anonymous_5)
FNDA:16,(anonymous_6)
FNDA:16,(anonymous_7)
DA:2,1
DA:39,1
DA:41,1
DA:42,9
DA:43,9
DA:44,9
DA:46,9
DA:47,9
DA:48,9
DA:49,9
DA:51,9
DA:52,16
DA:53,1
DA:56,9
DA:57,16
DA:58,16
DA:59,16
DA:62,9
DA:87,45
DA:103,45
DA:107,45
DA:125,16
DA:126,16
DA:128,16
DA:157,16
DA:173,1
LF:26
LH:26
BRDA:46,0,0,9
BRDA:46,0,1,0
BRDA:47,1,0,9
BRDA:47,1,1,6
BRDA:47,2,0,6
BRDA:47,2,1,3
BRDA:47,3,0,9
BRDA:47,3,1,9
BRDA:48,4,0,9
BRDA:48,4,1,9
BRDA:48,5,0,6
BRDA:48,5,1,3
BRDA:48,6,0,9
BRDA:48,6,1,9
BRDA:49,7,0,9
BRDA:49,7,1,6
BRDA:49,8,0,6
BRDA:49,8,1,3
BRDA:49,9,0,9
BRDA:49,9,1,9
BRDA:52,10,0,15
BRDA:57,11,0,0
BRDA:92,12,0,36
BRDA:92,12,1,9
BRDA:126,13,0,16
BRDA:126,13,1,11
BRDA:126,13,2,6
BRF:27
BRH:25
end_of_record
TN:
SF:src\components\ConfettiExplosion.tsx
FN:33,(anonymous_11)
FN:51,(anonymous_12)
FN:53,(anonymous_13)
FN:55,(anonymous_14)
FN:83,(anonymous_15)
FN:87,(anonymous_16)
FN:89,(anonymous_17)
FN:103,(anonymous_18)
FN:113,(anonymous_19)
FN:118,(anonymous_20)
FN:136,(anonymous_21)
FNF:11
FNH:10
FNDA:65,(anonymous_11)
FNDA:27,(anonymous_12)
FNDA:31,(anonymous_13)
FNDA:765,(anonymous_14)
FNDA:1,(anonymous_15)
FNDA:1,(anonymous_16)
FNDA:5,(anonymous_17)
FNDA:5,(anonymous_18)
FNDA:0,(anonymous_19)
FNDA:26,(anonymous_20)
FNDA:790,(anonymous_21)
DA:3,1
DA:33,1
DA:34,65
DA:35,65
DA:36,65
DA:37,65
DA:38,65
DA:42,65
DA:43,65
DA:44,65
DA:46,65
DA:47,65
DA:48,65
DA:51,65
DA:53,65
DA:54,31
DA:55,26
DA:56,765
DA:57,765
DA:58,765
DA:59,765
DA:61,765
DA:79,26
DA:83,26
DA:84,1
DA:85,1
DA:87,1
DA:88,1
DA:90,5
DA:91,0
DA:92,0
DA:93,0
DA:103,5
DA:106,1
DA:107,1
DA:111,26
DA:113,26
DA:114,0
DA:115,0
DA:118,26
DA:119,26
DA:120,26
DA:123,5
DA:127,65
DA:129,27
DA:140,790
DA:144,790
DA:178,1
DA:179,1
LF:49
LH:44
BRDA:36,0,0,12
BRDA:36,0,1,53
BRDA:37,1,0,65
BRDA:37,1,1,0
BRDA:38,2,0,59
BRDA:38,2,1,6
BRDA:42,3,0,65
BRDA:42,3,1,0
BRDA:43,4,0,63
BRDA:43,4,1,2
BRDA:44,5,0,63
BRDA:44,5,1,2
BRDA:54,6,0,26
BRDA:54,6,1,5
BRDA:59,7,0,383
BRDA:59,7,1,382
BRDA:70,8,0,383
BRDA:70,8,1,382
BRDA:84,9,0,1
BRDA:90,10,0,5
BRDA:92,11,0,0
BRDA:106,12,0,1
BRDA:114,13,0,0
BRDA:119,14,0,26
BRDA:120,15,0,26
BRDA:127,16,0,38
BRDA:127,17,0,65
BRDA:127,17,1,55
BRDA:140,18,0,253
BRDA:140,18,1,537
BRDA:151,19,0,268
BRDA:151,19,1,522
BRDA:152,20,0,269
BRDA:152,20,1,521
BRDA:164,21,0,253
BRDA:164,21,1,537
BRDA:165,22,0,790
BRDA:165,22,1,253
BRF:38
BRH:34
end_of_record
TN:
SF:src\components\Dropdown.tsx
FN:24,(anonymous_9)
FN:39,(anonymous_10)
FN:43,(anonymous_11)
FN:44,handleClickOutside
FN:54,(anonymous_13)
FN:59,(anonymous_14)
FN:68,(anonymous_15)
FN:128,(anonymous_16)
FN:131,(anonymous_17)
FNF:9
FNH:9
FNDA:77,(anonymous_9)
FNDA:12,(anonymous_10)
FNDA:76,(anonymous_11)
FNDA:1,handleClickOutside
FNDA:76,(anonymous_13)
FNDA:10,(anonymous_14)
FNDA:19,(anonymous_15)
FNDA:65,(anonymous_16)
FNDA:10,(anonymous_17)
DA:2,2
DA:24,2
DA:25,77
DA:26,77
DA:27,77
DA:28,77
DA:29,77
DA:30,77
DA:31,77
DA:32,77
DA:34,77
DA:35,77
DA:36,77
DA:38,77
DA:39,12
DA:43,77
DA:45,1
DA:46,1
DA:50,76
DA:51,18
DA:54,76
DA:55,76
DA:59,77
DA:60,10
DA:63,10
DA:64,10
DA:65,10
DA:68,77
DA:69,19
DA:70,19
DA:74,77
DA:128,65
DA:131,10
DA:152,2
DA:154,2
LF:35
LH:35
BRDA:28,0,0,64
BRDA:28,0,1,13
BRDA:29,1,0,75
BRDA:29,1,1,2
BRDA:30,2,0,75
BRDA:30,2,1,2
BRDA:31,3,0,72
BRDA:31,3,1,5
BRDA:38,4,0,7
BRDA:38,4,1,70
BRDA:45,5,0,1
BRDA:45,6,0,1
BRDA:45,6,1,1
BRDA:50,7,0,18
BRDA:60,8,0,0
BRDA:63,9,0,9
BRDA:69,10,0,19
BRDA:77,11,0,77
BRDA:77,11,1,75
BRDA:87,12,0,5
BRDA:87,12,1,72
BRDA:90,13,0,77
BRDA:90,13,1,72
BRDA:112,14,0,77
BRDA:112,14,1,61
BRDA:112,15,0,61
BRDA:112,15,1,16
BRDA:112,16,0,77
BRDA:112,16,1,17
BRDA:115,17,0,77
BRDA:115,17,1,18
BRDA:115,17,2,18
BRDA:122,18,0,1
BRDA:122,18,1,17
BRDA:135,19,0,3
BRDA:135,19,1,62
BRDA:139,20,0,18
BRDA:139,20,1,47
BRDA:140,21,0,18
BRDA:140,21,1,47
BRF:40
BRH:39
end_of_record
TN:
SF:src\components\Filter.tsx
FN:78,(anonymous_11)
FN:95,(anonymous_12)
FN:96,(anonymous_13)
FN:99,(anonymous_14)
FN:101,(anonymous_15)
FN:106,(anonymous_16)
FN:110,(anonymous_17)
FN:123,(anonymous_18)
FN:135,(anonymous_19)
FN:135,(anonymous_20)
FN:167,(anonymous_21)
FN:176,(anonymous_22)
FN:180,(anonymous_23)
FN:191,(anonymous_24)
FN:193,(anonymous_25)
FN:209,(anonymous_26)
FN:211,(anonymous_27)
FN:227,(anonymous_28)
FN:260,(anonymous_29)
FN:283,(anonymous_30)
FN:287,(anonymous_31)
FN:299,(anonymous_32)
FN:318,(anonymous_33)
FN:320,(anonymous_34)
FN:332,(anonymous_35)
FN:341,(anonymous_36)
FN:348,(anonymous_37)
FN:350,(anonymous_38)
FN:364,(anonymous_39)
FN:375,(anonymous_40)
FN:375,(anonymous_41)
FN:431,(anonymous_42)
FN:440,(anonymous_43)
FN:468,(anonymous_44)
FN:487,(anonymous_45)
FN:489,(anonymous_46)
FN:503,(anonymous_47)
FN:512,(anonymous_48)
FN:519,(anonymous_49)
FN:521,(anonymous_50)
FN:534,(anonymous_51)
FN:543,(anonymous_52)
FN:543,(anonymous_53)
FN:597,(anonymous_54)
FN:601,(anonymous_55)
FN:629,(anonymous_56)
FN:642,(anonymous_57)
FNF:47
FNH:45
FNDA:90,(anonymous_11)
FNDA:9,(anonymous_12)
FNDA:9,(anonymous_13)
FNDA:1,(anonymous_14)
FNDA:1,(anonymous_15)
FNDA:0,(anonymous_16)
FNDA:4,(anonymous_17)
FNDA:6,(anonymous_18)
FNDA:33,(anonymous_19)
FNDA:33,(anonymous_20)
FNDA:1,(anonymous_21)
FNDA:1,(anonymous_22)
FNDA:0,(anonymous_23)
FNDA:4,(anonymous_24)
FNDA:227,(anonymous_25)
FNDA:2,(anonymous_26)
FNDA:182,(anonymous_27)
FNDA:3,(anonymous_28)
FNDA:46,(anonymous_29)
FNDA:92,(anonymous_30)
FNDA:92,(anonymous_31)
FNDA:22,(anonymous_32)
FNDA:24,(anonymous_33)
FNDA:5,(anonymous_34)
FNDA:17,(anonymous_35)
FNDA:5,(anonymous_36)
FNDA:9,(anonymous_37)
FNDA:1,(anonymous_38)
FNDA:9,(anonymous_39)
FNDA:5,(anonymous_40)
FNDA:5,(anonymous_41)
FNDA:22,(anonymous_42)
FNDA:2,(anonymous_43)
FNDA:21,(anonymous_44)
FNDA:22,(anonymous_45)
FNDA:5,(anonymous_46)
FNDA:16,(anonymous_47)
FNDA:5,(anonymous_48)
FNDA:8,(anonymous_49)
FNDA:1,(anonymous_50)
FNDA:8,(anonymous_51)
FNDA:5,(anonymous_52)
FNDA:5,(anonymous_53)
FNDA:18,(anonymous_54)
FNDA:2,(anonymous_55)
FNDA:10,(anonymous_56)
FNDA:2,(anonymous_57)
DA:3,1
DA:4,1
DA:5,1
DA:8,1
DA:52,1
DA:60,1
DA:78,1
DA:79,90
DA:80,90
DA:81,90
DA:82,90
DA:83,90
DA:84,90
DA:86,90
DA:88,90
DA:95,90
DA:96,9
DA:99,90
DA:100,1
DA:101,1
DA:106,0
DA:110,90
DA:111,4
DA:117,4
DA:119,4
DA:120,3
DA:123,90
DA:124,6
DA:125,6
DA:128,90
DA:135,33
DA:167,1
DA:176,1
DA:180,0
DA:191,4
DA:193,227
DA:209,2
DA:211,182
DA:227,3
DA:260,1
DA:261,46
DA:262,46
DA:263,46
DA:268,46
DA:283,92
DA:287,92
DA:299,1
DA:300,22
DA:301,22
DA:302,22
DA:303,22
DA:304,22
DA:307,22
DA:308,22
DA:309,22
DA:311,22
DA:318,24
DA:320,22
DA:321,5
DA:323,5
DA:325,5
DA:332,22
DA:334,17
DA:336,5
DA:338,5
DA:339,5
DA:341,5
DA:342,5
DA:343,5
DA:348,22
DA:350,9
DA:352,1
DA:356,0
DA:359,1
DA:362,9
DA:364,9
DA:368,22
DA:375,5
DA:431,22
DA:441,2
DA:442,2
DA:468,1
DA:469,21
DA:470,21
DA:471,21
DA:472,21
DA:473,21
DA:476,21
DA:477,21
DA:478,21
DA:480,21
DA:487,22
DA:489,21
DA:491,5
DA:493,5
DA:495,5
DA:503,21
DA:505,16
DA:507,5
DA:509,5
DA:510,5
DA:512,5
DA:513,5
DA:514,5
DA:519,21
DA:521,8
DA:523,1
DA:526,0
DA:528,1
DA:532,8
DA:534,8
DA:538,21
DA:543,5
DA:597,18
DA:602,2
DA:603,2
DA:629,1
DA:630,10
DA:631,10
DA:632,10
DA:633,10
DA:634,10
DA:635,10
DA:642,2
DA:665,1
DA:666,1
DA:667,1
DA:668,1
DA:671,1
DA:672,1
DA:673,1
DA:674,1
DA:675,1
DA:676,1
LF:134
LH:130
BRDA:81,0,0,88
BRDA:81,0,1,2
BRDA:82,1,0,88
BRDA:82,1,1,2
BRDA:83,2,0,88
BRDA:83,2,1,2
BRDA:100,3,0,1
BRDA:100,3,1,0
BRDA:119,4,0,1
BRDA:119,4,1,3
BRDA:120,5,0,3
BRDA:124,6,0,6
BRDA:134,7,0,52
BRDA:134,7,1,38
BRDA:153,8,0,90
BRDA:153,8,1,46
BRDA:156,9,0,27
BRDA:156,9,1,19
BRDA:166,10,0,27
BRDA:166,10,1,19
BRDA:235,11,0,27
BRDA:235,11,1,19
BRDA:244,12,0,27
BRDA:244,12,1,19
BRDA:302,13,0,19
BRDA:302,13,1,3
BRDA:303,14,0,20
BRDA:303,14,1,2
BRDA:318,15,0,22
BRDA:318,15,1,0
BRDA:318,16,0,0
BRDA:318,16,1,22
BRDA:318,17,0,22
BRDA:318,17,1,22
BRDA:321,18,0,0
BRDA:334,19,0,12
BRDA:352,20,0,0
BRDA:353,21,0,1
BRDA:353,21,1,1
BRDA:353,22,0,0
BRDA:353,22,1,1
BRDA:353,23,0,1
BRDA:353,23,1,1
BRDA:354,24,0,0
BRDA:354,24,1,1
BRDA:354,25,0,1
BRDA:354,25,1,1
BRDA:373,26,0,20
BRDA:373,26,1,2
BRDA:385,27,0,10
BRDA:385,27,1,12
BRDA:389,28,0,1
BRDA:389,28,1,21
BRDA:399,29,0,10
BRDA:399,29,1,12
BRDA:407,30,0,22
BRDA:407,30,1,10
BRDA:407,30,2,5
BRDA:412,31,0,5
BRDA:412,31,1,0
BRDA:436,32,0,22
BRDA:436,32,1,0
BRDA:471,33,0,18
BRDA:471,33,1,3
BRDA:472,34,0,20
BRDA:472,34,1,1
BRDA:487,35,0,21
BRDA:487,35,1,0
BRDA:487,36,0,0
BRDA:487,36,1,21
BRDA:487,37,0,21
BRDA:487,37,1,21
BRDA:491,38,0,0
BRDA:505,39,0,11
BRDA:523,40,0,0
BRDA:524,41,0,1
BRDA:524,41,1,1
BRDA:524,42,0,0
BRDA:524,42,1,1
BRDA:524,43,0,1
BRDA:524,43,1,1
BRDA:525,44,0,0
BRDA:525,44,1,1
BRDA:525,45,0,1
BRDA:525,45,1,1
BRDA:541,46,0,19
BRDA:541,46,1,2
BRDA:553,47,0,10
BRDA:553,47,1,11
BRDA:557,48,0,1
BRDA:557,48,1,20
BRDA:567,49,0,10
BRDA:567,49,1,11
BRDA:573,50,0,21
BRDA:573,50,1,10
BRDA:573,50,2,5
BRDA:578,51,0,5
BRDA:578,51,1,0
BRDA:632,52,0,9
BRDA:632,52,1,1
BRDA:633,53,0,8
BRDA:633,53,1,2
BRDA:653,54,0,1
BRDA:653,54,1,9
BRF:104
BRH:88
end_of_record
TN:
SF:src\components\FormContainer.tsx
FN:13,(anonymous_1)
FNF:1
FNH:1
FNDA:27,(anonymous_1)
DA:3,1
DA:13,1
DA:14,27
DA:15,27
DA:16,27
DA:17,27
DA:18,27
DA:20,27
DA:43,1
DA:45,1
LF:10
LH:10
BRDA:18,0,0,26
BRDA:18,0,1,1
BRF:2
BRH:2
end_of_record
TN:
SF:src\components\GanttChart.tsx
FN:11,(anonymous_1)
FN:65,(anonymous_2)
FN:78,(anonymous_3)
FN:84,(anonymous_4)
FN:88,(anonymous_5)
FN:94,(anonymous_6)
FN:98,(anonymous_7)
FN:104,(anonymous_8)
FN:137,(anonymous_9)
FN:140,(anonymous_10)
FN:144,(anonymous_11)
FN:176,(anonymous_12)
FN:183,(anonymous_13)
FN:190,(anonymous_14)
FN:219,(anonymous_15)
FN:251,(anonymous_16)
FN:257,(anonymous_17)
FN:283,(anonymous_18)
FN:300,(anonymous_19)
FN:336,(anonymous_20)
FN:359,(anonymous_21)
FN:407,(anonymous_22)
FNF:22
FNH:22
FNDA:16,(anonymous_1)
FNDA:16,(anonymous_2)
FNDA:16,(anonymous_3)
FNDA:32,(anonymous_4)
FNDA:16,(anonymous_5)
FNDA:32,(anonymous_6)
FNDA:16,(anonymous_7)
FNDA:32,(anonymous_8)
FNDA:32,(anonymous_9)
FNDA:49,(anonymous_10)
FNDA:98,(anonymous_11)
FNDA:11,(anonymous_12)
FNDA:32,(anonymous_13)
FNDA:128,(anonymous_14)
FNDA:3,(anonymous_15)
FNDA:6,(anonymous_16)
FNDA:2,(anonymous_17)
FNDA:48,(anonymous_18)
FNDA:32,(anonymous_19)
FNDA:144,(anonymous_20)
FNDA:144,(anonymous_21)
FNDA:49,(anonymous_22)
DA:2,1
DA:11,1
DA:12,16
DA:13,0
DA:14,0
DA:15,0
DA:16,0
DA:17,0
DA:18,0
DA:21,1
DA:23,1
DA:65,1
DA:66,16
DA:67,16
DA:68,16
DA:69,16
DA:70,16
DA:71,16
DA:73,16
DA:75,16
DA:76,16
DA:78,16
DA:79,16
DA:84,32
DA:85,16
DA:88,16
DA:89,16
DA:94,32
DA:95,16
DA:98,16
DA:99,16
DA:100,16
DA:101,16
DA:102,16
DA:104,32
DA:105,16
DA:110,16
DA:111,16
DA:112,16
DA:114,16
DA:116,0
DA:117,0
DA:118,0
DA:119,0
DA:121,0
DA:122,0
DA:123,0
DA:125,0
DA:126,0
DA:128,0
DA:135,16
DA:136,16
DA:137,32
DA:138,16
DA:140,16
DA:141,49
DA:142,49
DA:144,98
DA:145,49
DA:149,49
DA:150,49
DA:151,49
DA:153,49
DA:154,49
DA:155,49
DA:156,49
DA:158,49
DA:159,32
DA:160,32
DA:161,32
DA:162,17
DA:163,16
DA:164,16
DA:165,16
DA:166,16
DA:167,1
DA:168,0
DA:169,0
DA:170,0
DA:173,49
DA:176,16
DA:177,11
DA:178,11
DA:179,11
DA:180,11
DA:183,32
DA:190,128
DA:211,16
DA:219,3
DA:251,6
DA:258,2
DA:259,2
DA:283,48
DA:300,32
DA:336,144
DA:359,144
DA:408,49
DA:412,49
DA:413,48
DA:415,48
DA:483,1
LF:101
LH:82
BRDA:12,0,0,16
BRDA:14,1,0,0
BRDA:14,2,0,0
BRDA:14,2,1,0
BRDA:14,3,0,0
BRDA:14,3,1,0
BRDA:15,4,0,0
BRDA:15,4,1,0
BRDA:15,5,0,0
BRDA:15,5,1,0
BRDA:16,6,0,0
BRDA:17,7,0,0
BRDA:17,8,0,0
BRDA:17,8,1,0
BRDA:17,9,0,0
BRDA:17,9,1,0
BRDA:114,10,0,16
BRDA:117,11,0,0
BRDA:117,11,1,0
BRDA:118,12,0,0
BRDA:118,12,1,0
BRDA:125,13,0,0
BRDA:125,13,1,0
BRDA:126,14,0,0
BRDA:126,14,1,0
BRDA:158,15,0,32
BRDA:158,15,1,17
BRDA:158,16,0,49
BRDA:158,16,1,32
BRDA:162,17,0,16
BRDA:162,17,1,1
BRDA:162,18,0,17
BRDA:162,18,1,16
BRDA:167,19,0,0
BRDA:167,20,0,1
BRDA:167,20,1,0
BRDA:237,21,0,3
BRDA:237,21,1,13
BRDA:243,22,0,16
BRDA:243,22,1,3
BRDA:255,23,0,3
BRDA:255,23,1,3
BRDA:256,24,0,3
BRDA:256,24,1,3
BRDA:373,25,0,16
BRDA:373,25,1,0
BRDA:373,26,0,16
BRDA:373,26,1,0
BRDA:373,27,0,16
BRDA:373,27,1,0
BRDA:412,28,0,1
BRDA:413,29,0,48
BRDA:413,29,1,0
BRDA:436,30,0,16
BRDA:436,30,1,32
BRF:55
BRH:26
end_of_record
TN:
SF:src\components\GaugeChart.tsx
FN:31,(anonymous_1)
FN:48,(anonymous_2)
FN:97,(anonymous_3)
FN:177,(anonymous_4)
FN:192,(anonymous_5)
FN:262,(anonymous_6)
FN:279,(anonymous_7)
FN:286,(anonymous_8)
FN:297,(anonymous_9)
FN:313,(anonymous_10)
FN:337,(anonymous_11)
FN:398,(anonymous_12)
FN:409,(anonymous_13)
FN:421,(anonymous_14)
FNF:14
FNH:14
FNDA:11,(anonymous_1)
FNDA:15,(anonymous_2)
FNDA:75,(anonymous_3)
FNDA:30,(anonymous_4)
FNDA:30,(anonymous_5)
FNDA:37,(anonymous_6)
FNDA:8,(anonymous_7)
FNDA:6,(anonymous_8)
FNDA:8,(anonymous_9)
FNDA:37,(anonymous_10)
FNDA:40,(anonymous_11)
FNDA:16,(anonymous_12)
FNDA:16,(anonymous_13)
FNDA:37,(anonymous_14)
DA:2,1
DA:31,11
DA:32,11
DA:49,15
DA:50,15
DA:51,15
DA:52,15
DA:54,15
DA:97,75
DA:177,30
DA:192,30
DA:217,1
DA:254,1
DA:262,1
DA:269,37
DA:270,37
DA:271,37
DA:272,37
DA:273,37
DA:274,37
DA:275,37
DA:276,37
DA:279,1
DA:280,24
DA:281,24
DA:283,0
DA:286,6
DA:287,6
DA:298,8
DA:299,8
DA:300,8
DA:301,8
DA:302,8
DA:303,8
DA:304,8
DA:306,8
DA:314,37
DA:315,37
DA:316,37
DA:317,37
DA:337,40
DA:398,16
DA:409,16
DA:421,37
DA:452,1
LF:45
LH:44
BRDA:206,0,0,15
BRDA:206,0,1,4
BRDA:275,1,0,0
BRDA:275,1,1,37
BRDA:281,2,0,8
BRDA:281,3,0,24
BRDA:281,3,1,24
BRDA:298,4,0,8
BRDA:298,4,1,7
BRDA:299,5,0,8
BRDA:299,5,1,0
BRDA:441,6,0,8
BRDA:441,6,1,2
BRF:13
BRH:11
end_of_record
TN:
SF:src\components\GroupBarChart.tsx
FN:52,(anonymous_1)
FN:63,(anonymous_2)
FN:66,(anonymous_3)
FN:71,(anonymous_4)
FN:76,(anonymous_5)
FN:92,(anonymous_6)
FN:104,(anonymous_7)
FN:117,(anonymous_8)
FN:135,(anonymous_9)
FN:147,(anonymous_10)
FN:177,(anonymous_11)
FNF:11
FNH:11
FNDA:29,(anonymous_1)
FNDA:29,(anonymous_2)
FNDA:6,(anonymous_3)
FNDA:141,(anonymous_4)
FNDA:47,(anonymous_5)
FNDA:87,(anonymous_6)
FNDA:174,(anonymous_7)
FNDA:174,(anonymous_8)
FNDA:47,(anonymous_9)
FNDA:141,(anonymous_10)
FNDA:47,(anonymous_11)
DA:2,1
DA:45,1
DA:52,1
DA:53,29
DA:54,29
DA:55,29
DA:56,29
DA:58,29
DA:59,29
DA:60,29
DA:61,29
DA:63,29
DA:64,29
DA:65,4
DA:66,6
DA:67,4
DA:69,29
DA:71,29
DA:72,141
DA:73,141
DA:76,29
DA:77,47
DA:78,29
DA:81,29
DA:92,87
DA:104,174
DA:118,174
DA:119,174
DA:136,47
DA:137,47
DA:138,47
DA:139,47
DA:141,47
DA:147,141
DA:177,47
DA:203,1
LF:36
LH:36
BRDA:58,0,0,29
BRDA:58,0,1,0
BRDA:59,1,0,29
BRDA:59,1,1,25
BRDA:59,2,0,25
BRDA:59,2,1,4
BRDA:59,3,0,29
BRDA:59,3,1,29
BRDA:60,4,0,29
BRDA:60,4,1,29
BRDA:60,5,0,25
BRDA:60,5,1,4
BRDA:60,6,0,29
BRDA:60,6,1,29
BRDA:61,7,0,29
BRDA:61,7,1,25
BRDA:61,8,0,25
BRDA:61,8,1,4
BRDA:61,9,0,29
BRDA:61,9,1,29
BRDA:64,10,0,25
BRDA:64,11,0,29
BRDA:64,11,1,4
BRDA:72,12,0,0
BRDA:77,13,0,18
BRDA:77,14,0,47
BRDA:77,14,1,18
BRDA:138,15,0,45
BRDA:138,15,1,2
BRF:29
BRH:27
end_of_record
TN:
SF:src\components\HorizontalBarChart.tsx
FN:68,(anonymous_1)
FN:86,(anonymous_2)
FN:106,(anonymous_3)
FN:134,(anonymous_4)
FN:159,(anonymous_5)
FN:185,(anonymous_6)
FNF:6
FNH:6
FNDA:9,(anonymous_1)
FNDA:27,(anonymous_2)
FNDA:24,(anonymous_3)
FNDA:24,(anonymous_4)
FNDA:24,(anonymous_5)
FNDA:24,(anonymous_6)
DA:2,1
DA:68,1
DA:69,9
DA:70,9
DA:71,9
DA:72,9
DA:73,9
DA:75,9
DA:77,9
DA:86,27
DA:106,24
DA:135,24
DA:136,24
DA:137,24
DA:138,24
DA:139,24
DA:160,24
DA:161,24
DA:163,24
DA:185,24
DA:201,1
LF:21
LH:21
BRDA:75,0,0,9
BRDA:75,0,1,0
BRDA:83,1,0,5
BRDA:83,1,1,4
BRDA:97,2,0,5
BRDA:97,2,1,4
BRDA:110,3,0,16
BRDA:110,3,1,8
BRDA:111,4,0,15
BRDA:111,4,1,9
BRDA:133,5,0,9
BRDA:133,5,1,4
BRDA:160,6,0,24
BRDA:160,6,1,12
BRDA:160,7,0,12
BRDA:160,7,1,12
BRDA:160,8,0,24
BRDA:160,8,1,24
BRDA:167,9,0,16
BRDA:167,9,1,8
BRDA:168,10,0,15
BRDA:168,10,1,9
BRDA:174,11,0,15
BRDA:174,11,1,9
BRDA:184,12,0,9
BRDA:184,12,1,4
BRF:26
BRH:25
end_of_record
TN:
SF:src\components\Input.tsx
FN:13,(anonymous_4)
FN:25,(anonymous_5)
FNF:2
FNH:2
FNDA:49,(anonymous_4)
FNDA:4,(anonymous_5)
DA:3,1
DA:12,1
DA:15,49
DA:16,49
DA:17,49
DA:18,49
DA:19,49
DA:20,49
DA:21,49
DA:25,49
DA:26,4
DA:27,3
DA:30,49
DA:82,1
DA:84,1
LF:15
LH:15
BRDA:15,0,0,42
BRDA:15,0,1,7
BRDA:16,1,0,43
BRDA:16,1,1,6
BRDA:17,2,0,47
BRDA:17,2,1,2
BRDA:26,3,0,1
BRDA:27,4,0,0
BRDA:27,4,1,3
BRDA:27,5,0,3
BRDA:27,5,1,3
BRDA:38,6,0,3
BRDA:38,6,1,46
BRDA:50,7,0,5
BRDA:50,7,1,44
BRDA:69,8,0,49
BRDA:69,8,1,5
BRDA:69,8,2,3
BRDA:71,9,0,1
BRDA:71,9,1,2
BRF:20
BRH:19
end_of_record
TN:
SF:src\components\KPIChart.tsx
FN:33,(anonymous_10)
FN:41,(anonymous_11)
FN:49,(anonymous_12)
FN:57,(anonymous_13)
FN:87,(anonymous_14)
FN:99,(anonymous_15)
FN:113,(anonymous_16)
FN:118,(anonymous_17)
FN:118,(anonymous_18)
FN:120,(anonymous_19)
FN:134,(anonymous_20)
FN:144,(anonymous_21)
FN:161,(anonymous_22)
FN:174,(anonymous_23)
FN:176,(anonymous_24)
FN:177,(anonymous_25)
FN:178,(anonymous_26)
FN:180,(anonymous_27)
FN:188,(anonymous_28)
FN:196,(anonymous_29)
FN:197,(anonymous_30)
FN:199,(anonymous_31)
FN:203,(anonymous_32)
FN:211,(anonymous_33)
FN:261,(anonymous_34)
FN:265,(anonymous_35)
FN:322,(anonymous_36)
FN:357,(anonymous_37)
FN:387,(anonymous_38)
FN:412,(anonymous_39)
FN:421,(anonymous_40)
FN:422,(anonymous_41)
FN:426,(anonymous_42)
FN:429,(anonymous_43)
FN:431,(anonymous_44)
FN:441,(anonymous_45)
FN:474,(anonymous_46)
FN:476,(anonymous_47)
FN:481,(anonymous_48)
FN:486,(anonymous_49)
FN:487,(anonymous_50)
FN:494,(anonymous_51)
FN:511,(anonymous_52)
FN:527,(anonymous_53)
FN:537,(anonymous_54)
FN:574,(anonymous_55)
FNF:46
FNH:34
FNDA:39,(anonymous_10)
FNDA:20,(anonymous_11)
FNDA:20,(anonymous_12)
FNDA:21,(anonymous_13)
FNDA:21,(anonymous_14)
FNDA:0,(anonymous_15)
FNDA:0,(anonymous_16)
FNDA:20,(anonymous_17)
FNDA:97,(anonymous_18)
FNDA:20,(anonymous_19)
FNDA:22,(anonymous_20)
FNDA:21,(anonymous_21)
FNDA:0,(anonymous_22)
FNDA:20,(anonymous_23)
FNDA:21,(anonymous_24)
FNDA:21,(anonymous_25)
FNDA:20,(anonymous_26)
FNDA:20,(anonymous_27)
FNDA:97,(anonymous_28)
FNDA:20,(anonymous_29)
FNDA:20,(anonymous_30)
FNDA:20,(anonymous_31)
FNDA:0,(anonymous_32)
FNDA:0,(anonymous_33)
FNDA:105,(anonymous_34)
FNDA:1,(anonymous_35)
FNDA:66,(anonymous_36)
FNDA:0,(anonymous_37)
FNDA:44,(anonymous_38)
FNDA:13,(anonymous_39)
FNDA:8,(anonymous_40)
FNDA:0,(anonymous_41)
FNDA:8,(anonymous_42)
FNDA:1,(anonymous_43)
FNDA:0,(anonymous_44)
FNDA:4,(anonymous_45)
FNDA:0,(anonymous_46)
FNDA:15,(anonymous_47)
FNDA:0,(anonymous_48)
FNDA:1,(anonymous_49)
FNDA:1,(anonymous_50)
FNDA:0,(anonymous_51)
FNDA:0,(anonymous_52)
FNDA:9,(anonymous_53)
FNDA:9,(anonymous_54)
FNDA:13,(anonymous_55)
DA:2,1
DA:33,1
DA:34,39
DA:35,38
DA:36,36
DA:37,156
DA:38,36
DA:41,1
DA:42,20
DA:43,19
DA:44,19
DA:45,19
DA:46,19
DA:49,1
DA:50,20
DA:51,18
DA:52,18
DA:53,18
DA:54,18
DA:57,1
DA:58,21
DA:59,1
DA:60,0
DA:61,0
DA:62,0
DA:63,0
DA:65,20
DA:66,0
DA:67,0
DA:69,0
DA:71,0
DA:72,0
DA:73,0
DA:74,0
DA:75,0
DA:77,0
DA:78,0
DA:79,0
DA:82,20
DA:83,0
DA:87,1
DA:88,21
DA:89,0
DA:91,21
DA:92,0
DA:93,21
DA:94,0
DA:96,21
DA:99,1
DA:100,0
DA:101,0
DA:102,0
DA:103,0
DA:104,0
DA:105,0
DA:106,0
DA:107,0
DA:108,0
DA:113,1
DA:114,0
DA:115,0
DA:118,97
DA:120,1
DA:121,20
DA:122,19
DA:123,19
DA:124,19
DA:125,19
DA:126,19
DA:127,5
DA:134,22
DA:135,22
DA:136,22
DA:137,22
DA:142,22
DA:144,22
DA:145,21
DA:146,21
DA:148,0
DA:149,0
DA:150,0
DA:151,0
DA:152,0
DA:153,0
DA:154,0
DA:155,0
DA:157,0
DA:159,0
DA:160,0
DA:161,0
DA:162,0
DA:163,0
DA:164,0
DA:165,0
DA:168,0
DA:174,22
DA:175,22
DA:176,22
DA:177,22
DA:178,22
DA:180,22
DA:181,20
DA:182,20
DA:183,20
DA:184,20
DA:185,19
DA:186,19
DA:187,19
DA:188,97
DA:193,19
DA:196,22
DA:197,22
DA:198,22
DA:199,20
DA:203,22
DA:204,0
DA:205,0
DA:206,0
DA:207,0
DA:208,0
DA:209,0
DA:210,0
DA:211,0
DA:212,0
DA:213,0
DA:215,0
DA:216,0
DA:222,22
DA:234,22
DA:235,22
DA:237,22
DA:261,105
DA:265,1
DA:322,66
DA:357,0
DA:387,44
DA:412,1
DA:413,13
DA:414,13
DA:415,13
DA:416,13
DA:418,13
DA:419,13
DA:421,13
DA:422,8
DA:423,0
DA:425,8
DA:426,8
DA:429,13
DA:430,1
DA:431,0
DA:433,1
DA:437,13
DA:441,4
DA:474,0
DA:476,15
DA:481,0
DA:486,1
DA:487,1
DA:494,0
DA:511,0
DA:527,9
DA:528,9
DA:529,9
DA:537,9
DA:538,9
DA:539,4
DA:540,0
DA:543,9
DA:575,13
DA:576,13
DA:577,13
DA:595,1
DA:597,1
LF:174
LH:107
BRDA:34,0,0,1
BRDA:35,1,0,2
BRDA:42,2,0,1
BRDA:50,3,0,2
BRDA:50,4,0,20
BRDA:50,4,1,20
BRDA:53,5,0,0
BRDA:53,6,0,0
BRDA:53,6,1,0
BRDA:53,7,0,0
BRDA:53,7,1,0
BRDA:58,8,0,1
BRDA:58,8,1,0
BRDA:58,8,2,0
BRDA:58,8,3,0
BRDA:58,8,4,0
BRDA:58,8,5,20
BRDA:58,8,6,0
BRDA:65,9,0,0
BRDA:65,10,0,20
BRDA:65,10,1,0
BRDA:71,11,0,0
BRDA:71,11,1,0
BRDA:73,12,0,0
BRDA:73,12,1,0
BRDA:74,13,0,0
BRDA:74,13,1,0
BRDA:75,14,0,0
BRDA:75,14,1,0
BRDA:79,15,0,0
BRDA:79,15,1,0
BRDA:79,16,0,0
BRDA:79,16,1,0
BRDA:88,17,0,0
BRDA:88,18,0,21
BRDA:88,18,1,20
BRDA:88,18,2,0
BRDA:91,19,0,0
BRDA:91,19,1,21
BRDA:91,20,0,21
BRDA:91,20,1,21
BRDA:93,21,0,0
BRDA:93,22,0,21
BRDA:93,22,1,21
BRDA:108,23,0,0
BRDA:108,23,1,0
BRDA:118,24,0,20
BRDA:118,24,1,0
BRDA:118,25,0,20
BRDA:118,25,1,20
BRDA:118,26,0,0
BRDA:118,26,1,20
BRDA:118,27,0,20
BRDA:118,27,1,20
BRDA:121,28,0,1
BRDA:123,29,0,0
BRDA:123,29,1,19
BRDA:124,30,0,0
BRDA:125,31,0,0
BRDA:126,32,0,14
BRDA:138,33,0,21
BRDA:138,33,1,1
BRDA:138,34,0,22
BRDA:138,34,1,21
BRDA:145,35,0,21
BRDA:145,36,0,21
BRDA:145,36,1,20
BRDA:145,36,2,0
BRDA:146,37,0,21
BRDA:146,37,1,21
BRDA:150,38,0,0
BRDA:150,38,1,0
BRDA:150,38,2,0
BRDA:150,38,3,0
BRDA:150,38,4,0
BRDA:150,38,5,0
BRDA:157,39,0,0
BRDA:157,39,1,0
BRDA:163,40,0,0
BRDA:163,41,0,0
BRDA:163,41,1,0
BRDA:163,41,2,0
BRDA:169,42,0,0
BRDA:169,42,1,0
BRDA:170,43,0,0
BRDA:170,43,1,0
BRDA:170,44,0,0
BRDA:170,44,1,0
BRDA:184,45,0,1
BRDA:184,46,0,20
BRDA:184,46,1,20
BRDA:187,47,0,19
BRDA:187,47,1,1
BRDA:199,48,0,20
BRDA:199,48,1,0
BRDA:204,49,0,0
BRDA:204,50,0,0
BRDA:204,50,1,0
BRDA:206,51,0,0
BRDA:213,52,0,0
BRDA:222,53,0,22
BRDA:222,53,1,0
BRDA:234,54,0,22
BRDA:234,54,1,0
BRDA:235,55,0,22
BRDA:235,55,1,0
BRDA:259,56,0,22
BRDA:259,56,1,21
BRDA:259,56,2,21
BRDA:269,57,0,21
BRDA:269,57,1,84
BRDA:270,58,0,21
BRDA:270,58,1,84
BRDA:289,59,0,22
BRDA:289,59,1,0
BRDA:337,60,0,22
BRDA:337,60,1,0
BRDA:337,60,2,0
BRDA:337,60,3,0
BRDA:361,61,0,22
BRDA:361,61,1,0
BRDA:361,61,2,0
BRDA:416,62,0,0
BRDA:416,62,1,13
BRDA:423,63,0,0
BRDA:423,64,0,0
BRDA:423,64,1,0
BRDA:430,65,0,0
BRDA:430,65,1,1
BRDA:431,66,0,0
BRDA:449,67,0,0
BRDA:449,67,1,13
BRDA:451,68,0,7
BRDA:451,68,1,6
BRDA:459,69,0,5
BRDA:459,69,1,8
BRDA:466,70,0,13
BRDA:466,70,1,5
BRDA:507,71,0,5
BRDA:507,71,1,3
BRDA:530,72,0,3
BRDA:530,72,1,6
BRDA:530,73,0,9
BRDA:530,73,1,3
BRDA:532,74,0,6
BRDA:532,74,1,0
BRDA:538,75,0,5
BRDA:539,76,0,4
BRDA:576,77,0,0
BRF:149
BRH:71
end_of_record
TN:
SF:src\components\LollipopChart.tsx
FN:33,(anonymous_2)
FN:52,(anonymous_3)
FN:54,(anonymous_4)
FN:76,(anonymous_5)
FN:83,(anonymous_6)
FN:125,(anonymous_7)
FN:140,(anonymous_8)
FN:150,(anonymous_9)
FN:155,(anonymous_10)
FN:216,(anonymous_11)
FN:219,(anonymous_12)
FNF:11
FNH:11
FNDA:10,(anonymous_2)
FNDA:18,(anonymous_3)
FNDA:40,(anonymous_4)
FNDA:28,(anonymous_5)
FNDA:15,(anonymous_6)
FNDA:35,(anonymous_7)
FNDA:4,(anonymous_8)
FNDA:5,(anonymous_9)
FNDA:3,(anonymous_10)
FNDA:10,(anonymous_11)
FNDA:30,(anonymous_12)
DA:2,1
DA:24,1
DA:33,1
DA:34,10
DA:35,10
DA:36,10
DA:38,10
DA:39,2
DA:52,18
DA:53,8
DA:54,40
DA:56,8
DA:76,28
DA:84,15
DA:85,15
DA:86,15
DA:125,35
DA:140,4
DA:150,5
DA:156,3
DA:157,3
DA:158,3
DA:216,10
DA:219,30
DA:226,1
LF:25
LH:25
BRDA:36,0,0,9
BRDA:36,0,1,1
BRDA:38,1,0,2
BRDA:38,2,0,10
BRDA:38,2,1,10
BRDA:68,3,0,7
BRDA:68,3,1,1
BRDA:85,4,0,15
BRDA:85,4,1,10
BRDA:157,5,0,3
BRDA:157,5,1,2
BRDA:167,6,0,3
BRDA:167,6,1,0
BRF:13
BRH:12
end_of_record
TN:
SF:src\components\MahatiChartAnalyticsWidget.tsx
FN:38,(anonymous_12)
FN:55,(anonymous_13)
FN:154,(anonymous_14)
FN:167,(anonymous_15)
FN:176,(anonymous_16)
FN:196,(anonymous_17)
FN:213,(anonymous_18)
FN:244,(anonymous_19)
FN:249,(anonymous_20)
FN:258,(anonymous_21)
FN:260,(anonymous_22)
FN:268,(anonymous_23)
FN:278,(anonymous_24)
FN:291,(anonymous_25)
FN:306,(anonymous_26)
FN:320,(anonymous_27)
FN:330,(anonymous_28)
FN:333,(anonymous_29)
FN:334,(anonymous_30)
FN:344,(anonymous_31)
FN:346,(anonymous_32)
FN:352,(anonymous_33)
FN:358,(anonymous_34)
FN:374,(anonymous_35)
FN:385,(anonymous_36)
FN:446,(anonymous_37)
FN:506,(anonymous_38)
FN:512,(anonymous_39)
FN:534,(anonymous_40)
FN:535,(anonymous_41)
FN:545,(anonymous_42)
FN:554,(anonymous_43)
FN:577,(anonymous_44)
FN:593,(anonymous_45)
FN:644,(anonymous_46)
FN:646,(anonymous_47)
FN:694,(anonymous_48)
FN:724,(anonymous_49)
FN:756,(anonymous_50)
FN:779,(anonymous_51)
FN:831,(anonymous_52)
FN:852,(anonymous_53)
FN:853,(anonymous_54)
FN:856,(anonymous_55)
FN:859,(anonymous_56)
FN:884,(anonymous_57)
FN:938,(anonymous_58)
FN:964,(anonymous_59)
FN:971,(anonymous_60)
FN:972,(anonymous_61)
FN:979,(anonymous_62)
FN:981,(anonymous_63)
FN:981,(anonymous_64)
FN:986,(anonymous_65)
FN:1004,(anonymous_66)
FN:1010,(anonymous_67)
FN:1016,(anonymous_68)
FN:1044,(anonymous_69)
FN:1053,(anonymous_70)
FN:1059,(anonymous_71)
FN:1071,(anonymous_72)
FN:1078,(anonymous_73)
FN:1078,(anonymous_74)
FN:1082,(anonymous_75)
FN:1083,(anonymous_76)
FN:1091,(anonymous_77)
FN:1094,(anonymous_78)
FN:1095,(anonymous_79)
FN:1095,(anonymous_80)
FN:1133,(anonymous_81)
FN:1142,(anonymous_82)
FN:1148,(anonymous_83)
FN:1160,(anonymous_84)
FN:1168,(anonymous_85)
FN:1174,(anonymous_86)
FN:1184,(anonymous_87)
FN:1228,(anonymous_88)
FN:1228,(anonymous_89)
FN:1231,(anonymous_90)
FN:1233,(anonymous_91)
FN:1235,(anonymous_92)
FN:1252,(anonymous_93)
FN:1259,(anonymous_94)
FN:1260,(anonymous_95)
FN:1261,(anonymous_96)
FN:1262,(anonymous_97)
FN:1307,(anonymous_98)
FN:1364,(anonymous_99)
FN:1395,(anonymous_100)
FNF:89
FNH:83
FNDA:50,(anonymous_12)
FNDA:50,(anonymous_13)
FNDA:80,(anonymous_14)
FNDA:50,(anonymous_15)
FNDA:189,(anonymous_16)
FNDA:20,(anonymous_17)
FNDA:86,(anonymous_18)
FNDA:86,(anonymous_19)
FNDA:86,(anonymous_20)
FNDA:86,(anonymous_21)
FNDA:18,(anonymous_22)
FNDA:86,(anonymous_23)
FNDA:0,(anonymous_24)
FNDA:86,(anonymous_25)
FNDA:3,(anonymous_26)
FNDA:86,(anonymous_27)
FNDA:12,(anonymous_28)
FNDA:18,(anonymous_29)
FNDA:54,(anonymous_30)
FNDA:12,(anonymous_31)
FNDA:42,(anonymous_32)
FNDA:7,(anonymous_33)
FNDA:85,(anonymous_34)
FNDA:86,(anonymous_35)
FNDA:83,(anonymous_36)
FNDA:8,(anonymous_37)
FNDA:189,(anonymous_38)
FNDA:1,(anonymous_39)
FNDA:131,(anonymous_40)
FNDA:206,(anonymous_41)
FNDA:1,(anonymous_42)
FNDA:1,(anonymous_43)
FNDA:40,(anonymous_44)
FNDA:40,(anonymous_45)
FNDA:8,(anonymous_46)
FNDA:8,(anonymous_47)
FNDA:5,(anonymous_48)
FNDA:20,(anonymous_49)
FNDA:4,(anonymous_50)
FNDA:16,(anonymous_51)
FNDA:15,(anonymous_52)
FNDA:15,(anonymous_53)
FNDA:15,(anonymous_54)
FNDA:15,(anonymous_55)
FNDA:6,(anonymous_56)
FNDA:28,(anonymous_57)
FNDA:12,(anonymous_58)
FNDA:5,(anonymous_59)
FNDA:8,(anonymous_60)
FNDA:8,(anonymous_61)
FNDA:0,(anonymous_62)
FNDA:4,(anonymous_63)
FNDA:4,(anonymous_64)
FNDA:16,(anonymous_65)
FNDA:5,(anonymous_66)
FNDA:8,(anonymous_67)
FNDA:0,(anonymous_68)
FNDA:7,(anonymous_69)
FNDA:15,(anonymous_70)
FNDA:4,(anonymous_71)
FNDA:7,(anonymous_72)
FNDA:18,(anonymous_73)
FNDA:30,(anonymous_74)
FNDA:36,(anonymous_75)
FNDA:12,(anonymous_76)
FNDA:0,(anonymous_77)
FNDA:12,(anonymous_78)
FNDA:6,(anonymous_79)
FNDA:0,(anonymous_80)
FNDA:6,(anonymous_81)
FNDA:15,(anonymous_82)
FNDA:0,(anonymous_83)
FNDA:6,(anonymous_84)
FNDA:9,(anonymous_85)
FNDA:9,(anonymous_86)
FNDA:1,(anonymous_87)
FNDA:6,(anonymous_88)
FNDA:16,(anonymous_89)
FNDA:6,(anonymous_90)
FNDA:16,(anonymous_91)
FNDA:12,(anonymous_92)
FNDA:6,(anonymous_93)
FNDA:15,(anonymous_94)
FNDA:15,(anonymous_95)
FNDA:15,(anonymous_96)
FNDA:15,(anonymous_97)
FNDA:8,(anonymous_98)
FNDA:12,(anonymous_99)
FNDA:3,(anonymous_100)
DA:2,1
DA:4,1
DA:6,1
DA:7,1
DA:8,1
DA:9,1
DA:10,1
DA:11,1
DA:12,1
DA:14,1
DA:16,1
DA:18,1
DA:20,1
DA:38,1
DA:39,50
DA:40,0
DA:41,0
DA:42,0
DA:43,0
DA:44,0
DA:45,0
DA:48,1
DA:55,1
DA:56,50
DA:57,50
DA:60,1
DA:61,1
DA:62,1
DA:63,1
DA:65,1
DA:66,1
DA:67,1
DA:68,1
DA:69,1
DA:154,1
DA:155,80
DA:156,80
DA:157,0
DA:164,0
DA:167,1
DA:168,50
DA:173,50
DA:176,1
DA:177,189
DA:178,165
DA:179,157
DA:180,150
DA:181,144
DA:182,137
DA:183,129
DA:184,124
DA:185,118
DA:186,110
DA:187,103
DA:188,96
DA:189,92
DA:196,20
DA:213,1
DA:214,86
DA:215,86
DA:216,86
DA:217,86
DA:218,86
DA:219,86
DA:220,86
DA:221,86
DA:222,86
DA:223,86
DA:224,86
DA:225,86
DA:226,86
DA:227,86
DA:228,86
DA:229,86
DA:230,86
DA:231,86
DA:232,86
DA:233,86
DA:234,86
DA:235,86
DA:236,86
DA:237,86
DA:238,86
DA:240,86
DA:241,86
DA:242,86
DA:244,86
DA:245,86
DA:246,85
DA:249,86
DA:250,86
DA:251,86
DA:252,84
DA:255,86
DA:256,86
DA:258,86
DA:259,86
DA:260,6
DA:261,18
DA:262,18
DA:265,80
DA:268,86
DA:269,86
DA:270,5
DA:271,5
DA:272,5
DA:273,5
DA:274,5
DA:275,0
DA:279,0
DA:280,0
DA:281,0
DA:282,0
DA:286,5
DA:288,81
DA:291,86
DA:292,86
DA:293,3
DA:294,3
DA:295,3
DA:296,3
DA:297,3
DA:298,3
DA:299,3
DA:300,3
DA:301,3
DA:302,3
DA:303,3
DA:304,3
DA:305,3
DA:306,3
DA:307,3
DA:308,3
DA:309,3
DA:311,3
DA:312,3
DA:313,0
DA:314,0
DA:316,3
DA:317,3
DA:320,86
DA:321,86
DA:322,86
DA:323,7
DA:324,7
DA:325,7
DA:326,7
DA:327,6
DA:328,6
DA:329,6
DA:330,6
DA:331,12
DA:332,12
DA:333,12
DA:334,54
DA:335,18
DA:336,18
DA:337,18
DA:338,18
DA:339,18
DA:343,6
DA:344,12
DA:345,6
DA:346,42
DA:347,42
DA:349,6
DA:352,86
DA:353,7
DA:354,6
DA:355,0
DA:358,86
DA:359,85
DA:360,6
DA:361,6
DA:362,6
DA:363,6
DA:364,6
DA:365,5
DA:366,5
DA:367,5
DA:368,5
DA:371,1
DA:374,86
DA:375,86
DA:376,2
DA:377,2
DA:378,1
DA:385,86
DA:386,83
DA:388,24
DA:389,0
DA:391,7
DA:392,1
DA:394,5
DA:395,5
DA:396,5
DA:397,5
DA:398,5
DA:399,5
DA:401,0
DA:404,6
DA:405,5
DA:406,5
DA:407,5
DA:409,1
DA:412,7
DA:413,7
DA:414,7
DA:415,7
DA:416,7
DA:417,7
DA:418,6
DA:420,0
DA:423,4
DA:424,3
DA:425,3
DA:426,3
DA:427,3
DA:428,3
DA:429,3
DA:430,3
DA:431,3
DA:436,3
DA:439,5
DA:440,4
DA:441,4
DA:442,4
DA:443,4
DA:444,4
DA:445,4
DA:446,8
DA:447,4
DA:450,6
DA:451,5
DA:452,5
DA:453,5
DA:454,5
DA:455,5
DA:456,5
DA:457,5
DA:460,2
DA:461,0
DA:463,4
DA:464,4
DA:465,4
DA:466,4
DA:467,4
DA:468,4
DA:469,4
DA:471,0
DA:474,7
DA:475,6
DA:476,6
DA:477,6
DA:478,6
DA:479,6
DA:482,6
DA:483,5
DA:484,5
DA:485,5
DA:486,5
DA:487,5
DA:488,5
DA:489,5
DA:492,0
DA:500,86
DA:507,189
DA:508,189
DA:512,1
DA:535,206
DA:536,131
DA:545,1
DA:554,1
DA:577,40
DA:594,40
DA:595,40
DA:645,8
DA:646,8
DA:647,8
DA:648,8
DA:649,2
DA:650,1
DA:651,0
DA:653,8
DA:695,5
DA:696,5
DA:697,5
DA:698,5
DA:699,5
DA:700,5
DA:701,5
DA:702,5
DA:703,5
DA:704,5
DA:705,5
DA:706,5
DA:707,5
DA:708,5
DA:709,5
DA:710,5
DA:711,5
DA:712,5
DA:724,20
DA:757,4
DA:758,4
DA:759,4
DA:760,4
DA:761,4
DA:762,4
DA:763,4
DA:764,4
DA:765,4
DA:766,4
DA:767,4
DA:779,16
DA:832,15
DA:833,15
DA:852,15
DA:853,15
DA:856,15
DA:860,6
DA:861,5
DA:862,5
DA:863,5
DA:864,5
DA:884,28
DA:938,12
DA:965,5
DA:966,4
DA:967,4
DA:968,4
DA:969,4
DA:970,4
DA:971,8
DA:972,8
DA:973,4
DA:974,4
DA:975,4
DA:976,4
DA:977,4
DA:978,4
DA:979,4
DA:980,4
DA:981,4
DA:982,4
DA:986,16
DA:1005,5
DA:1006,4
DA:1007,4
DA:1008,4
DA:1009,4
DA:1010,8
DA:1011,4
DA:1012,4
DA:1013,4
DA:1014,4
DA:1015,4
DA:1016,4
DA:1017,4
DA:1018,4
DA:1019,4
DA:1020,4
DA:1021,4
DA:1045,7
DA:1046,6
DA:1047,6
DA:1048,6
DA:1053,15
DA:1059,4
DA:1072,7
DA:1073,6
DA:1074,6
DA:1075,6
DA:1076,6
DA:1077,6
DA:1078,30
DA:1079,6
DA:1080,6
DA:1081,6
DA:1082,36
DA:1083,12
DA:1084,6
DA:1085,6
DA:1086,6
DA:1087,6
DA:1088,6
DA:1089,6
DA:1090,6
DA:1091,6
DA:1092,6
DA:1093,6
DA:1094,12
DA:1095,6
DA:1096,6
DA:1097,6
DA:1134,6
DA:1135,5
DA:1136,5
DA:1137,5
DA:1142,15
DA:1148,0
DA:1161,6
DA:1162,5
DA:1163,5
DA:1164,5
DA:1165,5
DA:1166,5
DA:1167,5
DA:1168,5
DA:1169,9
DA:1170,9
DA:1171,9
DA:1173,5
DA:1174,5
DA:1175,9
DA:1176,9
DA:1177,9
DA:1179,5
DA:1180,5
DA:1181,5
DA:1182,5
DA:1183,1
DA:1184,1
DA:1185,1
DA:1186,1
DA:1187,1
DA:1190,5
DA:1228,16
DA:1232,6
DA:1233,16
DA:1234,6
DA:1235,12
DA:1253,6
DA:1254,6
DA:1255,6
DA:1256,6
DA:1257,6
DA:1258,6
DA:1259,15
DA:1260,15
DA:1261,15
DA:1262,15
DA:1263,6
DA:1264,6
DA:1308,8
DA:1309,8
DA:1310,4
DA:1311,4
DA:1312,8
DA:1346,1
DA:1364,1
DA:1365,12
DA:1366,12
DA:1367,12
DA:1395,3
LF:455
LH:431
BRDA:39,0,0,50
BRDA:41,1,0,0
BRDA:41,2,0,0
BRDA:41,2,1,0
BRDA:41,3,0,0
BRDA:41,3,1,0
BRDA:42,4,0,0
BRDA:42,4,1,0
BRDA:42,5,0,0
BRDA:42,5,1,0
BRDA:43,6,0,0
BRDA:44,7,0,0
BRDA:44,8,0,0
BRDA:44,8,1,0
BRDA:44,9,0,0
BRDA:44,9,1,0
BRDA:57,10,0,50
BRDA:57,10,1,0
BRDA:155,11,0,80
BRDA:155,11,1,0
BRDA:156,12,0,80
BRDA:156,13,0,80
BRDA:156,13,1,0
BRDA:164,14,0,0
BRDA:164,14,1,0
BRDA:164,15,0,0
BRDA:164,15,1,0
BRDA:173,16,0,50
BRDA:173,16,1,0
BRDA:177,17,0,24
BRDA:178,18,0,8
BRDA:179,19,0,7
BRDA:180,20,0,6
BRDA:181,21,0,7
BRDA:182,22,0,8
BRDA:183,23,0,5
BRDA:184,24,0,6
BRDA:185,25,0,8
BRDA:186,26,0,7
BRDA:187,27,0,7
BRDA:188,28,0,4
BRDA:245,29,0,1
BRDA:245,30,0,86
BRDA:245,30,1,1
BRDA:245,31,0,1
BRDA:245,31,1,0
BRDA:251,32,0,2
BRDA:251,33,0,86
BRDA:251,33,1,2
BRDA:255,34,0,86
BRDA:255,34,1,85
BRDA:256,35,0,86
BRDA:256,35,1,69
BRDA:259,36,0,6
BRDA:259,37,0,86
BRDA:259,37,1,7
BRDA:259,38,0,1
BRDA:259,38,1,6
BRDA:259,39,0,7
BRDA:259,39,1,7
BRDA:269,40,0,5
BRDA:269,41,0,86
BRDA:269,41,1,6
BRDA:270,42,0,5
BRDA:270,42,1,0
BRDA:271,43,0,5
BRDA:271,43,1,0
BRDA:272,44,0,0
BRDA:272,44,1,5
BRDA:272,45,0,5
BRDA:272,45,1,5
BRDA:273,46,0,0
BRDA:274,47,0,0
BRDA:281,48,0,0
BRDA:281,49,0,0
BRDA:281,49,1,0
BRDA:292,50,0,83
BRDA:292,51,0,86
BRDA:292,51,1,4
BRDA:293,52,0,3
BRDA:293,52,1,0
BRDA:294,53,0,3
BRDA:294,53,1,0
BRDA:296,54,0,0
BRDA:296,54,1,3
BRDA:296,55,0,3
BRDA:296,55,1,3
BRDA:297,56,0,0
BRDA:300,57,0,0
BRDA:300,57,1,3
BRDA:301,58,0,0
BRDA:301,58,1,3
BRDA:303,59,0,3
BRDA:303,59,1,0
BRDA:303,60,0,3
BRDA:303,60,1,3
BRDA:308,61,0,3
BRDA:309,62,0,3
BRDA:312,63,0,0
BRDA:312,64,0,3
BRDA:312,64,1,0
BRDA:314,65,0,0
BRDA:322,66,0,79
BRDA:322,67,0,86
BRDA:322,67,1,7
BRDA:323,68,0,7
BRDA:323,68,1,0
BRDA:324,69,0,7
BRDA:324,69,1,0
BRDA:326,70,0,1
BRDA:326,71,0,1
BRDA:326,71,1,6
BRDA:326,72,0,7
BRDA:326,72,1,7
BRDA:326,73,0,0
BRDA:326,73,1,7
BRDA:326,74,0,7
BRDA:326,74,1,7
BRDA:332,75,0,12
BRDA:332,76,0,12
BRDA:332,76,1,12
BRDA:332,77,0,0
BRDA:332,77,1,12
BRDA:332,78,0,12
BRDA:332,78,1,12
BRDA:339,79,0,18
BRDA:344,80,0,6
BRDA:344,81,0,0
BRDA:344,81,1,12
BRDA:347,82,0,18
BRDA:347,83,0,12
BRDA:353,84,0,1
BRDA:359,85,0,79
BRDA:360,86,0,6
BRDA:360,86,1,0
BRDA:361,87,0,6
BRDA:361,87,1,0
BRDA:362,88,0,6
BRDA:362,88,1,0
BRDA:364,89,0,5
BRDA:366,90,0,5
BRDA:368,91,0,5
BRDA:368,92,0,0
BRDA:368,92,1,5
BRDA:368,93,0,5
BRDA:368,93,1,5
BRDA:368,94,0,5
BRDA:368,94,1,0
BRDA:375,95,0,84
BRDA:375,96,0,86
BRDA:375,96,1,3
BRDA:377,97,0,1
BRDA:377,98,0,1
BRDA:377,98,1,0
BRDA:378,99,0,1
BRDA:378,99,1,0
BRDA:386,100,0,17
BRDA:386,100,1,20
BRDA:386,100,2,21
BRDA:386,100,3,23
BRDA:386,100,4,24
BRDA:386,100,5,7
BRDA:386,100,6,5
BRDA:386,100,7,6
BRDA:386,100,8,7
BRDA:386,100,9,4
BRDA:386,100,10,5
BRDA:386,100,11,6
BRDA:386,100,12,2
BRDA:386,100,13,4
BRDA:386,100,14,7
BRDA:386,100,15,6
BRDA:386,100,16,0
BRDA:388,101,0,24
BRDA:391,102,0,6
BRDA:394,103,0,5
BRDA:395,104,0,5
BRDA:395,104,1,0
BRDA:396,105,0,5
BRDA:396,105,1,0
BRDA:397,106,0,5
BRDA:397,106,1,0
BRDA:398,107,0,5
BRDA:398,108,0,0
BRDA:398,108,1,5
BRDA:398,109,0,5
BRDA:398,109,1,5
BRDA:404,110,0,5
BRDA:405,111,0,5
BRDA:405,111,1,0
BRDA:406,112,0,5
BRDA:406,112,1,0
BRDA:412,113,0,7
BRDA:412,114,0,0
BRDA:412,114,1,7
BRDA:412,115,0,7
BRDA:412,115,1,7
BRDA:413,116,0,7
BRDA:413,116,1,0
BRDA:414,117,0,7
BRDA:414,117,1,0
BRDA:417,118,0,1
BRDA:417,119,0,1
BRDA:417,119,1,6
BRDA:417,120,0,7
BRDA:417,120,1,7
BRDA:423,121,0,1
BRDA:424,122,0,3
BRDA:424,122,1,0
BRDA:425,123,0,3
BRDA:425,123,1,0
BRDA:426,124,0,3
BRDA:426,124,1,0
BRDA:428,125,0,0
BRDA:428,125,1,3
BRDA:428,126,0,3
BRDA:428,126,1,3
BRDA:429,127,0,0
BRDA:429,127,1,3
BRDA:429,128,0,3
BRDA:429,128,1,3
BRDA:430,129,0,0
BRDA:430,129,1,3
BRDA:430,130,0,3
BRDA:430,130,1,3
BRDA:431,131,0,3
BRDA:431,131,1,0
BRDA:439,132,0,1
BRDA:440,133,0,4
BRDA:440,133,1,0
BRDA:441,134,0,4
BRDA:441,134,1,0
BRDA:442,135,0,4
BRDA:442,135,1,0
BRDA:443,136,0,0
BRDA:443,136,1,4
BRDA:443,137,0,4
BRDA:443,137,1,4
BRDA:444,138,0,4
BRDA:444,138,1,0
BRDA:444,139,0,0
BRDA:444,139,1,4
BRDA:444,140,0,4
BRDA:444,140,1,4
BRDA:444,141,0,0
BRDA:444,141,1,4
BRDA:444,142,0,4
BRDA:444,142,1,4
BRDA:445,143,0,0
BRDA:445,143,1,4
BRDA:445,144,0,4
BRDA:445,144,1,4
BRDA:446,145,0,8
BRDA:446,145,1,8
BRDA:450,146,0,1
BRDA:451,147,0,5
BRDA:451,147,1,0
BRDA:452,148,0,5
BRDA:452,148,1,0
BRDA:453,149,0,5
BRDA:453,149,1,0
BRDA:454,150,0,5
BRDA:454,150,1,0
BRDA:455,151,0,5
BRDA:455,151,1,0
BRDA:456,152,0,5
BRDA:456,152,1,0
BRDA:456,153,0,0
BRDA:456,153,1,5
BRDA:456,154,0,5
BRDA:456,154,1,5
BRDA:456,155,0,0
BRDA:456,155,1,5
BRDA:456,156,0,5
BRDA:456,156,1,5
BRDA:460,157,0,2
BRDA:463,158,0,4
BRDA:464,159,0,4
BRDA:464,159,1,0
BRDA:465,160,0,4
BRDA:465,160,1,0
BRDA:466,161,0,4
BRDA:466,161,1,0
BRDA:467,162,0,4
BRDA:467,162,1,0
BRDA:468,163,0,4
BRDA:468,164,0,0
BRDA:468,164,1,4
BRDA:468,165,0,4
BRDA:468,165,1,4
BRDA:468,166,0,0
BRDA:468,166,1,4
BRDA:468,167,0,4
BRDA:468,167,1,4
BRDA:474,168,0,1
BRDA:475,169,0,6
BRDA:475,169,1,0
BRDA:476,170,0,6
BRDA:476,170,1,0
BRDA:477,171,0,6
BRDA:477,171,1,0
BRDA:477,172,0,0
BRDA:477,172,1,6
BRDA:477,173,0,6
BRDA:477,173,1,6
BRDA:477,174,0,0
BRDA:477,174,1,6
BRDA:477,175,0,6
BRDA:477,175,1,6
BRDA:478,176,0,0
BRDA:478,176,1,6
BRDA:478,177,0,6
BRDA:478,177,1,6
BRDA:482,178,0,1
BRDA:483,179,0,5
BRDA:483,179,1,0
BRDA:484,180,0,5
BRDA:484,180,1,0
BRDA:485,181,0,5
BRDA:485,181,1,0
BRDA:486,182,0,5
BRDA:486,182,1,0
BRDA:487,183,0,5
BRDA:487,183,1,0
BRDA:487,184,0,0
BRDA:487,184,1,5
BRDA:487,185,0,5
BRDA:487,185,1,5
BRDA:487,186,0,0
BRDA:487,186,1,5
BRDA:487,187,0,5
BRDA:487,187,1,5
BRDA:487,188,0,0
BRDA:487,188,1,5
BRDA:487,189,0,5
BRDA:487,189,1,5
BRDA:487,190,0,0
BRDA:487,190,1,5
BRDA:487,191,0,5
BRDA:487,191,1,5
BRDA:488,192,0,0
BRDA:488,192,1,5
BRDA:488,193,0,5
BRDA:488,193,1,5
BRDA:512,194,0,0
BRDA:512,194,1,1
BRDA:512,195,0,1
BRDA:512,195,1,1
BRDA:518,196,0,86
BRDA:518,196,1,103
BRDA:554,197,0,0
BRDA:554,197,1,1
BRDA:554,198,0,1
BRDA:554,198,1,1
BRDA:566,199,0,86
BRDA:566,199,1,20
BRDA:594,200,0,20
BRDA:594,200,1,20
BRDA:601,201,0,40
BRDA:601,201,1,20
BRDA:601,201,2,20
BRDA:621,202,0,19
BRDA:621,202,1,1
BRDA:634,203,0,86
BRDA:634,203,1,7
BRDA:644,204,0,1
BRDA:644,204,1,6
BRDA:644,205,0,7
BRDA:644,205,1,6
BRDA:648,206,0,6
BRDA:649,207,0,1
BRDA:650,208,0,1
BRDA:688,209,0,86
BRDA:688,209,1,6
BRDA:688,209,2,5
BRDA:695,210,0,5
BRDA:695,210,1,0
BRDA:696,211,0,5
BRDA:696,211,1,0
BRDA:697,212,0,5
BRDA:697,212,1,0
BRDA:697,213,0,0
BRDA:697,213,1,5
BRDA:697,214,0,5
BRDA:697,214,1,5
BRDA:698,215,0,5
BRDA:698,216,0,0
BRDA:698,216,1,5
BRDA:698,217,0,5
BRDA:698,217,1,5
BRDA:698,218,0,0
BRDA:698,218,1,5
BRDA:698,219,0,5
BRDA:698,219,1,5
BRDA:699,220,0,0
BRDA:710,221,0,0
BRDA:710,221,1,5
BRDA:710,222,0,0
BRDA:710,222,1,5
BRDA:750,223,0,86
BRDA:750,223,1,5
BRDA:750,223,2,4
BRDA:757,224,0,4
BRDA:757,224,1,0
BRDA:758,225,0,4
BRDA:758,225,1,0
BRDA:759,226,0,4
BRDA:759,226,1,0
BRDA:760,227,0,4
BRDA:760,227,1,0
BRDA:760,228,0,0
BRDA:760,228,1,4
BRDA:760,229,0,4
BRDA:760,229,1,4
BRDA:761,230,0,4
BRDA:761,231,0,0
BRDA:761,231,1,4
BRDA:761,232,0,4
BRDA:761,232,1,4
BRDA:761,233,0,0
BRDA:761,233,1,4
BRDA:761,234,0,4
BRDA:761,234,1,4
BRDA:761,235,0,0
BRDA:761,235,1,4
BRDA:761,236,0,4
BRDA:761,236,1,4
BRDA:762,237,0,0
BRDA:764,238,0,4
BRDA:764,238,1,0
BRDA:793,239,0,4
BRDA:793,239,1,0
BRDA:793,240,0,4
BRDA:793,240,1,0
BRDA:797,241,0,4
BRDA:797,241,1,0
BRDA:797,242,0,0
BRDA:797,242,1,4
BRDA:797,243,0,4
BRDA:797,243,1,4
BRDA:797,244,0,0
BRDA:797,244,1,4
BRDA:797,245,0,4
BRDA:797,245,1,4
BRDA:797,246,0,0
BRDA:797,246,1,4
BRDA:797,247,0,4
BRDA:797,247,1,4
BRDA:797,248,0,0
BRDA:797,248,1,4
BRDA:797,249,0,4
BRDA:797,249,1,4
BRDA:797,250,0,0
BRDA:797,250,1,4
BRDA:797,251,0,4
BRDA:797,251,1,4
BRDA:797,252,0,4
BRDA:797,252,1,0
BRDA:797,253,0,4
BRDA:797,253,1,0
BRDA:797,254,0,4
BRDA:797,254,1,0
BRDA:818,255,0,86
BRDA:818,255,1,6
BRDA:831,256,0,1
BRDA:831,256,1,5
BRDA:831,257,0,6
BRDA:831,257,1,6
BRDA:832,258,0,15
BRDA:832,258,1,0
BRDA:852,259,0,6
BRDA:852,259,1,1
BRDA:852,260,0,1
BRDA:852,260,1,5
BRDA:852,261,0,6
BRDA:852,261,1,6
BRDA:853,262,0,6
BRDA:853,262,1,1
BRDA:853,263,0,1
BRDA:853,263,1,5
BRDA:853,264,0,6
BRDA:853,264,1,6
BRDA:856,265,0,6
BRDA:856,265,1,1
BRDA:856,266,0,1
BRDA:856,266,1,5
BRDA:856,267,0,6
BRDA:856,267,1,6
BRDA:860,268,0,1
BRDA:860,269,0,1
BRDA:860,269,1,5
BRDA:860,270,0,6
BRDA:860,270,1,6
BRDA:860,271,0,1
BRDA:860,271,1,5
BRDA:860,272,0,6
BRDA:860,272,1,6
BRDA:864,273,0,5
BRDA:864,273,1,5
BRDA:864,274,0,5
BRDA:864,274,1,0
BRDA:874,275,0,86
BRDA:874,275,1,7
BRDA:896,276,0,7
BRDA:896,276,1,0
BRDA:896,277,0,7
BRDA:896,277,1,0
BRDA:910,278,0,6
BRDA:910,278,1,1
BRDA:919,279,0,7
BRDA:919,279,1,1
BRDA:920,280,0,7
BRDA:920,280,1,1
BRDA:929,281,0,86
BRDA:929,281,1,4
BRDA:946,282,0,4
BRDA:946,282,1,3
BRDA:952,283,0,86
BRDA:952,283,1,5
BRDA:965,284,0,1
BRDA:966,285,0,4
BRDA:966,285,1,0
BRDA:967,286,0,4
BRDA:967,286,1,0
BRDA:968,287,0,4
BRDA:968,287,1,0
BRDA:969,288,0,4
BRDA:969,288,1,0
BRDA:969,289,0,0
BRDA:969,289,1,4
BRDA:969,290,0,4
BRDA:969,290,1,4
BRDA:969,291,0,0
BRDA:969,291,1,4
BRDA:969,292,0,4
BRDA:969,292,1,4
BRDA:969,293,0,0
BRDA:969,293,1,4
BRDA:969,294,0,4
BRDA:969,294,1,4
BRDA:970,295,0,0
BRDA:971,296,0,4
BRDA:971,296,1,4
BRDA:973,297,0,4
BRDA:973,297,1,0
BRDA:976,298,0,0
BRDA:976,298,1,4
BRDA:977,299,0,0
BRDA:977,299,1,4
BRDA:978,300,0,4
BRDA:978,300,1,4
BRDA:978,301,0,4
BRDA:978,301,1,0
BRDA:978,302,0,4
BRDA:978,302,1,4
BRDA:978,303,0,4
BRDA:978,303,1,0
BRDA:978,304,0,4
BRDA:978,304,1,4
BRDA:978,305,0,0
BRDA:978,305,1,4
BRDA:978,306,0,4
BRDA:978,306,1,4
BRDA:980,307,0,0
BRDA:980,307,1,4
BRDA:980,308,0,4
BRDA:980,308,1,0
BRDA:980,309,0,4
BRDA:980,309,1,4
BRDA:986,310,0,0
BRDA:986,310,1,4
BRDA:986,311,0,4
BRDA:986,311,1,0
BRDA:986,312,0,4
BRDA:986,312,1,0
BRDA:989,313,0,16
BRDA:989,313,1,12
BRDA:1001,314,0,5
BRDA:1001,314,1,1
BRDA:1001,315,0,5
BRDA:1001,315,1,1
BRDA:1005,316,0,1
BRDA:1006,317,0,4
BRDA:1006,317,1,0
BRDA:1007,318,0,4
BRDA:1007,318,1,0
BRDA:1008,319,0,4
BRDA:1008,319,1,0
BRDA:1009,320,0,4
BRDA:1009,320,1,0
BRDA:1009,321,0,0
BRDA:1009,321,1,4
BRDA:1009,322,0,4
BRDA:1009,322,1,4
BRDA:1009,323,0,0
BRDA:1009,323,1,4
BRDA:1009,324,0,4
BRDA:1009,324,1,4
BRDA:1009,325,0,0
BRDA:1009,325,1,4
BRDA:1009,326,0,4
BRDA:1009,326,1,4
BRDA:1013,327,0,0
BRDA:1013,327,1,4
BRDA:1014,328,0,0
BRDA:1014,328,1,4
BRDA:1015,329,0,4
BRDA:1015,329,1,4
BRDA:1015,330,0,4
BRDA:1015,330,1,0
BRDA:1015,331,0,4
BRDA:1015,331,1,4
BRDA:1015,332,0,4
BRDA:1015,332,1,0
BRDA:1015,333,0,4
BRDA:1015,333,1,4
BRDA:1015,334,0,0
BRDA:1015,334,1,4
BRDA:1015,335,0,4
BRDA:1015,335,1,4
BRDA:1017,336,0,0
BRDA:1017,336,1,4
BRDA:1019,337,0,4
BRDA:1019,337,1,0
BRDA:1020,338,0,4
BRDA:1020,338,1,0
BRDA:1025,339,0,4
BRDA:1025,339,1,0
BRDA:1025,340,0,4
BRDA:1025,340,1,0
BRDA:1037,341,0,86
BRDA:1037,341,1,7
BRDA:1045,342,0,1
BRDA:1046,343,0,6
BRDA:1046,343,1,0
BRDA:1052,344,0,5
BRDA:1052,344,1,1
BRDA:1054,345,0,15
BRDA:1054,345,1,0
BRDA:1072,346,0,1
BRDA:1073,347,0,6
BRDA:1073,347,1,0
BRDA:1074,348,0,6
BRDA:1074,348,1,0
BRDA:1075,349,0,6
BRDA:1075,349,1,0
BRDA:1075,350,0,0
BRDA:1075,350,1,6
BRDA:1075,351,0,6
BRDA:1075,351,1,6
BRDA:1075,352,0,0
BRDA:1075,352,1,6
BRDA:1075,353,0,6
BRDA:1075,353,1,6
BRDA:1076,354,0,0
BRDA:1077,355,0,6
BRDA:1077,355,1,0
BRDA:1078,356,0,18
BRDA:1078,356,1,3
BRDA:1078,357,0,3
BRDA:1078,357,1,15
BRDA:1078,358,0,18
BRDA:1078,358,1,18
BRDA:1082,359,0,36
BRDA:1082,359,1,0
BRDA:1082,360,0,36
BRDA:1082,360,1,36
BRDA:1083,361,0,0
BRDA:1083,361,1,12
BRDA:1088,362,0,0
BRDA:1088,362,1,6
BRDA:1089,363,0,0
BRDA:1089,363,1,6
BRDA:1090,364,0,6
BRDA:1090,364,1,6
BRDA:1090,365,0,6
BRDA:1090,365,1,0
BRDA:1090,366,0,6
BRDA:1090,366,1,6
BRDA:1090,367,0,0
BRDA:1090,367,1,6
BRDA:1090,368,0,6
BRDA:1090,368,1,6
BRDA:1092,369,0,0
BRDA:1092,369,1,6
BRDA:1092,370,0,6
BRDA:1092,370,1,0
BRDA:1092,371,0,6
BRDA:1092,371,1,6
BRDA:1095,372,0,6
BRDA:1095,372,1,0
BRDA:1095,373,0,0
BRDA:1095,373,1,6
BRDA:1095,374,0,0
BRDA:1095,374,1,0
BRDA:1101,375,0,6
BRDA:1101,375,1,0
BRDA:1102,376,0,6
BRDA:1102,376,1,0
BRDA:1112,377,0,6
BRDA:1112,377,1,0
BRDA:1112,378,0,6
BRDA:1112,378,1,0
BRDA:1116,379,0,6
BRDA:1116,379,1,0
BRDA:1126,380,0,86
BRDA:1126,380,1,6
BRDA:1134,381,0,1
BRDA:1135,382,0,5
BRDA:1135,382,1,0
BRDA:1141,383,0,5
BRDA:1141,383,1,0
BRDA:1143,384,0,15
BRDA:1143,384,1,0
BRDA:1161,385,0,1
BRDA:1162,386,0,5
BRDA:1162,386,1,0
BRDA:1163,387,0,5
BRDA:1163,387,1,0
BRDA:1164,388,0,5
BRDA:1164,388,1,0
BRDA:1165,389,0,5
BRDA:1165,389,1,0
BRDA:1166,390,0,5
BRDA:1166,390,1,0
BRDA:1166,391,0,0
BRDA:1166,391,1,5
BRDA:1166,392,0,5
BRDA:1166,392,1,5
BRDA:1166,393,0,0
BRDA:1166,393,1,5
BRDA:1166,394,0,5
BRDA:1166,394,1,5
BRDA:1166,395,0,0
BRDA:1166,395,1,5
BRDA:1166,396,0,5
BRDA:1166,396,1,5
BRDA:1166,397,0,0
BRDA:1166,397,1,5
BRDA:1166,398,0,5
BRDA:1166,398,1,5
BRDA:1167,399,0,0
BRDA:1171,400,0,0
BRDA:1171,400,1,9
BRDA:1177,401,0,4
BRDA:1177,401,1,5
BRDA:1181,402,0,1
BRDA:1181,402,1,4
BRDA:1182,403,0,1
BRDA:1183,404,0,1
BRDA:1183,404,1,0
BRDA:1183,405,0,0
BRDA:1183,405,1,1
BRDA:1183,406,0,1
BRDA:1183,406,1,1
BRDA:1183,407,0,0
BRDA:1183,407,1,1
BRDA:1183,408,0,1
BRDA:1183,408,1,1
BRDA:1183,409,0,0
BRDA:1183,409,1,1
BRDA:1183,410,0,1
BRDA:1183,410,1,1
BRDA:1183,411,0,0
BRDA:1183,411,1,1
BRDA:1183,412,0,1
BRDA:1183,412,1,1
BRDA:1185,413,0,1
BRDA:1187,414,0,1
BRDA:1194,415,0,4
BRDA:1194,415,1,1
BRDA:1195,416,0,4
BRDA:1195,416,1,1
BRDA:1219,417,0,86
BRDA:1219,417,1,6
BRDA:1228,418,0,0
BRDA:1228,418,1,6
BRDA:1228,419,0,6
BRDA:1228,419,1,6
BRDA:1228,420,0,6
BRDA:1228,420,1,0
BRDA:1228,421,0,0
BRDA:1228,421,1,6
BRDA:1228,422,0,6
BRDA:1228,422,1,6
BRDA:1232,423,0,0
BRDA:1232,423,1,6
BRDA:1232,424,0,6
BRDA:1232,424,1,6
BRDA:1235,425,0,6
BRDA:1235,425,1,0
BRDA:1235,426,0,0
BRDA:1235,426,1,6
BRDA:1235,427,0,6
BRDA:1235,427,1,6
BRDA:1253,428,0,0
BRDA:1253,428,1,6
BRDA:1253,429,0,6
BRDA:1253,429,1,6
BRDA:1253,430,0,0
BRDA:1253,430,1,6
BRDA:1253,431,0,6
BRDA:1253,431,1,6
BRDA:1253,432,0,1
BRDA:1253,432,1,5
BRDA:1253,433,0,6
BRDA:1253,433,1,6
BRDA:1254,434,0,6
BRDA:1254,434,1,0
BRDA:1254,434,2,0
BRDA:1254,435,0,0
BRDA:1254,435,1,0
BRDA:1254,436,0,0
BRDA:1254,436,1,0
BRDA:1255,437,0,6
BRDA:1255,437,1,0
BRDA:1255,437,2,0
BRDA:1255,438,0,0
BRDA:1255,438,1,0
BRDA:1255,439,0,0
BRDA:1255,439,1,0
BRDA:1256,440,0,6
BRDA:1256,440,1,1
BRDA:1256,440,2,1
BRDA:1256,441,0,1
BRDA:1256,441,1,0
BRDA:1256,442,0,1
BRDA:1256,442,1,1
BRDA:1257,443,0,6
BRDA:1257,443,1,1
BRDA:1257,444,0,1
BRDA:1257,444,1,5
BRDA:1257,445,0,6
BRDA:1257,445,1,6
BRDA:1258,446,0,6
BRDA:1258,446,1,1
BRDA:1258,447,0,1
BRDA:1258,447,1,5
BRDA:1258,448,0,6
BRDA:1258,448,1,6
BRDA:1258,449,0,0
BRDA:1258,449,1,6
BRDA:1258,450,0,6
BRDA:1258,450,1,6
BRDA:1259,451,0,5
BRDA:1259,451,1,1
BRDA:1259,452,0,0
BRDA:1259,452,1,15
BRDA:1260,453,0,5
BRDA:1260,453,1,1
BRDA:1260,454,0,5
BRDA:1260,454,1,10
BRDA:1261,455,0,5
BRDA:1261,455,1,1
BRDA:1267,456,0,6
BRDA:1267,456,1,1
BRDA:1267,457,0,1
BRDA:1267,457,1,5
BRDA:1267,458,0,6
BRDA:1267,458,1,5
BRDA:1268,459,0,6
BRDA:1268,459,1,1
BRDA:1268,460,0,1
BRDA:1268,460,1,5
BRDA:1268,461,0,6
BRDA:1268,461,1,5
BRDA:1274,462,0,0
BRDA:1274,462,1,6
BRDA:1275,463,0,0
BRDA:1275,463,1,6
BRDA:1276,464,0,0
BRDA:1276,464,1,6
BRDA:1282,465,0,6
BRDA:1282,465,1,1
BRDA:1282,466,0,1
BRDA:1282,466,1,5
BRDA:1282,467,0,6
BRDA:1282,467,1,5
BRDA:1293,468,0,86
BRDA:1293,468,1,3
BRDA:1293,468,2,2
BRDA:1298,469,0,86
BRDA:1298,469,1,85
BRDA:1298,469,2,83
BRDA:1298,469,3,4
BRDA:1298,469,4,4
BRDA:1309,470,0,4
BRDA:1309,470,1,4
BRDA:1310,471,0,0
BRDA:1310,471,1,4
BRDA:1311,472,0,0
BRDA:1399,473,0,3
BRDA:1399,473,1,0
BRDA:1400,474,0,3
BRDA:1400,474,1,0
BRF:895
BRH:639
end_of_record
TN:
SF:src\components\MahatiPieChart.tsx
FN:29,(anonymous_11)
FN:42,(anonymous_12)
FN:60,(anonymous_13)
FN:72,(anonymous_14)
FN:73,(anonymous_15)
FN:96,(anonymous_16)
FNF:6
FNH:3
FNDA:6,(anonymous_11)
FNDA:6,(anonymous_12)
FNDA:0,(anonymous_13)
FNDA:0,(anonymous_14)
FNDA:0,(anonymous_15)
FNDA:15,(anonymous_16)
DA:3,1
DA:4,1
DA:5,1
DA:6,1
DA:29,1
DA:30,6
DA:31,6
DA:32,6
DA:33,6
DA:34,6
DA:35,6
DA:36,6
DA:37,6
DA:38,6
DA:39,6
DA:41,6
DA:42,6
DA:43,6
DA:53,6
DA:60,0
DA:72,0
DA:73,0
DA:96,15
DA:115,1
DA:117,1
LF:25
LH:22
BRDA:30,0,0,0
BRDA:30,0,1,6
BRDA:31,1,0,6
BRDA:31,1,1,0
BRDA:33,2,0,6
BRDA:33,2,1,0
BRDA:35,3,0,6
BRDA:35,3,1,0
BRDA:37,4,0,6
BRDA:37,4,1,0
BRDA:38,5,0,6
BRDA:38,5,1,0
BRDA:58,6,0,6
BRDA:58,6,1,0
BRDA:76,7,0,6
BRDA:76,7,1,0
BRDA:76,7,2,0
BRDA:104,8,0,15
BRDA:104,8,1,0
BRDA:97,9,0,0
BRDA:97,9,1,15
BRDA:97,10,0,15
BRDA:97,10,1,15
BRF:23
BRH:12
end_of_record
TN:
SF:src\components\Modal.tsx
FN:52,(anonymous_9)
FN:75,Modal
FN:95,(anonymous_11)
FN:97,(anonymous_12)
FN:99,(anonymous_13)
FN:102,(anonymous_14)
FN:104,(anonymous_15)
FN:131,(anonymous_16)
FNF:8
FNH:8
FNDA:66,(anonymous_9)
FNDA:69,Modal
FNDA:69,(anonymous_11)
FNDA:3,(anonymous_12)
FNDA:66,(anonymous_13)
FNDA:69,(anonymous_14)
FNDA:69,(anonymous_15)
FNDA:7,(anonymous_16)
DA:3,1
DA:4,1
DA:44,1
DA:52,1
DA:53,66
DA:55,1
DA:57,1
DA:59,1
DA:61,1
DA:63,1
DA:65,1
DA:67,1
DA:69,1
DA:71,58
DA:75,1
DA:76,69
DA:77,69
DA:78,69
DA:79,69
DA:80,69
DA:81,69
DA:82,69
DA:83,69
DA:84,69
DA:85,69
DA:86,69
DA:87,69
DA:88,69
DA:89,69
DA:90,69
DA:91,69
DA:93,69
DA:95,69
DA:96,69
DA:97,66
DA:98,66
DA:99,66
DA:102,69
DA:103,69
DA:104,69
DA:105,69
DA:109,69
DA:111,66
DA:131,7
DA:237,1
DA:238,1
LF:46
LH:46
BRDA:53,0,0,1
BRDA:53,0,1,1
BRDA:53,0,2,1
BRDA:53,0,3,1
BRDA:53,0,4,1
BRDA:53,0,5,1
BRDA:53,0,6,1
BRDA:53,0,7,1
BRDA:53,0,8,58
BRDA:82,1,0,67
BRDA:82,1,1,2
BRDA:89,2,0,69
BRDA:89,2,1,0
BRDA:90,3,0,60
BRDA:90,3,1,9
BRDA:91,4,0,61
BRDA:91,4,1,8
BRDA:93,5,0,2
BRDA:93,5,1,67
BRDA:93,6,0,69
BRDA:93,6,1,69
BRDA:96,7,0,3
BRDA:97,8,0,3
BRDA:97,8,1,1
BRDA:103,9,0,66
BRDA:103,9,1,3
BRDA:109,10,0,3
BRDA:115,11,0,33
BRDA:115,11,1,33
BRDA:133,12,0,1
BRDA:133,12,1,65
BRDA:135,13,0,2
BRDA:135,13,1,64
BRDA:135,14,0,66
BRDA:135,14,1,66
BRDA:136,15,0,6
BRDA:136,15,1,58
BRDA:136,16,0,64
BRDA:136,16,1,61
BRDA:140,17,0,0
BRDA:140,17,1,66
BRDA:143,18,0,60
BRDA:143,18,1,6
BRDA:143,19,0,66
BRDA:143,19,1,63
BRDA:150,20,0,33
BRDA:150,20,1,33
BRDA:154,21,0,66
BRDA:154,21,1,1
BRDA:157,22,0,66
BRDA:157,22,1,2
BRDA:159,23,0,1
BRDA:159,23,1,1
BRDA:166,24,0,66
BRDA:166,24,1,2
BRDA:168,25,0,1
BRDA:168,25,1,1
BRDA:178,26,0,33
BRDA:178,26,1,33
BRDA:189,27,0,33
BRDA:189,27,1,33
BRDA:196,28,0,66
BRDA:196,28,1,57
BRDA:196,28,2,14
BRDA:198,29,0,5
BRDA:198,29,1,9
BRDA:201,30,0,14
BRDA:201,30,1,6
BRDA:204,31,0,2
BRDA:204,31,1,4
BRDA:209,32,0,3
BRDA:209,32,1,3
BRDA:209,33,0,6
BRDA:209,33,1,6
BRDA:213,34,0,14
BRDA:213,34,1,9
BRDA:216,35,0,3
BRDA:216,35,1,6
BRDA:221,36,0,2
BRDA:221,36,1,7
BRDA:226,37,0,5
BRDA:226,37,1,4
BRDA:226,38,0,9
BRDA:226,38,1,9
BRF:84
BRH:82
end_of_record
TN:
SF:src\components\NestedDropdown.tsx
FN:10,SearchableDropdown
FN:22,(anonymous_11)
FN:23,(anonymous_12)
FN:26,(anonymous_13)
FN:29,(anonymous_14)
FN:46,(anonymous_15)
FN:46,(anonymous_16)
FN:50,(anonymous_17)
FN:63,(anonymous_18)
FN:70,(anonymous_19)
FN:80,(anonymous_20)
FN:83,(anonymous_21)
FN:103,MultiSelectDropdown
FN:119,(anonymous_23)
FN:120,(anonymous_24)
FN:124,(anonymous_25)
FN:125,(anonymous_26)
FN:131,(anonymous_27)
FN:134,(anonymous_28)
FN:136,(anonymous_29)
FN:142,(anonymous_30)
FN:158,(anonymous_31)
FN:169,(anonymous_32)
FN:170,(anonymous_33)
FN:182,(anonymous_34)
FN:199,(anonymous_35)
FN:207,(anonymous_36)
FN:218,(anonymous_37)
FN:221,(anonymous_38)
FN:300,CascadingDropdown
FN:311,(anonymous_40)
FN:312,(anonymous_41)
FN:318,(anonymous_42)
FN:323,(anonymous_43)
FN:325,(anonymous_44)
FN:344,(anonymous_45)
FN:344,(anonymous_46)
FN:359,(anonymous_47)
FN:362,(anonymous_48)
FN:376,(anonymous_49)
FN:379,(anonymous_50)
FN:399,(anonymous_51)
FN:402,(anonymous_52)
FN:455,GroupedDropdown
FN:466,(anonymous_54)
FN:467,(anonymous_55)
FN:473,(anonymous_56)
FN:477,(anonymous_57)
FN:480,(anonymous_58)
FN:484,(anonymous_59)
FN:490,(anonymous_60)
FN:496,(anonymous_61)
FN:504,(anonymous_62)
FN:518,(anonymous_63)
FN:520,(anonymous_64)
FN:521,(anonymous_65)
FN:539,(anonymous_66)
FN:539,(anonymous_67)
FN:553,(anonymous_68)
FN:560,(anonymous_69)
FN:566,(anonymous_70)
FN:574,(anonymous_71)
FN:608,AvatarDropdown
FN:620,(anonymous_73)
FN:621,(anonymous_74)
FN:627,(anonymous_75)
FN:630,(anonymous_76)
FN:646,(anonymous_77)
FN:646,(anonymous_78)
FN:676,(anonymous_79)
FN:679,(anonymous_80)
FN:730,AvatarMultiSelectDropdown
FN:742,(anonymous_82)
FN:743,(anonymous_83)
FN:749,(anonymous_84)
FN:752,(anonymous_85)
FN:754,(anonymous_86)
FN:760,(anonymous_87)
FN:761,(anonymous_88)
FN:778,(anonymous_89)
FN:778,(anonymous_90)
FN:790,(anonymous_91)
FN:791,(anonymous_92)
FN:811,(anonymous_93)
FN:826,(anonymous_94)
FN:832,(anonymous_95)
FN:883,AsyncDropdown
FN:902,(anonymous_97)
FN:903,(anonymous_98)
FN:909,(anonymous_99)
FN:913,(anonymous_100)
FN:919,(anonymous_101)
FN:936,(anonymous_102)
FN:936,(anonymous_103)
FN:957,(anonymous_104)
FN:964,(anonymous_105)
FN:984,(anonymous_106)
FN:987,(anonymous_107)
FNF:98
FNH:89
FNDA:25,SearchableDropdown
FNDA:12,(anonymous_11)
FNDA:0,(anonymous_12)
FNDA:12,(anonymous_13)
FNDA:69,(anonymous_14)
FNDA:8,(anonymous_15)
FNDA:8,(anonymous_16)
FNDA:67,(anonymous_17)
FNDA:3,(anonymous_18)
FNDA:1,(anonymous_19)
FNDA:23,(anonymous_20)
FNDA:1,(anonymous_21)
FNDA:19,MultiSelectDropdown
FNDA:1,(anonymous_23)
FNDA:1,(anonymous_24)
FNDA:11,(anonymous_25)
FNDA:0,(anonymous_26)
FNDA:11,(anonymous_27)
FNDA:2,(anonymous_28)
FNDA:1,(anonymous_29)
FNDA:57,(anonymous_30)
FNDA:6,(anonymous_31)
FNDA:7,(anonymous_32)
FNDA:8,(anonymous_33)
FNDA:1,(anonymous_34)
FNDA:2,(anonymous_35)
FNDA:0,(anonymous_36)
FNDA:19,(anonymous_37)
FNDA:2,(anonymous_38)
FNDA:17,CascadingDropdown
FNDA:11,(anonymous_40)
FNDA:0,(anonymous_41)
FNDA:11,(anonymous_42)
FNDA:25,(anonymous_43)
FNDA:9,(anonymous_44)
FNDA:6,(anonymous_45)
FNDA:6,(anonymous_46)
FNDA:12,(anonymous_47)
FNDA:1,(anonymous_48)
FNDA:4,(anonymous_49)
FNDA:1,(anonymous_50)
FNDA:4,(anonymous_51)
FNDA:1,(anonymous_52)
FNDA:12,GroupedDropdown
FNDA:8,(anonymous_54)
FNDA:0,(anonymous_55)
FNDA:8,(anonymous_56)
FNDA:8,(anonymous_57)
FNDA:16,(anonymous_58)
FNDA:2,(anonymous_59)
FNDA:2,(anonymous_60)
FNDA:1,(anonymous_61)
FNDA:0,(anonymous_62)
FNDA:5,(anonymous_63)
FNDA:10,(anonymous_64)
FNDA:7,(anonymous_65)
FNDA:4,(anonymous_66)
FNDA:4,(anonymous_67)
FNDA:8,(anonymous_68)
FNDA:2,(anonymous_69)
FNDA:16,(anonymous_70)
FNDA:1,(anonymous_71)
FNDA:14,AvatarDropdown
FNDA:9,(anonymous_73)
FNDA:0,(anonymous_74)
FNDA:9,(anonymous_75)
FNDA:40,(anonymous_76)
FNDA:4,(anonymous_77)
FNDA:4,(anonymous_78)
FNDA:12,(anonymous_79)
FNDA:1,(anonymous_80)
FNDA:10,AvatarMultiSelectDropdown
FNDA:7,(anonymous_82)
FNDA:0,(anonymous_83)
FNDA:7,(anonymous_84)
FNDA:2,(anonymous_85)
FNDA:1,(anonymous_86)
FNDA:1,(anonymous_87)
FNDA:1,(anonymous_88)
FNDA:3,(anonymous_89)
FNDA:3,(anonymous_90)
FNDA:5,(anonymous_91)
FNDA:6,(anonymous_92)
FNDA:1,(anonymous_93)
FNDA:9,(anonymous_94)
FNDA:2,(anonymous_95)
FNDA:37,AsyncDropdown
FNDA:12,(anonymous_97)
FNDA:0,(anonymous_98)
FNDA:12,(anonymous_99)
FNDA:22,(anonymous_100)
FNDA:9,(anonymous_101)
FNDA:6,(anonymous_102)
FNDA:6,(anonymous_103)
FNDA:2,(anonymous_104)
FNDA:1,(anonymous_105)
FNDA:21,(anonymous_106)
FNDA:1,(anonymous_107)
DA:3,1
DA:5,1
DA:10,1
DA:11,25
DA:12,25
DA:13,25
DA:14,25
DA:15,25
DA:16,25
DA:18,25
DA:19,25
DA:20,25
DA:22,25
DA:23,12
DA:24,0
DA:25,12
DA:26,12
DA:29,25
DA:30,69
DA:33,25
DA:46,8
DA:50,67
DA:63,3
DA:70,1
DA:80,23
DA:84,1
DA:85,1
DA:86,1
DA:103,1
DA:104,19
DA:105,19
DA:106,19
DA:107,19
DA:108,19
DA:116,19
DA:117,19
DA:118,19
DA:119,19
DA:120,1
DA:124,19
DA:125,11
DA:126,0
DA:127,0
DA:130,11
DA:131,11
DA:134,19
DA:135,2
DA:136,1
DA:138,1
DA:142,19
DA:143,57
DA:146,19
DA:158,6
DA:170,8
DA:172,7
DA:182,1
DA:199,2
DA:207,0
DA:218,19
DA:221,2
DA:252,1
DA:300,1
DA:301,17
DA:302,17
DA:303,17
DA:304,17
DA:305,17
DA:307,17
DA:308,17
DA:311,17
DA:312,11
DA:313,0
DA:314,0
DA:317,11
DA:318,11
DA:321,17
DA:323,25
DA:325,17
DA:328,17
DA:333,17
DA:344,6
DA:359,12
DA:362,1
DA:376,4
DA:380,1
DA:399,4
DA:403,1
DA:455,1
DA:456,12
DA:457,12
DA:458,12
DA:459,12
DA:460,12
DA:462,12
DA:463,12
DA:466,12
DA:467,8
DA:468,0
DA:469,0
DA:472,8
DA:473,8
DA:477,12
DA:478,8
DA:480,12
DA:481,16
DA:484,12
DA:485,2
DA:486,1
DA:488,1
DA:490,2
DA:496,12
DA:497,1
DA:498,1
DA:499,1
DA:502,0
DA:503,0
DA:504,0
DA:507,0
DA:515,12
DA:519,5
DA:520,10
DA:521,7
DA:526,12
DA:539,4
DA:553,8
DA:560,2
DA:566,16
DA:574,1
DA:608,1
DA:609,14
DA:610,14
DA:611,14
DA:612,14
DA:613,14
DA:614,14
DA:616,14
DA:617,14
DA:620,14
DA:621,9
DA:622,0
DA:623,0
DA:626,9
DA:627,9
DA:630,40
DA:632,14
DA:646,4
DA:676,12
DA:680,1
DA:681,1
DA:730,1
DA:731,10
DA:732,10
DA:733,10
DA:734,10
DA:735,10
DA:736,10
DA:738,10
DA:739,10
DA:742,10
DA:743,7
DA:744,0
DA:745,0
DA:748,7
DA:749,7
DA:752,10
DA:753,2
DA:754,1
DA:756,1
DA:760,10
DA:761,1
DA:764,10
DA:778,3
DA:791,6
DA:792,5
DA:794,5
DA:811,1
DA:827,9
DA:829,9
DA:832,2
DA:883,1
DA:884,37
DA:885,37
DA:886,37
DA:887,37
DA:888,37
DA:889,37
DA:890,37
DA:892,37
DA:893,37
DA:894,37
DA:897,37
DA:899,37
DA:902,37
DA:903,12
DA:904,0
DA:905,0
DA:908,12
DA:909,12
DA:913,37
DA:914,22
DA:916,9
DA:917,9
DA:919,9
DA:921,37
DA:936,6
DA:957,2
DA:964,1
DA:984,21
DA:988,1
DA:989,1
DA:990,1
LF:211
LH:193
BRDA:15,0,0,24
BRDA:15,0,1,1
BRDA:24,1,0,0
BRDA:24,1,1,0
[...]
DA:122,6
DA:125,0
DA:137,6
DA:138,6
DA:140,6
DA:142,6
DA:143,6
DA:146,0
DA:159,6
DA:161,6
DA:162,6
DA:165,0
DA:178,6
DA:181,60
DA:183,60
DA:184,399
DA:186,373
DA:188,372
DA:190,370
DA:192,369
DA:193,3
DA:194,1
DA:197,368
DA:199,367
DA:200,238
DA:202,3
DA:204,3
DA:206,3
DA:217,364
DA:220,60
DA:250,0
DA:253,14
DA:268,1
DA:277,1
DA:301,156
DA:324,141
DA:328,141
DA:329,8
DA:331,7
DA:332,5
DA:334,2
DA:335,2
DA:336,2
DA:337,2
DA:342,141
DA:351,399
DA:405,1
DA:415,1
DA:428,1
LF:96
LH:92
BRDA:66,0,0,60
BRDA:66,0,1,0
BRDA:69,1,0,53
BRDA:69,1,1,7
BRDA:70,2,0,53
BRDA:70,2,1,7
BRDA:73,3,0,60
BRDA:73,3,1,0
BRDA:75,4,0,60
BRDA:75,4,1,0
BRDA:76,5,0,60
BRDA:76,5,1,0
BRDA:77,6,0,60
BRDA:77,6,1,0
BRDA:79,7,0,60
BRDA:79,7,1,0
BRDA:81,8,0,58
BRDA:81,8,1,2
BRDA:97,9,0,0
BRDA:97,9,1,1
BRDA:97,10,0,1
BRDA:97,10,1,1
BRDA:100,11,0,7
BRDA:100,11,1,53
BRDA:101,12,0,7
BRDA:101,12,1,0
BRDA:101,13,0,7
BRDA:101,13,1,0
BRDA:104,14,0,7
BRDA:104,14,1,53
BRDA:105,15,0,7
BRDA:105,15,1,0
BRDA:105,16,0,7
BRDA:105,16,1,7
BRDA:111,17,0,0
BRDA:113,18,0,0
BRDA:113,18,1,2
BRDA:113,19,0,2
BRDA:113,19,1,2
BRDA:117,20,0,0
BRDA:117,21,0,6
BRDA:117,21,1,6
BRDA:128,22,0,3
BRDA:128,22,1,3
BRDA:140,23,0,0
BRDA:149,24,0,1
BRDA:149,24,1,5
BRDA:159,25,0,0
BRDA:161,26,0,6
BRDA:168,27,0,2
BRDA:168,27,1,4
BRDA:181,28,0,60
BRDA:181,28,1,60
BRDA:184,29,0,26
BRDA:186,30,0,1
BRDA:188,31,0,2
BRDA:188,32,0,1
BRDA:188,32,1,1
BRDA:190,33,0,1
BRDA:192,34,0,1
BRDA:193,35,0,0
BRDA:197,36,0,1
BRDA:199,37,0,238
BRDA:200,38,0,3
BRDA:200,39,0,235
BRDA:200,39,1,3
BRDA:200,40,0,238
BRDA:200,40,1,238
BRDA:202,41,0,3
BRDA:202,41,1,0
BRDA:202,42,0,3
BRDA:202,42,1,3
BRDA:202,43,0,1
BRDA:202,43,1,2
BRDA:202,44,0,3
BRDA:202,44,1,3
BRDA:202,45,0,2
BRDA:202,45,1,1
BRDA:202,46,0,3
BRDA:202,46,1,3
BRDA:204,47,0,1
BRDA:204,47,1,2
BRDA:223,48,0,60
BRDA:223,48,1,53
BRDA:223,48,2,51
BRDA:223,48,3,11
BRDA:226,49,0,11
BRDA:226,49,1,7
BRDA:237,50,0,7
BRDA:237,50,1,3
BRDA:255,51,0,7
BRDA:255,51,1,7
BRDA:263,52,0,11
BRDA:263,52,1,9
BRDA:263,52,2,4
BRDA:266,53,0,4
BRDA:266,53,1,2
BRDA:275,54,0,4
BRDA:275,54,1,2
BRDA:310,55,0,60
BRDA:310,55,1,3
BRDA:321,56,0,59
BRDA:321,56,1,1
BRDA:324,57,0,16
BRDA:324,57,1,125
BRDA:329,58,0,1
BRDA:331,59,0,5
BRDA:331,59,1,2
BRDA:332,60,0,1
BRDA:332,60,1,4
BRDA:336,61,0,0
BRDA:336,61,1,2
BRDA:348,62,0,3
BRDA:348,62,1,138
BRDA:357,63,0,141
BRDA:357,63,1,9
BRDA:365,64,0,141
BRDA:365,64,1,22
BRDA:365,64,2,7
BRDA:368,65,0,0
BRDA:368,65,1,7
BRDA:385,66,0,0
BRDA:385,66,1,1
BRDA:401,67,0,60
BRDA:401,67,1,7
BRDA:401,67,2,6
BRF:126
BRH:106
end_of_record
TN:
SF:src\components\TableWithTab.tsx
FN:32,(anonymous_12)
FN:55,renderCellValue
FN:63,(anonymous_14)
FN:75,DefaultTabContent
FN:84,(anonymous_16)
FN:102,TableWithTab
FN:125,(anonymous_18)
FN:128,(anonymous_19)
FN:129,(anonymous_20)
FN:147,(anonymous_21)
FN:150,(anonymous_22)
FN:151,(anonymous_23)
FN:175,(anonymous_24)
FN:176,(anonymous_25)
FN:176,(anonymous_26)
FN:179,(anonymous_27)
FN:181,(anonymous_28)
FN:184,(anonymous_29)
FN:185,(anonymous_30)
FN:193,(anonymous_31)
FN:200,(anonymous_32)
FN:252,(anonymous_33)
FN:275,(anonymous_34)
FN:285,(anonymous_35)
FN:290,(anonymous_36)
FN:328,(anonymous_37)
FNF:26
FNH:20
FNDA:78,(anonymous_12)
FNDA:380,renderCellValue
FNDA:0,(anonymous_14)
FNDA:18,DefaultTabContent
FNDA:54,(anonymous_16)
FNDA:39,TableWithTab
FNDA:21,(anonymous_18)
FNDA:0,(anonymous_19)
FNDA:0,(anonymous_20)
FNDA:16,(anonymous_21)
FNDA:16,(anonymous_22)
FNDA:5,(anonymous_23)
FNDA:2,(anonymous_24)
FNDA:2,(anonymous_25)
FNDA:3,(anonymous_26)
FNDA:110,(anonymous_27)
FNDA:54,(anonymous_28)
FNDA:0,(anonymous_29)
FNDA:0,(anonymous_30)
FNDA:19,(anonymous_31)
FNDA:0,(anonymous_32)
FNDA:113,(anonymous_33)
FNDA:110,(anonymous_34)
FNDA:16,(anonymous_35)
FNDA:326,(anonymous_36)
FNDA:2,(anonymous_37)
DA:3,1
DA:4,1
DA:7,1
DA:32,1
DA:33,78
DA:34,78
DA:36,0
DA:38,0
DA:39,0
DA:40,0
DA:41,0
DA:42,0
DA:43,0
DA:45,0
DA:56,380
DA:58,380
DA:59,1
DA:62,379
DA:63,0
DA:64,0
DA:67,379
DA:68,379
DA:69,378
DA:70,252
DA:72,252
DA:76,18
DA:77,18
DA:82,18
DA:84,54
DA:103,39
DA:104,39
DA:105,39
DA:106,39
DA:107,39
DA:108,39
DA:109,39
DA:110,39
DA:111,39
DA:112,39
DA:113,39
DA:114,39
DA:116,78
DA:118,39
DA:120,39
DA:122,39
DA:123,39
DA:125,39
DA:126,21
DA:128,0
DA:129,0
DA:130,0
DA:133,0
DA:138,0
DA:142,0
DA:147,39
DA:148,16
DA:150,16
DA:151,16
DA:153,16
DA:154,2
DA:155,2
DA:156,2
DA:160,14
DA:165,14
DA:169,14
DA:170,14
DA:171,14
DA:175,39
DA:176,3
DA:179,39
DA:180,110
DA:181,110
DA:184,39
DA:185,0
DA:186,0
DA:187,0
DA:188,0
DA:189,0
DA:193,39
DA:200,0
DA:218,39
DA:220,39
DA:252,113
DA:276,110
DA:278,110
DA:282,110
DA:285,16
DA:290,326
DA:329,2
DA:330,2
DA:331,2
DA:340,1
DA:342,1
LF:93
LH:71
BRDA:33,0,0,78
BRDA:38,1,0,0
BRDA:38,2,0,0
BRDA:38,2,1,0
BRDA:40,3,0,0
BRDA:41,4,0,0
BRDA:41,5,0,0
BRDA:41,5,1,0
BRDA:43,6,0,0
BRDA:56,7,0,0
BRDA:58,8,0,1
BRDA:58,9,0,380
BRDA:58,9,1,379
BRDA:62,10,0,0
BRDA:63,11,0,0
BRDA:67,12,0,0
BRDA:68,13,0,1
BRDA:68,14,0,1
BRDA:68,14,1,0
BRDA:69,15,0,126
BRDA:70,16,0,0
BRDA:105,17,0,39
BRDA:105,17,1,0
BRDA:120,18,0,2
BRDA:120,18,1,37
BRDA:120,19,0,39
BRDA:120,19,1,39
BRDA:120,20,0,0
BRDA:120,20,1,37
BRDA:120,21,0,37
BRDA:120,21,1,37
BRDA:126,22,0,21
BRDA:133,23,0,0
BRDA:133,23,1,0
BRDA:133,24,0,0
BRDA:133,24,1,0
BRDA:138,25,0,0
BRDA:138,25,1,0
BRDA:138,26,0,0
BRDA:138,26,1,0
BRDA:148,27,0,0
BRDA:148,27,1,16
BRDA:153,28,0,2
BRDA:160,29,0,14
BRDA:160,29,1,0
BRDA:160,30,0,14
BRDA:160,30,1,14
BRDA:165,31,0,14
BRDA:165,31,1,0
BRDA:165,32,0,14
BRDA:165,32,1,0
BRDA:170,33,0,13
BRDA:170,33,1,1
BRDA:170,34,0,14
BRDA:170,34,1,14
BRDA:180,35,0,0
BRDA:180,35,1,110
BRDA:208,36,0,1
BRDA:208,36,1,18
BRDA:218,37,0,0
BRDA:218,37,1,39
BRDA:218,38,0,39
BRDA:218,38,1,39
BRDA:218,39,0,39
BRDA:218,39,1,0
BRDA:218,40,0,39
BRDA:218,40,1,39
BRDA:225,41,0,39
BRDA:225,41,1,38
BRDA:225,41,2,2
BRDA:227,42,0,2
BRDA:227,42,1,1
BRDA:236,43,0,2
BRDA:236,43,1,1
BRDA:264,44,0,39
BRDA:264,44,1,1
BRDA:278,45,0,0
BRDA:278,45,1,110
BRDA:287,46,0,19
BRDA:287,46,1,91
BRDA:308,47,0,39
BRDA:308,47,1,16
BRDA:315,48,0,16
BRDA:315,48,1,0
BRDA:326,49,0,0
BRDA:326,49,1,16
BRDA:330,50,0,0
BRF:87
BRH:52
end_of_record
TN:
SF:src\components\TextToAudio.tsx
FN:10,(anonymous_9)
FN:44,(anonymous_10)
FN:77,(anonymous_11)
FN:162,(anonymous_12)
FN:172,(anonymous_13)
FN:193,(anonymous_14)
FN:198,(anonymous_15)
FN:202,(anonymous_16)
FN:227,(anonymous_17)
FN:232,(anonymous_18)
FN:264,(anonymous_19)
FN:269,(anonymous_20)
FN:274,(anonymous_21)
FN:293,(anonymous_22)
FN:300,(anonymous_23)
FN:317,(anonymous_24)
FN:322,(anonymous_25)
FN:325,(anonymous_26)
FN:336,(anonymous_27)
FN:348,(anonymous_28)
FN:352,(anonymous_29)
FN:355,(anonymous_30)
FN:363,(anonymous_31)
FN:379,(anonymous_32)
FN:397,(anonymous_33)
FN:423,(anonymous_34)
FN:430,(anonymous_35)
FN:434,(anonymous_36)
FN:442,(anonymous_37)
FN:446,(anonymous_38)
FN:468,(anonymous_39)
FN:469,(anonymous_40)
FN:533,(anonymous_41)
FN:559,(anonymous_42)
FN:573,(anonymous_43)
FN:604,(anonymous_44)
FN:630,(anonymous_45)
FNF:37
FNH:31
FNDA:828,(anonymous_9)
FNDA:142,(anonymous_10)
FNDA:142,(anonymous_11)
FNDA:2243,(anonymous_12)
FNDA:0,(anonymous_13)
FNDA:284,(anonymous_14)
FNDA:0,(anonymous_15)
FNDA:11,(anonymous_16)
FNDA:0,(anonymous_17)
FNDA:0,(anonymous_18)
FNDA:11,(anonymous_19)
FNDA:0,(anonymous_20)
FNDA:5,(anonymous_21)
FNDA:26,(anonymous_22)
FNDA:1,(anonymous_23)
FNDA:1,(anonymous_24)
FNDA:0,(anonymous_25)
FNDA:4,(anonymous_26)
FNDA:2,(anonymous_27)
FNDA:50,(anonymous_28)
FNDA:50,(anonymous_29)
FNDA:50,(anonymous_30)
FNDA:62,(anonymous_31)
FNDA:50,(anonymous_32)
FNDA:62,(anonymous_33)
FNDA:13,(anonymous_34)
FNDA:1,(anonymous_35)
FNDA:1,(anonymous_36)
FNDA:1,(anonymous_37)
FNDA:1,(anonymous_38)
FNDA:3,(anonymous_39)
FNDA:3,(anonymous_40)
FNDA:1,(anonymous_41)
FNDA:1,(anonymous_42)
FNDA:1,(anonymous_43)
FNDA:1,(anonymous_44)
FNDA:1,(anonymous_45)
DA:3,1
DA:10,828
DA:34,1
DA:44,142
DA:45,142
DA:47,142
DA:48,142
DA:50,142
DA:51,142
DA:52,142
DA:53,142
DA:54,142
DA:55,142
DA:57,142
DA:58,142
DA:59,142
DA:60,142
DA:61,142
DA:62,142
DA:64,142
DA:65,142
DA:66,142
DA:67,142
DA:68,142
DA:69,142
DA:70,142
DA:77,142
DA:78,142
DA:80,33
DA:85,33
DA:159,33
DA:161,33
DA:162,2243
DA:163,12
DA:167,33
DA:172,142
DA:173,0
DA:174,0
DA:176,0
DA:179,0
DA:180,0
DA:181,0
DA:185,0
DA:186,0
DA:187,0
DA:190,0
DA:191,0
DA:193,142
DA:194,284
DA:195,284
DA:196,284
DA:198,142
DA:202,142
DA:203,11
DA:204,11
DA:206,7
DA:207,7
DA:210,7
DA:213,7
DA:214,7
DA:216,7
DA:217,7
DA:218,7
DA:227,7
DA:228,0
DA:229,0
DA:232,7
DA:233,0
DA:234,0
DA:237,0
DA:238,0
DA:239,0
DA:240,0
DA:241,0
DA:245,0
DA:246,0
DA:247,0
DA:248,0
DA:252,0
DA:253,0
DA:254,0
DA:257,7
DA:258,7
DA:260,7
DA:261,7
DA:264,142
DA:265,11
DA:267,11
DA:269,11
DA:270,0
DA:271,0
DA:274,142
DA:275,5
DA:276,4
DA:277,4
DA:278,4
DA:281,1
DA:283,1
DA:284,1
DA:285,1
DA:288,0
DA:289,0
DA:290,0
DA:293,142
DA:294,26
DA:295,3
DA:296,3
DA:300,142
DA:301,1
DA:302,1
DA:306,1
DA:312,0
DA:317,142
DA:318,1
DA:322,142
DA:323,0
DA:325,142
DA:326,4
DA:327,4
DA:328,4
DA:329,4
DA:330,4
DA:332,4
DA:333,4
DA:336,142
DA:337,2
DA:338,2
DA:339,2
DA:340,2
DA:341,2
DA:344,2
DA:348,142
DA:349,50
DA:352,142
DA:353,50
DA:355,142
DA:356,50
DA:357,0
DA:358,0
DA:359,0
DA:363,142
DA:364,62
DA:366,50
DA:367,50
DA:368,50
DA:371,12
DA:372,12
DA:373,12
DA:376,12
DA:377,12
DA:379,142
DA:380,50
DA:383,0
DA:385,0
DA:386,0
DA:388,0
DA:389,0
DA:391,0
DA:392,0
DA:393,0
DA:394,0
DA:397,142
DA:398,62
DA:399,0
DA:401,0
DA:402,0
DA:407,142
DA:423,13
DA:430,1
DA:434,1
DA:442,1
DA:446,1
DA:469,3
DA:534,1
DA:535,1
DA:536,1
DA:537,1
DA:538,1
DA:560,1
DA:561,1
DA:562,1
DA:563,1
DA:564,1
DA:565,1
DA:574,1
DA:575,1
DA:576,1
DA:577,1
DA:578,1
DA:605,1
DA:631,1
LF:191
LH:142
BRDA:44,0,0,140
BRDA:44,0,1,2
BRDA:78,1,0,109
BRDA:162,2,0,12
BRDA:167,3,0,12
BRDA:167,3,1,21
BRDA:174,4,0,0
BRDA:180,5,0,0
BRDA:180,5,1,0
BRDA:186,6,0,0
BRDA:186,6,1,0
BRDA:204,7,0,4
BRDA:211,8,0,2
BRDA:211,8,1,5
BRDA:228,9,0,0
BRDA:228,10,0,0
BRDA:228,10,1,0
BRDA:237,11,0,0
BRDA:237,12,0,0
BRDA:237,12,1,0
BRDA:245,13,0,0
BRDA:275,14,0,4
BRDA:281,15,0,1
BRDA:281,15,1,0
BRDA:294,16,0,3
BRDA:301,17,0,1
BRDA:306,18,0,1
BRDA:306,18,1,0
BRDA:344,19,0,0
BRDA:344,19,1,2
BRDA:344,20,0,2
BRDA:344,20,1,2
BRDA:356,21,0,50
BRDA:364,22,0,50
BRDA:380,23,0,50
BRDA:383,24,0,0
BRDA:383,24,1,0
BRDA:391,25,0,0
BRDA:398,26,0,62
BRDA:399,27,0,0
BRDA:439,28,0,7
BRDA:439,28,1,135
BRDA:469,29,0,1
BRDA:469,29,1,2
BRDA:473,30,0,140
BRDA:473,30,1,2
BRDA:475,31,0,1
BRDA:475,31,1,1
BRDA:484,32,0,142
BRDA:484,32,1,1
BRDA:502,33,0,142
BRDA:502,33,1,1
BRDA:658,34,0,141
BRDA:658,34,1,1
BRF:54
BRH:35
end_of_record
TN:
SF:src\components\ToastMessage.tsx
FN:12,(anonymous_13)
FN:57,(anonymous_14)
FN:133,(anonymous_15)
FN:143,(anonymous_16)
FN:153,(anonymous_17)
FN:163,(anonymous_18)
FN:187,(anonymous_19)
FN:207,(anonymous_20)
FN:212,(anonymous_21)
FN:309,(anonymous_22)
FNF:10
FNH:9
FNDA:83,(anonymous_13)
FNDA:83,(anonymous_14)
FNDA:43,(anonymous_15)
FNDA:0,(anonymous_16)
FNDA:2,(anonymous_17)
FNDA:40,(anonymous_18)
FNDA:43,(anonymous_19)
FNDA:43,(anonymous_20)
FNDA:8,(anonymous_21)
FNDA:7,(anonymous_22)
DA:1,1
DA:2,1
DA:12,1
DA:13,83
DA:14,0
DA:15,0
DA:16,0
DA:17,0
DA:18,0
DA:19,0
DA:22,1
DA:23,1
DA:24,1
DA:25,1
DA:26,1
DA:27,1
DA:28,1
DA:29,1
DA:30,1
DA:32,1
DA:33,1
DA:34,1
DA:35,1
DA:36,1
DA:37,1
DA:38,1
DA:39,1
DA:40,1
DA:41,1
DA:45,1
DA:57,1
DA:58,83
DA:59,83
DA:133,1
DA:134,43
DA:135,11
DA:136,2
DA:137,3
DA:139,27
DA:143,1
DA:144,0
DA:145,0
DA:146,0
DA:147,0
DA:149,0
DA:153,1
DA:154,2
DA:155,2
DA:156,0
DA:157,0
DA:159,0
DA:163,1
DA:164,40
DA:166,40
DA:167,2
DA:168,2
DA:169,0
DA:170,0
DA:172,0
DA:175,38
DA:176,7
DA:177,2
DA:178,2
DA:180,27
DA:186,1
DA:189,43
DA:190,43
DA:191,43
DA:192,43
DA:193,43
DA:194,43
DA:195,43
DA:196,43
DA:197,43
DA:198,43
DA:199,43
DA:200,43
DA:204,43
DA:205,43
DA:207,43
DA:208,43
DA:209,12
DA:211,8
DA:212,8
DA:215,43
DA:221,43
DA:237,43
DA:309,7
DA:336,43
DA:340,1
DA:342,1
LF:91
LH:74
BRDA:13,0,0,83
BRDA:15,1,0,0
BRDA:15,2,0,0
BRDA:15,2,1,0
BRDA:15,3,0,0
BRDA:15,3,1,0
BRDA:16,4,0,0
BRDA:16,4,1,0
BRDA:16,5,0,0
BRDA:16,5,1,0
BRDA:17,6,0,0
BRDA:18,7,0,0
BRDA:18,8,0,0
BRDA:18,8,1,0
BRDA:18,9,0,0
BRDA:18,9,1,0
BRDA:59,10,0,83
BRDA:59,10,1,0
BRDA:134,11,0,11
BRDA:134,11,1,2
BRDA:134,11,2,3
BRDA:134,11,3,27
BRDA:134,11,4,27
BRDA:144,12,0,0
BRDA:144,12,1,0
BRDA:144,12,2,0
BRDA:144,12,3,0
BRDA:144,12,4,0
BRDA:154,13,0,2
BRDA:154,13,1,0
BRDA:154,13,2,0
BRDA:154,13,3,0
BRDA:154,13,4,0
BRDA:166,14,0,2
BRDA:166,14,1,38
BRDA:167,15,0,2
BRDA:167,15,1,0
BRDA:167,15,2,0
BRDA:167,15,3,0
BRDA:167,15,4,0
BRDA:175,16,0,7
BRDA:175,16,1,2
BRDA:175,16,2,2
BRDA:175,16,3,27
BRDA:175,16,4,27
BRDA:189,17,0,25
BRDA:189,17,1,18
BRDA:193,18,0,42
BRDA:193,18,1,1
BRDA:194,19,0,36
BRDA:194,19,1,7
BRDA:195,20,0,41
BRDA:195,20,1,2
BRDA:204,21,0,7
BRDA:204,21,1,36
BRDA:204,22,0,43
BRDA:204,22,1,43
BRDA:205,23,0,43
BRDA:205,23,1,5
BRDA:208,24,0,31
BRDA:209,25,0,4
BRDA:215,26,0,43
BRDA:215,26,1,43
BRDA:215,27,0,38
BRDA:215,27,1,5
BRDA:215,28,0,43
BRDA:215,28,1,43
BRDA:216,29,0,2
BRDA:216,29,1,41
BRDA:221,30,0,3
BRDA:221,30,1,40
BRDA:221,31,0,38
BRDA:221,31,1,5
BRDA:221,32,0,43
BRDA:221,32,1,43
BRDA:226,33,0,3
BRDA:226,33,1,2
BRDA:227,34,0,3
BRDA:227,34,1,2
BRDA:241,35,0,4
BRDA:241,35,1,39
BRDA:242,36,0,2
BRDA:242,36,1,41
BRDA:243,37,0,43
BRDA:243,37,1,42
BRDA:263,38,0,43
BRDA:263,38,1,42
BRDA:263,39,0,38
BRDA:263,39,1,5
BRDA:263,40,0,43
BRDA:263,40,1,43
BRDA:265,41,0,43
BRDA:265,41,1,42
BRDA:265,42,0,38
BRDA:265,42,1,5
BRDA:265,43,0,43
BRDA:265,43,1,43
BRDA:266,44,0,2
BRDA:266,44,1,40
BRDA:273,45,0,43
BRDA:273,45,1,3
BRDA:277,46,0,3
BRDA:277,46,1,3
BRDA:277,47,0,3
BRDA:277,47,1,0
BRDA:277,48,0,3
BRDA:277,48,1,3
BRDA:279,49,0,3
BRDA:279,49,1,3
BRDA:279,50,0,3
BRDA:279,50,1,0
BRDA:279,51,0,3
BRDA:279,51,1,3
BRDA:280,52,0,0
BRDA:280,52,1,3
BRDA:288,53,0,43
BRDA:288,53,1,42
BRDA:288,53,2,11
BRDA:298,54,0,11
BRDA:298,54,1,11
BRDA:298,55,0,11
BRDA:298,55,1,0
BRDA:298,56,0,11
BRDA:298,56,1,11
BRDA:299,57,0,11
BRDA:299,57,1,11
BRDA:299,58,0,11
BRDA:299,58,1,0
BRDA:299,59,0,11
BRDA:299,59,1,11
BRDA:307,60,0,43
BRDA:307,60,1,4
BRDA:309,61,0,0
BRDA:309,61,1,4
BRDA:309,62,0,4
BRDA:309,62,1,4
BRDA:316,63,0,7
BRDA:316,63,1,7
BRDA:317,64,0,3
BRDA:317,64,1,4
BRDA:321,65,0,7
BRDA:321,65,1,7
BRDA:322,66,0,3
BRDA:322,66,1,4
BRDA:323,67,0,0
BRDA:323,67,1,7
BRF:146
BRH:110
end_of_record
TN:
SF:src\components\Tooltip.tsx
FN:27,(anonymous_11)
FN:51,(anonymous_12)
FN:125,(anonymous_13)
FN:131,(anonymous_14)
FN:135,(anonymous_15)
FN:139,(anonymous_16)
FN:146,(anonymous_17)
FN:149,(anonymous_18)
FN:156,(anonymous_19)
FN:163,(anonymous_20)
FN:179,(anonymous_21)
FNF:11
FNH:10
FNDA:57,(anonymous_11)
FNDA:19,(anonymous_12)
FNDA:19,(anonymous_13)
FNDA:19,(anonymous_14)
FNDA:1,(anonymous_15)
FNDA:2,(anonymous_16)
FNDA:56,(anonymous_17)
FNDA:0,(anonymous_18)
FNDA:19,(anonymous_19)
FNDA:55,(anonymous_20)
FNDA:55,(anonymous_21)
DA:3,1
DA:27,1
DA:28,57
DA:29,57
DA:30,57
DA:31,57
DA:32,57
DA:33,57
DA:34,57
DA:35,57
DA:36,57
DA:37,57
DA:40,57
DA:41,57
DA:42,57
DA:43,57
DA:44,57
DA:46,57
DA:47,57
DA:49,57
DA:51,57
DA:52,19
DA:54,19
DA:55,19
DA:57,19
DA:58,19
DA:60,19
DA:61,19
DA:63,19
DA:64,19
DA:65,19
DA:67,19
DA:68,19
DA:70,19
DA:72,16
DA:73,16
DA:75,16
DA:76,16
DA:77,16
DA:79,16
DA:82,1
DA:83,1
DA:85,1
DA:86,0
DA:87,0
DA:89,1
DA:92,1
DA:93,1
DA:95,1
DA:96,0
DA:97,0
DA:99,1
DA:102,1
DA:103,1
DA:105,1
DA:106,1
DA:107,1
DA:109,1
DA:112,19
DA:113,2
DA:114,0
DA:116,19
DA:117,17
DA:118,0
DA:120,19
DA:121,19
DA:122,19
DA:125,57
DA:126,19
DA:128,19
DA:129,19
DA:131,19
DA:133,19
DA:134,1
DA:135,1
DA:139,57
DA:140,2
DA:141,2
DA:142,2
DA:143,2
DA:146,57
DA:147,56
DA:149,19
DA:150,0
DA:153,19
DA:154,19
DA:156,19
DA:157,19
DA:158,19
DA:163,57
DA:164,55
DA:165,11
DA:176,44
DA:179,57
DA:180,55
DA:182,1
DA:184,1
DA:192,57
DA:195,55
DA:199,55
DA:283,1
DA:285,1
DA:286,1
LF:103
LH:96
BRDA:29,0,0,49
BRDA:29,0,1,8
BRDA:31,1,0,54
BRDA:31,1,1,3
BRDA:32,2,0,56
BRDA:32,2,1,1
BRDA:49,3,0,57
BRDA:49,3,1,11
BRDA:52,4,0,0
BRDA:52,5,0,19
BRDA:52,5,1,19
BRDA:70,6,0,16
BRDA:70,6,1,1
BRDA:70,6,2,1
BRDA:70,6,3,1
BRDA:75,7,0,16
BRDA:85,8,0,0
BRDA:95,9,0,0
BRDA:105,10,0,1
BRDA:112,11,0,17
BRDA:112,11,1,2
BRDA:113,12,0,0
BRDA:116,13,0,2
BRDA:116,13,1,17
BRDA:117,14,0,0
BRDA:126,15,0,0
BRDA:133,16,0,1
BRDA:134,17,0,1
BRDA:134,17,1,0
BRDA:147,18,0,19
BRDA:164,19,0,11
BRDA:168,20,0,11
BRDA:168,20,1,3
BRDA:169,21,0,11
BRDA:169,21,1,9
BRDA:170,22,0,11
BRDA:170,22,1,9
BRDA:180,23,0,54
BRDA:180,24,0,55
BRDA:180,24,1,3
BRDA:192,25,0,2
BRDA:195,26,0,53
BRDA:195,26,1,2
BRDA:235,27,0,19
BRDA:235,27,1,36
BRDA:235,28,0,55
BRDA:235,28,1,20
BRDA:238,29,0,11
BRDA:238,29,1,44
BRDA:243,30,0,55
BRDA:243,30,1,53
BRDA:243,30,2,42
BRDA:247,31,0,42
BRDA:247,31,1,25
BRDA:254,32,0,42
BRDA:254,32,1,13
BRDA:261,33,0,42
BRDA:261,33,1,1
BRDA:268,34,0,42
BRDA:268,34,1,3
BRF:60
BRH:53
end_of_record
TN:
SF:src\components\accordion.tsx
FN:19,Accordion
FN:46,(anonymous_10)
FNF:2
FNH:2
FNDA:60,Accordion
FNDA:20,(anonymous_10)
DA:3,1
DA:4,1
DA:20,60
DA:21,60
DA:22,60
DA:23,60
DA:24,60
DA:25,60
DA:27,60
DA:29,60
DA:46,20
DA:98,1
DA:100,1
LF:13
LH:13
BRDA:22,0,0,42
BRDA:22,0,1,18
BRDA:61,1,0,26
BRDA:61,1,1,34
BRDA:70,2,0,26
BRDA:70,2,1,34
BRDA:80,3,0,60
BRDA:80,3,1,26
BRF:8
BRH:8
end_of_record
TN:
SF:src\components\card.tsx
FN:27,(anonymous_12)
FN:52,(anonymous_13)
FN:131,(anonymous_14)
FN:133,(anonymous_15)
FNF:4
FNH:4
FNDA:70,(anonymous_12)
FNDA:3,(anonymous_13)
FNDA:5,(anonymous_14)
FNDA:5,(anonymous_15)
DA:3,1
DA:4,1
DA:26,1
DA:29,70
DA:30,70
DA:31,70
DA:32,70
DA:33,70
DA:34,70
DA:35,70
DA:36,70
DA:37,70
DA:38,70
DA:39,70
DA:40,70
DA:41,70
DA:42,70
DA:43,70
DA:44,70
DA:48,70
DA:49,70
DA:50,70
DA:52,70
DA:53,3
DA:54,3
DA:55,3
DA:56,3
DA:59,70
DA:63,70
DA:78,70
DA:85,70
DA:132,5
DA:133,5
DA:194,1
DA:196,1
LF:35
LH:35
BRDA:32,0,0,50
BRDA:32,0,1,20
BRDA:33,1,0,61
BRDA:33,1,1,9
BRDA:36,2,0,59
BRDA:36,2,1,11
BRDA:37,3,0,62
BRDA:37,3,1,8
BRDA:38,4,0,69
BRDA:38,4,1,1
BRDA:40,5,0,53
BRDA:40,5,1,17
BRDA:53,6,0,0
BRDA:56,7,0,0
BRDA:56,7,1,3
BRDA:56,8,0,3
BRDA:56,8,1,3
BRDA:59,9,0,70
BRDA:59,9,1,58
BRDA:87,10,0,9
BRDA:87,10,1,61
BRDA:88,11,0,9
BRDA:88,11,1,61
BRDA:99,12,0,9
BRDA:99,12,1,61
BRDA:100,13,0,2
BRDA:100,13,1,68
BRDA:105,14,0,1
BRDA:105,14,1,69
BRDA:105,15,0,70
BRDA:105,15,1,67
BRDA:107,16,0,3
BRDA:107,16,1,66
BRDA:108,17,0,3
BRDA:108,17,1,3
BRDA:110,18,0,70
BRDA:110,18,1,69
BRDA:117,19,0,9
BRDA:117,19,1,61
BRDA:118,20,0,70
BRDA:118,20,1,22
BRDA:121,21,0,10
BRDA:121,21,1,12
BRDA:121,22,0,22
BRDA:121,22,1,13
BRDA:128,23,0,22
BRDA:128,23,1,19
BRDA:132,24,0,0
BRDA:135,25,0,10
BRDA:135,25,1,9
BRDA:147,26,0,10
BRDA:147,26,1,9
BRDA:157,27,0,70
BRDA:157,27,1,66
BRDA:163,28,0,57
BRDA:163,28,1,9
BRDA:175,29,0,70
BRDA:175,29,1,9
BRDA:175,29,2,7
BRF:59
BRH:56
end_of_record
TN:
SF:src\lib\utils.ts
FN:4,cn
FNF:1
FNH:0
FNDA:0,cn
DA:1,0
DA:2,0
DA:4,0
DA:5,0
LF:4
LH:0
BRF:0
BRH:0
end_of_record
TN:
SF:src\utils\styleProps.ts
FN:61,(anonymous_0)
FN:67,(anonymous_1)
FN:146,classNames
FNF:3
FNH:0
FNDA:0,(anonymous_0)
FNDA:0,(anonymous_1)
FNDA:0,classNames
DA:61,0
DA:62,0
DA:63,0
DA:64,0
DA:67,0
DA:68,0
DA:71,0
DA:72,0
DA:76,0
DA:77,0
DA:80,0
DA:81,0
DA:82,0
DA:83,0
DA:85,0
DA:86,0
DA:87,0
DA:89,0
DA:90,0
DA:91,0
DA:92,0
DA:95,0
DA:96,0
DA:97,0
DA:98,0
DA:100,0
DA:101,0
DA:102,0
DA:104,0
DA:105,0
DA:106,0
DA:107,0
DA:110,0
DA:111,0
DA:112,0
DA:113,0
DA:114,0
DA:115,0
DA:116,0
DA:119,0
DA:120,0
DA:121,0
DA:124,0
DA:127,0
DA:130,0
DA:133,0
DA:134,0
DA:135,0
DA:136,0
DA:137,0
DA:138,0
DA:140,0
DA:146,0
DA:147,0
LF:54
LH:0
BRDA:62,0,0,0
BRDA:63,1,0,0
BRDA:71,2,0,0
BRDA:71,3,0,0
BRDA:71,3,1,0
BRDA:72,4,0,0
BRDA:72,4,1,0
BRDA:76,5,0,0
BRDA:77,6,0,0
BRDA:80,7,0,0
BRDA:81,8,0,0
BRDA:85,9,0,0
BRDA:89,10,0,0
BRDA:90,11,0,0
BRDA:91,12,0,0
BRDA:92,13,0,0
BRDA:95,14,0,0
BRDA:96,15,0,0
BRDA:100,16,0,0
BRDA:104,17,0,0
BRDA:105,18,0,0
BRDA:106,19,0,0
BRDA:107,20,0,0
BRDA:110,21,0,0
BRDA:111,22,0,0
BRDA:112,23,0,0
BRDA:113,24,0,0
BRDA:114,25,0,0
BRDA:115,26,0,0
BRDA:116,27,0,0
BRDA:119,28,0,0
BRDA:120,29,0,0
BRDA:121,30,0,0
BRDA:124,31,0,0
BRDA:127,32,0,0
BRDA:130,33,0,0
BRDA:133,34,0,0
BRDA:134,35,0,0
BRDA:135,36,0,0
BRDA:136,37,0,0
BRDA:137,38,0,0
BRDA:138,39,0,0
BRF:42
BRH:0
end_of_record
